

================================================================
== Synthesis Summary Report of 'fullSystem'
================================================================
+ General Information: 
    * Date:           Tue Jul 23 19:25:06 2024
    * Version:        2020.2 (Build 3064766 on Wed Nov 18 09:12:45 MST 2020)
    * Project:        MediumTrackFinder
    * Solution:       solution1 (Vivado IP Flow Target)
    * Product family: virtexuplus
    * Target device:  xcvu11p-flga2577-1-e
    

+ Performance & Resource Estimates: 
    
    PS: '+' for module; 'o' for loop; '*' for dataflow
    +-------------------------------------------+------+-------+---------+--------+----------+---------+------+----------+------+----+-------------+------------+-----+
    |                  Modules                  | Issue|       | Latency | Latency| Iteration|         | Trip |          |      |    |             |            |     |
    |                  & Loops                  | Type | Slack | (cycles)|  (ns)  |  Latency | Interval| Count| Pipelined| BRAM | DSP|      FF     |     LUT    | URAM|
    +-------------------------------------------+------+-------+---------+--------+----------+---------+------+----------+------+----+-------------+------------+-----+
    |+ fullSystem*                              |     -|  -3.47|        1|  10.000|         -|        1|     -|  dataflow|     -|   -|  14265 (~0%)|  13608 (1%)|    -|
    | + call_ln1078_fullSystem_entry3_fu_2280   |     -|  -5.20|        0|   0.000|         -|        0|     -|        no|     -|   -|      3 (~0%)|  1316 (~0%)|    -|
    | + call_ln1078_fullSystem_entry45_fu_2716  |     -|  -3.47|        0|   0.000|         -|        0|     -|        no|     -|   -|      2 (~0%)|  2603 (~0%)|    -|
    | + call_ln0_Block_split6668_proc_fu_3008   |     -|  -7.30|        0|   0.000|         -|        0|     -|        no|     -|   -|      2 (~0%)|    11 (~0%)|    -|
    +-------------------------------------------+------+-------+---------+--------+----------+---------+------+----------+------+----+-------------+------------+-----+

