

================================================================
== Vitis HLS Report for 'fullSystem_entry3'
================================================================
* Date:           Tue Jul 23 19:24:38 2024

* Version:        2020.2 (Build 3064766 on Wed Nov 18 09:12:45 MST 2020)
* Project:        MediumTrackFinder
* Solution:       solution1 (Vivado IP Flow Target)
* Product family: virtexuplus
* Target device:  xcvu11p-flga2577-1-e


================================================================
== Performance Estimates
================================================================
+ Timing: 
    * Summary: 
    +--------+----------+----------+------------+
    |  Clock |  Target  | Estimated| Uncertainty|
    +--------+----------+----------+------------+
    |ap_clk  |  10.00 ns|  2.102 ns|     2.70 ns|
    +--------+----------+----------+------------+

+ Latency: 
    * Summary: 
    +---------+---------+----------+----------+-----+-----+---------+
    |  Latency (cycles) |  Latency (absolute) |  Interval | Pipeline|
    |   min   |   max   |    min   |    max   | min | max |   Type  |
    +---------+---------+----------+----------+-----+-----+---------+
    |        0|        0|      0 ns|      0 ns|    0|    0|     none|
    +---------+---------+----------+----------+-----+-----+---------+

    + Detail: 
        * Instance: 
        N/A

        * Loop: 
        N/A



================================================================
== Utilization Estimates
================================================================
* Summary: 
+---------------------+---------+------+---------+---------+-----+
|         Name        | BRAM_18K|  DSP |    FF   |   LUT   | URAM|
+---------------------+---------+------+---------+---------+-----+
|DSP                  |        -|     -|        -|        -|    -|
|Expression           |        -|     -|        0|        2|    -|
|FIFO                 |        -|     -|        -|        -|    -|
|Instance             |        -|     -|        -|        -|    -|
|Memory               |        -|     -|        -|        -|    -|
|Multiplexer          |        -|     -|        -|     1314|    -|
|Register             |        -|     -|        3|        -|    -|
+---------------------+---------+------+---------+---------+-----+
|Total                |        0|     0|        3|     1316|    0|
+---------------------+---------+------+---------+---------+-----+
|Available SLR        |     1344|  3072|   864000|   432000|  320|
+---------------------+---------+------+---------+---------+-----+
|Utilization SLR (%)  |        0|     0|       ~0|       ~0|    0|
+---------------------+---------+------+---------+---------+-----+
|Available            |     4032|  9216|  2592000|  1296000|  960|
+---------------------+---------+------+---------+---------+-----+
|Utilization (%)      |        0|     0|       ~0|       ~0|    0|
+---------------------+---------+------+---------+---------+-----+

+ Detail: 
    * Instance: 
    N/A

    * DSP: 
    N/A

    * Memory: 
    N/A

    * FIFO: 
    N/A

    * Expression: 
    +-----------------+----------+----+---+----+------------+------------+
    |  Variable Name  | Operation| DSP| FF| LUT| Bitwidth P0| Bitwidth P1|
    +-----------------+----------+----+---+----+------------+------------+
    |ap_block_state1  |        or|   0|  0|   2|           1|           1|
    +-----------------+----------+----+---+----+------------+------------+
    |Total            |          |   0|  0|   2|           1|           1|
    +-----------------+----------+----+---+----+------------+------------+

    * Multiplexer: 
    +------------------------------+----+-----------+-----+-----------+
    |             Name             | LUT| Input Size| Bits| Total Bits|
    +------------------------------+----+-----------+-----+-----------+
    |ap_done                       |   9|          2|    1|          2|
    |coordinates_0_0_0_out_blk_n   |   9|          2|    1|          2|
    |coordinates_0_0_10_out_blk_n  |   9|          2|    1|          2|
    |coordinates_0_0_11_out_blk_n  |   9|          2|    1|          2|
    |coordinates_0_0_12_out_blk_n  |   9|          2|    1|          2|
    |coordinates_0_0_13_out_blk_n  |   9|          2|    1|          2|
    |coordinates_0_0_14_out_blk_n  |   9|          2|    1|          2|
    |coordinates_0_0_15_out_blk_n  |   9|          2|    1|          2|
    |coordinates_0_0_1_out_blk_n   |   9|          2|    1|          2|
    |coordinates_0_0_2_out_blk_n   |   9|          2|    1|          2|
    |coordinates_0_0_3_out_blk_n   |   9|          2|    1|          2|
    |coordinates_0_0_4_out_blk_n   |   9|          2|    1|          2|
    |coordinates_0_0_5_out_blk_n   |   9|          2|    1|          2|
    |coordinates_0_0_6_out_blk_n   |   9|          2|    1|          2|
    |coordinates_0_0_7_out_blk_n   |   9|          2|    1|          2|
    |coordinates_0_0_8_out_blk_n   |   9|          2|    1|          2|
    |coordinates_0_0_9_out_blk_n   |   9|          2|    1|          2|
    |coordinates_1_0_0_out_blk_n   |   9|          2|    1|          2|
    |coordinates_1_0_10_out_blk_n  |   9|          2|    1|          2|
    |coordinates_1_0_11_out_blk_n  |   9|          2|    1|          2|
    |coordinates_1_0_12_out_blk_n  |   9|          2|    1|          2|
    |coordinates_1_0_13_out_blk_n  |   9|          2|    1|          2|
    |coordinates_1_0_14_out_blk_n  |   9|          2|    1|          2|
    |coordinates_1_0_15_out_blk_n  |   9|          2|    1|          2|
    |coordinates_1_0_1_out_blk_n   |   9|          2|    1|          2|
    |coordinates_1_0_2_out_blk_n   |   9|          2|    1|          2|
    |coordinates_1_0_3_out_blk_n   |   9|          2|    1|          2|
    |coordinates_1_0_4_out_blk_n   |   9|          2|    1|          2|
    |coordinates_1_0_5_out_blk_n   |   9|          2|    1|          2|
    |coordinates_1_0_6_out_blk_n   |   9|          2|    1|          2|
    |coordinates_1_0_7_out_blk_n   |   9|          2|    1|          2|
    |coordinates_1_0_8_out_blk_n   |   9|          2|    1|          2|
    |coordinates_1_0_9_out_blk_n   |   9|          2|    1|          2|
    |coordinates_1_1_0_out_blk_n   |   9|          2|    1|          2|
    |coordinates_1_1_10_out_blk_n  |   9|          2|    1|          2|
    |coordinates_1_1_11_out_blk_n  |   9|          2|    1|          2|
    |coordinates_1_1_12_out_blk_n  |   9|          2|    1|          2|
    |coordinates_1_1_13_out_blk_n  |   9|          2|    1|          2|
    |coordinates_1_1_14_out_blk_n  |   9|          2|    1|          2|
    |coordinates_1_1_15_out_blk_n  |   9|          2|    1|          2|
    |coordinates_1_1_1_out_blk_n   |   9|          2|    1|          2|
    |coordinates_1_1_2_out_blk_n   |   9|          2|    1|          2|
    |coordinates_1_1_3_out_blk_n   |   9|          2|    1|          2|
    |coordinates_1_1_4_out_blk_n   |   9|          2|    1|          2|
    |coordinates_1_1_5_out_blk_n   |   9|          2|    1|          2|
    |coordinates_1_1_6_out_blk_n   |   9|          2|    1|          2|
    |coordinates_1_1_7_out_blk_n   |   9|          2|    1|          2|
    |coordinates_1_1_8_out_blk_n   |   9|          2|    1|          2|
    |coordinates_1_1_9_out_blk_n   |   9|          2|    1|          2|
    |coordinates_2_0_0_out_blk_n   |   9|          2|    1|          2|
    |coordinates_2_0_10_out_blk_n  |   9|          2|    1|          2|
    |coordinates_2_0_11_out_blk_n  |   9|          2|    1|          2|
    |coordinates_2_0_12_out_blk_n  |   9|          2|    1|          2|
    |coordinates_2_0_13_out_blk_n  |   9|          2|    1|          2|
    |coordinates_2_0_14_out_blk_n  |   9|          2|    1|          2|
    |coordinates_2_0_15_out_blk_n  |   9|          2|    1|          2|
    |coordinates_2_0_1_out_blk_n   |   9|          2|    1|          2|
    |coordinates_2_0_2_out_blk_n   |   9|          2|    1|          2|
    |coordinates_2_0_3_out_blk_n   |   9|          2|    1|          2|
    |coordinates_2_0_4_out_blk_n   |   9|          2|    1|          2|
    |coordinates_2_0_5_out_blk_n   |   9|          2|    1|          2|
    |coordinates_2_0_6_out_blk_n   |   9|          2|    1|          2|
    |coordinates_2_0_7_out_blk_n   |   9|          2|    1|          2|
    |coordinates_2_0_8_out_blk_n   |   9|          2|    1|          2|
    |coordinates_2_0_9_out_blk_n   |   9|          2|    1|          2|
    |coordinates_2_1_0_out_blk_n   |   9|          2|    1|          2|
    |coordinates_2_1_10_out_blk_n  |   9|          2|    1|          2|
    |coordinates_2_1_11_out_blk_n  |   9|          2|    1|          2|
    |coordinates_2_1_12_out_blk_n  |   9|          2|    1|          2|
    |coordinates_2_1_13_out_blk_n  |   9|          2|    1|          2|
    |coordinates_2_1_14_out_blk_n  |   9|          2|    1|          2|
    |coordinates_2_1_15_out_blk_n  |   9|          2|    1|          2|
    |coordinates_2_1_1_out_blk_n   |   9|          2|    1|          2|
    |coordinates_2_1_2_out_blk_n   |   9|          2|    1|          2|
    |coordinates_2_1_3_out_blk_n   |   9|          2|    1|          2|
    |coordinates_2_1_4_out_blk_n   |   9|          2|    1|          2|
    |coordinates_2_1_5_out_blk_n   |   9|          2|    1|          2|
    |coordinates_2_1_6_out_blk_n   |   9|          2|    1|          2|
    |coordinates_2_1_7_out_blk_n   |   9|          2|    1|          2|
    |coordinates_2_1_8_out_blk_n   |   9|          2|    1|          2|
    |coordinates_2_1_9_out_blk_n   |   9|          2|    1|          2|
    |coordinates_2_2_0_out_blk_n   |   9|          2|    1|          2|
    |coordinates_2_2_10_out_blk_n  |   9|          2|    1|          2|
    |coordinates_2_2_11_out_blk_n  |   9|          2|    1|          2|
    |coordinates_2_2_12_out_blk_n  |   9|          2|    1|          2|
    |coordinates_2_2_13_out_blk_n  |   9|          2|    1|          2|
    |coordinates_2_2_14_out_blk_n  |   9|          2|    1|          2|
    |coordinates_2_2_15_out_blk_n  |   9|          2|    1|          2|
    |coordinates_2_2_1_out_blk_n   |   9|          2|    1|          2|
    |coordinates_2_2_2_out_blk_n   |   9|          2|    1|          2|
    |coordinates_2_2_3_out_blk_n   |   9|          2|    1|          2|
    |coordinates_2_2_4_out_blk_n   |   9|          2|    1|          2|
    |coordinates_2_2_5_out_blk_n   |   9|          2|    1|          2|
    |coordinates_2_2_6_out_blk_n   |   9|          2|    1|          2|
    |coordinates_2_2_7_out_blk_n   |   9|          2|    1|          2|
    |coordinates_2_2_8_out_blk_n   |   9|          2|    1|          2|
    |coordinates_2_2_9_out_blk_n   |   9|          2|    1|          2|
    |coordinates_3_1_0_out_blk_n   |   9|          2|    1|          2|
    |coordinates_3_1_10_out_blk_n  |   9|          2|    1|          2|
    |coordinates_3_1_11_out_blk_n  |   9|          2|    1|          2|
    |coordinates_3_1_12_out_blk_n  |   9|          2|    1|          2|
    |coordinates_3_1_13_out_blk_n  |   9|          2|    1|          2|
    |coordinates_3_1_14_out_blk_n  |   9|          2|    1|          2|
    |coordinates_3_1_15_out_blk_n  |   9|          2|    1|          2|
    |coordinates_3_1_1_out_blk_n   |   9|          2|    1|          2|
    |coordinates_3_1_2_out_blk_n   |   9|          2|    1|          2|
    |coordinates_3_1_3_out_blk_n   |   9|          2|    1|          2|
    |coordinates_3_1_4_out_blk_n   |   9|          2|    1|          2|
    |coordinates_3_1_5_out_blk_n   |   9|          2|    1|          2|
    |coordinates_3_1_6_out_blk_n   |   9|          2|    1|          2|
    |coordinates_3_1_7_out_blk_n   |   9|          2|    1|          2|
    |coordinates_3_1_8_out_blk_n   |   9|          2|    1|          2|
    |coordinates_3_1_9_out_blk_n   |   9|          2|    1|          2|
    |coordinates_3_2_0_out_blk_n   |   9|          2|    1|          2|
    |coordinates_3_2_10_out_blk_n  |   9|          2|    1|          2|
    |coordinates_3_2_11_out_blk_n  |   9|          2|    1|          2|
    |coordinates_3_2_12_out_blk_n  |   9|          2|    1|          2|
    |coordinates_3_2_13_out_blk_n  |   9|          2|    1|          2|
    |coordinates_3_2_14_out_blk_n  |   9|          2|    1|          2|
    |coordinates_3_2_15_out_blk_n  |   9|          2|    1|          2|
    |coordinates_3_2_1_out_blk_n   |   9|          2|    1|          2|
    |coordinates_3_2_2_out_blk_n   |   9|          2|    1|          2|
    |coordinates_3_2_3_out_blk_n   |   9|          2|    1|          2|
    |coordinates_3_2_4_out_blk_n   |   9|          2|    1|          2|
    |coordinates_3_2_5_out_blk_n   |   9|          2|    1|          2|
    |coordinates_3_2_6_out_blk_n   |   9|          2|    1|          2|
    |coordinates_3_2_7_out_blk_n   |   9|          2|    1|          2|
    |coordinates_3_2_8_out_blk_n   |   9|          2|    1|          2|
    |coordinates_3_2_9_out_blk_n   |   9|          2|    1|          2|
    |coordinates_4_2_0_out_blk_n   |   9|          2|    1|          2|
    |coordinates_4_2_10_out_blk_n  |   9|          2|    1|          2|
    |coordinates_4_2_11_out_blk_n  |   9|          2|    1|          2|
    |coordinates_4_2_12_out_blk_n  |   9|          2|    1|          2|
    |coordinates_4_2_13_out_blk_n  |   9|          2|    1|          2|
    |coordinates_4_2_14_out_blk_n  |   9|          2|    1|          2|
    |coordinates_4_2_15_out_blk_n  |   9|          2|    1|          2|
    |coordinates_4_2_1_out_blk_n   |   9|          2|    1|          2|
    |coordinates_4_2_2_out_blk_n   |   9|          2|    1|          2|
    |coordinates_4_2_3_out_blk_n   |   9|          2|    1|          2|
    |coordinates_4_2_4_out_blk_n   |   9|          2|    1|          2|
    |coordinates_4_2_5_out_blk_n   |   9|          2|    1|          2|
    |coordinates_4_2_6_out_blk_n   |   9|          2|    1|          2|
    |coordinates_4_2_7_out_blk_n   |   9|          2|    1|          2|
    |coordinates_4_2_8_out_blk_n   |   9|          2|    1|          2|
    |coordinates_4_2_9_out_blk_n   |   9|          2|    1|          2|
    |real_start                    |   9|          2|    1|          2|
    +------------------------------+----+-----------+-----+-----------+
    |Total                         |1314|        292|  146|        292|
    +------------------------------+----+-----------+-----+-----------+

    * Register: 
    +----------------+---+----+-----+-----------+
    |      Name      | FF| LUT| Bits| Const Bits|
    +----------------+---+----+-----+-----------+
    |ap_CS_fsm       |  1|   0|    1|          0|
    |ap_done_reg     |  1|   0|    1|          0|
    |start_once_reg  |  1|   0|    1|          0|
    +----------------+---+----+-----+-----------+
    |Total           |  3|   0|    3|          0|
    +----------------+---+----+-----+-----------+



================================================================
== Interface
================================================================
* Summary: 
+-------------------------------+-----+-----+------------+------------------------+--------------+
|           RTL Ports           | Dir | Bits|  Protocol  |      Source Object     |    C Type    |
+-------------------------------+-----+-----+------------+------------------------+--------------+
|ap_clk                         |   in|    1|  ap_ctrl_hs|       fullSystem.entry3|  return value|
|ap_rst                         |   in|    1|  ap_ctrl_hs|       fullSystem.entry3|  return value|
|ap_start                       |   in|    1|  ap_ctrl_hs|       fullSystem.entry3|  return value|
|start_full_n                   |   in|    1|  ap_ctrl_hs|       fullSystem.entry3|  return value|
|ap_done                        |  out|    1|  ap_ctrl_hs|       fullSystem.entry3|  return value|
|ap_continue                    |   in|    1|  ap_ctrl_hs|       fullSystem.entry3|  return value|
|ap_idle                        |  out|    1|  ap_ctrl_hs|       fullSystem.entry3|  return value|
|ap_ready                       |  out|    1|  ap_ctrl_hs|       fullSystem.entry3|  return value|
|start_out                      |  out|    1|  ap_ctrl_hs|       fullSystem.entry3|  return value|
|start_write                    |  out|    1|  ap_ctrl_hs|       fullSystem.entry3|  return value|
|coordinates_0_0_0              |   in|   32|     ap_none|       coordinates_0_0_0|       pointer|
|coordinates_0_0_1              |   in|   32|     ap_none|       coordinates_0_0_1|       pointer|
|coordinates_0_0_2              |   in|   32|     ap_none|       coordinates_0_0_2|       pointer|
|coordinates_0_0_3              |   in|   32|     ap_none|       coordinates_0_0_3|       pointer|
|coordinates_0_0_4              |   in|   32|     ap_none|       coordinates_0_0_4|       pointer|
|coordinates_0_0_5              |   in|   32|     ap_none|       coordinates_0_0_5|       pointer|
|coordinates_0_0_6              |   in|   32|     ap_none|       coordinates_0_0_6|       pointer|
|coordinates_0_0_7              |   in|   32|     ap_none|       coordinates_0_0_7|       pointer|
|coordinates_0_0_8              |   in|   32|     ap_none|       coordinates_0_0_8|       pointer|
|coordinates_0_0_9              |   in|   32|     ap_none|       coordinates_0_0_9|       pointer|
|coordinates_0_0_10             |   in|   32|     ap_none|      coordinates_0_0_10|       pointer|
|coordinates_0_0_11             |   in|   32|     ap_none|      coordinates_0_0_11|       pointer|
|coordinates_0_0_12             |   in|   32|     ap_none|      coordinates_0_0_12|       pointer|
|coordinates_0_0_13             |   in|   32|     ap_none|      coordinates_0_0_13|       pointer|
|coordinates_0_0_14             |   in|   32|     ap_none|      coordinates_0_0_14|       pointer|
|coordinates_0_0_15             |   in|   32|     ap_none|      coordinates_0_0_15|       pointer|
|coordinates_1_0_0              |   in|   32|     ap_none|       coordinates_1_0_0|       pointer|
|coordinates_1_0_1              |   in|   32|     ap_none|       coordinates_1_0_1|       pointer|
|coordinates_1_0_2              |   in|   32|     ap_none|       coordinates_1_0_2|       pointer|
|coordinates_1_0_3              |   in|   32|     ap_none|       coordinates_1_0_3|       pointer|
|coordinates_1_0_4              |   in|   32|     ap_none|       coordinates_1_0_4|       pointer|
|coordinates_1_0_5              |   in|   32|     ap_none|       coordinates_1_0_5|       pointer|
|coordinates_1_0_6              |   in|   32|     ap_none|       coordinates_1_0_6|       pointer|
|coordinates_1_0_7              |   in|   32|     ap_none|       coordinates_1_0_7|       pointer|
|coordinates_1_0_8              |   in|   32|     ap_none|       coordinates_1_0_8|       pointer|
|coordinates_1_0_9              |   in|   32|     ap_none|       coordinates_1_0_9|       pointer|
|coordinates_1_0_10             |   in|   32|     ap_none|      coordinates_1_0_10|       pointer|
|coordinates_1_0_11             |   in|   32|     ap_none|      coordinates_1_0_11|       pointer|
|coordinates_1_0_12             |   in|   32|     ap_none|      coordinates_1_0_12|       pointer|
|coordinates_1_0_13             |   in|   32|     ap_none|      coordinates_1_0_13|       pointer|
|coordinates_1_0_14             |   in|   32|     ap_none|      coordinates_1_0_14|       pointer|
|coordinates_1_0_15             |   in|   32|     ap_none|      coordinates_1_0_15|       pointer|
|coordinates_1_1_0              |   in|   32|     ap_none|       coordinates_1_1_0|       pointer|
|coordinates_1_1_1              |   in|   32|     ap_none|       coordinates_1_1_1|       pointer|
|coordinates_1_1_2              |   in|   32|     ap_none|       coordinates_1_1_2|       pointer|
|coordinates_1_1_3              |   in|   32|     ap_none|       coordinates_1_1_3|       pointer|
|coordinates_1_1_4              |   in|   32|     ap_none|       coordinates_1_1_4|       pointer|
|coordinates_1_1_5              |   in|   32|     ap_none|       coordinates_1_1_5|       pointer|
|coordinates_1_1_6              |   in|   32|     ap_none|       coordinates_1_1_6|       pointer|
|coordinates_1_1_7              |   in|   32|     ap_none|       coordinates_1_1_7|       pointer|
|coordinates_1_1_8              |   in|   32|     ap_none|       coordinates_1_1_8|       pointer|
|coordinates_1_1_9              |   in|   32|     ap_none|       coordinates_1_1_9|       pointer|
|coordinates_1_1_10             |   in|   32|     ap_none|      coordinates_1_1_10|       pointer|
|coordinates_1_1_11             |   in|   32|     ap_none|      coordinates_1_1_11|       pointer|
|coordinates_1_1_12             |   in|   32|     ap_none|      coordinates_1_1_12|       pointer|
|coordinates_1_1_13             |   in|   32|     ap_none|      coordinates_1_1_13|       pointer|
|coordinates_1_1_14             |   in|   32|     ap_none|      coordinates_1_1_14|       pointer|
|coordinates_1_1_15             |   in|   32|     ap_none|      coordinates_1_1_15|       pointer|
|coordinates_2_0_0              |   in|   32|     ap_none|       coordinates_2_0_0|       pointer|
|coordinates_2_0_1              |   in|   32|     ap_none|       coordinates_2_0_1|       pointer|
|coordinates_2_0_2              |   in|   32|     ap_none|       coordinates_2_0_2|       pointer|
|coordinates_2_0_3              |   in|   32|     ap_none|       coordinates_2_0_3|       pointer|
|coordinates_2_0_4              |   in|   32|     ap_none|       coordinates_2_0_4|       pointer|
|coordinates_2_0_5              |   in|   32|     ap_none|       coordinates_2_0_5|       pointer|
|coordinates_2_0_6              |   in|   32|     ap_none|       coordinates_2_0_6|       pointer|
|coordinates_2_0_7              |   in|   32|     ap_none|       coordinates_2_0_7|       pointer|
|coordinates_2_0_8              |   in|   32|     ap_none|       coordinates_2_0_8|       pointer|
|coordinates_2_0_9              |   in|   32|     ap_none|       coordinates_2_0_9|       pointer|
|coordinates_2_0_10             |   in|   32|     ap_none|      coordinates_2_0_10|       pointer|
|coordinates_2_0_11             |   in|   32|     ap_none|      coordinates_2_0_11|       pointer|
|coordinates_2_0_12             |   in|   32|     ap_none|      coordinates_2_0_12|       pointer|
|coordinates_2_0_13             |   in|   32|     ap_none|      coordinates_2_0_13|       pointer|
|coordinates_2_0_14             |   in|   32|     ap_none|      coordinates_2_0_14|       pointer|
|coordinates_2_0_15             |   in|   32|     ap_none|      coordinates_2_0_15|       pointer|
|coordinates_2_1_0              |   in|   32|     ap_none|       coordinates_2_1_0|       pointer|
|coordinates_2_1_1              |   in|   32|     ap_none|       coordinates_2_1_1|       pointer|
|coordinates_2_1_2              |   in|   32|     ap_none|       coordinates_2_1_2|       pointer|
|coordinates_2_1_3              |   in|   32|     ap_none|       coordinates_2_1_3|       pointer|
|coordinates_2_1_4              |   in|   32|     ap_none|       coordinates_2_1_4|       pointer|
|coordinates_2_1_5              |   in|   32|     ap_none|       coordinates_2_1_5|       pointer|
|coordinates_2_1_6              |   in|   32|     ap_none|       coordinates_2_1_6|       pointer|
|coordinates_2_1_7              |   in|   32|     ap_none|       coordinates_2_1_7|       pointer|
|coordinates_2_1_8              |   in|   32|     ap_none|       coordinates_2_1_8|       pointer|
|coordinates_2_1_9              |   in|   32|     ap_none|       coordinates_2_1_9|       pointer|
|coordinates_2_1_10             |   in|   32|     ap_none|      coordinates_2_1_10|       pointer|
|coordinates_2_1_11             |   in|   32|     ap_none|      coordinates_2_1_11|       pointer|
|coordinates_2_1_12             |   in|   32|     ap_none|      coordinates_2_1_12|       pointer|
|coordinates_2_1_13             |   in|   32|     ap_none|      coordinates_2_1_13|       pointer|
|coordinates_2_1_14             |   in|   32|     ap_none|      coordinates_2_1_14|       pointer|
|coordinates_2_1_15             |   in|   32|     ap_none|      coordinates_2_1_15|       pointer|
|coordinates_2_2_0              |   in|   32|     ap_none|       coordinates_2_2_0|       pointer|
|coordinates_2_2_1              |   in|   32|     ap_none|       coordinates_2_2_1|       pointer|
|coordinates_2_2_2              |   in|   32|     ap_none|       coordinates_2_2_2|       pointer|
|coordinates_2_2_3              |   in|   32|     ap_none|       coordinates_2_2_3|       pointer|
|coordinates_2_2_4              |   in|   32|     ap_none|       coordinates_2_2_4|       pointer|
|coordinates_2_2_5              |   in|   32|     ap_none|       coordinates_2_2_5|       pointer|
|coordinates_2_2_6              |   in|   32|     ap_none|       coordinates_2_2_6|       pointer|
|coordinates_2_2_7              |   in|   32|     ap_none|       coordinates_2_2_7|       pointer|
|coordinates_2_2_8              |   in|   32|     ap_none|       coordinates_2_2_8|       pointer|
|coordinates_2_2_9              |   in|   32|     ap_none|       coordinates_2_2_9|       pointer|
|coordinates_2_2_10             |   in|   32|     ap_none|      coordinates_2_2_10|       pointer|
|coordinates_2_2_11             |   in|   32|     ap_none|      coordinates_2_2_11|       pointer|
|coordinates_2_2_12             |   in|   32|     ap_none|      coordinates_2_2_12|       pointer|
|coordinates_2_2_13             |   in|   32|     ap_none|      coordinates_2_2_13|       pointer|
|coordinates_2_2_14             |   in|   32|     ap_none|      coordinates_2_2_14|       pointer|
|coordinates_2_2_15             |   in|   32|     ap_none|      coordinates_2_2_15|       pointer|
|coordinates_3_1_0              |   in|   32|     ap_none|       coordinates_3_1_0|       pointer|
|coordinates_3_1_1              |   in|   32|     ap_none|       coordinates_3_1_1|       pointer|
|coordinates_3_1_2              |   in|   32|     ap_none|       coordinates_3_1_2|       pointer|
|coordinates_3_1_3              |   in|   32|     ap_none|       coordinates_3_1_3|       pointer|
|coordinates_3_1_4              |   in|   32|     ap_none|       coordinates_3_1_4|       pointer|
|coordinates_3_1_5              |   in|   32|     ap_none|       coordinates_3_1_5|       pointer|
|coordinates_3_1_6              |   in|   32|     ap_none|       coordinates_3_1_6|       pointer|
|coordinates_3_1_7              |   in|   32|     ap_none|       coordinates_3_1_7|       pointer|
|coordinates_3_1_8              |   in|   32|     ap_none|       coordinates_3_1_8|       pointer|
|coordinates_3_1_9              |   in|   32|     ap_none|       coordinates_3_1_9|       pointer|
|coordinates_3_1_10             |   in|   32|     ap_none|      coordinates_3_1_10|       pointer|
|coordinates_3_1_11             |   in|   32|     ap_none|      coordinates_3_1_11|       pointer|
|coordinates_3_1_12             |   in|   32|     ap_none|      coordinates_3_1_12|       pointer|
|coordinates_3_1_13             |   in|   32|     ap_none|      coordinates_3_1_13|       pointer|
|coordinates_3_1_14             |   in|   32|     ap_none|      coordinates_3_1_14|       pointer|
|coordinates_3_1_15             |   in|   32|     ap_none|      coordinates_3_1_15|       pointer|
|coordinates_3_2_0              |   in|   32|     ap_none|       coordinates_3_2_0|       pointer|
|coordinates_3_2_1              |   in|   32|     ap_none|       coordinates_3_2_1|       pointer|
|coordinates_3_2_2              |   in|   32|     ap_none|       coordinates_3_2_2|       pointer|
|coordinates_3_2_3              |   in|   32|     ap_none|       coordinates_3_2_3|       pointer|
|coordinates_3_2_4              |   in|   32|     ap_none|       coordinates_3_2_4|       pointer|
|coordinates_3_2_5              |   in|   32|     ap_none|       coordinates_3_2_5|       pointer|
|coordinates_3_2_6              |   in|   32|     ap_none|       coordinates_3_2_6|       pointer|
|coordinates_3_2_7              |   in|   32|     ap_none|       coordinates_3_2_7|       pointer|
|coordinates_3_2_8              |   in|   32|     ap_none|       coordinates_3_2_8|       pointer|
|coordinates_3_2_9              |   in|   32|     ap_none|       coordinates_3_2_9|       pointer|
|coordinates_3_2_10             |   in|   32|     ap_none|      coordinates_3_2_10|       pointer|
|coordinates_3_2_11             |   in|   32|     ap_none|      coordinates_3_2_11|       pointer|
|coordinates_3_2_12             |   in|   32|     ap_none|      coordinates_3_2_12|       pointer|
|coordinates_3_2_13             |   in|   32|     ap_none|      coordinates_3_2_13|       pointer|
|coordinates_3_2_14             |   in|   32|     ap_none|      coordinates_3_2_14|       pointer|
|coordinates_3_2_15             |   in|   32|     ap_none|      coordinates_3_2_15|       pointer|
|coordinates_4_2_0              |   in|   32|     ap_none|       coordinates_4_2_0|       pointer|
|coordinates_4_2_1              |   in|   32|     ap_none|       coordinates_4_2_1|       pointer|
|coordinates_4_2_2              |   in|   32|     ap_none|       coordinates_4_2_2|       pointer|
|coordinates_4_2_3              |   in|   32|     ap_none|       coordinates_4_2_3|       pointer|
|coordinates_4_2_4              |   in|   32|     ap_none|       coordinates_4_2_4|       pointer|
|coordinates_4_2_5              |   in|   32|     ap_none|       coordinates_4_2_5|       pointer|
|coordinates_4_2_6              |   in|   32|     ap_none|       coordinates_4_2_6|       pointer|
|coordinates_4_2_7              |   in|   32|     ap_none|       coordinates_4_2_7|       pointer|
|coordinates_4_2_8              |   in|   32|     ap_none|       coordinates_4_2_8|       pointer|
|coordinates_4_2_9              |   in|   32|     ap_none|       coordinates_4_2_9|       pointer|
|coordinates_4_2_10             |   in|   32|     ap_none|      coordinates_4_2_10|       pointer|
|coordinates_4_2_11             |   in|   32|     ap_none|      coordinates_4_2_11|       pointer|
|coordinates_4_2_12             |   in|   32|     ap_none|      coordinates_4_2_12|       pointer|
|coordinates_4_2_13             |   in|   32|     ap_none|      coordinates_4_2_13|       pointer|
|coordinates_4_2_14             |   in|   32|     ap_none|      coordinates_4_2_14|       pointer|
|coordinates_4_2_15             |   in|   32|     ap_none|      coordinates_4_2_15|       pointer|
|coordinates_0_0_0_out_din      |  out|   32|     ap_fifo|   coordinates_0_0_0_out|       pointer|
|coordinates_0_0_0_out_full_n   |   in|    1|     ap_fifo|   coordinates_0_0_0_out|       pointer|
|coordinates_0_0_0_out_write    |  out|    1|     ap_fifo|   coordinates_0_0_0_out|       pointer|
|coordinates_0_0_1_out_din      |  out|   32|     ap_fifo|   coordinates_0_0_1_out|       pointer|
|coordinates_0_0_1_out_full_n   |   in|    1|     ap_fifo|   coordinates_0_0_1_out|       pointer|
|coordinates_0_0_1_out_write    |  out|    1|     ap_fifo|   coordinates_0_0_1_out|       pointer|
|coordinates_0_0_2_out_din      |  out|   32|     ap_fifo|   coordinates_0_0_2_out|       pointer|
|coordinates_0_0_2_out_full_n   |   in|    1|     ap_fifo|   coordinates_0_0_2_out|       pointer|
|coordinates_0_0_2_out_write    |  out|    1|     ap_fifo|   coordinates_0_0_2_out|       pointer|
|coordinates_0_0_3_out_din      |  out|   32|     ap_fifo|   coordinates_0_0_3_out|       pointer|
|coordinates_0_0_3_out_full_n   |   in|    1|     ap_fifo|   coordinates_0_0_3_out|       pointer|
|coordinates_0_0_3_out_write    |  out|    1|     ap_fifo|   coordinates_0_0_3_out|       pointer|
|coordinates_0_0_4_out_din      |  out|   32|     ap_fifo|   coordinates_0_0_4_out|       pointer|
|coordinates_0_0_4_out_full_n   |   in|    1|     ap_fifo|   coordinates_0_0_4_out|       pointer|
|coordinates_0_0_4_out_write    |  out|    1|     ap_fifo|   coordinates_0_0_4_out|       pointer|
|coordinates_0_0_5_out_din      |  out|   32|     ap_fifo|   coordinates_0_0_5_out|       pointer|
|coordinates_0_0_5_out_full_n   |   in|    1|     ap_fifo|   coordinates_0_0_5_out|       pointer|
|coordinates_0_0_5_out_write    |  out|    1|     ap_fifo|   coordinates_0_0_5_out|       pointer|
|coordinates_0_0_6_out_din      |  out|   32|     ap_fifo|   coordinates_0_0_6_out|       pointer|
|coordinates_0_0_6_out_full_n   |   in|    1|     ap_fifo|   coordinates_0_0_6_out|       pointer|
|coordinates_0_0_6_out_write    |  out|    1|     ap_fifo|   coordinates_0_0_6_out|       pointer|
|coordinates_0_0_7_out_din      |  out|   32|     ap_fifo|   coordinates_0_0_7_out|       pointer|
|coordinates_0_0_7_out_full_n   |   in|    1|     ap_fifo|   coordinates_0_0_7_out|       pointer|
|coordinates_0_0_7_out_write    |  out|    1|     ap_fifo|   coordinates_0_0_7_out|       pointer|
|coordinates_0_0_8_out_din      |  out|   32|     ap_fifo|   coordinates_0_0_8_out|       pointer|
|coordinates_0_0_8_out_full_n   |   in|    1|     ap_fifo|   coordinates_0_0_8_out|       pointer|
|coordinates_0_0_8_out_write    |  out|    1|     ap_fifo|   coordinates_0_0_8_out|       pointer|
|coordinates_0_0_9_out_din      |  out|   32|     ap_fifo|   coordinates_0_0_9_out|       pointer|
|coordinates_0_0_9_out_full_n   |   in|    1|     ap_fifo|   coordinates_0_0_9_out|       pointer|
|coordinates_0_0_9_out_write    |  out|    1|     ap_fifo|   coordinates_0_0_9_out|       pointer|
|coordinates_0_0_10_out_din     |  out|   32|     ap_fifo|  coordinates_0_0_10_out|       pointer|
|coordinates_0_0_10_out_full_n  |   in|    1|     ap_fifo|  coordinates_0_0_10_out|       pointer|
|coordinates_0_0_10_out_write   |  out|    1|     ap_fifo|  coordinates_0_0_10_out|       pointer|
|coordinates_0_0_11_out_din     |  out|   32|     ap_fifo|  coordinates_0_0_11_out|       pointer|
|coordinates_0_0_11_out_full_n  |   in|    1|     ap_fifo|  coordinates_0_0_11_out|       pointer|
|coordinates_0_0_11_out_write   |  out|    1|     ap_fifo|  coordinates_0_0_11_out|       pointer|
|coordinates_0_0_12_out_din     |  out|   32|     ap_fifo|  coordinates_0_0_12_out|       pointer|
|coordinates_0_0_12_out_full_n  |   in|    1|     ap_fifo|  coordinates_0_0_12_out|       pointer|
|coordinates_0_0_12_out_write   |  out|    1|     ap_fifo|  coordinates_0_0_12_out|       pointer|
|coordinates_0_0_13_out_din     |  out|   32|     ap_fifo|  coordinates_0_0_13_out|       pointer|
|coordinates_0_0_13_out_full_n  |   in|    1|     ap_fifo|  coordinates_0_0_13_out|       pointer|
|coordinates_0_0_13_out_write   |  out|    1|     ap_fifo|  coordinates_0_0_13_out|       pointer|
|coordinates_0_0_14_out_din     |  out|   32|     ap_fifo|  coordinates_0_0_14_out|       pointer|
|coordinates_0_0_14_out_full_n  |   in|    1|     ap_fifo|  coordinates_0_0_14_out|       pointer|
|coordinates_0_0_14_out_write   |  out|    1|     ap_fifo|  coordinates_0_0_14_out|       pointer|
|coordinates_0_0_15_out_din     |  out|   32|     ap_fifo|  coordinates_0_0_15_out|       pointer|
|coordinates_0_0_15_out_full_n  |   in|    1|     ap_fifo|  coordinates_0_0_15_out|       pointer|
|coordinates_0_0_15_out_write   |  out|    1|     ap_fifo|  coordinates_0_0_15_out|       pointer|
|coordinates_1_0_0_out_din      |  out|   32|     ap_fifo|   coordinates_1_0_0_out|       pointer|
|coordinates_1_0_0_out_full_n   |   in|    1|     ap_fifo|   coordinates_1_0_0_out|       pointer|
|coordinates_1_0_0_out_write    |  out|    1|     ap_fifo|   coordinates_1_0_0_out|       pointer|
|coordinates_1_0_1_out_din      |  out|   32|     ap_fifo|   coordinates_1_0_1_out|       pointer|
|coordinates_1_0_1_out_full_n   |   in|    1|     ap_fifo|   coordinates_1_0_1_out|       pointer|
|coordinates_1_0_1_out_write    |  out|    1|     ap_fifo|   coordinates_1_0_1_out|       pointer|
|coordinates_1_0_2_out_din      |  out|   32|     ap_fifo|   coordinates_1_0_2_out|       pointer|
|coordinates_1_0_2_out_full_n   |   in|    1|     ap_fifo|   coordinates_1_0_2_out|       pointer|
|coordinates_1_0_2_out_write    |  out|    1|     ap_fifo|   coordinates_1_0_2_out|       pointer|
|coordinates_1_0_3_out_din      |  out|   32|     ap_fifo|   coordinates_1_0_3_out|       pointer|
|coordinates_1_0_3_out_full_n   |   in|    1|     ap_fifo|   coordinates_1_0_3_out|       pointer|
|coordinates_1_0_3_out_write    |  out|    1|     ap_fifo|   coordinates_1_0_3_out|       pointer|
|coordinates_1_0_4_out_din      |  out|   32|     ap_fifo|   coordinates_1_0_4_out|       pointer|
|coordinates_1_0_4_out_full_n   |   in|    1|     ap_fifo|   coordinates_1_0_4_out|       pointer|
|coordinates_1_0_4_out_write    |  out|    1|     ap_fifo|   coordinates_1_0_4_out|       pointer|
|coordinates_1_0_5_out_din      |  out|   32|     ap_fifo|   coordinates_1_0_5_out|       pointer|
|coordinates_1_0_5_out_full_n   |   in|    1|     ap_fifo|   coordinates_1_0_5_out|       pointer|
|coordinates_1_0_5_out_write    |  out|    1|     ap_fifo|   coordinates_1_0_5_out|       pointer|
|coordinates_1_0_6_out_din      |  out|   32|     ap_fifo|   coordinates_1_0_6_out|       pointer|
|coordinates_1_0_6_out_full_n   |   in|    1|     ap_fifo|   coordinates_1_0_6_out|       pointer|
|coordinates_1_0_6_out_write    |  out|    1|     ap_fifo|   coordinates_1_0_6_out|       pointer|
|coordinates_1_0_7_out_din      |  out|   32|     ap_fifo|   coordinates_1_0_7_out|       pointer|
|coordinates_1_0_7_out_full_n   |   in|    1|     ap_fifo|   coordinates_1_0_7_out|       pointer|
|coordinates_1_0_7_out_write    |  out|    1|     ap_fifo|   coordinates_1_0_7_out|       pointer|
|coordinates_1_0_8_out_din      |  out|   32|     ap_fifo|   coordinates_1_0_8_out|       pointer|
|coordinates_1_0_8_out_full_n   |   in|    1|     ap_fifo|   coordinates_1_0_8_out|       pointer|
|coordinates_1_0_8_out_write    |  out|    1|     ap_fifo|   coordinates_1_0_8_out|       pointer|
|coordinates_1_0_9_out_din      |  out|   32|     ap_fifo|   coordinates_1_0_9_out|       pointer|
|coordinates_1_0_9_out_full_n   |   in|    1|     ap_fifo|   coordinates_1_0_9_out|       pointer|
|coordinates_1_0_9_out_write    |  out|    1|     ap_fifo|   coordinates_1_0_9_out|       pointer|
|coordinates_1_0_10_out_din     |  out|   32|     ap_fifo|  coordinates_1_0_10_out|       pointer|
|coordinates_1_0_10_out_full_n  |   in|    1|     ap_fifo|  coordinates_1_0_10_out|       pointer|
|coordinates_1_0_10_out_write   |  out|    1|     ap_fifo|  coordinates_1_0_10_out|       pointer|
|coordinates_1_0_11_out_din     |  out|   32|     ap_fifo|  coordinates_1_0_11_out|       pointer|
|coordinates_1_0_11_out_full_n  |   in|    1|     ap_fifo|  coordinates_1_0_11_out|       pointer|
|coordinates_1_0_11_out_write   |  out|    1|     ap_fifo|  coordinates_1_0_11_out|       pointer|
|coordinates_1_0_12_out_din     |  out|   32|     ap_fifo|  coordinates_1_0_12_out|       pointer|
|coordinates_1_0_12_out_full_n  |   in|    1|     ap_fifo|  coordinates_1_0_12_out|       pointer|
|coordinates_1_0_12_out_write   |  out|    1|     ap_fifo|  coordinates_1_0_12_out|       pointer|
|coordinates_1_0_13_out_din     |  out|   32|     ap_fifo|  coordinates_1_0_13_out|       pointer|
|coordinates_1_0_13_out_full_n  |   in|    1|     ap_fifo|  coordinates_1_0_13_out|       pointer|
|coordinates_1_0_13_out_write   |  out|    1|     ap_fifo|  coordinates_1_0_13_out|       pointer|
|coordinates_1_0_14_out_din     |  out|   32|     ap_fifo|  coordinates_1_0_14_out|       pointer|
|coordinates_1_0_14_out_full_n  |   in|    1|     ap_fifo|  coordinates_1_0_14_out|       pointer|
|coordinates_1_0_14_out_write   |  out|    1|     ap_fifo|  coordinates_1_0_14_out|       pointer|
|coordinates_1_0_15_out_din     |  out|   32|     ap_fifo|  coordinates_1_0_15_out|       pointer|
|coordinates_1_0_15_out_full_n  |   in|    1|     ap_fifo|  coordinates_1_0_15_out|       pointer|
|coordinates_1_0_15_out_write   |  out|    1|     ap_fifo|  coordinates_1_0_15_out|       pointer|
|coordinates_1_1_0_out_din      |  out|   32|     ap_fifo|   coordinates_1_1_0_out|       pointer|
|coordinates_1_1_0_out_full_n   |   in|    1|     ap_fifo|   coordinates_1_1_0_out|       pointer|
|coordinates_1_1_0_out_write    |  out|    1|     ap_fifo|   coordinates_1_1_0_out|       pointer|
|coordinates_1_1_1_out_din      |  out|   32|     ap_fifo|   coordinates_1_1_1_out|       pointer|
|coordinates_1_1_1_out_full_n   |   in|    1|     ap_fifo|   coordinates_1_1_1_out|       pointer|
|coordinates_1_1_1_out_write    |  out|    1|     ap_fifo|   coordinates_1_1_1_out|       pointer|
|coordinates_1_1_2_out_din      |  out|   32|     ap_fifo|   coordinates_1_1_2_out|       pointer|
|coordinates_1_1_2_out_full_n   |   in|    1|     ap_fifo|   coordinates_1_1_2_out|       pointer|
|coordinates_1_1_2_out_write    |  out|    1|     ap_fifo|   coordinates_1_1_2_out|       pointer|
|coordinates_1_1_3_out_din      |  out|   32|     ap_fifo|   coordinates_1_1_3_out|       pointer|
|coordinates_1_1_3_out_full_n   |   in|    1|     ap_fifo|   coordinates_1_1_3_out|       pointer|
|coordinates_1_1_3_out_write    |  out|    1|     ap_fifo|   coordinates_1_1_3_out|       pointer|
|coordinates_1_1_4_out_din      |  out|   32|     ap_fifo|   coordinates_1_1_4_out|       pointer|
|coordinates_1_1_4_out_full_n   |   in|    1|     ap_fifo|   coordinates_1_1_4_out|       pointer|
|coordinates_1_1_4_out_write    |  out|    1|     ap_fifo|   coordinates_1_1_4_out|       pointer|
|coordinates_1_1_5_out_din      |  out|   32|     ap_fifo|   coordinates_1_1_5_out|       pointer|
|coordinates_1_1_5_out_full_n   |   in|    1|     ap_fifo|   coordinates_1_1_5_out|       pointer|
|coordinates_1_1_5_out_write    |  out|    1|     ap_fifo|   coordinates_1_1_5_out|       pointer|
|coordinates_1_1_6_out_din      |  out|   32|     ap_fifo|   coordinates_1_1_6_out|       pointer|
|coordinates_1_1_6_out_full_n   |   in|    1|     ap_fifo|   coordinates_1_1_6_out|       pointer|
|coordinates_1_1_6_out_write    |  out|    1|     ap_fifo|   coordinates_1_1_6_out|       pointer|
|coordinates_1_1_7_out_din      |  out|   32|     ap_fifo|   coordinates_1_1_7_out|       pointer|
|coordinates_1_1_7_out_full_n   |   in|    1|     ap_fifo|   coordinates_1_1_7_out|       pointer|
|coordinates_1_1_7_out_write    |  out|    1|     ap_fifo|   coordinates_1_1_7_out|       pointer|
|coordinates_1_1_8_out_din      |  out|   32|     ap_fifo|   coordinates_1_1_8_out|       pointer|
|coordinates_1_1_8_out_full_n   |   in|    1|     ap_fifo|   coordinates_1_1_8_out|       pointer|
|coordinates_1_1_8_out_write    |  out|    1|     ap_fifo|   coordinates_1_1_8_out|       pointer|
|coordinates_1_1_9_out_din      |  out|   32|     ap_fifo|   coordinates_1_1_9_out|       pointer|
|coordinates_1_1_9_out_full_n   |   in|    1|     ap_fifo|   coordinates_1_1_9_out|       pointer|
|coordinates_1_1_9_out_write    |  out|    1|     ap_fifo|   coordinates_1_1_9_out|       pointer|
|coordinates_1_1_10_out_din     |  out|   32|     ap_fifo|  coordinates_1_1_10_out|       pointer|
|coordinates_1_1_10_out_full_n  |   in|    1|     ap_fifo|  coordinates_1_1_10_out|       pointer|
|coordinates_1_1_10_out_write   |  out|    1|     ap_fifo|  coordinates_1_1_10_out|       pointer|
|coordinates_1_1_11_out_din     |  out|   32|     ap_fifo|  coordinates_1_1_11_out|       pointer|
|coordinates_1_1_11_out_full_n  |   in|    1|     ap_fifo|  coordinates_1_1_11_out|       pointer|
|coordinates_1_1_11_out_write   |  out|    1|     ap_fifo|  coordinates_1_1_11_out|       pointer|
|coordinates_1_1_12_out_din     |  out|   32|     ap_fifo|  coordinates_1_1_12_out|       pointer|
|coordinates_1_1_12_out_full_n  |   in|    1|     ap_fifo|  coordinates_1_1_12_out|       pointer|
|coordinates_1_1_12_out_write   |  out|    1|     ap_fifo|  coordinates_1_1_12_out|       pointer|
|coordinates_1_1_13_out_din     |  out|   32|     ap_fifo|  coordinates_1_1_13_out|       pointer|
|coordinates_1_1_13_out_full_n  |   in|    1|     ap_fifo|  coordinates_1_1_13_out|       pointer|
|coordinates_1_1_13_out_write   |  out|    1|     ap_fifo|  coordinates_1_1_13_out|       pointer|
|coordinates_1_1_14_out_din     |  out|   32|     ap_fifo|  coordinates_1_1_14_out|       pointer|
|coordinates_1_1_14_out_full_n  |   in|    1|     ap_fifo|  coordinates_1_1_14_out|       pointer|
|coordinates_1_1_14_out_write   |  out|    1|     ap_fifo|  coordinates_1_1_14_out|       pointer|
|coordinates_1_1_15_out_din     |  out|   32|     ap_fifo|  coordinates_1_1_15_out|       pointer|
|coordinates_1_1_15_out_full_n  |   in|    1|     ap_fifo|  coordinates_1_1_15_out|       pointer|
|coordinates_1_1_15_out_write   |  out|    1|     ap_fifo|  coordinates_1_1_15_out|       pointer|
|coordinates_2_0_0_out_din      |  out|   32|     ap_fifo|   coordinates_2_0_0_out|       pointer|
|coordinates_2_0_0_out_full_n   |   in|    1|     ap_fifo|   coordinates_2_0_0_out|       pointer|
|coordinates_2_0_0_out_write    |  out|    1|     ap_fifo|   coordinates_2_0_0_out|       pointer|
|coordinates_2_0_1_out_din      |  out|   32|     ap_fifo|   coordinates_2_0_1_out|       pointer|
|coordinates_2_0_1_out_full_n   |   in|    1|     ap_fifo|   coordinates_2_0_1_out|       pointer|
|coordinates_2_0_1_out_write    |  out|    1|     ap_fifo|   coordinates_2_0_1_out|       pointer|
|coordinates_2_0_2_out_din      |  out|   32|     ap_fifo|   coordinates_2_0_2_out|       pointer|
|coordinates_2_0_2_out_full_n   |   in|    1|     ap_fifo|   coordinates_2_0_2_out|       pointer|
|coordinates_2_0_2_out_write    |  out|    1|     ap_fifo|   coordinates_2_0_2_out|       pointer|
|coordinates_2_0_3_out_din      |  out|   32|     ap_fifo|   coordinates_2_0_3_out|       pointer|
|coordinates_2_0_3_out_full_n   |   in|    1|     ap_fifo|   coordinates_2_0_3_out|       pointer|
|coordinates_2_0_3_out_write    |  out|    1|     ap_fifo|   coordinates_2_0_3_out|       pointer|
|coordinates_2_0_4_out_din      |  out|   32|     ap_fifo|   coordinates_2_0_4_out|       pointer|
|coordinates_2_0_4_out_full_n   |   in|    1|     ap_fifo|   coordinates_2_0_4_out|       pointer|
|coordinates_2_0_4_out_write    |  out|    1|     ap_fifo|   coordinates_2_0_4_out|       pointer|
|coordinates_2_0_5_out_din      |  out|   32|     ap_fifo|   coordinates_2_0_5_out|       pointer|
|coordinates_2_0_5_out_full_n   |   in|    1|     ap_fifo|   coordinates_2_0_5_out|       pointer|
|coordinates_2_0_5_out_write    |  out|    1|     ap_fifo|   coordinates_2_0_5_out|       pointer|
|coordinates_2_0_6_out_din      |  out|   32|     ap_fifo|   coordinates_2_0_6_out|       pointer|
|coordinates_2_0_6_out_full_n   |   in|    1|     ap_fifo|   coordinates_2_0_6_out|       pointer|
|coordinates_2_0_6_out_write    |  out|    1|     ap_fifo|   coordinates_2_0_6_out|       pointer|
|coordinates_2_0_7_out_din      |  out|   32|     ap_fifo|   coordinates_2_0_7_out|       pointer|
|coordinates_2_0_7_out_full_n   |   in|    1|     ap_fifo|   coordinates_2_0_7_out|       pointer|
|coordinates_2_0_7_out_write    |  out|    1|     ap_fifo|   coordinates_2_0_7_out|       pointer|
|coordinates_2_0_8_out_din      |  out|   32|     ap_fifo|   coordinates_2_0_8_out|       pointer|
|coordinates_2_0_8_out_full_n   |   in|    1|     ap_fifo|   coordinates_2_0_8_out|       pointer|
|coordinates_2_0_8_out_write    |  out|    1|     ap_fifo|   coordinates_2_0_8_out|       pointer|
|coordinates_2_0_9_out_din      |  out|   32|     ap_fifo|   coordinates_2_0_9_out|       pointer|
|coordinates_2_0_9_out_full_n   |   in|    1|     ap_fifo|   coordinates_2_0_9_out|       pointer|
|coordinates_2_0_9_out_write    |  out|    1|     ap_fifo|   coordinates_2_0_9_out|       pointer|
|coordinates_2_0_10_out_din     |  out|   32|     ap_fifo|  coordinates_2_0_10_out|       pointer|
|coordinates_2_0_10_out_full_n  |   in|    1|     ap_fifo|  coordinates_2_0_10_out|       pointer|
|coordinates_2_0_10_out_write   |  out|    1|     ap_fifo|  coordinates_2_0_10_out|       pointer|
|coordinates_2_0_11_out_din     |  out|   32|     ap_fifo|  coordinates_2_0_11_out|       pointer|
|coordinates_2_0_11_out_full_n  |   in|    1|     ap_fifo|  coordinates_2_0_11_out|       pointer|
|coordinates_2_0_11_out_write   |  out|    1|     ap_fifo|  coordinates_2_0_11_out|       pointer|
|coordinates_2_0_12_out_din     |  out|   32|     ap_fifo|  coordinates_2_0_12_out|       pointer|
|coordinates_2_0_12_out_full_n  |   in|    1|     ap_fifo|  coordinates_2_0_12_out|       pointer|
|coordinates_2_0_12_out_write   |  out|    1|     ap_fifo|  coordinates_2_0_12_out|       pointer|
|coordinates_2_0_13_out_din     |  out|   32|     ap_fifo|  coordinates_2_0_13_out|       pointer|
|coordinates_2_0_13_out_full_n  |   in|    1|     ap_fifo|  coordinates_2_0_13_out|       pointer|
|coordinates_2_0_13_out_write   |  out|    1|     ap_fifo|  coordinates_2_0_13_out|       pointer|
|coordinates_2_0_14_out_din     |  out|   32|     ap_fifo|  coordinates_2_0_14_out|       pointer|
|coordinates_2_0_14_out_full_n  |   in|    1|     ap_fifo|  coordinates_2_0_14_out|       pointer|
|coordinates_2_0_14_out_write   |  out|    1|     ap_fifo|  coordinates_2_0_14_out|       pointer|
|coordinates_2_0_15_out_din     |  out|   32|     ap_fifo|  coordinates_2_0_15_out|       pointer|
|coordinates_2_0_15_out_full_n  |   in|    1|     ap_fifo|  coordinates_2_0_15_out|       pointer|
|coordinates_2_0_15_out_write   |  out|    1|     ap_fifo|  coordinates_2_0_15_out|       pointer|
|coordinates_2_1_0_out_din      |  out|   32|     ap_fifo|   coordinates_2_1_0_out|       pointer|
|coordinates_2_1_0_out_full_n   |   in|    1|     ap_fifo|   coordinates_2_1_0_out|       pointer|
|coordinates_2_1_0_out_write    |  out|    1|     ap_fifo|   coordinates_2_1_0_out|       pointer|
|coordinates_2_1_1_out_din      |  out|   32|     ap_fifo|   coordinates_2_1_1_out|       pointer|
|coordinates_2_1_1_out_full_n   |   in|    1|     ap_fifo|   coordinates_2_1_1_out|       pointer|
|coordinates_2_1_1_out_write    |  out|    1|     ap_fifo|   coordinates_2_1_1_out|       pointer|
|coordinates_2_1_2_out_din      |  out|   32|     ap_fifo|   coordinates_2_1_2_out|       pointer|
|coordinates_2_1_2_out_full_n   |   in|    1|     ap_fifo|   coordinates_2_1_2_out|       pointer|
|coordinates_2_1_2_out_write    |  out|    1|     ap_fifo|   coordinates_2_1_2_out|       pointer|
|coordinates_2_1_3_out_din      |  out|   32|     ap_fifo|   coordinates_2_1_3_out|       pointer|
|coordinates_2_1_3_out_full_n   |   in|    1|     ap_fifo|   coordinates_2_1_3_out|       pointer|
|coordinates_2_1_3_out_write    |  out|    1|     ap_fifo|   coordinates_2_1_3_out|       pointer|
|coordinates_2_1_4_out_din      |  out|   32|     ap_fifo|   coordinates_2_1_4_out|       pointer|
|coordinates_2_1_4_out_full_n   |   in|    1|     ap_fifo|   coordinates_2_1_4_out|       pointer|
|coordinates_2_1_4_out_write    |  out|    1|     ap_fifo|   coordinates_2_1_4_out|       pointer|
|coordinates_2_1_5_out_din      |  out|   32|     ap_fifo|   coordinates_2_1_5_out|       pointer|
|coordinates_2_1_5_out_full_n   |   in|    1|     ap_fifo|   coordinates_2_1_5_out|       pointer|
|coordinates_2_1_5_out_write    |  out|    1|     ap_fifo|   coordinates_2_1_5_out|       pointer|
|coordinates_2_1_6_out_din      |  out|   32|     ap_fifo|   coordinates_2_1_6_out|       pointer|
|coordinates_2_1_6_out_full_n   |   in|    1|     ap_fifo|   coordinates_2_1_6_out|       pointer|
|coordinates_2_1_6_out_write    |  out|    1|     ap_fifo|   coordinates_2_1_6_out|       pointer|
|coordinates_2_1_7_out_din      |  out|   32|     ap_fifo|   coordinates_2_1_7_out|       pointer|
|coordinates_2_1_7_out_full_n   |   in|    1|     ap_fifo|   coordinates_2_1_7_out|       pointer|
|coordinates_2_1_7_out_write    |  out|    1|     ap_fifo|   coordinates_2_1_7_out|       pointer|
|coordinates_2_1_8_out_din      |  out|   32|     ap_fifo|   coordinates_2_1_8_out|       pointer|
|coordinates_2_1_8_out_full_n   |   in|    1|     ap_fifo|   coordinates_2_1_8_out|       pointer|
|coordinates_2_1_8_out_write    |  out|    1|     ap_fifo|   coordinates_2_1_8_out|       pointer|
|coordinates_2_1_9_out_din      |  out|   32|     ap_fifo|   coordinates_2_1_9_out|       pointer|
|coordinates_2_1_9_out_full_n   |   in|    1|     ap_fifo|   coordinates_2_1_9_out|       pointer|
|coordinates_2_1_9_out_write    |  out|    1|     ap_fifo|   coordinates_2_1_9_out|       pointer|
|coordinates_2_1_10_out_din     |  out|   32|     ap_fifo|  coordinates_2_1_10_out|       pointer|
|coordinates_2_1_10_out_full_n  |   in|    1|     ap_fifo|  coordinates_2_1_10_out|       pointer|
|coordinates_2_1_10_out_write   |  out|    1|     ap_fifo|  coordinates_2_1_10_out|       pointer|
|coordinates_2_1_11_out_din     |  out|   32|     ap_fifo|  coordinates_2_1_11_out|       pointer|
|coordinates_2_1_11_out_full_n  |   in|    1|     ap_fifo|  coordinates_2_1_11_out|       pointer|
|coordinates_2_1_11_out_write   |  out|    1|     ap_fifo|  coordinates_2_1_11_out|       pointer|
|coordinates_2_1_12_out_din     |  out|   32|     ap_fifo|  coordinates_2_1_12_out|       pointer|
|coordinates_2_1_12_out_full_n  |   in|    1|     ap_fifo|  coordinates_2_1_12_out|       pointer|
|coordinates_2_1_12_out_write   |  out|    1|     ap_fifo|  coordinates_2_1_12_out|       pointer|
|coordinates_2_1_13_out_din     |  out|   32|     ap_fifo|  coordinates_2_1_13_out|       pointer|
|coordinates_2_1_13_out_full_n  |   in|    1|     ap_fifo|  coordinates_2_1_13_out|       pointer|
|coordinates_2_1_13_out_write   |  out|    1|     ap_fifo|  coordinates_2_1_13_out|       pointer|
|coordinates_2_1_14_out_din     |  out|   32|     ap_fifo|  coordinates_2_1_14_out|       pointer|
|coordinates_2_1_14_out_full_n  |   in|    1|     ap_fifo|  coordinates_2_1_14_out|       pointer|
|coordinates_2_1_14_out_write   |  out|    1|     ap_fifo|  coordinates_2_1_14_out|       pointer|
|coordinates_2_1_15_out_din     |  out|   32|     ap_fifo|  coordinates_2_1_15_out|       pointer|
|coordinates_2_1_15_out_full_n  |   in|    1|     ap_fifo|  coordinates_2_1_15_out|       pointer|
|coordinates_2_1_15_out_write   |  out|    1|     ap_fifo|  coordinates_2_1_15_out|       pointer|
|coordinates_2_2_0_out_din      |  out|   32|     ap_fifo|   coordinates_2_2_0_out|       pointer|
|coordinates_2_2_0_out_full_n   |   in|    1|     ap_fifo|   coordinates_2_2_0_out|       pointer|
|coordinates_2_2_0_out_write    |  out|    1|     ap_fifo|   coordinates_2_2_0_out|       pointer|
|coordinates_2_2_1_out_din      |  out|   32|     ap_fifo|   coordinates_2_2_1_out|       pointer|
|coordinates_2_2_1_out_full_n   |   in|    1|     ap_fifo|   coordinates_2_2_1_out|       pointer|
|coordinates_2_2_1_out_write    |  out|    1|     ap_fifo|   coordinates_2_2_1_out|       pointer|
|coordinates_2_2_2_out_din      |  out|   32|     ap_fifo|   coordinates_2_2_2_out|       pointer|
|coordinates_2_2_2_out_full_n   |   in|    1|     ap_fifo|   coordinates_2_2_2_out|       pointer|
|coordinates_2_2_2_out_write    |  out|    1|     ap_fifo|   coordinates_2_2_2_out|       pointer|
|coordinates_2_2_3_out_din      |  out|   32|     ap_fifo|   coordinates_2_2_3_out|       pointer|
|coordinates_2_2_3_out_full_n   |   in|    1|     ap_fifo|   coordinates_2_2_3_out|       pointer|
|coordinates_2_2_3_out_write    |  out|    1|     ap_fifo|   coordinates_2_2_3_out|       pointer|
|coordinates_2_2_4_out_din      |  out|   32|     ap_fifo|   coordinates_2_2_4_out|       pointer|
|coordinates_2_2_4_out_full_n   |   in|    1|     ap_fifo|   coordinates_2_2_4_out|       pointer|
|coordinates_2_2_4_out_write    |  out|    1|     ap_fifo|   coordinates_2_2_4_out|       pointer|
|coordinates_2_2_5_out_din      |  out|   32|     ap_fifo|   coordinates_2_2_5_out|       pointer|
|coordinates_2_2_5_out_full_n   |   in|    1|     ap_fifo|   coordinates_2_2_5_out|       pointer|
|coordinates_2_2_5_out_write    |  out|    1|     ap_fifo|   coordinates_2_2_5_out|       pointer|
|coordinates_2_2_6_out_din      |  out|   32|     ap_fifo|   coordinates_2_2_6_out|       pointer|
|coordinates_2_2_6_out_full_n   |   in|    1|     ap_fifo|   coordinates_2_2_6_out|       pointer|
|coordinates_2_2_6_out_write    |  out|    1|     ap_fifo|   coordinates_2_2_6_out|       pointer|
|coordinates_2_2_7_out_din      |  out|   32|     ap_fifo|   coordinates_2_2_7_out|       pointer|
|coordinates_2_2_7_out_full_n   |   in|    1|     ap_fifo|   coordinates_2_2_7_out|       pointer|
|coordinates_2_2_7_out_write    |  out|    1|     ap_fifo|   coordinates_2_2_7_out|       pointer|
|coordinates_2_2_8_out_din      |  out|   32|     ap_fifo|   coordinates_2_2_8_out|       pointer|
|coordinates_2_2_8_out_full_n   |   in|    1|     ap_fifo|   coordinates_2_2_8_out|       pointer|
|coordinates_2_2_8_out_write    |  out|    1|     ap_fifo|   coordinates_2_2_8_out|       pointer|
|coordinates_2_2_9_out_din      |  out|   32|     ap_fifo|   coordinates_2_2_9_out|       pointer|
|coordinates_2_2_9_out_full_n   |   in|    1|     ap_fifo|   coordinates_2_2_9_out|       pointer|
|coordinates_2_2_9_out_write    |  out|    1|     ap_fifo|   coordinates_2_2_9_out|       pointer|
|coordinates_2_2_10_out_din     |  out|   32|     ap_fifo|  coordinates_2_2_10_out|       pointer|
|coordinates_2_2_10_out_full_n  |   in|    1|     ap_fifo|  coordinates_2_2_10_out|       pointer|
|coordinates_2_2_10_out_write   |  out|    1|     ap_fifo|  coordinates_2_2_10_out|       pointer|
|coordinates_2_2_11_out_din     |  out|   32|     ap_fifo|  coordinates_2_2_11_out|       pointer|
|coordinates_2_2_11_out_full_n  |   in|    1|     ap_fifo|  coordinates_2_2_11_out|       pointer|
|coordinates_2_2_11_out_write   |  out|    1|     ap_fifo|  coordinates_2_2_11_out|       pointer|
|coordinates_2_2_12_out_din     |  out|   32|     ap_fifo|  coordinates_2_2_12_out|       pointer|
|coordinates_2_2_12_out_full_n  |   in|    1|     ap_fifo|  coordinates_2_2_12_out|       pointer|
|coordinates_2_2_12_out_write   |  out|    1|     ap_fifo|  coordinates_2_2_12_out|       pointer|
|coordinates_2_2_13_out_din     |  out|   32|     ap_fifo|  coordinates_2_2_13_out|       pointer|
|coordinates_2_2_13_out_full_n  |   in|    1|     ap_fifo|  coordinates_2_2_13_out|       pointer|
|coordinates_2_2_13_out_write   |  out|    1|     ap_fifo|  coordinates_2_2_13_out|       pointer|
|coordinates_2_2_14_out_din     |  out|   32|     ap_fifo|  coordinates_2_2_14_out|       pointer|
|coordinates_2_2_14_out_full_n  |   in|    1|     ap_fifo|  coordinates_2_2_14_out|       pointer|
|coordinates_2_2_14_out_write   |  out|    1|     ap_fifo|  coordinates_2_2_14_out|       pointer|
|coordinates_2_2_15_out_din     |  out|   32|     ap_fifo|  coordinates_2_2_15_out|       pointer|
|coordinates_2_2_15_out_full_n  |   in|    1|     ap_fifo|  coordinates_2_2_15_out|       pointer|
|coordinates_2_2_15_out_write   |  out|    1|     ap_fifo|  coordinates_2_2_15_out|       pointer|
|coordinates_3_1_0_out_din      |  out|   32|     ap_fifo|   coordinates_3_1_0_out|       pointer|
|coordinates_3_1_0_out_full_n   |   in|    1|     ap_fifo|   coordinates_3_1_0_out|       pointer|
|coordinates_3_1_0_out_write    |  out|    1|     ap_fifo|   coordinates_3_1_0_out|       pointer|
|coordinates_3_1_1_out_din      |  out|   32|     ap_fifo|   coordinates_3_1_1_out|       pointer|
|coordinates_3_1_1_out_full_n   |   in|    1|     ap_fifo|   coordinates_3_1_1_out|       pointer|
|coordinates_3_1_1_out_write    |  out|    1|     ap_fifo|   coordinates_3_1_1_out|       pointer|
|coordinates_3_1_2_out_din      |  out|   32|     ap_fifo|   coordinates_3_1_2_out|       pointer|
|coordinates_3_1_2_out_full_n   |   in|    1|     ap_fifo|   coordinates_3_1_2_out|       pointer|
|coordinates_3_1_2_out_write    |  out|    1|     ap_fifo|   coordinates_3_1_2_out|       pointer|
|coordinates_3_1_3_out_din      |  out|   32|     ap_fifo|   coordinates_3_1_3_out|       pointer|
|coordinates_3_1_3_out_full_n   |   in|    1|     ap_fifo|   coordinates_3_1_3_out|       pointer|
|coordinates_3_1_3_out_write    |  out|    1|     ap_fifo|   coordinates_3_1_3_out|       pointer|
|coordinates_3_1_4_out_din      |  out|   32|     ap_fifo|   coordinates_3_1_4_out|       pointer|
|coordinates_3_1_4_out_full_n   |   in|    1|     ap_fifo|   coordinates_3_1_4_out|       pointer|
|coordinates_3_1_4_out_write    |  out|    1|     ap_fifo|   coordinates_3_1_4_out|       pointer|
|coordinates_3_1_5_out_din      |  out|   32|     ap_fifo|   coordinates_3_1_5_out|       pointer|
|coordinates_3_1_5_out_full_n   |   in|    1|     ap_fifo|   coordinates_3_1_5_out|       pointer|
|coordinates_3_1_5_out_write    |  out|    1|     ap_fifo|   coordinates_3_1_5_out|       pointer|
|coordinates_3_1_6_out_din      |  out|   32|     ap_fifo|   coordinates_3_1_6_out|       pointer|
|coordinates_3_1_6_out_full_n   |   in|    1|     ap_fifo|   coordinates_3_1_6_out|       pointer|
|coordinates_3_1_6_out_write    |  out|    1|     ap_fifo|   coordinates_3_1_6_out|       pointer|
|coordinates_3_1_7_out_din      |  out|   32|     ap_fifo|   coordinates_3_1_7_out|       pointer|
|coordinates_3_1_7_out_full_n   |   in|    1|     ap_fifo|   coordinates_3_1_7_out|       pointer|
|coordinates_3_1_7_out_write    |  out|    1|     ap_fifo|   coordinates_3_1_7_out|       pointer|
|coordinates_3_1_8_out_din      |  out|   32|     ap_fifo|   coordinates_3_1_8_out|       pointer|
|coordinates_3_1_8_out_full_n   |   in|    1|     ap_fifo|   coordinates_3_1_8_out|       pointer|
|coordinates_3_1_8_out_write    |  out|    1|     ap_fifo|   coordinates_3_1_8_out|       pointer|
|coordinates_3_1_9_out_din      |  out|   32|     ap_fifo|   coordinates_3_1_9_out|       pointer|
|coordinates_3_1_9_out_full_n   |   in|    1|     ap_fifo|   coordinates_3_1_9_out|       pointer|
|coordinates_3_1_9_out_write    |  out|    1|     ap_fifo|   coordinates_3_1_9_out|       pointer|
|coordinates_3_1_10_out_din     |  out|   32|     ap_fifo|  coordinates_3_1_10_out|       pointer|
|coordinates_3_1_10_out_full_n  |   in|    1|     ap_fifo|  coordinates_3_1_10_out|       pointer|
|coordinates_3_1_10_out_write   |  out|    1|     ap_fifo|  coordinates_3_1_10_out|       pointer|
|coordinates_3_1_11_out_din     |  out|   32|     ap_fifo|  coordinates_3_1_11_out|       pointer|
|coordinates_3_1_11_out_full_n  |   in|    1|     ap_fifo|  coordinates_3_1_11_out|       pointer|
|coordinates_3_1_11_out_write   |  out|    1|     ap_fifo|  coordinates_3_1_11_out|       pointer|
|coordinates_3_1_12_out_din     |  out|   32|     ap_fifo|  coordinates_3_1_12_out|       pointer|
|coordinates_3_1_12_out_full_n  |   in|    1|     ap_fifo|  coordinates_3_1_12_out|       pointer|
|coordinates_3_1_12_out_write   |  out|    1|     ap_fifo|  coordinates_3_1_12_out|       pointer|
|coordinates_3_1_13_out_din     |  out|   32|     ap_fifo|  coordinates_3_1_13_out|       pointer|
|coordinates_3_1_13_out_full_n  |   in|    1|     ap_fifo|  coordinates_3_1_13_out|       pointer|
|coordinates_3_1_13_out_write   |  out|    1|     ap_fifo|  coordinates_3_1_13_out|       pointer|
|coordinates_3_1_14_out_din     |  out|   32|     ap_fifo|  coordinates_3_1_14_out|       pointer|
|coordinates_3_1_14_out_full_n  |   in|    1|     ap_fifo|  coordinates_3_1_14_out|       pointer|
|coordinates_3_1_14_out_write   |  out|    1|     ap_fifo|  coordinates_3_1_14_out|       pointer|
|coordinates_3_1_15_out_din     |  out|   32|     ap_fifo|  coordinates_3_1_15_out|       pointer|
|coordinates_3_1_15_out_full_n  |   in|    1|     ap_fifo|  coordinates_3_1_15_out|       pointer|
|coordinates_3_1_15_out_write   |  out|    1|     ap_fifo|  coordinates_3_1_15_out|       pointer|
|coordinates_3_2_0_out_din      |  out|   32|     ap_fifo|   coordinates_3_2_0_out|       pointer|
|coordinates_3_2_0_out_full_n   |   in|    1|     ap_fifo|   coordinates_3_2_0_out|       pointer|
|coordinates_3_2_0_out_write    |  out|    1|     ap_fifo|   coordinates_3_2_0_out|       pointer|
|coordinates_3_2_1_out_din      |  out|   32|     ap_fifo|   coordinates_3_2_1_out|       pointer|
|coordinates_3_2_1_out_full_n   |   in|    1|     ap_fifo|   coordinates_3_2_1_out|       pointer|
|coordinates_3_2_1_out_write    |  out|    1|     ap_fifo|   coordinates_3_2_1_out|       pointer|
|coordinates_3_2_2_out_din      |  out|   32|     ap_fifo|   coordinates_3_2_2_out|       pointer|
|coordinates_3_2_2_out_full_n   |   in|    1|     ap_fifo|   coordinates_3_2_2_out|       pointer|
|coordinates_3_2_2_out_write    |  out|    1|     ap_fifo|   coordinates_3_2_2_out|       pointer|
|coordinates_3_2_3_out_din      |  out|   32|     ap_fifo|   coordinates_3_2_3_out|       pointer|
|coordinates_3_2_3_out_full_n   |   in|    1|     ap_fifo|   coordinates_3_2_3_out|       pointer|
|coordinates_3_2_3_out_write    |  out|    1|     ap_fifo|   coordinates_3_2_3_out|       pointer|
|coordinates_3_2_4_out_din      |  out|   32|     ap_fifo|   coordinates_3_2_4_out|       pointer|
|coordinates_3_2_4_out_full_n   |   in|    1|     ap_fifo|   coordinates_3_2_4_out|       pointer|
|coordinates_3_2_4_out_write    |  out|    1|     ap_fifo|   coordinates_3_2_4_out|       pointer|
|coordinates_3_2_5_out_din      |  out|   32|     ap_fifo|   coordinates_3_2_5_out|       pointer|
|coordinates_3_2_5_out_full_n   |   in|    1|     ap_fifo|   coordinates_3_2_5_out|       pointer|
|coordinates_3_2_5_out_write    |  out|    1|     ap_fifo|   coordinates_3_2_5_out|       pointer|
|coordinates_3_2_6_out_din      |  out|   32|     ap_fifo|   coordinates_3_2_6_out|       pointer|
|coordinates_3_2_6_out_full_n   |   in|    1|     ap_fifo|   coordinates_3_2_6_out|       pointer|
|coordinates_3_2_6_out_write    |  out|    1|     ap_fifo|   coordinates_3_2_6_out|       pointer|
|coordinates_3_2_7_out_din      |  out|   32|     ap_fifo|   coordinates_3_2_7_out|       pointer|
|coordinates_3_2_7_out_full_n   |   in|    1|     ap_fifo|   coordinates_3_2_7_out|       pointer|
|coordinates_3_2_7_out_write    |  out|    1|     ap_fifo|   coordinates_3_2_7_out|       pointer|
|coordinates_3_2_8_out_din      |  out|   32|     ap_fifo|   coordinates_3_2_8_out|       pointer|
|coordinates_3_2_8_out_full_n   |   in|    1|     ap_fifo|   coordinates_3_2_8_out|       pointer|
|coordinates_3_2_8_out_write    |  out|    1|     ap_fifo|   coordinates_3_2_8_out|       pointer|
|coordinates_3_2_9_out_din      |  out|   32|     ap_fifo|   coordinates_3_2_9_out|       pointer|
|coordinates_3_2_9_out_full_n   |   in|    1|     ap_fifo|   coordinates_3_2_9_out|       pointer|
|coordinates_3_2_9_out_write    |  out|    1|     ap_fifo|   coordinates_3_2_9_out|       pointer|
|coordinates_3_2_10_out_din     |  out|   32|     ap_fifo|  coordinates_3_2_10_out|       pointer|
|coordinates_3_2_10_out_full_n  |   in|    1|     ap_fifo|  coordinates_3_2_10_out|       pointer|
|coordinates_3_2_10_out_write   |  out|    1|     ap_fifo|  coordinates_3_2_10_out|       pointer|
|coordinates_3_2_11_out_din     |  out|   32|     ap_fifo|  coordinates_3_2_11_out|       pointer|
|coordinates_3_2_11_out_full_n  |   in|    1|     ap_fifo|  coordinates_3_2_11_out|       pointer|
|coordinates_3_2_11_out_write   |  out|    1|     ap_fifo|  coordinates_3_2_11_out|       pointer|
|coordinates_3_2_12_out_din     |  out|   32|     ap_fifo|  coordinates_3_2_12_out|       pointer|
|coordinates_3_2_12_out_full_n  |   in|    1|     ap_fifo|  coordinates_3_2_12_out|       pointer|
|coordinates_3_2_12_out_write   |  out|    1|     ap_fifo|  coordinates_3_2_12_out|       pointer|
|coordinates_3_2_13_out_din     |  out|   32|     ap_fifo|  coordinates_3_2_13_out|       pointer|
|coordinates_3_2_13_out_full_n  |   in|    1|     ap_fifo|  coordinates_3_2_13_out|       pointer|
|coordinates_3_2_13_out_write   |  out|    1|     ap_fifo|  coordinates_3_2_13_out|       pointer|
|coordinates_3_2_14_out_din     |  out|   32|     ap_fifo|  coordinates_3_2_14_out|       pointer|
|coordinates_3_2_14_out_full_n  |   in|    1|     ap_fifo|  coordinates_3_2_14_out|       pointer|
|coordinates_3_2_14_out_write   |  out|    1|     ap_fifo|  coordinates_3_2_14_out|       pointer|
|coordinates_3_2_15_out_din     |  out|   32|     ap_fifo|  coordinates_3_2_15_out|       pointer|
|coordinates_3_2_15_out_full_n  |   in|    1|     ap_fifo|  coordinates_3_2_15_out|       pointer|
|coordinates_3_2_15_out_write   |  out|    1|     ap_fifo|  coordinates_3_2_15_out|       pointer|
|coordinates_4_2_0_out_din      |  out|   32|     ap_fifo|   coordinates_4_2_0_out|       pointer|
|coordinates_4_2_0_out_full_n   |   in|    1|     ap_fifo|   coordinates_4_2_0_out|       pointer|
|coordinates_4_2_0_out_write    |  out|    1|     ap_fifo|   coordinates_4_2_0_out|       pointer|
|coordinates_4_2_1_out_din      |  out|   32|     ap_fifo|   coordinates_4_2_1_out|       pointer|
|coordinates_4_2_1_out_full_n   |   in|    1|     ap_fifo|   coordinates_4_2_1_out|       pointer|
|coordinates_4_2_1_out_write    |  out|    1|     ap_fifo|   coordinates_4_2_1_out|       pointer|
|coordinates_4_2_2_out_din      |  out|   32|     ap_fifo|   coordinates_4_2_2_out|       pointer|
|coordinates_4_2_2_out_full_n   |   in|    1|     ap_fifo|   coordinates_4_2_2_out|       pointer|
|coordinates_4_2_2_out_write    |  out|    1|     ap_fifo|   coordinates_4_2_2_out|       pointer|
|coordinates_4_2_3_out_din      |  out|   32|     ap_fifo|   coordinates_4_2_3_out|       pointer|
|coordinates_4_2_3_out_full_n   |   in|    1|     ap_fifo|   coordinates_4_2_3_out|       pointer|
|coordinates_4_2_3_out_write    |  out|    1|     ap_fifo|   coordinates_4_2_3_out|       pointer|
|coordinates_4_2_4_out_din      |  out|   32|     ap_fifo|   coordinates_4_2_4_out|       pointer|
|coordinates_4_2_4_out_full_n   |   in|    1|     ap_fifo|   coordinates_4_2_4_out|       pointer|
|coordinates_4_2_4_out_write    |  out|    1|     ap_fifo|   coordinates_4_2_4_out|       pointer|
|coordinates_4_2_5_out_din      |  out|   32|     ap_fifo|   coordinates_4_2_5_out|       pointer|
|coordinates_4_2_5_out_full_n   |   in|    1|     ap_fifo|   coordinates_4_2_5_out|       pointer|
|coordinates_4_2_5_out_write    |  out|    1|     ap_fifo|   coordinates_4_2_5_out|       pointer|
|coordinates_4_2_6_out_din      |  out|   32|     ap_fifo|   coordinates_4_2_6_out|       pointer|
|coordinates_4_2_6_out_full_n   |   in|    1|     ap_fifo|   coordinates_4_2_6_out|       pointer|
|coordinates_4_2_6_out_write    |  out|    1|     ap_fifo|   coordinates_4_2_6_out|       pointer|
|coordinates_4_2_7_out_din      |  out|   32|     ap_fifo|   coordinates_4_2_7_out|       pointer|
|coordinates_4_2_7_out_full_n   |   in|    1|     ap_fifo|   coordinates_4_2_7_out|       pointer|
|coordinates_4_2_7_out_write    |  out|    1|     ap_fifo|   coordinates_4_2_7_out|       pointer|
|coordinates_4_2_8_out_din      |  out|   32|     ap_fifo|   coordinates_4_2_8_out|       pointer|
|coordinates_4_2_8_out_full_n   |   in|    1|     ap_fifo|   coordinates_4_2_8_out|       pointer|
|coordinates_4_2_8_out_write    |  out|    1|     ap_fifo|   coordinates_4_2_8_out|       pointer|
|coordinates_4_2_9_out_din      |  out|   32|     ap_fifo|   coordinates_4_2_9_out|       pointer|
|coordinates_4_2_9_out_full_n   |   in|    1|     ap_fifo|   coordinates_4_2_9_out|       pointer|
|coordinates_4_2_9_out_write    |  out|    1|     ap_fifo|   coordinates_4_2_9_out|       pointer|
|coordinates_4_2_10_out_din     |  out|   32|     ap_fifo|  coordinates_4_2_10_out|       pointer|
|coordinates_4_2_10_out_full_n  |   in|    1|     ap_fifo|  coordinates_4_2_10_out|       pointer|
|coordinates_4_2_10_out_write   |  out|    1|     ap_fifo|  coordinates_4_2_10_out|       pointer|
|coordinates_4_2_11_out_din     |  out|   32|     ap_fifo|  coordinates_4_2_11_out|       pointer|
|coordinates_4_2_11_out_full_n  |   in|    1|     ap_fifo|  coordinates_4_2_11_out|       pointer|
|coordinates_4_2_11_out_write   |  out|    1|     ap_fifo|  coordinates_4_2_11_out|       pointer|
|coordinates_4_2_12_out_din     |  out|   32|     ap_fifo|  coordinates_4_2_12_out|       pointer|
|coordinates_4_2_12_out_full_n  |   in|    1|     ap_fifo|  coordinates_4_2_12_out|       pointer|
|coordinates_4_2_12_out_write   |  out|    1|     ap_fifo|  coordinates_4_2_12_out|       pointer|
|coordinates_4_2_13_out_din     |  out|   32|     ap_fifo|  coordinates_4_2_13_out|       pointer|
|coordinates_4_2_13_out_full_n  |   in|    1|     ap_fifo|  coordinates_4_2_13_out|       pointer|
|coordinates_4_2_13_out_write   |  out|    1|     ap_fifo|  coordinates_4_2_13_out|       pointer|
|coordinates_4_2_14_out_din     |  out|   32|     ap_fifo|  coordinates_4_2_14_out|       pointer|
|coordinates_4_2_14_out_full_n  |   in|    1|     ap_fifo|  coordinates_4_2_14_out|       pointer|
|coordinates_4_2_14_out_write   |  out|    1|     ap_fifo|  coordinates_4_2_14_out|       pointer|
|coordinates_4_2_15_out_din     |  out|   32|     ap_fifo|  coordinates_4_2_15_out|       pointer|
|coordinates_4_2_15_out_full_n  |   in|    1|     ap_fifo|  coordinates_4_2_15_out|       pointer|
|coordinates_4_2_15_out_write   |  out|    1|     ap_fifo|  coordinates_4_2_15_out|       pointer|
+-------------------------------+-----+-----+------------+------------------------+--------------+

