INFO: [HLS 200-10] Running 'C:/Xilinx/Vitis_HLS/2020.2/bin/unwrapped/win64.o/vitis_hls.exe'
INFO: [HLS 200-10] For user 'rapiduser' on host 'rapid-1511' (Windows NT_amd64 version 6.2) on Sun Oct 24 10:14:48 -0400 2021
INFO: [HLS 200-10] In directory 'C:/Users/rapiduser/Desktop/CodeHere/JonathanBranch/test-project/GlobalCommunicationMethod'
Sourcing Tcl script 'C:/Users/rapiduser/Desktop/CodeHere/JonathanBranch/test-project/GlobalCommunicationMethod/PruneGlobalMatrix/solution1/csynth.tcl'
INFO: [HLS 200-1510] Running: open_project PruneGlobalMatrix 
INFO: [HLS 200-10] Opening project 'C:/Users/rapiduser/Desktop/CodeHere/JonathanBranch/test-project/GlobalCommunicationMethod/PruneGlobalMatrix'.
INFO: [HLS 200-1510] Running: set_top pruneGlobalMatrix 
INFO: [HLS 200-1510] Running: add_files PruneGlobalMatrix/src/DummyGlobalCommunication.cpp 
INFO: [HLS 200-10] Adding design file 'PruneGlobalMatrix/src/DummyGlobalCommunication.cpp' to the project
INFO: [HLS 200-1510] Running: add_files -tb PruneGlobalMatrix/src/DummyGlobalCommunication_Test.cpp -cflags -Wno-unknown-pragmas -csimflags -Wno-unknown-pragmas 
INFO: [HLS 200-10] Adding test bench file 'PruneGlobalMatrix/src/DummyGlobalCommunication_Test.cpp' to the project
INFO: [HLS 200-1510] Running: open_solution solution1 -flow_target vivado 
INFO: [HLS 200-10] Opening solution 'C:/Users/rapiduser/Desktop/CodeHere/JonathanBranch/test-project/GlobalCommunicationMethod/PruneGlobalMatrix/solution1'.
INFO: [SYN 201-201] Setting up clock 'default' with a period of 5ns.
INFO: [HLS 200-10] Setting target device to 'xcvu35p-fsvh2892-3-e'
INFO: [HLS 200-1505] Using flow_target 'vivado'
Resolution: For help on HLS 200-1505 see www.xilinx.com/cgi-bin/docs/rdoc?v=2020.2;t=hls+guidance;d=200-1505.html
INFO: [HLS 200-1510] Running: set_part xcvu35p-fsvh2892-3-e 
INFO: [HLS 200-1510] Running: create_clock -period 5 -name default 
INFO: [HLS 200-1510] Running: set_directive_top -name pruneGlobalMatrix pruneGlobalMatrix 
INFO: [HLS 200-1510] Running: csynth_design 
INFO: [HLS 200-111] Finished File checks and directory preparation: CPU user time: 0 seconds. CPU system time: 0 seconds. Elapsed time: 0.103 seconds; current allocated memory: 481.642 MB.
INFO: [HLS 200-10] Analyzing design file 'PruneGlobalMatrix/src/DummyGlobalCommunication.cpp' ... 
INFO: [HLS 200-111] Finished Source Code Analysis and Preprocessing: CPU user time: 2 seconds. CPU system time: 2 seconds. Elapsed time: 6.799 seconds; current allocated memory: 93.219 MB.
INFO: [HLS 200-777] Using interface defaults for 'Vivado' flow target.
INFO: [HLS 214-186] Unrolling loop 'Loop1' (PruneGlobalMatrix/src/DummyGlobalCommunication.cpp:13:9) in function 'pruneGlobalMatrix' completely with a factor of 3 (PruneGlobalMatrix/src/DummyGlobalCommunication.cpp:13:9)
INFO: [HLS 214-186] Unrolling loop 'VITIS_LOOP_16_1' (PruneGlobalMatrix/src/DummyGlobalCommunication.cpp:16:19) in function 'pruneGlobalMatrix' completely with a factor of 4 (PruneGlobalMatrix/src/DummyGlobalCommunication.cpp:16:19)
INFO: [HLS 214-186] Unrolling loop 'VITIS_LOOP_19_2' (PruneGlobalMatrix/src/DummyGlobalCommunication.cpp:19:19) in function 'pruneGlobalMatrix' completely with a factor of 4 (PruneGlobalMatrix/src/DummyGlobalCommunication.cpp:19:19)
INFO: [HLS 214-186] Unrolling loop 'VITIS_LOOP_19_2' (PruneGlobalMatrix/src/DummyGlobalCommunication.cpp:19:19) in function 'pruneGlobalMatrix' completely with a factor of 4 (PruneGlobalMatrix/src/DummyGlobalCommunication.cpp:19:19)
INFO: [HLS 214-186] Unrolling loop 'VITIS_LOOP_19_2' (PruneGlobalMatrix/src/DummyGlobalCommunication.cpp:19:19) in function 'pruneGlobalMatrix' completely with a factor of 4 (PruneGlobalMatrix/src/DummyGlobalCommunication.cpp:19:19)
INFO: [HLS 214-186] Unrolling loop 'VITIS_LOOP_19_2' (PruneGlobalMatrix/src/DummyGlobalCommunication.cpp:19:19) in function 'pruneGlobalMatrix' completely with a factor of 4 (PruneGlobalMatrix/src/DummyGlobalCommunication.cpp:19:19)
INFO: [HLS 214-186] Unrolling loop 'VITIS_LOOP_16_1' (PruneGlobalMatrix/src/DummyGlobalCommunication.cpp:16:19) in function 'pruneGlobalMatrix' completely with a factor of 4 (PruneGlobalMatrix/src/DummyGlobalCommunication.cpp:16:19)
INFO: [HLS 214-186] Unrolling loop 'VITIS_LOOP_19_2' (PruneGlobalMatrix/src/DummyGlobalCommunication.cpp:19:19) in function 'pruneGlobalMatrix' completely with a factor of 4 (PruneGlobalMatrix/src/DummyGlobalCommunication.cpp:19:19)
INFO: [HLS 214-186] Unrolling loop 'VITIS_LOOP_19_2' (PruneGlobalMatrix/src/DummyGlobalCommunication.cpp:19:19) in function 'pruneGlobalMatrix' completely with a factor of 4 (PruneGlobalMatrix/src/DummyGlobalCommunication.cpp:19:19)
INFO: [HLS 214-186] Unrolling loop 'VITIS_LOOP_19_2' (PruneGlobalMatrix/src/DummyGlobalCommunication.cpp:19:19) in function 'pruneGlobalMatrix' completely with a factor of 4 (PruneGlobalMatrix/src/DummyGlobalCommunication.cpp:19:19)
INFO: [HLS 214-186] Unrolling loop 'VITIS_LOOP_19_2' (PruneGlobalMatrix/src/DummyGlobalCommunication.cpp:19:19) in function 'pruneGlobalMatrix' completely with a factor of 4 (PruneGlobalMatrix/src/DummyGlobalCommunication.cpp:19:19)
INFO: [HLS 214-186] Unrolling loop 'VITIS_LOOP_16_1' (PruneGlobalMatrix/src/DummyGlobalCommunication.cpp:16:19) in function 'pruneGlobalMatrix' completely with a factor of 4 (PruneGlobalMatrix/src/DummyGlobalCommunication.cpp:16:19)
INFO: [HLS 214-186] Unrolling loop 'VITIS_LOOP_19_2' (PruneGlobalMatrix/src/DummyGlobalCommunication.cpp:19:19) in function 'pruneGlobalMatrix' completely with a factor of 4 (PruneGlobalMatrix/src/DummyGlobalCommunication.cpp:19:19)
INFO: [HLS 214-186] Unrolling loop 'VITIS_LOOP_19_2' (PruneGlobalMatrix/src/DummyGlobalCommunication.cpp:19:19) in function 'pruneGlobalMatrix' completely with a factor of 4 (PruneGlobalMatrix/src/DummyGlobalCommunication.cpp:19:19)
INFO: [HLS 214-186] Unrolling loop 'VITIS_LOOP_19_2' (PruneGlobalMatrix/src/DummyGlobalCommunication.cpp:19:19) in function 'pruneGlobalMatrix' completely with a factor of 4 (PruneGlobalMatrix/src/DummyGlobalCommunication.cpp:19:19)
INFO: [HLS 214-186] Unrolling loop 'VITIS_LOOP_19_2' (PruneGlobalMatrix/src/DummyGlobalCommunication.cpp:19:19) in function 'pruneGlobalMatrix' completely with a factor of 4 (PruneGlobalMatrix/src/DummyGlobalCommunication.cpp:19:19)
INFO: [HLS 214-248] complete partitioned array 'dummyMatrix' on all dimensions  (PruneGlobalMatrix/src/DummyGlobalCommunication.cpp:11:108)
INFO: [HLS 200-111] Finished Compiling Optimization and Transform: CPU user time: 1 seconds. CPU system time: 1 seconds. Elapsed time: 561.357 seconds; current allocated memory: 93.771 MB.
INFO: [HLS 200-111] Finished Checking Pragmas: CPU user time: 0 seconds. CPU system time: 0 seconds. Elapsed time: 0.029 seconds; current allocated memory: 93.772 MB.
INFO: [HLS 200-10] Starting code transformations ...
INFO: [HLS 200-111] Finished Standard Transforms: CPU user time: 0 seconds. CPU system time: 0 seconds. Elapsed time: 0.817 seconds; current allocated memory: 96.199 MB.
INFO: [HLS 200-10] Checking synthesizability ...
INFO: [HLS 200-111] Finished Checking Synthesizability: CPU user time: 1 seconds. CPU system time: 0 seconds. Elapsed time: 1.025 seconds; current allocated memory: 96.484 MB.
INFO: [HLS 200-111] Finished Loop, function and other optimizations: CPU user time: 5 seconds. CPU system time: 0 seconds. Elapsed time: 5.234 seconds; current allocated memory: 118.612 MB.
INFO: [HLS 200-111] Finished Architecture Synthesis: CPU user time: 2 seconds. CPU system time: 0 seconds. Elapsed time: 2.152 seconds; current allocated memory: 114.049 MB.
INFO: [HLS 200-10] Starting hardware synthesis ...
INFO: [HLS 200-10] Synthesizing 'pruneGlobalMatrix' ...
INFO: [HLS 200-10] ----------------------------------------------------------------
INFO: [HLS 200-42] -- Implementing module 'pruneGlobalMatrix' 
INFO: [HLS 200-10] ----------------------------------------------------------------
INFO: [SCHED 204-11] Starting scheduling ...
INFO: [SCHED 204-11] Finished scheduling.
INFO: [HLS 200-111] Finished Scheduling: CPU user time: 1 seconds. CPU system time: 0 seconds. Elapsed time: 0.522 seconds; current allocated memory: 115.363 MB.
INFO: [BIND 205-100] Starting micro-architecture generation ...
INFO: [BIND 205-101] Performing variable lifetime analysis.
INFO: [BIND 205-101] Exploring resource sharing.
INFO: [BIND 205-101] Binding ...
INFO: [BIND 205-100] Finished micro-architecture generation.
INFO: [HLS 200-111] Finished Binding: CPU user time: 0 seconds. CPU system time: 0 seconds. Elapsed time: 0.364 seconds; current allocated memory: 117.184 MB.
INFO: [HLS 200-10] ----------------------------------------------------------------
INFO: [HLS 200-10] -- Generating RTL for module 'pruneGlobalMatrix' 
INFO: [HLS 200-10] ----------------------------------------------------------------
INFO: [RTGEN 206-500] Setting interface mode on port 'pruneGlobalMatrix/dummyMatrix_0_0_0_0' to 'ap_none'.
INFO: [RTGEN 206-500] Setting interface mode on port 'pruneGlobalMatrix/dummyMatrix_0_0_0_1' to 'ap_none'.
INFO: [RTGEN 206-500] Setting interface mode on port 'pruneGlobalMatrix/dummyMatrix_0_0_0_2' to 'ap_none'.
INFO: [RTGEN 206-500] Setting interface mode on port 'pruneGlobalMatrix/dummyMatrix_0_0_0_3' to 'ap_none'.
INFO: [RTGEN 206-500] Setting interface mode on port 'pruneGlobalMatrix/dummyMatrix_0_0_1_0' to 'ap_none'.
INFO: [RTGEN 206-500] Setting interface mode on port 'pruneGlobalMatrix/dummyMatrix_0_0_1_1' to 'ap_none'.
INFO: [RTGEN 206-500] Setting interface mode on port 'pruneGlobalMatrix/dummyMatrix_0_0_1_2' to 'ap_none'.
INFO: [RTGEN 206-500] Setting interface mode on port 'pruneGlobalMatrix/dummyMatrix_0_0_1_3' to 'ap_none'.
INFO: [RTGEN 206-500] Setting interface mode on port 'pruneGlobalMatrix/dummyMatrix_0_1_0_0' to 'ap_none'.
INFO: [RTGEN 206-500] Setting interface mode on port 'pruneGlobalMatrix/dummyMatrix_0_1_0_1' to 'ap_none'.
INFO: [RTGEN 206-500] Setting interface mode on port 'pruneGlobalMatrix/dummyMatrix_0_1_0_2' to 'ap_none'.
INFO: [RTGEN 206-500] Setting interface mode on port 'pruneGlobalMatrix/dummyMatrix_0_1_0_3' to 'ap_none'.
INFO: [RTGEN 206-500] Setting interface mode on port 'pruneGlobalMatrix/dummyMatrix_0_1_1_0' to 'ap_none'.
INFO: [RTGEN 206-500] Setting interface mode on port 'pruneGlobalMatrix/dummyMatrix_0_1_1_1' to 'ap_none'.
INFO: [RTGEN 206-500] Setting interface mode on port 'pruneGlobalMatrix/dummyMatrix_0_1_1_2' to 'ap_none'.
INFO: [RTGEN 206-500] Setting interface mode on port 'pruneGlobalMatrix/dummyMatrix_0_1_1_3' to 'ap_none'.
INFO: [RTGEN 206-500] Setting interface mode on port 'pruneGlobalMatrix/dummyMatrix_0_2_0_0' to 'ap_none'.
INFO: [RTGEN 206-500] Setting interface mode on port 'pruneGlobalMatrix/dummyMatrix_0_2_0_1' to 'ap_none'.
INFO: [RTGEN 206-500] Setting interface mode on port 'pruneGlobalMatrix/dummyMatrix_0_2_0_2' to 'ap_none'.
INFO: [RTGEN 206-500] Setting interface mode on port 'pruneGlobalMatrix/dummyMatrix_0_2_0_3' to 'ap_none'.
INFO: [RTGEN 206-500] Setting interface mode on port 'pruneGlobalMatrix/dummyMatrix_0_2_1_0' to 'ap_none'.
INFO: [RTGEN 206-500] Setting interface mode on port 'pruneGlobalMatrix/dummyMatrix_0_2_1_1' to 'ap_none'.
INFO: [RTGEN 206-500] Setting interface mode on port 'pruneGlobalMatrix/dummyMatrix_0_2_1_2' to 'ap_none'.
INFO: [RTGEN 206-500] Setting interface mode on port 'pruneGlobalMatrix/dummyMatrix_0_2_1_3' to 'ap_none'.
INFO: [RTGEN 206-500] Setting interface mode on port 'pruneGlobalMatrix/dummyMatrix_0_3_0_0' to 'ap_none'.
INFO: [RTGEN 206-500] Setting interface mode on port 'pruneGlobalMatrix/dummyMatrix_0_3_0_1' to 'ap_none'.
INFO: [RTGEN 206-500] Setting interface mode on port 'pruneGlobalMatrix/dummyMatrix_0_3_0_2' to 'ap_none'.
INFO: [RTGEN 206-500] Setting interface mode on port 'pruneGlobalMatrix/dummyMatrix_0_3_0_3' to 'ap_none'.
INFO: [RTGEN 206-500] Setting interface mode on port 'pruneGlobalMatrix/dummyMatrix_0_3_1_0' to 'ap_none'.
INFO: [RTGEN 206-500] Setting interface mode on port 'pruneGlobalMatrix/dummyMatrix_0_3_1_1' to 'ap_none'.
INFO: [RTGEN 206-500] Setting interface mode on port 'pruneGlobalMatrix/dummyMatrix_0_3_1_2' to 'ap_none'.
INFO: [RTGEN 206-500] Setting interface mode on port 'pruneGlobalMatrix/dummyMatrix_0_3_1_3' to 'ap_none'.
INFO: [RTGEN 206-500] Setting interface mode on port 'pruneGlobalMatrix/dummyMatrix_1_0_0_0' to 'ap_ovld'.
INFO: [RTGEN 206-500] Setting interface mode on port 'pruneGlobalMatrix/dummyMatrix_1_0_0_1' to 'ap_ovld'.
INFO: [RTGEN 206-500] Setting interface mode on port 'pruneGlobalMatrix/dummyMatrix_1_0_0_2' to 'ap_ovld'.
INFO: [RTGEN 206-500] Setting interface mode on port 'pruneGlobalMatrix/dummyMatrix_1_0_0_3' to 'ap_ovld'.
INFO: [RTGEN 206-500] Setting interface mode on port 'pruneGlobalMatrix/dummyMatrix_1_0_1_0' to 'ap_none'.
INFO: [RTGEN 206-500] Setting interface mode on port 'pruneGlobalMatrix/dummyMatrix_1_0_1_1' to 'ap_none'.
INFO: [RTGEN 206-500] Setting interface mode on port 'pruneGlobalMatrix/dummyMatrix_1_0_1_2' to 'ap_none'.
INFO: [RTGEN 206-500] Setting interface mode on port 'pruneGlobalMatrix/dummyMatrix_1_0_1_3' to 'ap_none'.
INFO: [RTGEN 206-500] Setting interface mode on port 'pruneGlobalMatrix/dummyMatrix_1_1_0_0' to 'ap_ovld'.
INFO: [RTGEN 206-500] Setting interface mode on port 'pruneGlobalMatrix/dummyMatrix_1_1_0_1' to 'ap_ovld'.
INFO: [RTGEN 206-500] Setting interface mode on port 'pruneGlobalMatrix/dummyMatrix_1_1_0_2' to 'ap_ovld'.
INFO: [RTGEN 206-500] Setting interface mode on port 'pruneGlobalMatrix/dummyMatrix_1_1_0_3' to 'ap_ovld'.
INFO: [RTGEN 206-500] Setting interface mode on port 'pruneGlobalMatrix/dummyMatrix_1_1_1_0' to 'ap_none'.
INFO: [RTGEN 206-500] Setting interface mode on port 'pruneGlobalMatrix/dummyMatrix_1_1_1_1' to 'ap_none'.
INFO: [RTGEN 206-500] Setting interface mode on port 'pruneGlobalMatrix/dummyMatrix_1_1_1_2' to 'ap_none'.
INFO: [RTGEN 206-500] Setting interface mode on port 'pruneGlobalMatrix/dummyMatrix_1_1_1_3' to 'ap_none'.
INFO: [RTGEN 206-500] Setting interface mode on port 'pruneGlobalMatrix/dummyMatrix_1_2_0_0' to 'ap_ovld'.
INFO: [RTGEN 206-500] Setting interface mode on port 'pruneGlobalMatrix/dummyMatrix_1_2_0_1' to 'ap_ovld'.
INFO: [RTGEN 206-500] Setting interface mode on port 'pruneGlobalMatrix/dummyMatrix_1_2_0_2' to 'ap_ovld'.
INFO: [RTGEN 206-500] Setting interface mode on port 'pruneGlobalMatrix/dummyMatrix_1_2_0_3' to 'ap_ovld'.
INFO: [RTGEN 206-500] Setting interface mode on port 'pruneGlobalMatrix/dummyMatrix_1_2_1_0' to 'ap_none'.
INFO: [RTGEN 206-500] Setting interface mode on port 'pruneGlobalMatrix/dummyMatrix_1_2_1_1' to 'ap_none'.
INFO: [RTGEN 206-500] Setting interface mode on port 'pruneGlobalMatrix/dummyMatrix_1_2_1_2' to 'ap_none'.
INFO: [RTGEN 206-500] Setting interface mode on port 'pruneGlobalMatrix/dummyMatrix_1_2_1_3' to 'ap_none'.
INFO: [RTGEN 206-500] Setting interface mode on port 'pruneGlobalMatrix/dummyMatrix_1_3_0_0' to 'ap_ovld'.
INFO: [RTGEN 206-500] Setting interface mode on port 'pruneGlobalMatrix/dummyMatrix_1_3_0_1' to 'ap_ovld'.
INFO: [RTGEN 206-500] Setting interface mode on port 'pruneGlobalMatrix/dummyMatrix_1_3_0_2' to 'ap_ovld'.
INFO: [RTGEN 206-500] Setting interface mode on port 'pruneGlobalMatrix/dummyMatrix_1_3_0_3' to 'ap_ovld'.
INFO: [RTGEN 206-500] Setting interface mode on port 'pruneGlobalMatrix/dummyMatrix_1_3_1_0' to 'ap_none'.
INFO: [RTGEN 206-500] Setting interface mode on port 'pruneGlobalMatrix/dummyMatrix_1_3_1_1' to 'ap_none'.
INFO: [RTGEN 206-500] Setting interface mode on port 'pruneGlobalMatrix/dummyMatrix_1_3_1_2' to 'ap_none'.
INFO: [RTGEN 206-500] Setting interface mode on port 'pruneGlobalMatrix/dummyMatrix_1_3_1_3' to 'ap_none'.
INFO: [RTGEN 206-500] Setting interface mode on port 'pruneGlobalMatrix/dummyMatrix_2_0_0_0' to 'ap_ovld'.
INFO: [RTGEN 206-500] Setting interface mode on port 'pruneGlobalMatrix/dummyMatrix_2_0_0_1' to 'ap_ovld'.
INFO: [RTGEN 206-500] Setting interface mode on port 'pruneGlobalMatrix/dummyMatrix_2_0_0_2' to 'ap_ovld'.
INFO: [RTGEN 206-500] Setting interface mode on port 'pruneGlobalMatrix/dummyMatrix_2_0_0_3' to 'ap_ovld'.
INFO: [RTGEN 206-500] Setting interface mode on port 'pruneGlobalMatrix/dummyMatrix_2_0_1_0' to 'ap_ovld'.
INFO: [RTGEN 206-500] Setting interface mode on port 'pruneGlobalMatrix/dummyMatrix_2_0_1_1' to 'ap_ovld'.
INFO: [RTGEN 206-500] Setting interface mode on port 'pruneGlobalMatrix/dummyMatrix_2_0_1_2' to 'ap_ovld'.
INFO: [RTGEN 206-500] Setting interface mode on port 'pruneGlobalMatrix/dummyMatrix_2_0_1_3' to 'ap_ovld'.
INFO: [RTGEN 206-500] Setting interface mode on port 'pruneGlobalMatrix/dummyMatrix_2_1_0_0' to 'ap_ovld'.
INFO: [RTGEN 206-500] Setting interface mode on port 'pruneGlobalMatrix/dummyMatrix_2_1_0_1' to 'ap_ovld'.
INFO: [RTGEN 206-500] Setting interface mode on port 'pruneGlobalMatrix/dummyMatrix_2_1_0_2' to 'ap_ovld'.
INFO: [RTGEN 206-500] Setting interface mode on port 'pruneGlobalMatrix/dummyMatrix_2_1_0_3' to 'ap_ovld'.
INFO: [RTGEN 206-500] Setting interface mode on port 'pruneGlobalMatrix/dummyMatrix_2_1_1_0' to 'ap_ovld'.
INFO: [RTGEN 206-500] Setting interface mode on port 'pruneGlobalMatrix/dummyMatrix_2_1_1_1' to 'ap_ovld'.
INFO: [RTGEN 206-500] Setting interface mode on port 'pruneGlobalMatrix/dummyMatrix_2_1_1_2' to 'ap_ovld'.
INFO: [RTGEN 206-500] Setting interface mode on port 'pruneGlobalMatrix/dummyMatrix_2_1_1_3' to 'ap_ovld'.
INFO: [RTGEN 206-500] Setting interface mode on port 'pruneGlobalMatrix/dummyMatrix_2_2_0_0' to 'ap_ovld'.
INFO: [RTGEN 206-500] Setting interface mode on port 'pruneGlobalMatrix/dummyMatrix_2_2_0_1' to 'ap_ovld'.
INFO: [RTGEN 206-500] Setting interface mode on port 'pruneGlobalMatrix/dummyMatrix_2_2_0_2' to 'ap_ovld'.
INFO: [RTGEN 206-500] Setting interface mode on port 'pruneGlobalMatrix/dummyMatrix_2_2_0_3' to 'ap_ovld'.
INFO: [RTGEN 206-500] Setting interface mode on port 'pruneGlobalMatrix/dummyMatrix_2_2_1_0' to 'ap_ovld'.
INFO: [RTGEN 206-500] Setting interface mode on port 'pruneGlobalMatrix/dummyMatrix_2_2_1_1' to 'ap_ovld'.
INFO: [RTGEN 206-500] Setting interface mode on port 'pruneGlobalMatrix/dummyMatrix_2_2_1_2' to 'ap_ovld'.
INFO: [RTGEN 206-500] Setting interface mode on port 'pruneGlobalMatrix/dummyMatrix_2_2_1_3' to 'ap_ovld'.
INFO: [RTGEN 206-500] Setting interface mode on port 'pruneGlobalMatrix/dummyMatrix_2_3_0_0' to 'ap_ovld'.
INFO: [RTGEN 206-500] Setting interface mode on port 'pruneGlobalMatrix/dummyMatrix_2_3_0_1' to 'ap_ovld'.
INFO: [RTGEN 206-500] Setting interface mode on port 'pruneGlobalMatrix/dummyMatrix_2_3_0_2' to 'ap_ovld'.
INFO: [RTGEN 206-500] Setting interface mode on port 'pruneGlobalMatrix/dummyMatrix_2_3_0_3' to 'ap_ovld'.
INFO: [RTGEN 206-500] Setting interface mode on port 'pruneGlobalMatrix/dummyMatrix_2_3_1_0' to 'ap_ovld'.
INFO: [RTGEN 206-500] Setting interface mode on port 'pruneGlobalMatrix/dummyMatrix_2_3_1_1' to 'ap_ovld'.
INFO: [RTGEN 206-500] Setting interface mode on port 'pruneGlobalMatrix/dummyMatrix_2_3_1_2' to 'ap_ovld'.
INFO: [RTGEN 206-500] Setting interface mode on port 'pruneGlobalMatrix/dummyMatrix_2_3_1_3' to 'ap_ovld'.
INFO: [RTGEN 206-500] Setting interface mode on port 'pruneGlobalMatrix/dummyMatrix_3_0_0_0' to 'ap_ovld'.
INFO: [RTGEN 206-500] Setting interface mode on port 'pruneGlobalMatrix/dummyMatrix_3_0_0_1' to 'ap_ovld'.
INFO: [RTGEN 206-500] Setting interface mode on port 'pruneGlobalMatrix/dummyMatrix_3_0_0_2' to 'ap_ovld'.
INFO: [RTGEN 206-500] Setting interface mode on port 'pruneGlobalMatrix/dummyMatrix_3_0_0_3' to 'ap_ovld'.
INFO: [RTGEN 206-500] Setting interface mode on port 'pruneGlobalMatrix/dummyMatrix_3_0_1_0' to 'ap_ovld'.
INFO: [RTGEN 206-500] Setting interface mode on port 'pruneGlobalMatrix/dummyMatrix_3_0_1_1' to 'ap_ovld'.
INFO: [RTGEN 206-500] Setting interface mode on port 'pruneGlobalMatrix/dummyMatrix_3_0_1_2' to 'ap_ovld'.
INFO: [RTGEN 206-500] Setting interface mode on port 'pruneGlobalMatrix/dummyMatrix_3_0_1_3' to 'ap_ovld'.
INFO: [RTGEN 206-500] Setting interface mode on port 'pruneGlobalMatrix/dummyMatrix_3_1_0_0' to 'ap_ovld'.
INFO: [RTGEN 206-500] Setting interface mode on port 'pruneGlobalMatrix/dummyMatrix_3_1_0_1' to 'ap_ovld'.
INFO: [RTGEN 206-500] Setting interface mode on port 'pruneGlobalMatrix/dummyMatrix_3_1_0_2' to 'ap_ovld'.
INFO: [RTGEN 206-500] Setting interface mode on port 'pruneGlobalMatrix/dummyMatrix_3_1_0_3' to 'ap_ovld'.
INFO: [RTGEN 206-500] Setting interface mode on port 'pruneGlobalMatrix/dummyMatrix_3_1_1_0' to 'ap_ovld'.
INFO: [RTGEN 206-500] Setting interface mode on port 'pruneGlobalMatrix/dummyMatrix_3_1_1_1' to 'ap_ovld'.
INFO: [RTGEN 206-500] Setting interface mode on port 'pruneGlobalMatrix/dummyMatrix_3_1_1_2' to 'ap_ovld'.
INFO: [RTGEN 206-500] Setting interface mode on port 'pruneGlobalMatrix/dummyMatrix_3_1_1_3' to 'ap_ovld'.
INFO: [RTGEN 206-500] Setting interface mode on port 'pruneGlobalMatrix/dummyMatrix_3_2_0_0' to 'ap_ovld'.
INFO: [RTGEN 206-500] Setting interface mode on port 'pruneGlobalMatrix/dummyMatrix_3_2_0_1' to 'ap_ovld'.
INFO: [RTGEN 206-500] Setting interface mode on port 'pruneGlobalMatrix/dummyMatrix_3_2_0_2' to 'ap_ovld'.
INFO: [RTGEN 206-500] Setting interface mode on port 'pruneGlobalMatrix/dummyMatrix_3_2_0_3' to 'ap_ovld'.
INFO: [RTGEN 206-500] Setting interface mode on port 'pruneGlobalMatrix/dummyMatrix_3_2_1_0' to 'ap_ovld'.
INFO: [RTGEN 206-500] Setting interface mode on port 'pruneGlobalMatrix/dummyMatrix_3_2_1_1' to 'ap_ovld'.
INFO: [RTGEN 206-500] Setting interface mode on port 'pruneGlobalMatrix/dummyMatrix_3_2_1_2' to 'ap_ovld'.
INFO: [RTGEN 206-500] Setting interface mode on port 'pruneGlobalMatrix/dummyMatrix_3_2_1_3' to 'ap_ovld'.
INFO: [RTGEN 206-500] Setting interface mode on port 'pruneGlobalMatrix/dummyMatrix_3_3_0_0' to 'ap_ovld'.
INFO: [RTGEN 206-500] Setting interface mode on port 'pruneGlobalMatrix/dummyMatrix_3_3_0_1' to 'ap_ovld'.
INFO: [RTGEN 206-500] Setting interface mode on port 'pruneGlobalMatrix/dummyMatrix_3_3_0_2' to 'ap_ovld'.
INFO: [RTGEN 206-500] Setting interface mode on port 'pruneGlobalMatrix/dummyMatrix_3_3_0_3' to 'ap_ovld'.
INFO: [RTGEN 206-500] Setting interface mode on port 'pruneGlobalMatrix/dummyMatrix_3_3_1_0' to 'ap_ovld'.
INFO: [RTGEN 206-500] Setting interface mode on port 'pruneGlobalMatrix/dummyMatrix_3_3_1_1' to 'ap_ovld'.
INFO: [RTGEN 206-500] Setting interface mode on port 'pruneGlobalMatrix/dummyMatrix_3_3_1_2' to 'ap_ovld'.
INFO: [RTGEN 206-500] Setting interface mode on port 'pruneGlobalMatrix/dummyMatrix_3_3_1_3' to 'ap_ovld'.
INFO: [RTGEN 206-500] Setting interface mode on port 'pruneGlobalMatrix/dummyMatrix_4_0_0_0' to 'ap_none'.
INFO: [RTGEN 206-500] Setting interface mode on port 'pruneGlobalMatrix/dummyMatrix_4_0_0_1' to 'ap_none'.
INFO: [RTGEN 206-500] Setting interface mode on port 'pruneGlobalMatrix/dummyMatrix_4_0_0_2' to 'ap_none'.
INFO: [RTGEN 206-500] Setting interface mode on port 'pruneGlobalMatrix/dummyMatrix_4_0_0_3' to 'ap_none'.
INFO: [RTGEN 206-500] Setting interface mode on port 'pruneGlobalMatrix/dummyMatrix_4_0_1_0' to 'ap_ovld'.
INFO: [RTGEN 206-500] Setting interface mode on port 'pruneGlobalMatrix/dummyMatrix_4_0_1_1' to 'ap_ovld'.
INFO: [RTGEN 206-500] Setting interface mode on port 'pruneGlobalMatrix/dummyMatrix_4_0_1_2' to 'ap_ovld'.
INFO: [RTGEN 206-500] Setting interface mode on port 'pruneGlobalMatrix/dummyMatrix_4_0_1_3' to 'ap_ovld'.
INFO: [RTGEN 206-500] Setting interface mode on port 'pruneGlobalMatrix/dummyMatrix_4_1_0_0' to 'ap_none'.
INFO: [RTGEN 206-500] Setting interface mode on port 'pruneGlobalMatrix/dummyMatrix_4_1_0_1' to 'ap_none'.
INFO: [RTGEN 206-500] Setting interface mode on port 'pruneGlobalMatrix/dummyMatrix_4_1_0_2' to 'ap_none'.
INFO: [RTGEN 206-500] Setting interface mode on port 'pruneGlobalMatrix/dummyMatrix_4_1_0_3' to 'ap_none'.
INFO: [RTGEN 206-500] Setting interface mode on port 'pruneGlobalMatrix/dummyMatrix_4_1_1_0' to 'ap_ovld'.
INFO: [RTGEN 206-500] Setting interface mode on port 'pruneGlobalMatrix/dummyMatrix_4_1_1_1' to 'ap_ovld'.
INFO: [RTGEN 206-500] Setting interface mode on port 'pruneGlobalMatrix/dummyMatrix_4_1_1_2' to 'ap_ovld'.
INFO: [RTGEN 206-500] Setting interface mode on port 'pruneGlobalMatrix/dummyMatrix_4_1_1_3' to 'ap_ovld'.
INFO: [RTGEN 206-500] Setting interface mode on port 'pruneGlobalMatrix/dummyMatrix_4_2_0_0' to 'ap_none'.
INFO: [RTGEN 206-500] Setting interface mode on port 'pruneGlobalMatrix/dummyMatrix_4_2_0_1' to 'ap_none'.
INFO: [RTGEN 206-500] Setting interface mode on port 'pruneGlobalMatrix/dummyMatrix_4_2_0_2' to 'ap_none'.
INFO: [RTGEN 206-500] Setting interface mode on port 'pruneGlobalMatrix/dummyMatrix_4_2_0_3' to 'ap_none'.
INFO: [RTGEN 206-500] Setting interface mode on port 'pruneGlobalMatrix/dummyMatrix_4_2_1_0' to 'ap_ovld'.
INFO: [RTGEN 206-500] Setting interface mode on port 'pruneGlobalMatrix/dummyMatrix_4_2_1_1' to 'ap_ovld'.
INFO: [RTGEN 206-500] Setting interface mode on port 'pruneGlobalMatrix/dummyMatrix_4_2_1_2' to 'ap_ovld'.
INFO: [RTGEN 206-500] Setting interface mode on port 'pruneGlobalMatrix/dummyMatrix_4_2_1_3' to 'ap_ovld'.
INFO: [RTGEN 206-500] Setting interface mode on port 'pruneGlobalMatrix/dummyMatrix_4_3_0_0' to 'ap_none'.
INFO: [RTGEN 206-500] Setting interface mode on port 'pruneGlobalMatrix/dummyMatrix_4_3_0_1' to 'ap_none'.
INFO: [RTGEN 206-500] Setting interface mode on port 'pruneGlobalMatrix/dummyMatrix_4_3_0_2' to 'ap_none'.
INFO: [RTGEN 206-500] Setting interface mode on port 'pruneGlobalMatrix/dummyMatrix_4_3_0_3' to 'ap_none'.
INFO: [RTGEN 206-500] Setting interface mode on port 'pruneGlobalMatrix/dummyMatrix_4_3_1_0' to 'ap_ovld'.
INFO: [RTGEN 206-500] Setting interface mode on port 'pruneGlobalMatrix/dummyMatrix_4_3_1_1' to 'ap_ovld'.
INFO: [RTGEN 206-500] Setting interface mode on port 'pruneGlobalMatrix/dummyMatrix_4_3_1_2' to 'ap_ovld'.
INFO: [RTGEN 206-500] Setting interface mode on port 'pruneGlobalMatrix/dummyMatrix_4_3_1_3' to 'ap_ovld'.
INFO: [RTGEN 206-500] Setting interface mode on function 'pruneGlobalMatrix' to 'ap_ctrl_hs'.
WARNING: [RTGEN 206-101] Port 'pruneGlobalMatrix/dummyMatrix_0_0_0_0' has no fanin or fanout and is left dangling.
               Please use C simulation to confirm this function argument can be read from or written to.
WARNING: [RTGEN 206-101] Port 'pruneGlobalMatrix/dummyMatrix_0_0_0_1' has no fanin or fanout and is left dangling.
               Please use C simulation to confirm this function argument can be read from or written to.
WARNING: [RTGEN 206-101] Port 'pruneGlobalMatrix/dummyMatrix_0_0_0_2' has no fanin or fanout and is left dangling.
               Please use C simulation to confirm this function argument can be read from or written to.
WARNING: [RTGEN 206-101] Port 'pruneGlobalMatrix/dummyMatrix_0_0_0_3' has no fanin or fanout and is left dangling.
               Please use C simulation to confirm this function argument can be read from or written to.
WARNING: [RTGEN 206-101] Port 'pruneGlobalMatrix/dummyMatrix_0_0_1_0' has no fanin or fanout and is left dangling.
               Please use C simulation to confirm this function argument can be read from or written to.
WARNING: [RTGEN 206-101] Port 'pruneGlobalMatrix/dummyMatrix_0_0_1_1' has no fanin or fanout and is left dangling.
               Please use C simulation to confirm this function argument can be read from or written to.
WARNING: [RTGEN 206-101] Port 'pruneGlobalMatrix/dummyMatrix_0_0_1_2' has no fanin or fanout and is left dangling.
               Please use C simulation to confirm this function argument can be read from or written to.
WARNING: [RTGEN 206-101] Port 'pruneGlobalMatrix/dummyMatrix_0_0_1_3' has no fanin or fanout and is left dangling.
               Please use C simulation to confirm this function argument can be read from or written to.
WARNING: [RTGEN 206-101] Port 'pruneGlobalMatrix/dummyMatrix_0_1_0_0' has no fanin or fanout and is left dangling.
               Please use C simulation to confirm this function argument can be read from or written to.
WARNING: [RTGEN 206-101] Port 'pruneGlobalMatrix/dummyMatrix_0_1_0_1' has no fanin or fanout and is left dangling.
               Please use C simulation to confirm this function argument can be read from or written to.
WARNING: [RTGEN 206-101] Port 'pruneGlobalMatrix/dummyMatrix_0_1_0_2' has no fanin or fanout and is left dangling.
               Please use C simulation to confirm this function argument can be read from or written to.
WARNING: [RTGEN 206-101] Port 'pruneGlobalMatrix/dummyMatrix_0_1_0_3' has no fanin or fanout and is left dangling.
               Please use C simulation to confirm this function argument can be read from or written to.
WARNING: [RTGEN 206-101] Port 'pruneGlobalMatrix/dummyMatrix_0_1_1_0' has no fanin or fanout and is left dangling.
               Please use C simulation to confirm this function argument can be read from or written to.
WARNING: [RTGEN 206-101] Port 'pruneGlobalMatrix/dummyMatrix_0_1_1_1' has no fanin or fanout and is left dangling.
               Please use C simulation to confirm this function argument can be read from or written to.
WARNING: [RTGEN 206-101] Port 'pruneGlobalMatrix/dummyMatrix_0_1_1_2' has no fanin or fanout and is left dangling.
               Please use C simulation to confirm this function argument can be read from or written to.
WARNING: [RTGEN 206-101] Port 'pruneGlobalMatrix/dummyMatrix_0_1_1_3' has no fanin or fanout and is left dangling.
               Please use C simulation to confirm this function argument can be read from or written to.
WARNING: [RTGEN 206-101] Port 'pruneGlobalMatrix/dummyMatrix_0_2_0_0' has no fanin or fanout and is left dangling.
               Please use C simulation to confirm this function argument can be read from or written to.
WARNING: [RTGEN 206-101] Port 'pruneGlobalMatrix/dummyMatrix_0_2_0_1' has no fanin or fanout and is left dangling.
               Please use C simulation to confirm this function argument can be read from or written to.
WARNING: [RTGEN 206-101] Port 'pruneGlobalMatrix/dummyMatrix_0_2_0_2' has no fanin or fanout and is left dangling.
               Please use C simulation to confirm this function argument can be read from or written to.
WARNING: [RTGEN 206-101] Port 'pruneGlobalMatrix/dummyMatrix_0_2_0_3' has no fanin or fanout and is left dangling.
               Please use C simulation to confirm this function argument can be read from or written to.
WARNING: [RTGEN 206-101] Port 'pruneGlobalMatrix/dummyMatrix_0_2_1_0' has no fanin or fanout and is left dangling.
               Please use C simulation to confirm this function argument can be read from or written to.
WARNING: [RTGEN 206-101] Port 'pruneGlobalMatrix/dummyMatrix_0_2_1_1' has no fanin or fanout and is left dangling.
               Please use C simulation to confirm this function argument can be read from or written to.
WARNING: [RTGEN 206-101] Port 'pruneGlobalMatrix/dummyMatrix_0_2_1_2' has no fanin or fanout and is left dangling.
               Please use C simulation to confirm this function argument can be read from or written to.
WARNING: [RTGEN 206-101] Port 'pruneGlobalMatrix/dummyMatrix_0_2_1_3' has no fanin or fanout and is left dangling.
               Please use C simulation to confirm this function argument can be read from or written to.
WARNING: [RTGEN 206-101] Port 'pruneGlobalMatrix/dummyMatrix_0_3_0_0' has no fanin or fanout and is left dangling.
               Please use C simulation to confirm this function argument can be read from or written to.
WARNING: [RTGEN 206-101] Port 'pruneGlobalMatrix/dummyMatrix_0_3_0_1' has no fanin or fanout and is left dangling.
               Please use C simulation to confirm this function argument can be read from or written to.
WARNING: [RTGEN 206-101] Port 'pruneGlobalMatrix/dummyMatrix_0_3_0_2' has no fanin or fanout and is left dangling.
               Please use C simulation to confirm this function argument can be read from or written to.
WARNING: [RTGEN 206-101] Port 'pruneGlobalMatrix/dummyMatrix_0_3_0_3' has no fanin or fanout and is left dangling.
               Please use C simulation to confirm this function argument can be read from or written to.
WARNING: [RTGEN 206-101] Port 'pruneGlobalMatrix/dummyMatrix_0_3_1_0' has no fanin or fanout and is left dangling.
               Please use C simulation to confirm this function argument can be read from or written to.
WARNING: [RTGEN 206-101] Port 'pruneGlobalMatrix/dummyMatrix_0_3_1_1' has no fanin or fanout and is left dangling.
               Please use C simulation to confirm this function argument can be read from or written to.
WARNING: [RTGEN 206-101] Port 'pruneGlobalMatrix/dummyMatrix_0_3_1_2' has no fanin or fanout and is left dangling.
               Please use C simulation to confirm this function argument can be read from or written to.
WARNING: [RTGEN 206-101] Port 'pruneGlobalMatrix/dummyMatrix_0_3_1_3' has no fanin or fanout and is left dangling.
               Please use C simulation to confirm this function argument can be read from or written to.
WARNING: [RTGEN 206-101] Port 'pruneGlobalMatrix/dummyMatrix_1_0_1_0' has no fanin or fanout and is left dangling.
               Please use C simulation to confirm this function argument can be read from or written to.
WARNING: [RTGEN 206-101] Port 'pruneGlobalMatrix/dummyMatrix_1_0_1_1' has no fanin or fanout and is left dangling.
               Please use C simulation to confirm this function argument can be read from or written to.
WARNING: [RTGEN 206-101] Port 'pruneGlobalMatrix/dummyMatrix_1_0_1_2' has no fanin or fanout and is left dangling.
               Please use C simulation to confirm this function argument can be read from or written to.
WARNING: [RTGEN 206-101] Port 'pruneGlobalMatrix/dummyMatrix_1_0_1_3' has no fanin or fanout and is left dangling.
               Please use C simulation to confirm this function argument can be read from or written to.
WARNING: [RTGEN 206-101] Port 'pruneGlobalMatrix/dummyMatrix_1_1_1_0' has no fanin or fanout and is left dangling.
               Please use C simulation to confirm this function argument can be read from or written to.
WARNING: [RTGEN 206-101] Port 'pruneGlobalMatrix/dummyMatrix_1_1_1_1' has no fanin or fanout and is left dangling.
               Please use C simulation to confirm this function argument can be read from or written to.
WARNING: [RTGEN 206-101] Port 'pruneGlobalMatrix/dummyMatrix_1_1_1_2' has no fanin or fanout and is left dangling.
               Please use C simulation to confirm this function argument can be read from or written to.
WARNING: [RTGEN 206-101] Port 'pruneGlobalMatrix/dummyMatrix_1_1_1_3' has no fanin or fanout and is left dangling.
               Please use C simulation to confirm this function argument can be read from or written to.
WARNING: [RTGEN 206-101] Port 'pruneGlobalMatrix/dummyMatrix_1_2_1_0' has no fanin or fanout and is left dangling.
               Please use C simulation to confirm this function argument can be read from or written to.
WARNING: [RTGEN 206-101] Port 'pruneGlobalMatrix/dummyMatrix_1_2_1_1' has no fanin or fanout and is left dangling.
               Please use C simulation to confirm this function argument can be read from or written to.
WARNING: [RTGEN 206-101] Port 'pruneGlobalMatrix/dummyMatrix_1_2_1_2' has no fanin or fanout and is left dangling.
               Please use C simulation to confirm this function argument can be read from or written to.
WARNING: [RTGEN 206-101] Port 'pruneGlobalMatrix/dummyMatrix_1_2_1_3' has no fanin or fanout and is left dangling.
               Please use C simulation to confirm this function argument can be read from or written to.
WARNING: [RTGEN 206-101] Port 'pruneGlobalMatrix/dummyMatrix_1_3_1_0' has no fanin or fanout and is left dangling.
               Please use C simulation to confirm this function argument can be read from or written to.
WARNING: [RTGEN 206-101] Port 'pruneGlobalMatrix/dummyMatrix_1_3_1_1' has no fanin or fanout and is left dangling.
               Please use C simulation to confirm this function argument can be read from or written to.
WARNING: [RTGEN 206-101] Port 'pruneGlobalMatrix/dummyMatrix_1_3_1_2' has no fanin or fanout and is left dangling.
               Please use C simulation to confirm this function argument can be read from or written to.
WARNING: [RTGEN 206-101] Port 'pruneGlobalMatrix/dummyMatrix_1_3_1_3' has no fanin or fanout and is left dangling.
               Please use C simulation to confirm this function argument can be read from or written to.
WARNING: [RTGEN 206-101] Port 'pruneGlobalMatrix/dummyMatrix_4_0_0_0' has no fanin or fanout and is left dangling.
               Please use C simulation to confirm this function argument can be read from or written to.
WARNING: [RTGEN 206-101] Port 'pruneGlobalMatrix/dummyMatrix_4_0_0_1' has no fanin or fanout and is left dangling.
               Please use C simulation to confirm this function argument can be read from or written to.
WARNING: [RTGEN 206-101] Port 'pruneGlobalMatrix/dummyMatrix_4_0_0_2' has no fanin or fanout and is left dangling.
               Please use C simulation to confirm this function argument can be read from or written to.
WARNING: [RTGEN 206-101] Port 'pruneGlobalMatrix/dummyMatrix_4_0_0_3' has no fanin or fanout and is left dangling.
               Please use C simulation to confirm this function argument can be read from or written to.
WARNING: [RTGEN 206-101] Port 'pruneGlobalMatrix/dummyMatrix_4_1_0_0' has no fanin or fanout and is left dangling.
               Please use C simulation to confirm this function argument can be read from or written to.
WARNING: [RTGEN 206-101] Port 'pruneGlobalMatrix/dummyMatrix_4_1_0_1' has no fanin or fanout and is left dangling.
               Please use C simulation to confirm this function argument can be read from or written to.
WARNING: [RTGEN 206-101] Port 'pruneGlobalMatrix/dummyMatrix_4_1_0_2' has no fanin or fanout and is left dangling.
               Please use C simulation to confirm this function argument can be read from or written to.
WARNING: [RTGEN 206-101] Port 'pruneGlobalMatrix/dummyMatrix_4_1_0_3' has no fanin or fanout and is left dangling.
               Please use C simulation to confirm this function argument can be read from or written to.
WARNING: [RTGEN 206-101] Port 'pruneGlobalMatrix/dummyMatrix_4_2_0_0' has no fanin or fanout and is left dangling.
               Please use C simulation to confirm this function argument can be read from or written to.
WARNING: [RTGEN 206-101] Port 'pruneGlobalMatrix/dummyMatrix_4_2_0_1' has no fanin or fanout and is left dangling.
               Please use C simulation to confirm this function argument can be read from or written to.
WARNING: [RTGEN 206-101] Port 'pruneGlobalMatrix/dummyMatrix_4_2_0_2' has no fanin or fanout and is left dangling.
               Please use C simulation to confirm this function argument can be read from or written to.
WARNING: [RTGEN 206-101] Port 'pruneGlobalMatrix/dummyMatrix_4_2_0_3' has no fanin or fanout and is left dangling.
               Please use C simulation to confirm this function argument can be read from or written to.
WARNING: [RTGEN 206-101] Port 'pruneGlobalMatrix/dummyMatrix_4_3_0_0' has no fanin or fanout and is left dangling.
               Please use C simulation to confirm this function argument can be read from or written to.
WARNING: [RTGEN 206-101] Port 'pruneGlobalMatrix/dummyMatrix_4_3_0_1' has no fanin or fanout and is left dangling.
               Please use C simulation to confirm this function argument can be read from or written to.
WARNING: [RTGEN 206-101] Port 'pruneGlobalMatrix/dummyMatrix_4_3_0_2' has no fanin or fanout and is left dangling.
               Please use C simulation to confirm this function argument can be read from or written to.
WARNING: [RTGEN 206-101] Port 'pruneGlobalMatrix/dummyMatrix_4_3_0_3' has no fanin or fanout and is left dangling.
               Please use C simulation to confirm this function argument can be read from or written to.
INFO: [RTGEN 206-100] Finished creating RTL model for 'pruneGlobalMatrix'.
INFO: [HLS 200-111] Finished Creating RTL model: CPU user time: 1 seconds. CPU system time: 1 seconds. Elapsed time: 2.013 seconds; current allocated memory: 118.628 MB.
INFO: [HLS 200-111] Finished Generating all RTL models: CPU user time: 11 seconds. CPU system time: 2 seconds. Elapsed time: 14.089 seconds; current allocated memory: 142.771 MB.
INFO: [VHDL 208-304] Generating VHDL RTL for pruneGlobalMatrix.
INFO: [VLOG 209-307] Generating Verilog RTL for pruneGlobalMatrix.
INFO: [HLS 200-789] **** Estimated Fmax: 8928.57 MHz
INFO: [HLS 200-111] Finished Command csynth_design CPU user time: 28 seconds. CPU system time: 6 seconds. Elapsed time: 598.491 seconds; current allocated memory: 145.426 MB.
INFO: [HLS 200-112] Total CPU user time: 30 seconds. Total CPU system time: 10 seconds. Total elapsed time: 602.816 seconds; peak allocated memory: 481.642 MB.
