==============================================================
Vitis HLS - High-Level Synthesis from C, C++ and OpenCL v2020.2 (64-bit)
Copyright 1986-2020 Xilinx, Inc. All Rights Reserved.
==============================================================
INFO: [SYN 201-201] Setting up clock 'default' with a period of 10ns.
INFO: [HLS 200-10] Setting target device to 'xcvu11p-flga2577-1-e'
INFO: [HLS 200-1505] Using flow_target 'vivado'
INFO: [HLS 200-1510] Running: set_part xcvu11p-flga2577-1-e 
INFO: [HLS 200-1510] Running: create_clock -period 10 -name default 
INFO: [SYN 201-201] Setting up clock 'default' with a period of 10ns.
INFO: [HLS 200-1510] Running: csynth_design 
INFO: [HLS 200-111] Finished File checks and directory preparation: CPU user time: 0 seconds. CPU system time: 0 seconds. Elapsed time: 0.076 seconds; current allocated memory: 191.433 MB.
INFO: [HLS 200-10] Analyzing design file '../simplified.cpp' ... 
ERROR: [HLS 214-124] use of undeclared identifier 'makeAdder': C:\Users\zakkh\Dark_Matter\PartitionAcceleratorHLS\Zakk\simplified.cpp:119
ERROR: [HLS 214-124] use of undeclared identifier 'makeHalfLaplacian': C:\Users\zakkh\Dark_Matter\PartitionAcceleratorHLS\Zakk\simplified.cpp:120
ERROR: [HLS 214-124] use of undeclared identifier 'makeAbs': C:\Users\zakkh\Dark_Matter\PartitionAcceleratorHLS\Zakk\simplified.cpp:121
ERROR: [HLS 214-124] use of undeclared identifier 'tripletEncode': C:\Users\zakkh\Dark_Matter\PartitionAcceleratorHLS\Zakk\simplified.cpp:127
INFO: [HLS 200-111] Finished Command csynth_design CPU user time: 0 seconds. CPU system time: 0 seconds. Elapsed time: 4.03 seconds; current allocated memory: 192.739 MB.
INFO: [HLS 200-112] Total CPU user time: 0 seconds. Total CPU system time: 0 seconds. Total elapsed time: 6.718 seconds; peak allocated memory: 192.376 MB.
==============================================================
Vitis HLS - High-Level Synthesis from C, C++ and OpenCL v2020.2 (64-bit)
Copyright 1986-2020 Xilinx, Inc. All Rights Reserved.
==============================================================
INFO: [SYN 201-201] Setting up clock 'default' with a period of 10ns.
INFO: [HLS 200-10] Setting target device to 'xcvu11p-flga2577-1-e'
INFO: [HLS 200-1505] Using flow_target 'vivado'
INFO: [HLS 200-1510] Running: set_part xcvu11p-flga2577-1-e 
INFO: [HLS 200-1510] Running: create_clock -period 10 -name default 
INFO: [HLS 200-1510] Running: set_directive_top -name laplacianCalculator laplacianCalculator 
INFO: [HLS 200-1510] Running: csynth_design 
INFO: [HLS 200-111] Finished File checks and directory preparation: CPU user time: 0 seconds. CPU system time: 0 seconds. Elapsed time: 0.068 seconds; current allocated memory: 191.435 MB.
INFO: [HLS 200-10] Analyzing design file '../simplified.cpp' ... 
ERROR: [HLS 214-124] use of undeclared identifier 'makeAdder': C:\Users\zakkh\Dark_Matter\PartitionAcceleratorHLS\Zakk\simplified.cpp:119
ERROR: [HLS 214-124] use of undeclared identifier 'makeHalfLaplacian': C:\Users\zakkh\Dark_Matter\PartitionAcceleratorHLS\Zakk\simplified.cpp:120
ERROR: [HLS 214-124] use of undeclared identifier 'makeAbs': C:\Users\zakkh\Dark_Matter\PartitionAcceleratorHLS\Zakk\simplified.cpp:121
ERROR: [HLS 214-124] use of undeclared identifier 'tripletEncode': C:\Users\zakkh\Dark_Matter\PartitionAcceleratorHLS\Zakk\simplified.cpp:127
ERROR: [HLS 214-124] use of undeclared identifier 'tripletEncode': C:\Users\zakkh\Dark_Matter\PartitionAcceleratorHLS\Zakk\simplified.cpp:218
INFO: [HLS 200-111] Finished Command csynth_design CPU user time: 0 seconds. CPU system time: 0 seconds. Elapsed time: 3.499 seconds; current allocated memory: 192.679 MB.
INFO: [HLS 200-112] Total CPU user time: 1 seconds. Total CPU system time: 1 seconds. Total elapsed time: 5.691 seconds; peak allocated memory: 192.315 MB.
==============================================================
Vitis HLS - High-Level Synthesis from C, C++ and OpenCL v2020.2 (64-bit)
Copyright 1986-2020 Xilinx, Inc. All Rights Reserved.
==============================================================
INFO: [SYN 201-201] Setting up clock 'default' with a period of 10ns.
INFO: [HLS 200-10] Setting target device to 'xcvu11p-flga2577-1-e'
INFO: [HLS 200-1505] Using flow_target 'vivado'
INFO: [HLS 200-1510] Running: set_part xcvu11p-flga2577-1-e 
INFO: [HLS 200-1510] Running: create_clock -period 10 -name default 
INFO: [HLS 200-1510] Running: set_directive_top -name laplacianCalculator laplacianCalculator 
INFO: [HLS 200-1510] Running: csynth_design 
INFO: [HLS 200-111] Finished File checks and directory preparation: CPU user time: 0 seconds. CPU system time: 0 seconds. Elapsed time: 0.056 seconds; current allocated memory: 191.435 MB.
INFO: [HLS 200-10] Analyzing design file '../simplified.cpp' ... 
INFO: [HLS 200-111] Finished Source Code Analysis and Preprocessing: CPU user time: 0 seconds. CPU system time: 0 seconds. Elapsed time: 4.455 seconds; current allocated memory: 192.758 MB.
INFO: [HLS 200-777] Using interface defaults for 'Vivado' flow target.
INFO: [HLS 214-131] Inlining function 'ap_int_base<33, true>::ap_int_base<32, true>(ap_int_base<32, true> const&)' into 'ap_int_base<32, true>::RType<32, false>::logic operator&<32, true, 32, false>(ap_int_base<32, true> const&, ap_int_base<32, false> const&)' (C:/Xilinx/Vitis_HLS/2020.2/common/technology/autopilot\ap_int_base.h:1348:341)
INFO: [HLS 214-131] Inlining function 'ap_int<33>::ap_int<33, true>(ap_int_base<33, true> const&)' into 'ap_int_base<32, true>::RType<32, false>::logic operator&<32, true, 32, false>(ap_int_base<32, true> const&, ap_int_base<32, false> const&)' (C:/Xilinx/Vitis_HLS/2020.2/common/technology/autopilot\ap_int_base.h:1348:555)
INFO: [HLS 214-131] Inlining function 'ap_int_base<33, true>::ap_int_base<32, false>(ap_int_base<32, false> const&)' into 'ap_int_base<32, true>::RType<32, false>::logic operator&<32, true, 32, false>(ap_int_base<32, true> const&, ap_int_base<32, false> const&)' (C:/Xilinx/Vitis_HLS/2020.2/common/technology/autopilot\ap_int_base.h:1348:430)
INFO: [HLS 214-131] Inlining function 'ap_int_base<32, false>::ap_int_base(unsigned int)' into 'ap_int_base<32, true>::RType<($_0)32, false>::logic operator&<32, true>(ap_int_base<32, true> const&, unsigned int)' (C:/Xilinx/Vitis_HLS/2020.2/common/technology/autopilot\ap_int_base.h:1462:3229)
INFO: [HLS 214-131] Inlining function 'ap_int_base<32, true>::RType<32, false>::logic operator&<32, true, 32, false>(ap_int_base<32, true> const&, ap_int_base<32, false> const&)' into 'ap_int_base<32, true>::RType<($_0)32, false>::logic operator&<32, true>(ap_int_base<32, true> const&, unsigned int)' (C:/Xilinx/Vitis_HLS/2020.2/common/technology/autopilot\ap_int_base.h:1462:3227)
INFO: [HLS 214-131] Inlining function 'ap_int<33>::ap_int<33, true>(ap_int_base<33, true> const&)' into 'ap_int_base<33, true>::RType<33, true>::arg1 operator>><33, true>(ap_int_base<33, true> const&, int)' (C:/Xilinx/Vitis_HLS/2020.2/common/technology/autopilot\ap_int_base.h:1497:650)
INFO: [HLS 214-131] Inlining function 'ap_int_base<33, true>::ap_int_base<32, true>(ap_int_base<32, true> const&)' into 'ap_int_base<33, true>::RType<32, true>::logic operator&<33, true, 32, true>(ap_int_base<33, true> const&, ap_int_base<32, true> const&)' (C:/Xilinx/Vitis_HLS/2020.2/common/technology/autopilot\ap_int_base.h:1348:430)
INFO: [HLS 214-131] Inlining function 'ap_int<33>::ap_int<33, true>(ap_int_base<33, true> const&)' into 'ap_int_base<33, true>::RType<32, true>::logic operator&<33, true, 32, true>(ap_int_base<33, true> const&, ap_int_base<32, true> const&)' (C:/Xilinx/Vitis_HLS/2020.2/common/technology/autopilot\ap_int_base.h:1348:555)
INFO: [HLS 214-131] Inlining function 'ap_int_base<32, true>::ap_int_base(int)' into 'ap_int_base<33, true>::RType<($_0)32, true>::logic operator&<33, true>(ap_int_base<33, true> const&, int)' (C:/Xilinx/Vitis_HLS/2020.2/common/technology/autopilot\ap_int_base.h:1461:3098)
INFO: [HLS 214-131] Inlining function 'ap_int_base<33, true>::RType<32, true>::logic operator&<33, true, 32, true>(ap_int_base<33, true> const&, ap_int_base<32, true> const&)' into 'ap_int_base<33, true>::RType<($_0)32, true>::logic operator&<33, true>(ap_int_base<33, true> const&, int)' (C:/Xilinx/Vitis_HLS/2020.2/common/technology/autopilot\ap_int_base.h:1461:3096)
INFO: [HLS 214-131] Inlining function 'ap_int_base<32, true>::RType<($_0)32, false>::logic operator&<32, true>(ap_int_base<32, true> const&, unsigned int)' into 'decodeXcoordinate(ap_int<32>)' (../simplified.cpp:94:39)
INFO: [HLS 214-131] Inlining function 'ap_int_base<33, true>::operator long long() const' into 'decodeXcoordinate(ap_int<32>)' (../simplified.cpp:94:18)
INFO: [HLS 214-131] Inlining function 'ap_int_base<33, true>::RType<($_0)32, true>::logic operator&<33, true>(ap_int_base<33, true> const&, int)' into 'decodeXcoordinate(ap_int<32>)' (../simplified.cpp:94:60)
INFO: [HLS 214-131] Inlining function 'ap_int_base<33, true>::RType<33, true>::arg1 operator>><33, true>(ap_int_base<33, true> const&, int)' into 'decodeXcoordinate(ap_int<32>)' (../simplified.cpp:94:53)
INFO: [HLS 214-131] Inlining function 'ap_int<32>::ap_int<32, true>(ap_int_base<32, true> const&)' into 'ap_int_base<32, true>::RType<32, true>::logic operator&<32, true, 32, true>(ap_int_base<32, true> const&, ap_int_base<32, true> const&)' (C:/Xilinx/Vitis_HLS/2020.2/common/technology/autopilot\ap_int_base.h:1348:555)
INFO: [HLS 214-131] Inlining function 'ap_int_base<32, true>::ap_int_base(int)' into 'ap_int_base<32, true>::RType<($_0)32, true>::logic operator&<32, true>(ap_int_base<32, true> const&, int)' (C:/Xilinx/Vitis_HLS/2020.2/common/technology/autopilot\ap_int_base.h:1461:3098)
INFO: [HLS 214-131] Inlining function 'ap_int_base<32, true>::RType<32, true>::logic operator&<32, true, 32, true>(ap_int_base<32, true> const&, ap_int_base<32, true> const&)' into 'ap_int_base<32, true>::RType<($_0)32, true>::logic operator&<32, true>(ap_int_base<32, true> const&, int)' (C:/Xilinx/Vitis_HLS/2020.2/common/technology/autopilot\ap_int_base.h:1461:3096)
INFO: [HLS 214-131] Inlining function 'ap_int_base<32, true>::RType<($_0)32, true>::logic operator&<32, true>(ap_int_base<32, true> const&, int)' into 'decodeYcoordinate(ap_int<32>)' (../simplified.cpp:98:37)
INFO: [HLS 214-131] Inlining function 'ap_int_base<32, true>::operator long long() const' into 'decodeYcoordinate(ap_int<32>)' (../simplified.cpp:98:18)
INFO: [HLS 214-131] Inlining function 'ap_int<16>::ap_int<16, true>(ap_int_base<16, true> const&)' into 'ap_int_base<16, true>::RType<16, true>::arg1 operator<<<16, true>(ap_int_base<16, true> const&, int)' (C:/Xilinx/Vitis_HLS/2020.2/common/technology/autopilot\ap_int_base.h:1497:323)
INFO: [HLS 214-131] Inlining function 'ap_int<16>::ap_int<16, true>(ap_int_base<16, true> const&)' into 'ap_int_base<16, true>::RType<16, true>::logic operator|<16, true, 16, true>(ap_int_base<16, true> const&, ap_int_base<16, true> const&)' (C:/Xilinx/Vitis_HLS/2020.2/common/technology/autopilot\ap_int_base.h:1349:555)
INFO: [HLS 214-131] Inlining function 'ap_int<16>::ap_int(int)' into 'tripletEncode(unsigned char, unsigned char, int)' (../simplified.cpp:176:11)
INFO: [HLS 214-131] Inlining function 'ap_int_base<16, true>::RType<16, true>::logic operator|<16, true, 16, true>(ap_int_base<16, true> const&, ap_int_base<16, true> const&)' into 'tripletEncode(unsigned char, unsigned char, int)' (../simplified.cpp:176:71)
INFO: [HLS 214-131] Inlining function 'ap_int_base<16, true>::RType<16, true>::arg1 operator<<<16, true>(ap_int_base<16, true> const&, int)' into 'tripletEncode(unsigned char, unsigned char, int)' (../simplified.cpp:176:103)
INFO: [HLS 214-131] Inlining function 'ap_int<16>::ap_int(unsigned char)' into 'tripletEncode(unsigned char, unsigned char, int)' (../simplified.cpp:176:75)
INFO: [HLS 214-131] Inlining function 'ap_int_base<16, true>::RType<16, true>::logic operator|<16, true, 16, true>(ap_int_base<16, true> const&, ap_int_base<16, true> const&)' into 'tripletEncode(unsigned char, unsigned char, int)' (../simplified.cpp:176:40)
INFO: [HLS 214-131] Inlining function 'ap_int<16>::ap_int(unsigned char)' into 'tripletEncode(unsigned char, unsigned char, int)' (../simplified.cpp:176:43)
INFO: [HLS 214-131] Inlining function 'ap_int_base<16, true>::RType<16, true>::arg1 operator<<<16, true>(ap_int_base<16, true> const&, int)' into 'tripletEncode(unsigned char, unsigned char, int)' (../simplified.cpp:176:34)
INFO: [HLS 214-131] Inlining function 'makeAdder(int*, int*, int (&) [2])' into 'singleNodeLaplacianCalculator(int (*) [2], int (*) [2], int*, ap_int<16> (&) [16][16])' (../simplified.cpp:160:2)
INFO: [HLS 214-131] Inlining function 'tripletEncode(unsigned char, unsigned char, int)' into 'singleNodeLaplacianCalculator(int (*) [2], int (*) [2], int*, ap_int<16> (&) [16][16])' (../simplified.cpp:168:49)
INFO: [HLS 214-131] Inlining function 'makeAbs(int (*) [2], int (&) [16])' into 'singleNodeLaplacianCalculator(int (*) [2], int (*) [2], int*, ap_int<16> (&) [16][16])' (../simplified.cpp:162:9)
INFO: [HLS 214-186] Unrolling loop 'makeHalfLaplacianLoop' (../simplified.cpp:123:25) in function 'makeHalfLaplacian' completely with a factor of 16 (../simplified.cpp:123:25)
INFO: [HLS 214-186] Unrolling loop 'SNLCaboveLoopEncode' (../simplified.cpp:164:26) in function 'singleNodeLaplacianCalculator' completely with a factor of 16 (../simplified.cpp:164:26)
INFO: [HLS 214-186] Unrolling loop 'SNLCbelowLoopEncode' (../simplified.cpp:166:23) in function 'singleNodeLaplacianCalculator' completely with a factor of 16 (../simplified.cpp:166:23)
INFO: [HLS 214-186] Unrolling loop 'SNLCbelowLoopEncode' (../simplified.cpp:166:23) in function 'singleNodeLaplacianCalculator' completely with a factor of 16 (../simplified.cpp:166:23)
INFO: [HLS 214-186] Unrolling loop 'SNLCbelowLoopEncode' (../simplified.cpp:166:23) in function 'singleNodeLaplacianCalculator' completely with a factor of 16 (../simplified.cpp:166:23)
INFO: [HLS 214-186] Unrolling loop 'SNLCbelowLoopEncode' (../simplified.cpp:166:23) in function 'singleNodeLaplacianCalculator' completely with a factor of 16 (../simplified.cpp:166:23)
INFO: [HLS 214-186] Unrolling loop 'SNLCbelowLoopEncode' (../simplified.cpp:166:23) in function 'singleNodeLaplacianCalculator' completely with a factor of 16 (../simplified.cpp:166:23)
INFO: [HLS 214-186] Unrolling loop 'SNLCbelowLoopEncode' (../simplified.cpp:166:23) in function 'singleNodeLaplacianCalculator' completely with a factor of 16 (../simplified.cpp:166:23)
INFO: [HLS 214-186] Unrolling loop 'SNLCbelowLoopEncode' (../simplified.cpp:166:23) in function 'singleNodeLaplacianCalculator' completely with a factor of 16 (../simplified.cpp:166:23)
INFO: [HLS 214-186] Unrolling loop 'SNLCbelowLoopEncode' (../simplified.cpp:166:23) in function 'singleNodeLaplacianCalculator' completely with a factor of 16 (../simplified.cpp:166:23)
INFO: [HLS 214-186] Unrolling loop 'SNLCbelowLoopEncode' (../simplified.cpp:166:23) in function 'singleNodeLaplacianCalculator' completely with a factor of 16 (../simplified.cpp:166:23)
INFO: [HLS 214-186] Unrolling loop 'SNLCbelowLoopEncode' (../simplified.cpp:166:23) in function 'singleNodeLaplacianCalculator' completely with a factor of 16 (../simplified.cpp:166:23)
INFO: [HLS 214-186] Unrolling loop 'SNLCbelowLoopEncode' (../simplified.cpp:166:23) in function 'singleNodeLaplacianCalculator' completely with a factor of 16 (../simplified.cpp:166:23)
INFO: [HLS 214-186] Unrolling loop 'SNLCbelowLoopEncode' (../simplified.cpp:166:23) in function 'singleNodeLaplacianCalculator' completely with a factor of 16 (../simplified.cpp:166:23)
INFO: [HLS 214-186] Unrolling loop 'SNLCbelowLoopEncode' (../simplified.cpp:166:23) in function 'singleNodeLaplacianCalculator' completely with a factor of 16 (../simplified.cpp:166:23)
INFO: [HLS 214-186] Unrolling loop 'SNLCbelowLoopEncode' (../simplified.cpp:166:23) in function 'singleNodeLaplacianCalculator' completely with a factor of 16 (../simplified.cpp:166:23)
INFO: [HLS 214-186] Unrolling loop 'SNLCbelowLoopEncode' (../simplified.cpp:166:23) in function 'singleNodeLaplacianCalculator' completely with a factor of 16 (../simplified.cpp:166:23)
INFO: [HLS 214-186] Unrolling loop 'SNLCbelowLoopEncode' (../simplified.cpp:166:23) in function 'singleNodeLaplacianCalculator' completely with a factor of 16 (../simplified.cpp:166:23)
INFO: [HLS 214-186] Unrolling loop 'makeAbsLoop' (../simplified.cpp:138:15) in function 'singleNodeLaplacianCalculator' completely with a factor of 16 (../simplified.cpp:138:15)
INFO: [HLS 214-186] Unrolling loop 'LaplacianLayerLoop' (../simplified.cpp:203:25) in function 'laplacianCalculator' completely with a factor of 3 (../simplified.cpp:203:25)
INFO: [HLS 214-186] Unrolling loop 'LaplacianNodeLoop' (../simplified.cpp:205:21) in function 'laplacianCalculator' completely with a factor of 16 (../simplified.cpp:205:21)
INFO: [HLS 214-186] Unrolling loop 'LaplacianNodeLoop' (../simplified.cpp:205:21) in function 'laplacianCalculator' completely with a factor of 16 (../simplified.cpp:205:21)
INFO: [HLS 214-186] Unrolling loop 'LaplacianNodeLoop' (../simplified.cpp:205:21) in function 'laplacianCalculator' completely with a factor of 16 (../simplified.cpp:205:21)
INFO: [HLS 214-186] Unrolling loop 'dCLayerLoop' (../simplified.cpp:182:15) in function 'decodeCoordinates<3ul>' completely with a factor of 5 (../simplified.cpp:182:15)
INFO: [HLS 214-186] Unrolling loop 'dCweightLoop' (../simplified.cpp:184:16) in function 'decodeCoordinates<3ul>' completely with a factor of 3 (../simplified.cpp:184:16)
INFO: [HLS 214-186] Unrolling loop 'dCNodeLoop' (../simplified.cpp:186:14) in function 'decodeCoordinates<3ul>' completely with a factor of 16 (../simplified.cpp:186:14)
INFO: [HLS 214-186] Unrolling loop 'dCNodeLoop' (../simplified.cpp:186:14) in function 'decodeCoordinates<3ul>' completely with a factor of 16 (../simplified.cpp:186:14)
INFO: [HLS 214-186] Unrolling loop 'dCNodeLoop' (../simplified.cpp:186:14) in function 'decodeCoordinates<3ul>' completely with a factor of 16 (../simplified.cpp:186:14)
INFO: [HLS 214-186] Unrolling loop 'dCweightLoop' (../simplified.cpp:184:16) in function 'decodeCoordinates<3ul>' completely with a factor of 3 (../simplified.cpp:184:16)
INFO: [HLS 214-186] Unrolling loop 'dCNodeLoop' (../simplified.cpp:186:14) in function 'decodeCoordinates<3ul>' completely with a factor of 16 (../simplified.cpp:186:14)
INFO: [HLS 214-186] Unrolling loop 'dCNodeLoop' (../simplified.cpp:186:14) in function 'decodeCoordinates<3ul>' completely with a factor of 16 (../simplified.cpp:186:14)
INFO: [HLS 214-186] Unrolling loop 'dCNodeLoop' (../simplified.cpp:186:14) in function 'decodeCoordinates<3ul>' completely with a factor of 16 (../simplified.cpp:186:14)
INFO: [HLS 214-186] Unrolling loop 'dCweightLoop' (../simplified.cpp:184:16) in function 'decodeCoordinates<3ul>' completely with a factor of 3 (../simplified.cpp:184:16)
INFO: [HLS 214-186] Unrolling loop 'dCNodeLoop' (../simplified.cpp:186:14) in function 'decodeCoordinates<3ul>' completely with a factor of 16 (../simplified.cpp:186:14)
INFO: [HLS 214-186] Unrolling loop 'dCNodeLoop' (../simplified.cpp:186:14) in function 'decodeCoordinates<3ul>' completely with a factor of 16 (../simplified.cpp:186:14)
INFO: [HLS 214-186] Unrolling loop 'dCNodeLoop' (../simplified.cpp:186:14) in function 'decodeCoordinates<3ul>' completely with a factor of 16 (../simplified.cpp:186:14)
INFO: [HLS 214-186] Unrolling loop 'dCweightLoop' (../simplified.cpp:184:16) in function 'decodeCoordinates<3ul>' completely with a factor of 3 (../simplified.cpp:184:16)
INFO: [HLS 214-186] Unrolling loop 'dCNodeLoop' (../simplified.cpp:186:14) in function 'decodeCoordinates<3ul>' completely with a factor of 16 (../simplified.cpp:186:14)
INFO: [HLS 214-186] Unrolling loop 'dCNodeLoop' (../simplified.cpp:186:14) in function 'decodeCoordinates<3ul>' completely with a factor of 16 (../simplified.cpp:186:14)
INFO: [HLS 214-186] Unrolling loop 'dCNodeLoop' (../simplified.cpp:186:14) in function 'decodeCoordinates<3ul>' completely with a factor of 16 (../simplified.cpp:186:14)
INFO: [HLS 214-186] Unrolling loop 'dCweightLoop' (../simplified.cpp:184:16) in function 'decodeCoordinates<3ul>' completely with a factor of 3 (../simplified.cpp:184:16)
INFO: [HLS 214-186] Unrolling loop 'dCNodeLoop' (../simplified.cpp:186:14) in function 'decodeCoordinates<3ul>' completely with a factor of 16 (../simplified.cpp:186:14)
INFO: [HLS 214-186] Unrolling loop 'dCNodeLoop' (../simplified.cpp:186:14) in function 'decodeCoordinates<3ul>' completely with a factor of 16 (../simplified.cpp:186:14)
INFO: [HLS 214-186] Unrolling loop 'dCNodeLoop' (../simplified.cpp:186:14) in function 'decodeCoordinates<3ul>' completely with a factor of 16 (../simplified.cpp:186:14)
INFO: [HLS 214-131] Inlining function '_llvm.fpga.pack.none.i16.s_struct.ap_int.3s' into 'singleNodeLaplacianCalculator(int (*) [2], int (*) [2], int*, ap_int<16> (&) [16][16]) (.1)' (../simplified.cpp:168:47)
INFO: [HLS 214-131] Inlining function '_llvm.fpga.pack.none.i16.s_struct.ap_int.3s' into 'singleNodeLaplacianCalculator(int (*) [2], int (*) [2], int*, ap_int<16> (&) [16][16]) (.1)' (../simplified.cpp:168:47)
INFO: [HLS 214-131] Inlining function '_llvm.fpga.pack.none.i16.s_struct.ap_int.3s' into 'singleNodeLaplacianCalculator(int (*) [2], int (*) [2], int*, ap_int<16> (&) [16][16]) (.1)' (../simplified.cpp:168:47)
INFO: [HLS 214-131] Inlining function '_llvm.fpga.pack.none.i16.s_struct.ap_int.3s' into 'singleNodeLaplacianCalculator(int (*) [2], int (*) [2], int*, ap_int<16> (&) [16][16]) (.1)' (../simplified.cpp:168:47)
INFO: [HLS 214-131] Inlining function '_llvm.fpga.pack.none.i16.s_struct.ap_int.3s' into 'singleNodeLaplacianCalculator(int (*) [2], int (*) [2], int*, ap_int<16> (&) [16][16]) (.1)' (../simplified.cpp:168:47)
INFO: [HLS 214-131] Inlining function '_llvm.fpga.pack.none.i16.s_struct.ap_int.3s' into 'singleNodeLaplacianCalculator(int (*) [2], int (*) [2], int*, ap_int<16> (&) [16][16]) (.1)' (../simplified.cpp:168:47)
INFO: [HLS 214-131] Inlining function '_llvm.fpga.pack.none.i16.s_struct.ap_int.3s' into 'singleNodeLaplacianCalculator(int (*) [2], int (*) [2], int*, ap_int<16> (&) [16][16]) (.1)' (../simplified.cpp:168:47)
INFO: [HLS 214-131] Inlining function '_llvm.fpga.pack.none.i16.s_struct.ap_int.3s' into 'singleNodeLaplacianCalculator(int (*) [2], int (*) [2], int*, ap_int<16> (&) [16][16]) (.1)' (../simplified.cpp:168:47)
INFO: [HLS 214-131] Inlining function '_llvm.fpga.pack.none.i16.s_struct.ap_int.3s' into 'singleNodeLaplacianCalculator(int (*) [2], int (*) [2], int*, ap_int<16> (&) [16][16]) (.1)' (../simplified.cpp:168:47)
INFO: [HLS 214-131] Inlining function '_llvm.fpga.pack.none.i16.s_struct.ap_int.3s' into 'singleNodeLaplacianCalculator(int (*) [2], int (*) [2], int*, ap_int<16> (&) [16][16]) (.1)' (../simplified.cpp:168:47)
INFO: [HLS 214-131] Inlining function '_llvm.fpga.pack.none.i16.s_struct.ap_int.3s' into 'singleNodeLaplacianCalculator(int (*) [2], int (*) [2], int*, ap_int<16> (&) [16][16]) (.1)' (../simplified.cpp:168:47)
INFO: [HLS 214-131] Inlining function '_llvm.fpga.pack.none.i16.s_struct.ap_int.3s' into 'singleNodeLaplacianCalculator(int (*) [2], int (*) [2], int*, ap_int<16> (&) [16][16]) (.1)' (../simplified.cpp:168:47)
INFO: [HLS 214-131] Inlining function '_llvm.fpga.pack.none.i16.s_struct.ap_int.3s' into 'singleNodeLaplacianCalculator(int (*) [2], int (*) [2], int*, ap_int<16> (&) [16][16]) (.1)' (../simplified.cpp:168:47)
INFO: [HLS 214-131] Inlining function '_llvm.fpga.pack.none.i16.s_struct.ap_int.3s' into 'singleNodeLaplacianCalculator(int (*) [2], int (*) [2], int*, ap_int<16> (&) [16][16]) (.1)' (../simplified.cpp:168:47)
INFO: [HLS 214-131] Inlining function '_llvm.fpga.pack.none.i16.s_struct.ap_int.3s' into 'singleNodeLaplacianCalculator(int (*) [2], int (*) [2], int*, ap_int<16> (&) [16][16]) (.1)' (../simplified.cpp:168:47)
INFO: [HLS 214-131] Inlining function '_llvm.fpga.pack.none.i16.s_struct.ap_int.3s' into 'singleNodeLaplacianCalculator(int (*) [2], int (*) [2], int*, ap_int<16> (&) [16][16]) (.1)' (../simplified.cpp:168:47)
INFO: [HLS 214-131] Inlining function '_llvm.fpga.pack.none.i16.s_struct.ap_int.3s' into 'singleNodeLaplacianCalculator(int (*) [2], int (*) [2], int*, ap_int<16> (&) [16][16]) (.1)' (../simplified.cpp:168:47)
INFO: [HLS 214-131] Inlining function '_llvm.fpga.pack.none.i16.s_struct.ap_int.3s' into 'singleNodeLaplacianCalculator(int (*) [2], int (*) [2], int*, ap_int<16> (&) [16][16]) (.1)' (../simplified.cpp:168:47)
INFO: [HLS 214-131] Inlining function '_llvm.fpga.pack.none.i16.s_struct.ap_int.3s' into 'singleNodeLaplacianCalculator(int (*) [2], int (*) [2], int*, ap_int<16> (&) [16][16]) (.1)' (../simplified.cpp:168:47)
INFO: [HLS 214-131] Inlining function '_llvm.fpga.pack.none.i16.s_struct.ap_int.3s' into 'singleNodeLaplacianCalculator(int (*) [2], int (*) [2], int*, ap_int<16> (&) [16][16]) (.1)' (../simplified.cpp:168:47)
INFO: [HLS 214-131] Inlining function '_llvm.fpga.pack.none.i16.s_struct.ap_int.3s' into 'singleNodeLaplacianCalculator(int (*) [2], int (*) [2], int*, ap_int<16> (&) [16][16]) (.1)' (../simplified.cpp:168:47)
INFO: [HLS 214-131] Inlining function '_llvm.fpga.pack.none.i16.s_struct.ap_int.3s' into 'singleNodeLaplacianCalculator(int (*) [2], int (*) [2], int*, ap_int<16> (&) [16][16]) (.1)' (../simplified.cpp:168:47)
INFO: [HLS 214-131] Inlining function '_llvm.fpga.pack.none.i16.s_struct.ap_int.3s' into 'singleNodeLaplacianCalculator(int (*) [2], int (*) [2], int*, ap_int<16> (&) [16][16]) (.1)' (../simplified.cpp:168:47)
INFO: [HLS 214-131] Inlining function '_llvm.fpga.pack.none.i16.s_struct.ap_int.3s' into 'singleNodeLaplacianCalculator(int (*) [2], int (*) [2], int*, ap_int<16> (&) [16][16]) (.1)' (../simplified.cpp:168:47)
INFO: [HLS 214-131] Inlining function '_llvm.fpga.pack.none.i16.s_struct.ap_int.3s' into 'singleNodeLaplacianCalculator(int (*) [2], int (*) [2], int*, ap_int<16> (&) [16][16]) (.1)' (../simplified.cpp:168:47)
INFO: [HLS 214-131] Inlining function '_llvm.fpga.pack.none.i16.s_struct.ap_int.3s' into 'singleNodeLaplacianCalculator(int (*) [2], int (*) [2], int*, ap_int<16> (&) [16][16]) (.1)' (../simplified.cpp:168:47)
INFO: [HLS 214-131] Inlining function '_llvm.fpga.pack.none.i16.s_struct.ap_int.3s' into 'singleNodeLaplacianCalculator(int (*) [2], int (*) [2], int*, ap_int<16> (&) [16][16]) (.1)' (../simplified.cpp:168:47)
INFO: [HLS 214-131] Inlining function '_llvm.fpga.pack.none.i16.s_struct.ap_int.3s' into 'singleNodeLaplacianCalculator(int (*) [2], int (*) [2], int*, ap_int<16> (&) [16][16]) (.1)' (../simplified.cpp:168:47)
INFO: [HLS 214-131] Inlining function '_llvm.fpga.pack.none.i16.s_struct.ap_int.3s' into 'singleNodeLaplacianCalculator(int (*) [2], int (*) [2], int*, ap_int<16> (&) [16][16]) (.1)' (../simplified.cpp:168:47)
INFO: [HLS 214-131] Inlining function '_llvm.fpga.pack.none.i16.s_struct.ap_int.3s' into 'singleNodeLaplacianCalculator(int (*) [2], int (*) [2], int*, ap_int<16> (&) [16][16]) (.1)' (../simplified.cpp:168:47)
INFO: [HLS 214-131] Inlining function '_llvm.fpga.pack.none.i16.s_struct.ap_int.3s' into 'singleNodeLaplacianCalculator(int (*) [2], int (*) [2], int*, ap_int<16> (&) [16][16]) (.1)' (../simplified.cpp:168:47)
INFO: [HLS 214-131] Inlining function '_llvm.fpga.pack.none.i16.s_struct.ap_int.3s' into 'singleNodeLaplacianCalculator(int (*) [2], int (*) [2], int*, ap_int<16> (&) [16][16]) (.1)' (../simplified.cpp:168:47)
INFO: [HLS 214-131] Inlining function '_llvm.fpga.pack.none.i16.s_struct.ap_int.3s' into 'singleNodeLaplacianCalculator(int (*) [2], int (*) [2], int*, ap_int<16> (&) [16][16]) (.1)' (../simplified.cpp:168:47)
INFO: [HLS 214-131] Inlining function '_llvm.fpga.pack.none.i16.s_struct.ap_int.3s' into 'singleNodeLaplacianCalculator(int (*) [2], int (*) [2], int*, ap_int<16> (&) [16][16]) (.1)' (../simplified.cpp:168:47)
INFO: [HLS 214-131] Inlining function '_llvm.fpga.pack.none.i16.s_struct.ap_int.3s' into 'singleNodeLaplacianCalculator(int (*) [2], int (*) [2], int*, ap_int<16> (&) [16][16]) (.1)' (../simplified.cpp:168:47)
INFO: [HLS 214-131] Inlining function '_llvm.fpga.pack.none.i16.s_struct.ap_int.3s' into 'singleNodeLaplacianCalculator(int (*) [2], int (*) [2], int*, ap_int<16> (&) [16][16]) (.1)' (../simplified.cpp:168:47)
INFO: [HLS 214-131] Inlining function '_llvm.fpga.pack.none.i16.s_struct.ap_int.3s' into 'singleNodeLaplacianCalculator(int (*) [2], int (*) [2], int*, ap_int<16> (&) [16][16]) (.1)' (../simplified.cpp:168:47)
INFO: [HLS 214-131] Inlining function '_llvm.fpga.pack.none.i16.s_struct.ap_int.3s' into 'singleNodeLaplacianCalculator(int (*) [2], int (*) [2], int*, ap_int<16> (&) [16][16]) (.1)' (../simplified.cpp:168:47)
INFO: [HLS 214-131] Inlining function '_llvm.fpga.pack.none.i16.s_struct.ap_int.3s' into 'singleNodeLaplacianCalculator(int (*) [2], int (*) [2], int*, ap_int<16> (&) [16][16]) (.1)' (../simplified.cpp:168:47)
INFO: [HLS 214-131] Inlining function '_llvm.fpga.pack.none.i16.s_struct.ap_int.3s' into 'singleNodeLaplacianCalculator(int (*) [2], int (*) [2], int*, ap_int<16> (&) [16][16]) (.1)' (../simplified.cpp:168:47)
INFO: [HLS 214-131] Inlining function '_llvm.fpga.pack.none.i16.s_struct.ap_int.3s' into 'singleNodeLaplacianCalculator(int (*) [2], int (*) [2], int*, ap_int<16> (&) [16][16]) (.1)' (../simplified.cpp:168:47)
INFO: [HLS 214-131] Inlining function '_llvm.fpga.pack.none.i16.s_struct.ap_int.3s' into 'singleNodeLaplacianCalculator(int (*) [2], int (*) [2], int*, ap_int<16> (&) [16][16]) (.1)' (../simplified.cpp:168:47)
INFO: [HLS 214-131] Inlining function '_llvm.fpga.pack.none.i16.s_struct.ap_int.3s' into 'singleNodeLaplacianCalculator(int (*) [2], int (*) [2], int*, ap_int<16> (&) [16][16]) (.1)' (../simplified.cpp:168:47)
INFO: [HLS 214-131] Inlining function '_llvm.fpga.pack.none.i16.s_struct.ap_int.3s' into 'singleNodeLaplacianCalculator(int (*) [2], int (*) [2], int*, ap_int<16> (&) [16][16]) (.1)' (../simplified.cpp:168:47)
INFO: [HLS 214-131] Inlining function '_llvm.fpga.pack.none.i16.s_struct.ap_int.3s' into 'singleNodeLaplacianCalculator(int (*) [2], int (*) [2], int*, ap_int<16> (&) [16][16]) (.1)' (../simplified.cpp:168:47)
INFO: [HLS 214-131] Inlining function '_llvm.fpga.pack.none.i16.s_struct.ap_int.3s' into 'singleNodeLaplacianCalculator(int (*) [2], int (*) [2], int*, ap_int<16> (&) [16][16]) (.1)' (../simplified.cpp:168:47)
INFO: [HLS 214-131] Inlining function '_llvm.fpga.pack.none.i16.s_struct.ap_int.3s' into 'singleNodeLaplacianCalculator(int (*) [2], int (*) [2], int*, ap_int<16> (&) [16][16]) (.1)' (../simplified.cpp:168:47)
INFO: [HLS 214-131] Inlining function '_llvm.fpga.pack.none.i16.s_struct.ap_int.3s' into 'singleNodeLaplacianCalculator(int (*) [2], int (*) [2], int*, ap_int<16> (&) [16][16]) (.1)' (../simplified.cpp:168:47)
INFO: [HLS 214-131] Inlining function '_llvm.fpga.pack.none.i16.s_struct.ap_int.3s' into 'singleNodeLaplacianCalculator(int (*) [2], int (*) [2], int*, ap_int<16> (&) [16][16]) (.1)' (../simplified.cpp:168:47)
INFO: [HLS 214-131] Inlining function '_llvm.fpga.pack.none.i16.s_struct.ap_int.3s' into 'singleNodeLaplacianCalculator(int (*) [2], int (*) [2], int*, ap_int<16> (&) [16][16]) (.1)' (../simplified.cpp:168:47)
INFO: [HLS 214-131] Inlining function '_llvm.fpga.pack.none.i16.s_struct.ap_int.3s' into 'singleNodeLaplacianCalculator(int (*) [2], int (*) [2], int*, ap_int<16> (&) [16][16]) (.1)' (../simplified.cpp:168:47)
INFO: [HLS 214-131] Inlining function '_llvm.fpga.pack.none.i16.s_struct.ap_int.3s' into 'singleNodeLaplacianCalculator(int (*) [2], int (*) [2], int*, ap_int<16> (&) [16][16]) (.1)' (../simplified.cpp:168:47)
INFO: [HLS 214-131] Inlining function '_llvm.fpga.pack.none.i16.s_struct.ap_int.3s' into 'singleNodeLaplacianCalculator(int (*) [2], int (*) [2], int*, ap_int<16> (&) [16][16]) (.1)' (../simplified.cpp:168:47)
INFO: [HLS 214-131] Inlining function '_llvm.fpga.pack.none.i16.s_struct.ap_int.3s' into 'singleNodeLaplacianCalculator(int (*) [2], int (*) [2], int*, ap_int<16> (&) [16][16]) (.1)' (../simplified.cpp:168:47)
INFO: [HLS 214-131] Inlining function '_llvm.fpga.pack.none.i16.s_struct.ap_int.3s' into 'singleNodeLaplacianCalculator(int (*) [2], int (*) [2], int*, ap_int<16> (&) [16][16]) (.1)' (../simplified.cpp:168:47)
INFO: [HLS 214-131] Inlining function '_llvm.fpga.pack.none.i16.s_struct.ap_int.3s' into 'singleNodeLaplacianCalculator(int (*) [2], int (*) [2], int*, ap_int<16> (&) [16][16]) (.1)' (../simplified.cpp:168:47)
INFO: [HLS 214-131] Inlining function '_llvm.fpga.pack.none.i16.s_struct.ap_int.3s' into 'singleNodeLaplacianCalculator(int (*) [2], int (*) [2], int*, ap_int<16> (&) [16][16]) (.1)' (../simplified.cpp:168:47)
INFO: [HLS 214-131] Inlining function '_llvm.fpga.pack.none.i16.s_struct.ap_int.3s' into 'singleNodeLaplacianCalculator(int (*) [2], int (*) [2], int*, ap_int<16> (&) [16][16]) (.1)' (../simplified.cpp:168:47)
INFO: [HLS 214-131] Inlining function '_llvm.fpga.pack.none.i16.s_struct.ap_int.3s' into 'singleNodeLaplacianCalculator(int (*) [2], int (*) [2], int*, ap_int<16> (&) [16][16]) (.1)' (../simplified.cpp:168:47)
INFO: [HLS 214-131] Inlining function '_llvm.fpga.pack.none.i16.s_struct.ap_int.3s' into 'singleNodeLaplacianCalculator(int (*) [2], int (*) [2], int*, ap_int<16> (&) [16][16]) (.1)' (../simplified.cpp:168:47)
INFO: [HLS 214-131] Inlining function '_llvm.fpga.pack.none.i16.s_struct.ap_int.3s' into 'singleNodeLaplacianCalculator(int (*) [2], int (*) [2], int*, ap_int<16> (&) [16][16]) (.1)' (../simplified.cpp:168:47)
INFO: [HLS 214-131] Inlining function '_llvm.fpga.pack.none.i16.s_struct.ap_int.3s' into 'singleNodeLaplacianCalculator(int (*) [2], int (*) [2], int*, ap_int<16> (&) [16][16]) (.1)' (../simplified.cpp:168:47)
INFO: [HLS 214-131] Inlining function '_llvm.fpga.pack.none.i16.s_struct.ap_int.3s' into 'singleNodeLaplacianCalculator(int (*) [2], int (*) [2], int*, ap_int<16> (&) [16][16]) (.1)' (../simplified.cpp:168:47)
INFO: [HLS 214-131] Inlining function '_llvm.fpga.pack.none.i16.s_struct.ap_int.3s' into 'singleNodeLaplacianCalculator(int (*) [2], int (*) [2], int*, ap_int<16> (&) [16][16]) (.1)' (../simplified.cpp:168:47)
INFO: [HLS 214-131] Inlining function '_llvm.fpga.pack.none.i16.s_struct.ap_int.3s' into 'singleNodeLaplacianCalculator(int (*) [2], int (*) [2], int*, ap_int<16> (&) [16][16]) (.1)' (../simplified.cpp:168:47)
INFO: [HLS 214-131] Inlining function '_llvm.fpga.pack.none.i16.s_struct.ap_int.3s' into 'singleNodeLaplacianCalculator(int (*) [2], int (*) [2], int*, ap_int<16> (&) [16][16]) (.1)' (../simplified.cpp:168:47)
INFO: [HLS 214-131] Inlining function '_llvm.fpga.pack.none.i16.s_struct.ap_int.3s' into 'singleNodeLaplacianCalculator(int (*) [2], int (*) [2], int*, ap_int<16> (&) [16][16]) (.1)' (../simplified.cpp:168:47)
INFO: [HLS 214-131] Inlining function '_llvm.fpga.pack.none.i16.s_struct.ap_int.3s' into 'singleNodeLaplacianCalculator(int (*) [2], int (*) [2], int*, ap_int<16> (&) [16][16]) (.1)' (../simplified.cpp:168:47)
INFO: [HLS 214-131] Inlining function '_llvm.fpga.pack.none.i16.s_struct.ap_int.3s' into 'singleNodeLaplacianCalculator(int (*) [2], int (*) [2], int*, ap_int<16> (&) [16][16]) (.1)' (../simplified.cpp:168:47)
INFO: [HLS 214-131] Inlining function '_llvm.fpga.pack.none.i16.s_struct.ap_int.3s' into 'singleNodeLaplacianCalculator(int (*) [2], int (*) [2], int*, ap_int<16> (&) [16][16]) (.1)' (../simplified.cpp:168:47)
INFO: [HLS 214-131] Inlining function '_llvm.fpga.pack.none.i16.s_struct.ap_int.3s' into 'singleNodeLaplacianCalculator(int (*) [2], int (*) [2], int*, ap_int<16> (&) [16][16]) (.1)' (../simplified.cpp:168:47)
INFO: [HLS 214-131] Inlining function '_llvm.fpga.pack.none.i16.s_struct.ap_int.3s' into 'singleNodeLaplacianCalculator(int (*) [2], int (*) [2], int*, ap_int<16> (&) [16][16]) (.1)' (../simplified.cpp:168:47)
INFO: [HLS 214-131] Inlining function '_llvm.fpga.pack.none.i16.s_struct.ap_int.3s' into 'singleNodeLaplacianCalculator(int (*) [2], int (*) [2], int*, ap_int<16> (&) [16][16]) (.1)' (../simplified.cpp:168:47)
INFO: [HLS 214-131] Inlining function '_llvm.fpga.pack.none.i16.s_struct.ap_int.3s' into 'singleNodeLaplacianCalculator(int (*) [2], int (*) [2], int*, ap_int<16> (&) [16][16]) (.1)' (../simplified.cpp:168:47)
INFO: [HLS 214-131] Inlining function '_llvm.fpga.pack.none.i16.s_struct.ap_int.3s' into 'singleNodeLaplacianCalculator(int (*) [2], int (*) [2], int*, ap_int<16> (&) [16][16]) (.1)' (../simplified.cpp:168:47)
INFO: [HLS 214-131] Inlining function '_llvm.fpga.pack.none.i16.s_struct.ap_int.3s' into 'singleNodeLaplacianCalculator(int (*) [2], int (*) [2], int*, ap_int<16> (&) [16][16]) (.1)' (../simplified.cpp:168:47)
INFO: [HLS 214-131] Inlining function '_llvm.fpga.pack.none.i16.s_struct.ap_int.3s' into 'singleNodeLaplacianCalculator(int (*) [2], int (*) [2], int*, ap_int<16> (&) [16][16]) (.1)' (../simplified.cpp:168:47)
INFO: [HLS 214-131] Inlining function '_llvm.fpga.pack.none.i16.s_struct.ap_int.3s' into 'singleNodeLaplacianCalculator(int (*) [2], int (*) [2], int*, ap_int<16> (&) [16][16]) (.1)' (../simplified.cpp:168:47)
INFO: [HLS 214-131] Inlining function '_llvm.fpga.pack.none.i16.s_struct.ap_int.3s' into 'singleNodeLaplacianCalculator(int (*) [2], int (*) [2], int*, ap_int<16> (&) [16][16]) (.1)' (../simplified.cpp:168:47)
INFO: [HLS 214-131] Inlining function '_llvm.fpga.pack.none.i16.s_struct.ap_int.3s' into 'singleNodeLaplacianCalculator(int (*) [2], int (*) [2], int*, ap_int<16> (&) [16][16]) (.1)' (../simplified.cpp:168:47)
INFO: [HLS 214-131] Inlining function '_llvm.fpga.pack.none.i16.s_struct.ap_int.3s' into 'singleNodeLaplacianCalculator(int (*) [2], int (*) [2], int*, ap_int<16> (&) [16][16]) (.1)' (../simplified.cpp:168:47)
INFO: [HLS 214-131] Inlining function '_llvm.fpga.pack.none.i16.s_struct.ap_int.3s' into 'singleNodeLaplacianCalculator(int (*) [2], int (*) [2], int*, ap_int<16> (&) [16][16]) (.1)' (../simplified.cpp:168:47)
INFO: [HLS 214-131] Inlining function '_llvm.fpga.pack.none.i16.s_struct.ap_int.3s' into 'singleNodeLaplacianCalculator(int (*) [2], int (*) [2], int*, ap_int<16> (&) [16][16]) (.1)' (../simplified.cpp:168:47)
INFO: [HLS 214-131] Inlining function '_llvm.fpga.pack.none.i16.s_struct.ap_int.3s' into 'singleNodeLaplacianCalculator(int (*) [2], int (*) [2], int*, ap_int<16> (&) [16][16]) (.1)' (../simplified.cpp:168:47)
INFO: [HLS 214-131] Inlining function '_llvm.fpga.pack.none.i16.s_struct.ap_int.3s' into 'singleNodeLaplacianCalculator(int (*) [2], int (*) [2], int*, ap_int<16> (&) [16][16]) (.1)' (../simplified.cpp:168:47)
INFO: [HLS 214-131] Inlining function '_llvm.fpga.pack.none.i16.s_struct.ap_int.3s' into 'singleNodeLaplacianCalculator(int (*) [2], int (*) [2], int*, ap_int<16> (&) [16][16]) (.1)' (../simplified.cpp:168:47)
INFO: [HLS 214-131] Inlining function '_llvm.fpga.pack.none.i16.s_struct.ap_int.3s' into 'singleNodeLaplacianCalculator(int (*) [2], int (*) [2], int*, ap_int<16> (&) [16][16]) (.1)' (../simplified.cpp:168:47)
INFO: [HLS 214-131] Inlining function '_llvm.fpga.pack.none.i16.s_struct.ap_int.3s' into 'singleNodeLaplacianCalculator(int (*) [2], int (*) [2], int*, ap_int<16> (&) [16][16]) (.1)' (../simplified.cpp:168:47)
INFO: [HLS 214-131] Inlining function '_llvm.fpga.pack.none.i16.s_struct.ap_int.3s' into 'singleNodeLaplacianCalculator(int (*) [2], int (*) [2], int*, ap_int<16> (&) [16][16]) (.1)' (../simplified.cpp:168:47)
INFO: [HLS 214-131] Inlining function '_llvm.fpga.pack.none.i16.s_struct.ap_int.3s' into 'singleNodeLaplacianCalculator(int (*) [2], int (*) [2], int*, ap_int<16> (&) [16][16]) (.1)' (../simplified.cpp:168:47)
INFO: [HLS 214-131] Inlining function '_llvm.fpga.pack.none.i16.s_struct.ap_int.3s' into 'singleNodeLaplacianCalculator(int (*) [2], int (*) [2], int*, ap_int<16> (&) [16][16]) (.1)' (../simplified.cpp:168:47)
INFO: [HLS 214-131] Inlining function '_llvm.fpga.pack.none.i16.s_struct.ap_int.3s' into 'singleNodeLaplacianCalculator(int (*) [2], int (*) [2], int*, ap_int<16> (&) [16][16]) (.1)' (../simplified.cpp:168:47)
INFO: [HLS 214-131] Inlining function '_llvm.fpga.pack.none.i16.s_struct.ap_int.3s' into 'singleNodeLaplacianCalculator(int (*) [2], int (*) [2], int*, ap_int<16> (&) [16][16]) (.1)' (../simplified.cpp:168:47)
INFO: [HLS 214-131] Inlining function '_llvm.fpga.pack.none.i16.s_struct.ap_int.3s' into 'singleNodeLaplacianCalculator(int (*) [2], int (*) [2], int*, ap_int<16> (&) [16][16]) (.1)' (../simplified.cpp:168:47)
INFO: [HLS 214-131] Inlining function '_llvm.fpga.pack.none.i16.s_struct.ap_int.3s' into 'singleNodeLaplacianCalculator(int (*) [2], int (*) [2], int*, ap_int<16> (&) [16][16]) (.1)' (../simplified.cpp:168:47)
INFO: [HLS 214-131] Inlining function '_llvm.fpga.pack.none.i16.s_struct.ap_int.3s' into 'singleNodeLaplacianCalculator(int (*) [2], int (*) [2], int*, ap_int<16> (&) [16][16]) (.1)' (../simplified.cpp:168:47)
INFO: [HLS 214-131] Inlining function '_llvm.fpga.pack.none.i16.s_struct.ap_int.3s' into 'singleNodeLaplacianCalculator(int (*) [2], int (*) [2], int*, ap_int<16> (&) [16][16]) (.1)' (../simplified.cpp:168:47)
INFO: [HLS 214-131] Inlining function '_llvm.fpga.pack.none.i16.s_struct.ap_int.3s' into 'singleNodeLaplacianCalculator(int (*) [2], int (*) [2], int*, ap_int<16> (&) [16][16]) (.1)' (../simplified.cpp:168:47)
INFO: [HLS 214-131] Inlining function '_llvm.fpga.pack.none.i16.s_struct.ap_int.3s' into 'singleNodeLaplacianCalculator(int (*) [2], int (*) [2], int*, ap_int<16> (&) [16][16]) (.1)' (../simplified.cpp:168:47)
INFO: [HLS 214-131] Inlining function '_llvm.fpga.pack.none.i16.s_struct.ap_int.3s' into 'singleNodeLaplacianCalculator(int (*) [2], int (*) [2], int*, ap_int<16> (&) [16][16]) (.1)' (../simplified.cpp:168:47)
INFO: [HLS 214-131] Inlining function '_llvm.fpga.pack.none.i16.s_struct.ap_int.3s' into 'singleNodeLaplacianCalculator(int (*) [2], int (*) [2], int*, ap_int<16> (&) [16][16]) (.1)' (../simplified.cpp:168:47)
INFO: [HLS 214-131] Inlining function '_llvm.fpga.pack.none.i16.s_struct.ap_int.3s' into 'singleNodeLaplacianCalculator(int (*) [2], int (*) [2], int*, ap_int<16> (&) [16][16]) (.1)' (../simplified.cpp:168:47)
INFO: [HLS 214-131] Inlining function '_llvm.fpga.pack.none.i16.s_struct.ap_int.3s' into 'singleNodeLaplacianCalculator(int (*) [2], int (*) [2], int*, ap_int<16> (&) [16][16]) (.1)' (../simplified.cpp:168:47)
INFO: [HLS 214-131] Inlining function '_llvm.fpga.pack.none.i16.s_struct.ap_int.3s' into 'singleNodeLaplacianCalculator(int (*) [2], int (*) [2], int*, ap_int<16> (&) [16][16]) (.1)' (../simplified.cpp:168:47)
INFO: [HLS 214-131] Inlining function '_llvm.fpga.pack.none.i16.s_struct.ap_int.3s' into 'singleNodeLaplacianCalculator(int (*) [2], int (*) [2], int*, ap_int<16> (&) [16][16]) (.1)' (../simplified.cpp:168:47)
INFO: [HLS 214-131] Inlining function '_llvm.fpga.pack.none.i16.s_struct.ap_int.3s' into 'singleNodeLaplacianCalculator(int (*) [2], int (*) [2], int*, ap_int<16> (&) [16][16]) (.1)' (../simplified.cpp:168:47)
INFO: [HLS 214-131] Inlining function '_llvm.fpga.pack.none.i16.s_struct.ap_int.3s' into 'singleNodeLaplacianCalculator(int (*) [2], int (*) [2], int*, ap_int<16> (&) [16][16]) (.1)' (../simplified.cpp:168:47)
INFO: [HLS 214-131] Inlining function '_llvm.fpga.pack.none.i16.s_struct.ap_int.3s' into 'singleNodeLaplacianCalculator(int (*) [2], int (*) [2], int*, ap_int<16> (&) [16][16]) (.1)' (../simplified.cpp:168:47)
INFO: [HLS 214-131] Inlining function '_llvm.fpga.pack.none.i16.s_struct.ap_int.3s' into 'singleNodeLaplacianCalculator(int (*) [2], int (*) [2], int*, ap_int<16> (&) [16][16]) (.1)' (../simplified.cpp:168:47)
INFO: [HLS 214-131] Inlining function '_llvm.fpga.pack.none.i16.s_struct.ap_int.3s' into 'singleNodeLaplacianCalculator(int (*) [2], int (*) [2], int*, ap_int<16> (&) [16][16]) (.1)' (../simplified.cpp:168:47)
INFO: [HLS 214-131] Inlining function '_llvm.fpga.pack.none.i16.s_struct.ap_int.3s' into 'singleNodeLaplacianCalculator(int (*) [2], int (*) [2], int*, ap_int<16> (&) [16][16]) (.1)' (../simplified.cpp:168:47)
INFO: [HLS 214-131] Inlining function '_llvm.fpga.pack.none.i16.s_struct.ap_int.3s' into 'singleNodeLaplacianCalculator(int (*) [2], int (*) [2], int*, ap_int<16> (&) [16][16]) (.1)' (../simplified.cpp:168:47)
INFO: [HLS 214-131] Inlining function '_llvm.fpga.pack.none.i16.s_struct.ap_int.3s' into 'singleNodeLaplacianCalculator(int (*) [2], int (*) [2], int*, ap_int<16> (&) [16][16]) (.1)' (../simplified.cpp:168:47)
INFO: [HLS 214-131] Inlining function '_llvm.fpga.pack.none.i16.s_struct.ap_int.3s' into 'singleNodeLaplacianCalculator(int (*) [2], int (*) [2], int*, ap_int<16> (&) [16][16]) (.1)' (../simplified.cpp:168:47)
INFO: [HLS 214-131] Inlining function '_llvm.fpga.pack.none.i16.s_struct.ap_int.3s' into 'singleNodeLaplacianCalculator(int (*) [2], int (*) [2], int*, ap_int<16> (&) [16][16]) (.1)' (../simplified.cpp:168:47)
INFO: [HLS 214-131] Inlining function '_llvm.fpga.pack.none.i16.s_struct.ap_int.3s' into 'singleNodeLaplacianCalculator(int (*) [2], int (*) [2], int*, ap_int<16> (&) [16][16]) (.1)' (../simplified.cpp:168:47)
INFO: [HLS 214-131] Inlining function '_llvm.fpga.pack.none.i16.s_struct.ap_int.3s' into 'singleNodeLaplacianCalculator(int (*) [2], int (*) [2], int*, ap_int<16> (&) [16][16]) (.1)' (../simplified.cpp:168:47)
INFO: [HLS 214-131] Inlining function '_llvm.fpga.pack.none.i16.s_struct.ap_int.3s' into 'singleNodeLaplacianCalculator(int (*) [2], int (*) [2], int*, ap_int<16> (&) [16][16]) (.1)' (../simplified.cpp:168:47)
INFO: [HLS 214-131] Inlining function '_llvm.fpga.pack.none.i16.s_struct.ap_int.3s' into 'singleNodeLaplacianCalculator(int (*) [2], int (*) [2], int*, ap_int<16> (&) [16][16]) (.1)' (../simplified.cpp:168:47)
INFO: [HLS 214-131] Inlining function '_llvm.fpga.pack.none.i16.s_struct.ap_int.3s' into 'singleNodeLaplacianCalculator(int (*) [2], int (*) [2], int*, ap_int<16> (&) [16][16]) (.1)' (../simplified.cpp:168:47)
INFO: [HLS 214-131] Inlining function '_llvm.fpga.pack.none.i16.s_struct.ap_int.3s' into 'singleNodeLaplacianCalculator(int (*) [2], int (*) [2], int*, ap_int<16> (&) [16][16]) (.1)' (../simplified.cpp:168:47)
INFO: [HLS 214-131] Inlining function '_llvm.fpga.pack.none.i16.s_struct.ap_int.3s' into 'singleNodeLaplacianCalculator(int (*) [2], int (*) [2], int*, ap_int<16> (&) [16][16]) (.1)' (../simplified.cpp:168:47)
INFO: [HLS 214-131] Inlining function '_llvm.fpga.pack.none.i16.s_struct.ap_int.3s' into 'singleNodeLaplacianCalculator(int (*) [2], int (*) [2], int*, ap_int<16> (&) [16][16]) (.1)' (../simplified.cpp:168:47)
INFO: [HLS 214-131] Inlining function '_llvm.fpga.pack.none.i16.s_struct.ap_int.3s' into 'singleNodeLaplacianCalculator(int (*) [2], int (*) [2], int*, ap_int<16> (&) [16][16]) (.1)' (../simplified.cpp:168:47)
INFO: [HLS 214-131] Inlining function '_llvm.fpga.pack.none.i16.s_struct.ap_int.3s' into 'singleNodeLaplacianCalculator(int (*) [2], int (*) [2], int*, ap_int<16> (&) [16][16]) (.1)' (../simplified.cpp:168:47)
INFO: [HLS 214-131] Inlining function '_llvm.fpga.pack.none.i16.s_struct.ap_int.3s' into 'singleNodeLaplacianCalculator(int (*) [2], int (*) [2], int*, ap_int<16> (&) [16][16]) (.1)' (../simplified.cpp:168:47)
INFO: [HLS 214-131] Inlining function '_llvm.fpga.pack.none.i16.s_struct.ap_int.3s' into 'singleNodeLaplacianCalculator(int (*) [2], int (*) [2], int*, ap_int<16> (&) [16][16]) (.1)' (../simplified.cpp:168:47)
INFO: [HLS 214-131] Inlining function '_llvm.fpga.pack.none.i16.s_struct.ap_int.3s' into 'singleNodeLaplacianCalculator(int (*) [2], int (*) [2], int*, ap_int<16> (&) [16][16]) (.1)' (../simplified.cpp:168:47)
INFO: [HLS 214-131] Inlining function '_llvm.fpga.pack.none.i16.s_struct.ap_int.3s' into 'singleNodeLaplacianCalculator(int (*) [2], int (*) [2], int*, ap_int<16> (&) [16][16]) (.1)' (../simplified.cpp:168:47)
INFO: [HLS 214-131] Inlining function '_llvm.fpga.pack.none.i16.s_struct.ap_int.3s' into 'singleNodeLaplacianCalculator(int (*) [2], int (*) [2], int*, ap_int<16> (&) [16][16]) (.1)' (../simplified.cpp:168:47)
INFO: [HLS 214-131] Inlining function '_llvm.fpga.pack.none.i16.s_struct.ap_int.3s' into 'singleNodeLaplacianCalculator(int (*) [2], int (*) [2], int*, ap_int<16> (&) [16][16]) (.1)' (../simplified.cpp:168:47)
INFO: [HLS 214-131] Inlining function '_llvm.fpga.pack.none.i16.s_struct.ap_int.3s' into 'singleNodeLaplacianCalculator(int (*) [2], int (*) [2], int*, ap_int<16> (&) [16][16]) (.1)' (../simplified.cpp:168:47)
INFO: [HLS 214-131] Inlining function '_llvm.fpga.pack.none.i16.s_struct.ap_int.3s' into 'singleNodeLaplacianCalculator(int (*) [2], int (*) [2], int*, ap_int<16> (&) [16][16]) (.1)' (../simplified.cpp:168:47)
INFO: [HLS 214-131] Inlining function '_llvm.fpga.pack.none.i16.s_struct.ap_int.3s' into 'singleNodeLaplacianCalculator(int (*) [2], int (*) [2], int*, ap_int<16> (&) [16][16]) (.1)' (../simplified.cpp:168:47)
INFO: [HLS 214-131] Inlining function '_llvm.fpga.pack.none.i16.s_struct.ap_int.3s' into 'singleNodeLaplacianCalculator(int (*) [2], int (*) [2], int*, ap_int<16> (&) [16][16]) (.1)' (../simplified.cpp:168:47)
INFO: [HLS 214-131] Inlining function '_llvm.fpga.pack.none.i16.s_struct.ap_int.3s' into 'singleNodeLaplacianCalculator(int (*) [2], int (*) [2], int*, ap_int<16> (&) [16][16]) (.1)' (../simplified.cpp:168:47)
INFO: [HLS 214-131] Inlining function '_llvm.fpga.pack.none.i16.s_struct.ap_int.3s' into 'singleNodeLaplacianCalculator(int (*) [2], int (*) [2], int*, ap_int<16> (&) [16][16]) (.1)' (../simplified.cpp:168:47)
INFO: [HLS 214-131] Inlining function '_llvm.fpga.pack.none.i16.s_struct.ap_int.3s' into 'singleNodeLaplacianCalculator(int (*) [2], int (*) [2], int*, ap_int<16> (&) [16][16]) (.1)' (../simplified.cpp:168:47)
INFO: [HLS 214-131] Inlining function '_llvm.fpga.pack.none.i16.s_struct.ap_int.3s' into 'singleNodeLaplacianCalculator(int (*) [2], int (*) [2], int*, ap_int<16> (&) [16][16]) (.1)' (../simplified.cpp:168:47)
INFO: [HLS 214-131] Inlining function '_llvm.fpga.pack.none.i16.s_struct.ap_int.3s' into 'singleNodeLaplacianCalculator(int (*) [2], int (*) [2], int*, ap_int<16> (&) [16][16]) (.1)' (../simplified.cpp:168:47)
INFO: [HLS 214-131] Inlining function '_llvm.fpga.pack.none.i16.s_struct.ap_int.3s' into 'singleNodeLaplacianCalculator(int (*) [2], int (*) [2], int*, ap_int<16> (&) [16][16]) (.1)' (../simplified.cpp:168:47)
INFO: [HLS 214-131] Inlining function '_llvm.fpga.pack.none.i16.s_struct.ap_int.3s' into 'singleNodeLaplacianCalculator(int (*) [2], int (*) [2], int*, ap_int<16> (&) [16][16]) (.1)' (../simplified.cpp:168:47)
INFO: [HLS 214-131] Inlining function '_llvm.fpga.pack.none.i16.s_struct.ap_int.3s' into 'singleNodeLaplacianCalculator(int (*) [2], int (*) [2], int*, ap_int<16> (&) [16][16]) (.1)' (../simplified.cpp:168:47)
INFO: [HLS 214-131] Inlining function '_llvm.fpga.pack.none.i16.s_struct.ap_int.3s' into 'singleNodeLaplacianCalculator(int (*) [2], int (*) [2], int*, ap_int<16> (&) [16][16]) (.1)' (../simplified.cpp:168:47)
INFO: [HLS 214-131] Inlining function '_llvm.fpga.pack.none.i16.s_struct.ap_int.3s' into 'singleNodeLaplacianCalculator(int (*) [2], int (*) [2], int*, ap_int<16> (&) [16][16]) (.1)' (../simplified.cpp:168:47)
INFO: [HLS 214-131] Inlining function '_llvm.fpga.pack.none.i16.s_struct.ap_int.3s' into 'singleNodeLaplacianCalculator(int (*) [2], int (*) [2], int*, ap_int<16> (&) [16][16]) (.1)' (../simplified.cpp:168:47)
INFO: [HLS 214-131] Inlining function '_llvm.fpga.pack.none.i16.s_struct.ap_int.3s' into 'singleNodeLaplacianCalculator(int (*) [2], int (*) [2], int*, ap_int<16> (&) [16][16]) (.1)' (../simplified.cpp:168:47)
INFO: [HLS 214-131] Inlining function '_llvm.fpga.pack.none.i16.s_struct.ap_int.3s' into 'singleNodeLaplacianCalculator(int (*) [2], int (*) [2], int*, ap_int<16> (&) [16][16]) (.1)' (../simplified.cpp:168:47)
INFO: [HLS 214-131] Inlining function '_llvm.fpga.pack.none.i16.s_struct.ap_int.3s' into 'singleNodeLaplacianCalculator(int (*) [2], int (*) [2], int*, ap_int<16> (&) [16][16]) (.1)' (../simplified.cpp:168:47)
INFO: [HLS 214-131] Inlining function '_llvm.fpga.pack.none.i16.s_struct.ap_int.3s' into 'singleNodeLaplacianCalculator(int (*) [2], int (*) [2], int*, ap_int<16> (&) [16][16]) (.1)' (../simplified.cpp:168:47)
INFO: [HLS 214-131] Inlining function '_llvm.fpga.pack.none.i16.s_struct.ap_int.3s' into 'singleNodeLaplacianCalculator(int (*) [2], int (*) [2], int*, ap_int<16> (&) [16][16]) (.1)' (../simplified.cpp:168:47)
INFO: [HLS 214-131] Inlining function '_llvm.fpga.pack.none.i16.s_struct.ap_int.3s' into 'singleNodeLaplacianCalculator(int (*) [2], int (*) [2], int*, ap_int<16> (&) [16][16]) (.1)' (../simplified.cpp:168:47)
INFO: [HLS 214-131] Inlining function '_llvm.fpga.pack.none.i16.s_struct.ap_int.3s' into 'singleNodeLaplacianCalculator(int (*) [2], int (*) [2], int*, ap_int<16> (&) [16][16]) (.1)' (../simplified.cpp:168:47)
INFO: [HLS 214-131] Inlining function '_llvm.fpga.pack.none.i16.s_struct.ap_int.3s' into 'singleNodeLaplacianCalculator(int (*) [2], int (*) [2], int*, ap_int<16> (&) [16][16]) (.1)' (../simplified.cpp:168:47)
INFO: [HLS 214-131] Inlining function '_llvm.fpga.pack.none.i16.s_struct.ap_int.3s' into 'singleNodeLaplacianCalculator(int (*) [2], int (*) [2], int*, ap_int<16> (&) [16][16]) (.1)' (../simplified.cpp:168:47)
INFO: [HLS 214-131] Inlining function '_llvm.fpga.pack.none.i16.s_struct.ap_int.3s' into 'singleNodeLaplacianCalculator(int (*) [2], int (*) [2], int*, ap_int<16> (&) [16][16]) (.1)' (../simplified.cpp:168:47)
INFO: [HLS 214-131] Inlining function '_llvm.fpga.pack.none.i16.s_struct.ap_int.3s' into 'singleNodeLaplacianCalculator(int (*) [2], int (*) [2], int*, ap_int<16> (&) [16][16]) (.1)' (../simplified.cpp:168:47)
INFO: [HLS 214-131] Inlining function '_llvm.fpga.pack.none.i16.s_struct.ap_int.3s' into 'singleNodeLaplacianCalculator(int (*) [2], int (*) [2], int*, ap_int<16> (&) [16][16]) (.1)' (../simplified.cpp:168:47)
INFO: [HLS 214-131] Inlining function '_llvm.fpga.pack.none.i16.s_struct.ap_int.3s' into 'singleNodeLaplacianCalculator(int (*) [2], int (*) [2], int*, ap_int<16> (&) [16][16]) (.1)' (../simplified.cpp:168:47)
INFO: [HLS 214-131] Inlining function '_llvm.fpga.pack.none.i16.s_struct.ap_int.3s' into 'singleNodeLaplacianCalculator(int (*) [2], int (*) [2], int*, ap_int<16> (&) [16][16]) (.1)' (../simplified.cpp:168:47)
INFO: [HLS 214-131] Inlining function '_llvm.fpga.pack.none.i16.s_struct.ap_int.3s' into 'singleNodeLaplacianCalculator(int (*) [2], int (*) [2], int*, ap_int<16> (&) [16][16]) (.1)' (../simplified.cpp:168:47)
INFO: [HLS 214-131] Inlining function '_llvm.fpga.pack.none.i16.s_struct.ap_int.3s' into 'singleNodeLaplacianCalculator(int (*) [2], int (*) [2], int*, ap_int<16> (&) [16][16]) (.1)' (../simplified.cpp:168:47)
INFO: [HLS 214-131] Inlining function '_llvm.fpga.pack.none.i16.s_struct.ap_int.3s' into 'singleNodeLaplacianCalculator(int (*) [2], int (*) [2], int*, ap_int<16> (&) [16][16]) (.1)' (../simplified.cpp:168:47)
INFO: [HLS 214-131] Inlining function '_llvm.fpga.pack.none.i16.s_struct.ap_int.3s' into 'singleNodeLaplacianCalculator(int (*) [2], int (*) [2], int*, ap_int<16> (&) [16][16]) (.1)' (../simplified.cpp:168:47)
INFO: [HLS 214-131] Inlining function '_llvm.fpga.pack.none.i16.s_struct.ap_int.3s' into 'singleNodeLaplacianCalculator(int (*) [2], int (*) [2], int*, ap_int<16> (&) [16][16]) (.1)' (../simplified.cpp:168:47)
INFO: [HLS 214-131] Inlining function '_llvm.fpga.pack.none.i16.s_struct.ap_int.3s' into 'singleNodeLaplacianCalculator(int (*) [2], int (*) [2], int*, ap_int<16> (&) [16][16]) (.1)' (../simplified.cpp:168:47)
INFO: [HLS 214-131] Inlining function '_llvm.fpga.pack.none.i16.s_struct.ap_int.3s' into 'singleNodeLaplacianCalculator(int (*) [2], int (*) [2], int*, ap_int<16> (&) [16][16]) (.1)' (../simplified.cpp:168:47)
INFO: [HLS 214-131] Inlining function '_llvm.fpga.pack.none.i16.s_struct.ap_int.3s' into 'singleNodeLaplacianCalculator(int (*) [2], int (*) [2], int*, ap_int<16> (&) [16][16]) (.1)' (../simplified.cpp:168:47)
INFO: [HLS 214-131] Inlining function '_llvm.fpga.pack.none.i16.s_struct.ap_int.3s' into 'singleNodeLaplacianCalculator(int (*) [2], int (*) [2], int*, ap_int<16> (&) [16][16]) (.1)' (../simplified.cpp:168:47)
INFO: [HLS 214-131] Inlining function '_llvm.fpga.pack.none.i16.s_struct.ap_int.3s' into 'singleNodeLaplacianCalculator(int (*) [2], int (*) [2], int*, ap_int<16> (&) [16][16]) (.1)' (../simplified.cpp:168:47)
INFO: [HLS 214-131] Inlining function '_llvm.fpga.pack.none.i16.s_struct.ap_int.3s' into 'singleNodeLaplacianCalculator(int (*) [2], int (*) [2], int*, ap_int<16> (&) [16][16]) (.1)' (../simplified.cpp:168:47)
INFO: [HLS 214-131] Inlining function '_llvm.fpga.pack.none.i16.s_struct.ap_int.3s' into 'singleNodeLaplacianCalculator(int (*) [2], int (*) [2], int*, ap_int<16> (&) [16][16]) (.1)' (../simplified.cpp:168:47)
INFO: [HLS 214-131] Inlining function '_llvm.fpga.pack.none.i16.s_struct.ap_int.3s' into 'singleNodeLaplacianCalculator(int (*) [2], int (*) [2], int*, ap_int<16> (&) [16][16]) (.1)' (../simplified.cpp:168:47)
INFO: [HLS 214-131] Inlining function '_llvm.fpga.pack.none.i16.s_struct.ap_int.3s' into 'singleNodeLaplacianCalculator(int (*) [2], int (*) [2], int*, ap_int<16> (&) [16][16]) (.1)' (../simplified.cpp:168:47)
INFO: [HLS 214-131] Inlining function '_llvm.fpga.pack.none.i16.s_struct.ap_int.3s' into 'singleNodeLaplacianCalculator(int (*) [2], int (*) [2], int*, ap_int<16> (&) [16][16]) (.1)' (../simplified.cpp:168:47)
INFO: [HLS 214-131] Inlining function '_llvm.fpga.pack.none.i16.s_struct.ap_int.3s' into 'singleNodeLaplacianCalculator(int (*) [2], int (*) [2], int*, ap_int<16> (&) [16][16]) (.1)' (../simplified.cpp:168:47)
INFO: [HLS 214-131] Inlining function '_llvm.fpga.pack.none.i16.s_struct.ap_int.3s' into 'singleNodeLaplacianCalculator(int (*) [2], int (*) [2], int*, ap_int<16> (&) [16][16]) (.1)' (../simplified.cpp:168:47)
INFO: [HLS 214-131] Inlining function '_llvm.fpga.pack.none.i16.s_struct.ap_int.3s' into 'singleNodeLaplacianCalculator(int (*) [2], int (*) [2], int*, ap_int<16> (&) [16][16]) (.1)' (../simplified.cpp:168:47)
INFO: [HLS 214-131] Inlining function '_llvm.fpga.pack.none.i16.s_struct.ap_int.3s' into 'singleNodeLaplacianCalculator(int (*) [2], int (*) [2], int*, ap_int<16> (&) [16][16]) (.1)' (../simplified.cpp:168:47)
INFO: [HLS 214-131] Inlining function '_llvm.fpga.pack.none.i16.s_struct.ap_int.3s' into 'singleNodeLaplacianCalculator(int (*) [2], int (*) [2], int*, ap_int<16> (&) [16][16]) (.1)' (../simplified.cpp:168:47)
INFO: [HLS 214-131] Inlining function '_llvm.fpga.pack.none.i16.s_struct.ap_int.3s' into 'singleNodeLaplacianCalculator(int (*) [2], int (*) [2], int*, ap_int<16> (&) [16][16]) (.1)' (../simplified.cpp:168:47)
INFO: [HLS 214-131] Inlining function '_llvm.fpga.pack.none.i16.s_struct.ap_int.3s' into 'singleNodeLaplacianCalculator(int (*) [2], int (*) [2], int*, ap_int<16> (&) [16][16]) (.1)' (../simplified.cpp:168:47)
INFO: [HLS 214-131] Inlining function '_llvm.fpga.pack.none.i16.s_struct.ap_int.3s' into 'singleNodeLaplacianCalculator(int (*) [2], int (*) [2], int*, ap_int<16> (&) [16][16]) (.1)' (../simplified.cpp:168:47)
INFO: [HLS 214-131] Inlining function '_llvm.fpga.pack.none.i16.s_struct.ap_int.3s' into 'singleNodeLaplacianCalculator(int (*) [2], int (*) [2], int*, ap_int<16> (&) [16][16]) (.1)' (../simplified.cpp:168:47)
INFO: [HLS 214-131] Inlining function '_llvm.fpga.pack.none.i16.s_struct.ap_int.3s' into 'singleNodeLaplacianCalculator(int (*) [2], int (*) [2], int*, ap_int<16> (&) [16][16]) (.1)' (../simplified.cpp:168:47)
INFO: [HLS 214-131] Inlining function '_llvm.fpga.pack.none.i16.s_struct.ap_int.3s' into 'singleNodeLaplacianCalculator(int (*) [2], int (*) [2], int*, ap_int<16> (&) [16][16]) (.1)' (../simplified.cpp:168:47)
INFO: [HLS 214-131] Inlining function '_llvm.fpga.pack.none.i16.s_struct.ap_int.3s' into 'singleNodeLaplacianCalculator(int (*) [2], int (*) [2], int*, ap_int<16> (&) [16][16]) (.1)' (../simplified.cpp:168:47)
INFO: [HLS 214-131] Inlining function '_llvm.fpga.pack.none.i16.s_struct.ap_int.3s' into 'singleNodeLaplacianCalculator(int (*) [2], int (*) [2], int*, ap_int<16> (&) [16][16]) (.1)' (../simplified.cpp:168:47)
INFO: [HLS 214-131] Inlining function '_llvm.fpga.pack.none.i16.s_struct.ap_int.3s' into 'singleNodeLaplacianCalculator(int (*) [2], int (*) [2], int*, ap_int<16> (&) [16][16]) (.1)' (../simplified.cpp:168:47)
INFO: [HLS 214-131] Inlining function '_llvm.fpga.pack.none.i16.s_struct.ap_int.3s' into 'singleNodeLaplacianCalculator(int (*) [2], int (*) [2], int*, ap_int<16> (&) [16][16]) (.1)' (../simplified.cpp:168:47)
INFO: [HLS 214-131] Inlining function '_llvm.fpga.pack.none.i16.s_struct.ap_int.3s' into 'singleNodeLaplacianCalculator(int (*) [2], int (*) [2], int*, ap_int<16> (&) [16][16]) (.1)' (../simplified.cpp:168:47)
INFO: [HLS 214-131] Inlining function '_llvm.fpga.pack.none.i16.s_struct.ap_int.3s' into 'singleNodeLaplacianCalculator(int (*) [2], int (*) [2], int*, ap_int<16> (&) [16][16]) (.1)' (../simplified.cpp:168:47)
INFO: [HLS 214-131] Inlining function '_llvm.fpga.pack.none.i16.s_struct.ap_int.3s' into 'singleNodeLaplacianCalculator(int (*) [2], int (*) [2], int*, ap_int<16> (&) [16][16]) (.1)' (../simplified.cpp:168:47)
INFO: [HLS 214-131] Inlining function '_llvm.fpga.pack.none.i16.s_struct.ap_int.3s' into 'singleNodeLaplacianCalculator(int (*) [2], int (*) [2], int*, ap_int<16> (&) [16][16]) (.1)' (../simplified.cpp:168:47)
INFO: [HLS 214-131] Inlining function '_llvm.fpga.pack.none.i16.s_struct.ap_int.3s' into 'singleNodeLaplacianCalculator(int (*) [2], int (*) [2], int*, ap_int<16> (&) [16][16]) (.1)' (../simplified.cpp:168:47)
INFO: [HLS 214-131] Inlining function '_llvm.fpga.pack.none.i16.s_struct.ap_int.3s' into 'singleNodeLaplacianCalculator(int (*) [2], int (*) [2], int*, ap_int<16> (&) [16][16]) (.1)' (../simplified.cpp:168:47)
INFO: [HLS 214-131] Inlining function '_llvm.fpga.pack.none.i16.s_struct.ap_int.3s' into 'singleNodeLaplacianCalculator(int (*) [2], int (*) [2], int*, ap_int<16> (&) [16][16]) (.1)' (../simplified.cpp:168:47)
INFO: [HLS 214-131] Inlining function '_llvm.fpga.pack.none.i16.s_struct.ap_int.3s' into 'singleNodeLaplacianCalculator(int (*) [2], int (*) [2], int*, ap_int<16> (&) [16][16]) (.1)' (../simplified.cpp:168:47)
INFO: [HLS 214-131] Inlining function '_llvm.fpga.pack.none.i16.s_struct.ap_int.3s' into 'singleNodeLaplacianCalculator(int (*) [2], int (*) [2], int*, ap_int<16> (&) [16][16]) (.1)' (../simplified.cpp:168:47)
INFO: [HLS 214-131] Inlining function '_llvm.fpga.pack.none.i16.s_struct.ap_int.3s' into 'singleNodeLaplacianCalculator(int (*) [2], int (*) [2], int*, ap_int<16> (&) [16][16]) (.1)' (../simplified.cpp:168:47)
INFO: [HLS 214-131] Inlining function '_llvm.fpga.pack.none.i16.s_struct.ap_int.3s' into 'singleNodeLaplacianCalculator(int (*) [2], int (*) [2], int*, ap_int<16> (&) [16][16]) (.1)' (../simplified.cpp:168:47)
INFO: [HLS 214-131] Inlining function '_llvm.fpga.pack.none.i16.s_struct.ap_int.3s' into 'singleNodeLaplacianCalculator(int (*) [2], int (*) [2], int*, ap_int<16> (&) [16][16]) (.1)' (../simplified.cpp:168:47)
INFO: [HLS 214-131] Inlining function '_llvm.fpga.pack.none.i16.s_struct.ap_int.3s' into 'singleNodeLaplacianCalculator(int (*) [2], int (*) [2], int*, ap_int<16> (&) [16][16]) (.1)' (../simplified.cpp:168:47)
INFO: [HLS 214-131] Inlining function '_llvm.fpga.pack.none.i16.s_struct.ap_int.3s' into 'singleNodeLaplacianCalculator(int (*) [2], int (*) [2], int*, ap_int<16> (&) [16][16]) (.1)' (../simplified.cpp:168:47)
INFO: [HLS 214-131] Inlining function '_llvm.fpga.pack.none.i16.s_struct.ap_int.3s' into 'singleNodeLaplacianCalculator(int (*) [2], int (*) [2], int*, ap_int<16> (&) [16][16]) (.1)' (../simplified.cpp:168:47)
INFO: [HLS 214-131] Inlining function '_llvm.fpga.pack.none.i16.s_struct.ap_int.3s' into 'singleNodeLaplacianCalculator(int (*) [2], int (*) [2], int*, ap_int<16> (&) [16][16]) (.1)' (../simplified.cpp:168:47)
INFO: [HLS 214-131] Inlining function '_llvm.fpga.pack.none.i16.s_struct.ap_int.3s' into 'singleNodeLaplacianCalculator(int (*) [2], int (*) [2], int*, ap_int<16> (&) [16][16]) (.1)' (../simplified.cpp:168:47)
INFO: [HLS 214-131] Inlining function '_llvm.fpga.pack.none.i16.s_struct.ap_int.3s' into 'singleNodeLaplacianCalculator(int (*) [2], int (*) [2], int*, ap_int<16> (&) [16][16]) (.1)' (../simplified.cpp:168:47)
INFO: [HLS 214-131] Inlining function '_llvm.fpga.pack.none.i16.s_struct.ap_int.3s' into 'singleNodeLaplacianCalculator(int (*) [2], int (*) [2], int*, ap_int<16> (&) [16][16]) (.1)' (../simplified.cpp:168:47)
INFO: [HLS 214-131] Inlining function '_llvm.fpga.pack.none.i16.s_struct.ap_int.3s' into 'singleNodeLaplacianCalculator(int (*) [2], int (*) [2], int*, ap_int<16> (&) [16][16]) (.1)' (../simplified.cpp:168:47)
INFO: [HLS 214-131] Inlining function '_llvm.fpga.pack.none.i16.s_struct.ap_int.3s' into 'singleNodeLaplacianCalculator(int (*) [2], int (*) [2], int*, ap_int<16> (&) [16][16]) (.1)' (../simplified.cpp:168:47)
INFO: [HLS 214-131] Inlining function '_llvm.fpga.pack.none.i16.s_struct.ap_int.3s' into 'singleNodeLaplacianCalculator(int (*) [2], int (*) [2], int*, ap_int<16> (&) [16][16]) (.1)' (../simplified.cpp:168:47)
INFO: [HLS 214-131] Inlining function '_llvm.fpga.pack.none.i16.s_struct.ap_int.3s' into 'singleNodeLaplacianCalculator(int (*) [2], int (*) [2], int*, ap_int<16> (&) [16][16]) (.1)' (../simplified.cpp:168:47)
INFO: [HLS 214-131] Inlining function '_llvm.fpga.pack.none.i16.s_struct.ap_int.3s' into 'singleNodeLaplacianCalculator(int (*) [2], int (*) [2], int*, ap_int<16> (&) [16][16]) (.1)' (../simplified.cpp:168:47)
INFO: [HLS 214-131] Inlining function '_llvm.fpga.pack.none.i16.s_struct.ap_int.3s' into 'singleNodeLaplacianCalculator(int (*) [2], int (*) [2], int*, ap_int<16> (&) [16][16]) (.1)' (../simplified.cpp:168:47)
INFO: [HLS 214-131] Inlining function '_llvm.fpga.pack.none.i16.s_struct.ap_int.3s' into 'singleNodeLaplacianCalculator(int (*) [2], int (*) [2], int*, ap_int<16> (&) [16][16]) (.1)' (../simplified.cpp:168:47)
INFO: [HLS 214-131] Inlining function '_llvm.fpga.pack.none.i16.s_struct.ap_int.3s' into 'singleNodeLaplacianCalculator(int (*) [2], int (*) [2], int*, ap_int<16> (&) [16][16]) (.1)' (../simplified.cpp:168:47)
INFO: [HLS 214-131] Inlining function '_llvm.fpga.pack.none.i16.s_struct.ap_int.3s' into 'singleNodeLaplacianCalculator(int (*) [2], int (*) [2], int*, ap_int<16> (&) [16][16]) (.1)' (../simplified.cpp:168:47)
INFO: [HLS 214-131] Inlining function '_llvm.fpga.pack.none.i16.s_struct.ap_int.3s' into 'singleNodeLaplacianCalculator(int (*) [2], int (*) [2], int*, ap_int<16> (&) [16][16]) (.1)' (../simplified.cpp:168:47)
INFO: [HLS 214-131] Inlining function '_llvm.fpga.pack.none.i16.s_struct.ap_int.3s' into 'singleNodeLaplacianCalculator(int (*) [2], int (*) [2], int*, ap_int<16> (&) [16][16]) (.1)' (../simplified.cpp:168:47)
INFO: [HLS 214-131] Inlining function '_llvm.fpga.pack.none.i16.s_struct.ap_int.3s' into 'singleNodeLaplacianCalculator(int (*) [2], int (*) [2], int*, ap_int<16> (&) [16][16]) (.1)' (../simplified.cpp:168:47)
INFO: [HLS 214-131] Inlining function '_llvm.fpga.pack.none.i16.s_struct.ap_int.3s' into 'singleNodeLaplacianCalculator(int (*) [2], int (*) [2], int*, ap_int<16> (&) [16][16]) (.1)' (../simplified.cpp:168:47)
INFO: [HLS 214-131] Inlining function '_llvm.fpga.pack.none.i16.s_struct.ap_int.3s' into 'singleNodeLaplacianCalculator(int (*) [2], int (*) [2], int*, ap_int<16> (&) [16][16]) (.1)' (../simplified.cpp:168:47)
INFO: [HLS 214-131] Inlining function '_llvm.fpga.pack.none.i16.s_struct.ap_int.3s' into 'singleNodeLaplacianCalculator(int (*) [2], int (*) [2], int*, ap_int<16> (&) [16][16]) (.1)' (../simplified.cpp:168:47)
INFO: [HLS 214-131] Inlining function '_llvm.fpga.pack.none.i16.s_struct.ap_int.3s' into 'singleNodeLaplacianCalculator(int (*) [2], int (*) [2], int*, ap_int<16> (&) [16][16]) (.1)' (../simplified.cpp:168:47)
INFO: [HLS 214-131] Inlining function '_llvm.fpga.pack.none.i16.s_struct.ap_int.3s' into 'singleNodeLaplacianCalculator(int (*) [2], int (*) [2], int*, ap_int<16> (&) [16][16]) (.1)' (../simplified.cpp:168:47)
INFO: [HLS 214-131] Inlining function '_llvm.fpga.pack.none.i16.s_struct.ap_int.3s' into 'singleNodeLaplacianCalculator(int (*) [2], int (*) [2], int*, ap_int<16> (&) [16][16]) (.1)' (../simplified.cpp:168:47)
INFO: [HLS 214-131] Inlining function '_llvm.fpga.pack.none.i16.s_struct.ap_int.3s' into 'singleNodeLaplacianCalculator(int (*) [2], int (*) [2], int*, ap_int<16> (&) [16][16]) (.1)' (../simplified.cpp:168:47)
INFO: [HLS 214-131] Inlining function '_llvm.fpga.pack.none.i16.s_struct.ap_int.3s' into 'singleNodeLaplacianCalculator(int (*) [2], int (*) [2], int*, ap_int<16> (&) [16][16]) (.1)' (../simplified.cpp:168:47)
INFO: [HLS 214-131] Inlining function '_llvm.fpga.pack.none.i16.s_struct.ap_int.3s' into 'singleNodeLaplacianCalculator(int (*) [2], int (*) [2], int*, ap_int<16> (&) [16][16]) (.1)' (../simplified.cpp:168:47)
INFO: [HLS 214-131] Inlining function '_llvm.fpga.pack.none.i16.s_struct.ap_int.3s' into 'singleNodeLaplacianCalculator(int (*) [2], int (*) [2], int*, ap_int<16> (&) [16][16]) (.1)' (../simplified.cpp:168:47)
INFO: [HLS 214-131] Inlining function '_llvm.fpga.pack.none.i16.s_struct.ap_int.3s' into 'singleNodeLaplacianCalculator(int (*) [2], int (*) [2], int*, ap_int<16> (&) [16][16]) (.1)' (../simplified.cpp:168:47)
INFO: [HLS 214-131] Inlining function '_llvm.fpga.pack.none.i16.s_struct.ap_int.3s' into 'singleNodeLaplacianCalculator(int (*) [2], int (*) [2], int*, ap_int<16> (&) [16][16]) (.1)' (../simplified.cpp:168:47)
INFO: [HLS 214-131] Inlining function '_llvm.fpga.pack.none.i16.s_struct.ap_int.3s' into 'singleNodeLaplacianCalculator(int (*) [2], int (*) [2], int*, ap_int<16> (&) [16][16]) (.1)' (../simplified.cpp:168:47)
INFO: [HLS 214-131] Inlining function '_llvm.fpga.pack.none.i16.s_struct.ap_int.3s' into 'singleNodeLaplacianCalculator(int (*) [2], int (*) [2], int*, ap_int<16> (&) [16][16]) (.1)' (../simplified.cpp:168:47)
INFO: [HLS 214-131] Inlining function '_llvm.fpga.pack.none.i16.s_struct.ap_int.3s' into 'singleNodeLaplacianCalculator(int (*) [2], int (*) [2], int*, ap_int<16> (&) [16][16]) (.1)' (../simplified.cpp:168:47)
INFO: [HLS 214-131] Inlining function '_llvm.fpga.pack.none.i16.s_struct.ap_int.3s' into 'singleNodeLaplacianCalculator(int (*) [2], int (*) [2], int*, ap_int<16> (&) [16][16]) (.1)' (../simplified.cpp:168:47)
INFO: [HLS 214-131] Inlining function '_llvm.fpga.pack.none.i16.s_struct.ap_int.3s' into 'singleNodeLaplacianCalculator(int (*) [2], int (*) [2], int*, ap_int<16> (&) [16][16]) (.1)' (../simplified.cpp:168:47)
INFO: [HLS 214-131] Inlining function '_llvm.fpga.pack.none.i16.s_struct.ap_int.3s' into 'singleNodeLaplacianCalculator(int (*) [2], int (*) [2], int*, ap_int<16> (&) [16][16]) (.1)' (../simplified.cpp:168:47)
INFO: [HLS 214-131] Inlining function '_llvm.fpga.pack.none.i16.s_struct.ap_int.3s' into 'singleNodeLaplacianCalculator(int (*) [2], int (*) [2], int*, ap_int<16> (&) [16][16]) (.1)' (../simplified.cpp:168:47)
INFO: [HLS 214-131] Inlining function '_llvm.fpga.pack.none.i16.s_struct.ap_int.3s' into 'singleNodeLaplacianCalculator(int (*) [2], int (*) [2], int*, ap_int<16> (&) [16][16]) (.1)' (../simplified.cpp:168:47)
INFO: [HLS 214-131] Inlining function '_llvm.fpga.pack.none.i16.s_struct.ap_int.3s' into 'singleNodeLaplacianCalculator(int (*) [2], int (*) [2], int*, ap_int<16> (&) [16][16]) (.1)' (../simplified.cpp:168:47)
INFO: [HLS 214-131] Inlining function '_llvm.fpga.pack.none.i16.s_struct.ap_int.3s' into 'singleNodeLaplacianCalculator(int (*) [2], int (*) [2], int*, ap_int<16> (&) [16][16]) (.1)' (../simplified.cpp:168:47)
INFO: [HLS 214-131] Inlining function '_llvm.fpga.pack.none.i16.s_struct.ap_int.3s' into 'singleNodeLaplacianCalculator(int (*) [2], int (*) [2], int*, ap_int<16> (&) [16][16]) (.1)' (../simplified.cpp:168:47)
INFO: [HLS 214-131] Inlining function '_llvm.fpga.pack.none.i16.s_struct.ap_int.3s' into 'singleNodeLaplacianCalculator(int (*) [2], int (*) [2], int*, ap_int<16> (&) [16][16]) (.1)' (../simplified.cpp:168:47)
INFO: [HLS 214-131] Inlining function '_llvm.fpga.pack.none.i16.s_struct.ap_int.3s' into 'singleNodeLaplacianCalculator(int (*) [2], int (*) [2], int*, ap_int<16> (&) [16][16]) (.1)' (../simplified.cpp:168:47)
INFO: [HLS 214-131] Inlining function '_llvm.fpga.pack.none.i16.s_struct.ap_int.3s' into 'singleNodeLaplacianCalculator(int (*) [2], int (*) [2], int*, ap_int<16> (&) [16][16]) (.1)' (../simplified.cpp:168:47)
INFO: [HLS 214-131] Inlining function '_llvm.fpga.pack.none.i16.s_struct.ap_int.3s' into 'singleNodeLaplacianCalculator(int (*) [2], int (*) [2], int*, ap_int<16> (&) [16][16]) (.1)' (../simplified.cpp:168:47)
INFO: [HLS 214-131] Inlining function '_llvm.fpga.pack.none.i16.s_struct.ap_int.3s' into 'singleNodeLaplacianCalculator(int (*) [2], int (*) [2], int*, ap_int<16> (&) [16][16]) (.1)' (../simplified.cpp:168:47)
INFO: [HLS 214-131] Inlining function '_llvm.fpga.pack.none.i16.s_struct.ap_int.3s' into 'singleNodeLaplacianCalculator(int (*) [2], int (*) [2], int*, ap_int<16> (&) [16][16]) (.1)' (../simplified.cpp:168:47)
INFO: [HLS 214-131] Inlining function '_llvm.fpga.pack.none.i16.s_struct.ap_int.3s' into 'singleNodeLaplacianCalculator(int (*) [2], int (*) [2], int*, ap_int<16> (&) [16][16]) (.1)' (../simplified.cpp:168:47)
INFO: [HLS 214-131] Inlining function '_llvm.fpga.pack.none.i16.s_struct.ap_int.3s' into 'singleNodeLaplacianCalculator(int (*) [2], int (*) [2], int*, ap_int<16> (&) [16][16]) (.1)' (../simplified.cpp:168:47)
INFO: [HLS 214-131] Inlining function '_llvm.fpga.pack.none.i16.s_struct.ap_int.3s' into 'singleNodeLaplacianCalculator(int (*) [2], int (*) [2], int*, ap_int<16> (&) [16][16]) (.1)' (../simplified.cpp:168:47)
INFO: [HLS 214-131] Inlining function '_llvm.fpga.pack.none.i16.s_struct.ap_int.3s' into 'singleNodeLaplacianCalculator(int (*) [2], int (*) [2], int*, ap_int<16> (&) [16][16]) (.1)' (../simplified.cpp:168:47)
INFO: [HLS 214-131] Inlining function '_llvm.fpga.pack.none.i16.s_struct.ap_int.3s' into 'singleNodeLaplacianCalculator(int (*) [2], int (*) [2], int*, ap_int<16> (&) [16][16]) (.1)' (../simplified.cpp:168:47)
INFO: [HLS 214-131] Inlining function '_llvm.fpga.pack.none.i16.s_struct.ap_int.3s' into 'singleNodeLaplacianCalculator(int (*) [2], int (*) [2], int*, ap_int<16> (&) [16][16]) (.1)' (../simplified.cpp:168:47)
INFO: [HLS 200-111] Finished Compiling Optimization and Transform: CPU user time: 3 seconds. CPU system time: 0 seconds. Elapsed time: 21.978 seconds; current allocated memory: 212.328 MB.
INFO: [HLS 200-111] Finished Checking Pragmas: CPU user time: 0 seconds. CPU system time: 0 seconds. Elapsed time: 0.057 seconds; current allocated memory: 212.328 MB.
INFO: [HLS 200-10] Starting code transformations ...
INFO: [HLS 200-111] Finished Standard Transforms: CPU user time: 0 seconds. CPU system time: 0 seconds. Elapsed time: 0.692 seconds; current allocated memory: 220.765 MB.
INFO: [HLS 200-10] Checking synthesizability ...
INFO: [HLS 200-111] Finished Checking Synthesizability: CPU user time: 0 seconds. CPU system time: 0 seconds. Elapsed time: 1.02 seconds; current allocated memory: 225.979 MB.
INFO: [XFORM 203-101] Partitioning array 'decodedCoordinates' (../simplified.cpp:198) in dimension 1 completely.
INFO: [XFORM 203-101] Partitioning array 'halfLaplacian' (../simplified.cpp:151) in dimension 1 completely.
INFO: [XFORM 203-101] Partitioning array 'laplacian' (../simplified.cpp:153) in dimension 1 completely.
INFO: [XFORM 203-101] Partitioning array 'absLaplacian' (../simplified.cpp:155) in dimension 1 completely.
INFO: [XFORM 203-101] Partitioning array 'decodedCoordinates' (../simplified.cpp:198) in dimension 2 completely.
INFO: [XFORM 203-101] Partitioning array 'halfLaplacian' (../simplified.cpp:151) in dimension 2 completely.
INFO: [XFORM 203-101] Partitioning array 'laplacian' (../simplified.cpp:153) in dimension 2 completely.
INFO: [XFORM 203-101] Partitioning array 'absLaplacian' (../simplified.cpp:155) in dimension 2 completely.
INFO: [XFORM 203-101] Partitioning array 'decodedCoordinates' (../simplified.cpp:198) in dimension 3 completely.
INFO: [XFORM 203-101] Partitioning array 'decodedCoordinates' (../simplified.cpp:198) in dimension 4 completely.
INFO: [XFORM 203-602] Inlining function 'decodeXcoordinate' into 'decodeCoordinates<3ul>' (../simplified.cpp:188) automatically.
INFO: [HLS 200-111] Finished Loop, function and other optimizations: CPU user time: 3 seconds. CPU system time: 0 seconds. Elapsed time: 9.167 seconds; current allocated memory: 263.690 MB.
INFO: [HLS 200-111] Finished Architecture Synthesis: CPU user time: 2 seconds. CPU system time: 0 seconds. Elapsed time: 8.184 seconds; current allocated memory: 326.492 MB.
INFO: [HLS 200-10] Starting hardware synthesis ...
INFO: [HLS 200-10] Synthesizing 'laplacianCalculator' ...
WARNING: [SYN 201-103] Legalizing function name 'decodeCoordinates<3ul>' to 'decodeCoordinates_3ul_s'.
INFO: [HLS 200-10] ----------------------------------------------------------------
INFO: [HLS 200-42] -- Implementing module 'decodeCoordinates_3ul_s' 
INFO: [HLS 200-10] ----------------------------------------------------------------
INFO: [SCHED 204-11] Starting scheduling ...
INFO: [SCHED 204-11] Finished scheduling.
INFO: [HLS 200-111] Finished Scheduling: CPU user time: 1 seconds. CPU system time: 0 seconds. Elapsed time: 1.059 seconds; current allocated memory: 332.003 MB.
INFO: [BIND 205-100] Starting micro-architecture generation ...
INFO: [BIND 205-101] Performing variable lifetime analysis.
INFO: [BIND 205-101] Exploring resource sharing.
INFO: [BIND 205-101] Binding ...
INFO: [BIND 205-100] Finished micro-architecture generation.
INFO: [HLS 200-111] Finished Binding: CPU user time: 0 seconds. CPU system time: 0 seconds. Elapsed time: 0.734 seconds; current allocated memory: 335.011 MB.
INFO: [HLS 200-10] ----------------------------------------------------------------
INFO: [HLS 200-42] -- Implementing module 'makeHalfLaplacian' 
INFO: [HLS 200-10] ----------------------------------------------------------------
INFO: [SCHED 204-11] Starting scheduling ...
INFO: [SCHED 204-61] Pipelining function 'makeHalfLaplacian'.
INFO: [HLS 200-1470] Pipelining result : Target II = 1, Final II = 1, Depth = 1, function 'makeHalfLaplacian'
INFO: [SCHED 204-11] Finished scheduling.
INFO: [HLS 200-111] Finished Scheduling: CPU user time: 0 seconds. CPU system time: 0 seconds. Elapsed time: 0.683 seconds; current allocated memory: 335.360 MB.
INFO: [BIND 205-100] Starting micro-architecture generation ...
INFO: [BIND 205-101] Performing variable lifetime analysis.
INFO: [BIND 205-101] Exploring resource sharing.
INFO: [BIND 205-101] Binding ...
INFO: [BIND 205-100] Finished micro-architecture generation.
INFO: [HLS 200-111] Finished Binding: CPU user time: 0 seconds. CPU system time: 0 seconds. Elapsed time: 0.238 seconds; current allocated memory: 335.809 MB.
INFO: [HLS 200-10] ----------------------------------------------------------------
INFO: [HLS 200-42] -- Implementing module 'singleNodeLaplacianCalculator' 
INFO: [HLS 200-10] ----------------------------------------------------------------
INFO: [SCHED 204-11] Starting scheduling ...
INFO: [SCHED 204-61] Pipelining loop 'SNLCaboveNodeLoop'.
INFO: [HLS 200-1470] Pipelining result : Target II = 1, Final II = 1, Depth = 2, loop 'SNLCaboveNodeLoop'
INFO: [SCHED 204-11] Finished scheduling.
INFO: [HLS 200-111] Finished Scheduling: CPU user time: 0 seconds. CPU system time: 0 seconds. Elapsed time: 1.51 seconds; current allocated memory: 343.661 MB.
INFO: [BIND 205-100] Starting micro-architecture generation ...
INFO: [BIND 205-101] Performing variable lifetime analysis.
INFO: [BIND 205-101] Exploring resource sharing.
INFO: [BIND 205-101] Binding ...
INFO: [BIND 205-100] Finished micro-architecture generation.
INFO: [HLS 200-111] Finished Binding: CPU user time: 0 seconds. CPU system time: 0 seconds. Elapsed time: 1.721 seconds; current allocated memory: 352.365 MB.
INFO: [HLS 200-10] ----------------------------------------------------------------
INFO: [HLS 200-42] -- Implementing module 'laplacianCalculator' 
INFO: [HLS 200-10] ----------------------------------------------------------------
INFO: [SCHED 204-11] Starting scheduling ...
INFO: [SCHED 204-11] Finished scheduling.
INFO: [HLS 200-111] Finished Scheduling: CPU user time: 1 seconds. CPU system time: 0 seconds. Elapsed time: 1.378 seconds; current allocated memory: 353.393 MB.
INFO: [BIND 205-100] Starting micro-architecture generation ...
INFO: [BIND 205-101] Performing variable lifetime analysis.
INFO: [BIND 205-101] Exploring resource sharing.
INFO: [BIND 205-101] Binding ...
INFO: [BIND 205-100] Finished micro-architecture generation.
INFO: [HLS 200-111] Finished Binding: CPU user time: 0 seconds. CPU system time: 0 seconds. Elapsed time: 0.623 seconds; current allocated memory: 357.312 MB.
INFO: [HLS 200-10] ----------------------------------------------------------------
INFO: [HLS 200-10] -- Generating RTL for module 'decodeCoordinates_3ul_s' 
INFO: [HLS 200-10] ----------------------------------------------------------------
INFO: [RTGEN 206-104] Estimated max fanout for 'decodeCoordinates_3ul_s' is 18433 from HDL expression: (1'b1 == ap_CS_fsm_state73)
INFO: [RTGEN 206-100] Finished creating RTL model for 'decodeCoordinates_3ul_s'.
INFO: [HLS 200-111] Finished Creating RTL model: CPU user time: 3 seconds. CPU system time: 1 seconds. Elapsed time: 10.567 seconds; current allocated memory: 542.786 MB.
INFO: [HLS 200-10] ----------------------------------------------------------------
INFO: [HLS 200-10] -- Generating RTL for module 'makeHalfLaplacian' 
INFO: [HLS 200-10] ----------------------------------------------------------------
INFO: [RTGEN 206-100] Generating core module 'mux_326_32_1_1': 2 instance(s).
INFO: [RTGEN 206-100] Finished creating RTL model for 'makeHalfLaplacian'.
INFO: [HLS 200-111] Finished Creating RTL model: CPU user time: 0 seconds. CPU system time: 0 seconds. Elapsed time: 2.566 seconds; current allocated memory: 555.873 MB.
INFO: [HLS 200-10] ----------------------------------------------------------------
INFO: [HLS 200-10] -- Generating RTL for module 'singleNodeLaplacianCalculator' 
INFO: [HLS 200-10] ----------------------------------------------------------------
INFO: [RTGEN 206-100] Generating core module 'mux_164_32_1_1': 2 instance(s).
INFO: [RTGEN 206-100] Finished creating RTL model for 'singleNodeLaplacianCalculator'.
INFO: [HLS 200-111] Finished Creating RTL model: CPU user time: 0 seconds. CPU system time: 0 seconds. Elapsed time: 1.423 seconds; current allocated memory: 571.884 MB.
INFO: [HLS 200-10] ----------------------------------------------------------------
INFO: [HLS 200-10] -- Generating RTL for module 'laplacianCalculator' 
INFO: [HLS 200-10] ----------------------------------------------------------------
INFO: [RTGEN 206-500] Setting interface mode on port 'laplacianCalculator/coordinates' to 'ap_memory'.
INFO: [RTGEN 206-500] Setting interface mode on port 'laplacianCalculator/tripletMatrix' to 'ap_memory'.
INFO: [RTGEN 206-500] Setting interface mode on function 'laplacianCalculator' to 'ap_ctrl_hs'.
INFO: [RTGEN 206-104] Estimated max fanout for 'laplacianCalculator' is 9236 from HDL expression: (1'b1 == ap_CS_fsm_state2)
INFO: [RTGEN 206-100] Finished creating RTL model for 'laplacianCalculator'.
INFO: [HLS 200-111] Finished Creating RTL model: CPU user time: 2 seconds. CPU system time: 1 seconds. Elapsed time: 12.118 seconds; current allocated memory: 706.542 MB.
INFO: [HLS 200-111] Finished Generating all RTL models: CPU user time: 0 seconds. CPU system time: 0 seconds. Elapsed time: 5.015 seconds; current allocated memory: 717.516 MB.
INFO: [VHDL 208-304] Generating VHDL RTL for laplacianCalculator.
INFO: [VLOG 209-307] Generating Verilog RTL for laplacianCalculator.
INFO: [HLS 200-790] **** Loop Constraint Status: All loop constraints were satisfied.
INFO: [HLS 200-789] **** Estimated Fmax: 235.34 MHz
INFO: [HLS 200-111] Finished Command csynth_design CPU user time: 15 seconds. CPU system time: 2 seconds. Elapsed time: 85.784 seconds; current allocated memory: 719.836 MB.
INFO: [HLS 200-112] Total CPU user time: 16 seconds. Total CPU system time: 2 seconds. Total elapsed time: 88.431 seconds; peak allocated memory: 717.516 MB.
==============================================================
Vitis HLS - High-Level Synthesis from C, C++ and OpenCL v2020.2 (64-bit)
Copyright 1986-2020 Xilinx, Inc. All Rights Reserved.
==============================================================
INFO: [SYN 201-201] Setting up clock 'default' with a period of 10ns.
INFO: [HLS 200-10] Setting target device to 'xcvu11p-flga2577-1-e'
INFO: [HLS 200-1505] Using flow_target 'vivado'
INFO: [HLS 200-1510] Running: set_part xcvu11p-flga2577-1-e 
INFO: [HLS 200-1510] Running: create_clock -period 10 -name default 
INFO: [HLS 200-1510] Running: set_directive_top -name laplacianCalculator laplacianCalculator 
INFO: [HLS 200-1510] Running: export_design -rtl verilog -format ip_catalog 
INFO: [IMPL 213-8] Exporting RTL as a Vivado IP.
ERROR: [IMPL 213-28] Failed to generate IP.
INFO: [HLS 200-111] Finished Command export_design CPU user time: 0 seconds. CPU system time: 0 seconds. Elapsed time: 10.84 seconds; current allocated memory: 199.372 MB.
==============================================================
Vitis HLS - High-Level Synthesis from C, C++ and OpenCL v2020.2 (64-bit)
Copyright 1986-2020 Xilinx, Inc. All Rights Reserved.
==============================================================
INFO: [SYN 201-201] Setting up clock 'default' with a period of 10ns.
INFO: [HLS 200-10] Setting target device to 'xcvu11p-flga2577-1-e'
INFO: [HLS 200-1505] Using flow_target 'vivado'
INFO: [HLS 200-1464] Running solution command: config_export -format=ip_catalog
INFO: [HLS 200-1464] Running solution command: config_export -rtl=verilog
INFO: [HLS 200-1510] Running: set_part xcvu11p-flga2577-1-e 
INFO: [HLS 200-1510] Running: create_clock -period 10 -name default 
INFO: [HLS 200-1510] Running: config_export -format ip_catalog -rtl verilog 
INFO: [HLS 200-1510] Running: set_directive_top -name laplacianCalculator laplacianCalculator 
INFO: [HLS 200-1510] Running: export_design -rtl verilog -format ip_catalog 
INFO: [IMPL 213-8] Exporting RTL as a Vivado IP.
ERROR: [IMPL 213-28] Failed to generate IP.
INFO: [HLS 200-111] Finished Command export_design CPU user time: 0 seconds. CPU system time: 0 seconds. Elapsed time: 26.701 seconds; current allocated memory: 199.422 MB.
==============================================================
Vitis HLS - High-Level Synthesis from C, C++ and OpenCL v2020.2 (64-bit)
Copyright 1986-2020 Xilinx, Inc. All Rights Reserved.
==============================================================
INFO: [SYN 201-201] Setting up clock 'default' with a period of 10ns.
INFO: [HLS 200-10] Setting target device to 'xcvu11p-flga2577-1-e'
INFO: [HLS 200-1505] Using flow_target 'vivado'
INFO: [HLS 200-1464] Running solution command: config_export -format=ip_catalog
INFO: [HLS 200-1464] Running solution command: config_export -rtl=verilog
INFO: [HLS 200-1510] Running: set_part xcvu11p-flga2577-1-e 
INFO: [HLS 200-1510] Running: create_clock -period 10 -name default 
INFO: [HLS 200-1510] Running: config_export -format ip_catalog -rtl verilog 
INFO: [HLS 200-1510] Running: set_directive_top -name laplacianCalculator laplacianCalculator 
INFO: [HLS 200-1510] Running: export_design -rtl verilog -format ip_catalog -output C:/Users/zakkh/Dark_Matter/PartitionAcceleratorHLS/Zakk/laplacianCalculator.zip 
INFO: [IMPL 213-8] Exporting RTL as a Vivado IP.
ERROR: [IMPL 213-28] Failed to generate IP.
INFO: [HLS 200-111] Finished Command export_design CPU user time: 1 seconds. CPU system time: 1 seconds. Elapsed time: 7.994 seconds; current allocated memory: 199.429 MB.
==============================================================
Vitis HLS - High-Level Synthesis from C, C++ and OpenCL v2020.2 (64-bit)
Copyright 1986-2020 Xilinx, Inc. All Rights Reserved.
==============================================================
INFO: [SYN 201-201] Setting up clock 'default' with a period of 10ns.
INFO: [HLS 200-10] Setting target device to 'xcvu11p-flga2577-1-e'
INFO: [HLS 200-1505] Using flow_target 'vivado'
INFO: [HLS 200-1464] Running solution command: config_export -format=ip_catalog
INFO: [HLS 200-1464] Running solution command: config_export -output=C:/Users/zakkh/Dark_Matter/PartitionAcceleratorHLS/Zakk/laplacianCalculator.zip
INFO: [HLS 200-1464] Running solution command: config_export -rtl=verilog
INFO: [HLS 200-1510] Running: set_part xcvu11p-flga2577-1-e 
INFO: [HLS 200-1510] Running: create_clock -period 10 -name default 
INFO: [HLS 200-1510] Running: config_export -format ip_catalog -output C:/Users/zakkh/Dark_Matter/PartitionAcceleratorHLS/Zakk/laplacianCalculator.zip -rtl verilog 
INFO: [HLS 200-1510] Running: set_directive_top -name laplacianCalculator laplacianCalculator 
INFO: [HLS 200-1510] Running: export_design -flow impl -rtl verilog -format ip_catalog -output C:/Users/zakkh/Dark_Matter/PartitionAcceleratorHLS/Zakk/laplacianCalculator.zip 
INFO: [IMPL 213-8] Exporting RTL as a Vivado IP.
ERROR: [IMPL 213-28] Failed to generate IP.
INFO: [HLS 200-111] Finished Command export_design CPU user time: 0 seconds. CPU system time: 1 seconds. Elapsed time: 13.909 seconds; current allocated memory: 199.479 MB.
==============================================================
Vitis HLS - High-Level Synthesis from C, C++ and OpenCL v2020.2 (64-bit)
Copyright 1986-2020 Xilinx, Inc. All Rights Reserved.
==============================================================
INFO: [SYN 201-201] Setting up clock 'default' with a period of 10ns.
INFO: [HLS 200-10] Setting target device to 'xcvu11p-flga2577-1-e'
INFO: [HLS 200-1505] Using flow_target 'vivado'
INFO: [HLS 200-1464] Running solution command: config_export -format=ip_catalog
INFO: [HLS 200-1464] Running solution command: config_export -output=C:/Users/zakkh/Dark_Matter/PartitionAcceleratorHLS/Zakk/laplacianCalculator.zip
INFO: [HLS 200-1464] Running solution command: config_export -rtl=verilog
INFO: [HLS 200-1510] Running: set_part xcvu11p-flga2577-1-e 
INFO: [HLS 200-1510] Running: create_clock -period 10 -name default 
INFO: [HLS 200-1510] Running: config_export -format ip_catalog -output C:/Users/zakkh/Dark_Matter/PartitionAcceleratorHLS/Zakk/laplacianCalculator.zip -rtl verilog 
INFO: [HLS 200-1510] Running: set_directive_top -name laplacianCalculator laplacianCalculator 
INFO: [HLS 200-1510] Running: export_design -rtl verilog -format ip_catalog -output C:/Users/zakkh/Dark_Matter/PartitionAcceleratorHLS/Zakk/laplacianCalculator.zip 
INFO: [IMPL 213-8] Exporting RTL as a Vivado IP.
ERROR: [IMPL 213-28] Failed to generate IP.
INFO: [HLS 200-111] Finished Command export_design CPU user time: 1 seconds. CPU system time: 0 seconds. Elapsed time: 22.423 seconds; current allocated memory: 199.464 MB.
==============================================================
Vitis HLS - High-Level Synthesis from C, C++ and OpenCL v2020.2 (64-bit)
Copyright 1986-2020 Xilinx, Inc. All Rights Reserved.
==============================================================
INFO: [SYN 201-201] Setting up clock 'default' with a period of 10ns.
INFO: [HLS 200-10] Setting target device to 'xcvu11p-flga2577-1-e'
INFO: [HLS 200-1505] Using flow_target 'vivado'
INFO: [HLS 200-1464] Running solution command: config_export -format=ip_catalog
INFO: [HLS 200-1464] Running solution command: config_export -output=C:/Users/zakkh/Dark_Matter/PartitionAcceleratorHLS/Zakk/laplacianCalculator.zip
INFO: [HLS 200-1464] Running solution command: config_export -rtl=verilog
INFO: [HLS 200-1510] Running: set_part xcvu11p-flga2577-1-e 
INFO: [HLS 200-1510] Running: create_clock -period 10 -name default 
INFO: [HLS 200-1510] Running: config_export -format ip_catalog -output C:/Users/zakkh/Dark_Matter/PartitionAcceleratorHLS/Zakk/laplacianCalculator.zip -rtl verilog 
INFO: [HLS 200-1510] Running: set_directive_top -name laplacianCalculator laplacianCalculator 
INFO: [HLS 200-1510] Running: export_design -rtl verilog -format ip_catalog -output C:/Users/zakkh/Dark_Matter/PartitionAcceleratorHLS/Zakk/laplacianCalculator.zip 
INFO: [IMPL 213-8] Exporting RTL as a Vivado IP.
INFO: [HLS 200-802] Generated output file C:/Users/zakkh/Dark_Matter/PartitionAcceleratorHLS/Zakk/laplacianCalculator.zip
INFO: [HLS 200-111] Finished Command export_design CPU user time: 1 seconds. CPU system time: 0 seconds. Elapsed time: 12.714 seconds; current allocated memory: 199.509 MB.
