

================================================================
== Vitis HLS Report for 'p_find_starting_index_and_value8'
================================================================
* Date:           Tue Jul  9 11:00:57 2024

* Version:        2020.2 (Build 3064766 on Wed Nov 18 09:12:45 MST 2020)
* Project:        PartitionAcceleratorHLS
* Solution:       solution1 (Vivado IP Flow Target)
* Product family: virtexuplus
* Target device:  xcvu11p-flga2577-1-e


================================================================
== Performance Estimates
================================================================
+ Timing: 
    * Summary: 
    +--------+----------+----------+------------+
    |  Clock |  Target  | Estimated| Uncertainty|
    +--------+----------+----------+------------+
    |ap_clk  |  10.00 ns|  7.297 ns|     2.70 ns|
    +--------+----------+----------+------------+

+ Latency: 
    * Summary: 
    +---------+---------+----------+----------+-----+-----+---------+
    |  Latency (cycles) |  Latency (absolute) |  Interval | Pipeline|
    |   min   |   max   |    min   |    max   | min | max |   Type  |
    +---------+---------+----------+----------+-----+-----+---------+
    |        ?|        ?|         ?|         ?|    ?|    ?|     none|
    +---------+---------+----------+----------+-----+-----+---------+

    + Detail: 
        * Instance: 
        N/A

        * Loop: 
        +--------------------------------------+---------+---------+----------+-----------+-----------+------+----------+
        |                                      |  Latency (cycles) | Iteration|  Initiation Interval  | Trip |          |
        |               Loop Name              |   min   |   max   |  Latency |  achieved |   target  | Count| Pipelined|
        +--------------------------------------+---------+---------+----------+-----------+-----------+------+----------+
        |- loop_find_starting_index_and_value  |        ?|        ?|         8|          3|          1|     ?|       yes|
        +--------------------------------------+---------+---------+----------+-----------+-----------+------+----------+



================================================================
== Utilization Estimates
================================================================
* Summary: 
+---------------------+---------+------+---------+---------+-----+
|         Name        | BRAM_18K|  DSP |    FF   |   LUT   | URAM|
+---------------------+---------+------+---------+---------+-----+
|DSP                  |        -|     -|        -|        -|    -|
|Expression           |        -|     -|        0|     3689|    -|
|FIFO                 |        -|     -|        -|        -|    -|
|Instance             |        -|     2|      177|      229|    -|
|Memory               |        -|     -|        -|        -|    -|
|Multiplexer          |        -|     -|        -|      118|    -|
|Register             |        -|     -|      652|       32|    -|
+---------------------+---------+------+---------+---------+-----+
|Total                |        0|     2|      829|     4068|    0|
+---------------------+---------+------+---------+---------+-----+
|Available SLR        |     1344|  3072|   864000|   432000|  320|
+---------------------+---------+------+---------+---------+-----+
|Utilization SLR (%)  |        0|    ~0|       ~0|       ~0|    0|
+---------------------+---------+------+---------+---------+-----+
|Available            |     4032|  9216|  2592000|  1296000|  960|
+---------------------+---------+------+---------+---------+-----+
|Utilization (%)      |        0|    ~0|       ~0|       ~0|    0|
+---------------------+---------+------+---------+---------+-----+

+ Detail: 
    * Instance: 
    +------------------------------------+--------------------------------+---------+----+-----+-----+-----+
    |              Instance              |             Module             | BRAM_18K| DSP|  FF | LUT | URAM|
    +------------------------------------+--------------------------------+---------+----+-----+-----+-----+
    |fcmp_32ns_32ns_1_2_no_dsp_1_U20     |fcmp_32ns_32ns_1_2_no_dsp_1     |        0|   0|    0|    0|    0|
    |fsub_32ns_32ns_32_3_full_dsp_1_U19  |fsub_32ns_32ns_32_3_full_dsp_1  |        0|   2|  177|  229|    0|
    +------------------------------------+--------------------------------+---------+----+-----+-----+-----+
    |Total                               |                                |        0|   2|  177|  229|    0|
    +------------------------------------+--------------------------------+---------+----+-----+-----+-----+

    * DSP: 
    N/A

    * Memory: 
    N/A

    * FIFO: 
    N/A

    * Expression: 
    +----------------------------+----------+----+---+-----+------------+------------+
    |        Variable Name       | Operation| DSP| FF| LUT | Bitwidth P0| Bitwidth P1|
    +----------------------------+----------+----+---+-----+------------+------------+
    |add_ln296_fu_741_p2         |         +|   0|  0|   39|          32|           1|
    |add_ln297_fu_274_p2         |         +|   0|  0|   23|          16|          16|
    |add_ln958_8_fu_450_p2       |         +|   0|  0|   39|          32|           6|
    |add_ln958_9_fu_1057_p2      |         +|   0|  0|   39|          32|           6|
    |add_ln958_fu_770_p2         |         +|   0|  0|   39|          32|           6|
    |add_ln964_11_fu_531_p2      |         +|   0|  0|   19|           8|           8|
    |add_ln964_12_fu_1160_p2     |         +|   0|  0|   19|           8|           8|
    |add_ln964_fu_836_p2         |         +|   0|  0|   19|           8|           8|
    |lsb_index_12_fu_329_p2      |         +|   0|  0|   39|          32|           6|
    |lsb_index_13_fu_929_p2      |         +|   0|  0|   39|          32|           6|
    |lsb_index_fu_621_p2         |         +|   0|  0|   39|          32|           6|
    |m_80_fu_795_p2              |         +|   0|  0|   71|          64|          64|
    |m_85_fu_485_p2              |         +|   0|  0|   71|          64|          64|
    |m_90_fu_1093_p2             |         +|   0|  0|   71|          64|          64|
    |sub_i23_i_fu_235_p2         |         -|   0|  0|   39|           1|          32|
    |sub_ln703_fu_1277_p2        |         -|   0|  0|   39|          32|          32|
    |sub_ln944_11_fu_323_p2      |         -|   0|  0|   39|           6|          32|
    |sub_ln944_12_fu_923_p2      |         -|   0|  0|   39|           6|          32|
    |sub_ln944_fu_615_p2         |         -|   0|  0|   39|           6|          32|
    |sub_ln947_11_fu_355_p2      |         -|   0|  0|   13|           4|           6|
    |sub_ln947_12_fu_955_p2      |         -|   0|  0|   13|           4|           6|
    |sub_ln947_fu_647_p2         |         -|   0|  0|   13|           4|           6|
    |sub_ln959_8_fu_427_p2       |         -|   0|  0|   39|           5|          32|
    |sub_ln959_9_fu_1033_p2      |         -|   0|  0|   39|           5|          32|
    |sub_ln959_fu_755_p2         |         -|   0|  0|   39|           5|          32|
    |sub_ln964_11_fu_525_p2      |         -|   0|  0|   19|           4|           8|
    |sub_ln964_12_fu_1155_p2     |         -|   0|  0|   19|           4|           8|
    |sub_ln964_fu_831_p2         |         -|   0|  0|   19|           4|           8|
    |tmp_V_32_fu_891_p2          |         -|   0|  0|   39|           1|          32|
    |tmp_V_fu_583_p2             |         -|   0|  0|   39|           1|          32|
    |and_ln298_1_fu_1271_p2      |       and|   0|  0|    2|           1|           1|
    |and_ln298_fu_1265_p2        |       and|   0|  0|    2|           1|           1|
    |and_ln949_22_fu_715_p2      |       and|   0|  0|    2|           1|           1|
    |and_ln949_23_fu_421_p2      |       and|   0|  0|    2|           1|           1|
    |and_ln949_24_fu_1023_p2     |       and|   0|  0|    2|           1|           1|
    |and_ln949_25_fu_383_p2      |       and|   0|  0|   32|          32|          32|
    |and_ln949_26_fu_983_p2      |       and|   0|  0|   32|          32|          32|
    |and_ln949_fu_675_p2         |       and|   0|  0|   32|          32|          32|
    |icmp_ln296_fu_257_p2        |      icmp|   0|  0|   20|          32|          32|
    |icmp_ln298_1_fu_1239_p2     |      icmp|   0|  0|   16|          23|           1|
    |icmp_ln298_2_fu_1245_p2     |      icmp|   0|  0|   11|           8|           2|
    |icmp_ln298_3_fu_1251_p2     |      icmp|   0|  0|   16|          23|           1|
    |icmp_ln298_fu_1233_p2       |      icmp|   0|  0|   11|           8|           2|
    |icmp_ln935_9_fu_877_p2      |      icmp|   0|  0|   20|          32|           1|
    |icmp_ln935_fu_747_p2        |      icmp|   0|  0|   20|          32|           1|
    |icmp_ln946_11_fu_345_p2     |      icmp|   0|  0|   19|          31|           1|
    |icmp_ln946_12_fu_945_p2     |      icmp|   0|  0|   19|          31|           1|
    |icmp_ln946_fu_637_p2        |      icmp|   0|  0|   19|          31|           1|
    |icmp_ln949_11_fu_388_p2     |      icmp|   0|  0|   20|          32|           1|
    |icmp_ln949_12_fu_989_p2     |      icmp|   0|  0|   20|          32|           1|
    |icmp_ln949_fu_681_p2        |      icmp|   0|  0|   20|          32|           1|
    |icmp_ln958_8_fu_415_p2      |      icmp|   0|  0|   20|          32|           1|
    |icmp_ln958_9_fu_1017_p2     |      icmp|   0|  0|   20|          32|           1|
    |icmp_ln958_fu_709_p2        |      icmp|   0|  0|   20|          32|           1|
    |tobool_i19_i_fu_230_p2      |      icmp|   0|  0|   20|          32|           1|
    |lshr_ln947_11_fu_365_p2     |      lshr|   0|  0|  100|           2|          32|
    |lshr_ln947_12_fu_965_p2     |      lshr|   0|  0|  100|           2|          32|
    |lshr_ln947_fu_657_p2        |      lshr|   0|  0|  100|           2|          32|
    |lshr_ln958_8_fu_460_p2      |      lshr|   0|  0|  182|          64|          64|
    |lshr_ln958_9_fu_1067_p2     |      lshr|   0|  0|  182|          64|          64|
    |lshr_ln958_fu_779_p2        |      lshr|   0|  0|  182|          64|          64|
    |ap_block_state1             |        or|   0|  0|    2|           1|           1|
    |or_ln298_1_fu_1261_p2       |        or|   0|  0|    2|           1|           1|
    |or_ln298_fu_1257_p2         |        or|   0|  0|    2|           1|           1|
    |or_ln949_17_fu_669_p2       |        or|   0|  0|   32|          32|          32|
    |or_ln949_18_fu_977_p2       |        or|   0|  0|   32|          32|          32|
    |or_ln949_fu_377_p2          |        or|   0|  0|   32|          32|          32|
    |data_V_5_fu_1189_p3         |    select|   0|  0|   31|           1|           1|
    |m_84_fu_473_p3              |    select|   0|  0|   64|           1|          64|
    |m_89_fu_1081_p3             |    select|   0|  0|   64|           1|          64|
    |m_93_fu_589_p3              |    select|   0|  0|   32|           1|          32|
    |m_96_fu_897_p3              |    select|   0|  0|   32|           1|          32|
    |m_fu_785_p3                 |    select|   0|  0|   64|           1|          64|
    |retval_0_i81_i_fu_564_p3    |    select|   0|  0|   32|           1|           1|
    |select_ln935_fu_869_p3      |    select|   0|  0|   32|           1|           1|
    |select_ln943_11_fu_513_p3   |    select|   0|  0|    7|           1|           7|
    |select_ln943_12_fu_1148_p3  |    select|   0|  0|    7|           1|           7|
    |select_ln943_fu_823_p3      |    select|   0|  0|    7|           1|           7|
    |select_ln946_11_fu_442_p3   |    select|   0|  0|    2|           1|           1|
    |select_ln946_12_fu_1049_p3  |    select|   0|  0|    2|           1|           1|
    |select_ln946_fu_721_p3      |    select|   0|  0|    2|           1|           1|
    |select_ln958_18_fu_465_p3   |    select|   0|  0|    2|           1|           1|
    |select_ln958_20_fu_1073_p3  |    select|   0|  0|    2|           1|           1|
    |select_ln958_fu_729_p3      |    select|   0|  0|    2|           1|           1|
    |tmp_V_35_fu_240_p3          |    select|   0|  0|   32|           1|          32|
    |shl_ln949_11_fu_371_p2      |       shl|   0|  0|  100|           1|          32|
    |shl_ln949_12_fu_971_p2      |       shl|   0|  0|  100|           1|          32|
    |shl_ln949_fu_663_p2         |       shl|   0|  0|  100|           1|          32|
    |shl_ln959_8_fu_437_p2       |       shl|   0|  0|  182|          64|          64|
    |shl_ln959_9_fu_1043_p2      |       shl|   0|  0|  182|          64|          64|
    |shl_ln959_fu_764_p2         |       shl|   0|  0|  182|          64|          64|
    |ap_enable_pp0               |       xor|   0|  0|    2|           1|           2|
    |ap_enable_reg_pp0_iter1     |       xor|   0|  0|    2|           2|           1|
    |xor_ln949_11_fu_402_p2      |       xor|   0|  0|    2|           1|           2|
    |xor_ln949_12_fu_1003_p2     |       xor|   0|  0|    2|           1|           2|
    |xor_ln949_fu_695_p2         |       xor|   0|  0|    2|           1|           2|
    +----------------------------+----------+----+---+-----+------------+------------+
    |Total                       |          |   0|  0| 3689|        1640|        1784|
    +----------------------------+----------+----+---+-----+------------+------------+

    * Multiplexer: 
    +----------------------------+----+-----------+-----+-----------+
    |            Name            | LUT| Input Size| Bits| Total Bits|
    +----------------------------+----+-----------+-----+-----------+
    |ap_NS_fsm                   |  37|          7|    1|          7|
    |ap_done                     |   9|          2|    1|          2|
    |ap_enable_reg_pp0_iter1     |   9|          2|    1|          2|
    |ap_enable_reg_pp0_iter2     |   9|          2|    1|          2|
    |ap_phi_mux_j_phi_fu_201_p4  |   9|          2|   32|         64|
    |i_blk_n                     |   9|          2|    1|          2|
    |j_reg_196                   |   9|          2|   32|         64|
    |projectionToRow_blk_n       |   9|          2|    1|          2|
    |start_index                 |   9|          2|   32|         64|
    |start_value_o               |   9|          2|   32|         64|
    +----------------------------+----+-----------+-----+-----------+
    |Total                       | 118|         25|  134|        273|
    +----------------------------+----+-----------+-----+-----------+

    * Register: 
    +-------------------------------+----+----+-----+-----------+
    |              Name             | FF | LUT| Bits| Const Bits|
    +-------------------------------+----+----+-----+-----------+
    |add_ln296_reg_1385             |  32|   0|   32|          0|
    |ap_CS_fsm                      |   6|   0|    6|          0|
    |ap_done_reg                    |   1|   0|    1|          0|
    |ap_enable_reg_pp0_iter0        |   1|   0|    1|          0|
    |ap_enable_reg_pp0_iter1        |   1|   0|    1|          0|
    |ap_enable_reg_pp0_iter2        |   1|   0|    1|          0|
    |dc_reg_1395                    |  32|   0|   32|          0|
    |i_16_reg_1290                  |   3|   0|    3|          0|
    |icmp_ln296_reg_1334            |   1|   0|    1|          0|
    |icmp_ln298_1_reg_1440          |   1|   0|    1|          0|
    |icmp_ln298_2_reg_1445          |   1|   0|    1|          0|
    |icmp_ln298_3_reg_1450          |   1|   0|    1|          0|
    |icmp_ln298_reg_1435            |   1|   0|    1|          0|
    |icmp_ln935_9_reg_1400          |   1|   0|    1|          0|
    |icmp_ln958_reg_1370            |   1|   0|    1|          0|
    |j_reg_196                      |  32|   0|   32|          0|
    |m_113_i_reg_1323               |  32|   0|   64|         32|
    |m_93_reg_1359                  |  32|   0|   32|          0|
    |m_97_reg_1410                  |  63|   0|   63|          0|
    |num_points_load_reg_1306       |  32|   0|   32|          0|
    |p_Result_178_reg_1415          |   1|   0|    1|          0|
    |p_Result_181_reg_1354          |   1|   0|    1|          0|
    |p_Result_185_reg_1300          |   1|   0|    1|          0|
    |p_Result_190_reg_1405          |   1|   0|    1|          0|
    |p_Val2_61_reg_1282             |  32|   0|   32|          0|
    |retval_0_i81_i_reg_1343        |  32|   0|   32|          0|
    |select_ln935_reg_1390          |  32|   0|   32|          0|
    |select_ln958_reg_1375          |   1|   0|    1|          0|
    |shl_ln_reg_1329                |   3|   0|   16|         13|
    |start_index_preg               |  32|   0|   32|          0|
    |start_value_o_preg             |  32|   0|   32|          0|
    |sub_ln944_reg_1364             |  32|   0|   32|          0|
    |tmp_V_35_reg_1316              |  32|   0|   32|          0|
    |tobool_i19_i_reg_1311          |   1|   0|    1|          0|
    |trunc_ln943_12_reg_1420        |   8|   0|    8|          0|
    |trunc_ln943_reg_1380           |   8|   0|    8|          0|
    |z_bits_reg_1348                |  32|   0|   32|          0|
    |z_bits_reg_1348_pp0_iter1_reg  |  32|   0|   32|          0|
    |j_reg_196                      |  64|  32|   32|          0|
    +-------------------------------+----+----+-----+-----------+
    |Total                          | 652|  32|  665|         45|
    +-------------------------------+----+----+-----+-----------+



================================================================
== Interface
================================================================
* Summary: 
+-------------------------+-----+-----+------------+---------------------------------+--------------+
|        RTL Ports        | Dir | Bits|  Protocol  |          Source Object          |    C Type    |
+-------------------------+-----+-----+------------+---------------------------------+--------------+
|ap_clk                   |   in|    1|  ap_ctrl_hs|  _find_starting_index_and_value8|  return value|
|ap_rst                   |   in|    1|  ap_ctrl_hs|  _find_starting_index_and_value8|  return value|
|ap_start                 |   in|    1|  ap_ctrl_hs|  _find_starting_index_and_value8|  return value|
|ap_done                  |  out|    1|  ap_ctrl_hs|  _find_starting_index_and_value8|  return value|
|ap_continue              |   in|    1|  ap_ctrl_hs|  _find_starting_index_and_value8|  return value|
|ap_idle                  |  out|    1|  ap_ctrl_hs|  _find_starting_index_and_value8|  return value|
|ap_ready                 |  out|    1|  ap_ctrl_hs|  _find_starting_index_and_value8|  return value|
|num_points_address1      |  out|    3|   ap_memory|                       num_points|         array|
|num_points_ce1           |  out|    1|   ap_memory|                       num_points|         array|
|num_points_q1            |   in|   32|   ap_memory|                       num_points|         array|
|points_address1          |  out|   12|   ap_memory|                           points|         array|
|points_ce1               |  out|    1|   ap_memory|                           points|         array|
|points_q1                |   in|  128|   ap_memory|                           points|         array|
|projectionToRow_dout     |   in|   32|     ap_fifo|                  projectionToRow|       pointer|
|projectionToRow_empty_n  |   in|    1|     ap_fifo|                  projectionToRow|       pointer|
|projectionToRow_read     |  out|    1|     ap_fifo|                  projectionToRow|       pointer|
|start_index              |  out|   32|      ap_vld|                      start_index|       pointer|
|start_index_ap_vld       |  out|    1|      ap_vld|                      start_index|       pointer|
|start_value_i            |   in|   32|     ap_ovld|                      start_value|       pointer|
|start_value_o            |  out|   32|     ap_ovld|                      start_value|       pointer|
|start_value_o_ap_vld     |  out|    1|     ap_ovld|                      start_value|       pointer|
|i_dout                   |   in|    3|     ap_fifo|                                i|       pointer|
|i_empty_n                |   in|    1|     ap_fifo|                                i|       pointer|
|i_read                   |  out|    1|     ap_fifo|                                i|       pointer|
+-------------------------+-----+-----+------------+---------------------------------+--------------+

