Copyright 1986-2020 Xilinx, Inc. All Rights Reserved.
------------------------------------------------------------------------------------------------
| Tool Version : Vivado v.2020.2 (win64) Build 3064766 Wed Nov 18 09:12:45 MST 2020
| Date         : Sun Jul 21 10:18:51 2024
| Host         : Zakk_Laptop running 64-bit major release  (build 9200)
| Command      : report_control_sets -verbose -file laplacianCalculator_control_sets_placed.rpt
| Design       : laplacianCalculator
| Device       : xc7vx485t
------------------------------------------------------------------------------------------------

Control Set Information

Table of Contents
-----------------
1. Summary
2. Histogram
3. Flip-Flop Distribution
4. Detailed Control Set Information

1. Summary
----------

+----------------------------------------------------------+-------+
|                          Status                          | Count |
+----------------------------------------------------------+-------+
| Total control sets                                       |   110 |
|    Minimum number of control sets                        |   110 |
|    Addition due to synthesis replication                 |     0 |
|    Addition due to physical synthesis replication        |     0 |
| Unused register locations in slices containing registers |   115 |
+----------------------------------------------------------+-------+
* Control sets can be merged at opt_design using control_set_merge or merge_equivalent_drivers
** Run report_qor_suggestions for automated merging and remapping suggestions


2. Histogram
------------

+--------------------+-------+
|       Fanout       | Count |
+--------------------+-------+
| Total control sets |   110 |
| >= 0 to < 4        |     1 |
| >= 4 to < 6        |     2 |
| >= 6 to < 8        |     0 |
| >= 8 to < 10       |     0 |
| >= 10 to < 12      |     0 |
| >= 12 to < 14      |     1 |
| >= 14 to < 16      |     0 |
| >= 16              |   106 |
+--------------------+-------+
* Control sets can be remapped at either synth_design or opt_design


3. Flip-Flop Distribution
-------------------------

+--------------+-----------------------+------------------------+-----------------+--------------+
| Clock Enable | Synchronous Set/Reset | Asynchronous Set/Reset | Total Registers | Total Slices |
+--------------+-----------------------+------------------------+-----------------+--------------+
| No           | No                    | No                     |               1 |            1 |
| No           | No                    | Yes                    |               0 |            0 |
| No           | Yes                   | No                     |             303 |          115 |
| Yes          | No                    | No                     |           11760 |         3856 |
| Yes          | No                    | Yes                    |               0 |            0 |
| Yes          | Yes                   | No                     |            4613 |         1136 |
+--------------+-----------------------+------------------------+-----------------+--------------+


4. Detailed Control Set Information
-----------------------------------

+-------------------+--------------------------------------------------------------------------------+-----------------------------------------------------------------+------------------+----------------+--------------+
|    Clock Signal   |                                  Enable Signal                                 |                         Set/Reset Signal                        | Slice Load Count | Bel Load Count | Bels / Slice |
+-------------------+--------------------------------------------------------------------------------+-----------------------------------------------------------------+------------------+----------------+--------------+
|  ap_clk_IBUF_BUFG |                                                                                |                                                                 |                1 |              1 |         1.00 |
|  ap_clk_IBUF_BUFG | grp_singleNodeLaplacianCalculator_fu_62/trunc_ln158_reg_199940                 |                                                                 |                2 |              4 |         2.00 |
|  ap_clk_IBUF_BUFG | grp_singleNodeLaplacianCalculator_fu_62/aboveNodeIndex_reg_45990               | grp_singleNodeLaplacianCalculator_fu_62/aboveNodeIndex_reg_4599 |                2 |              5 |         2.50 |
|  ap_clk_IBUF_BUFG | grp_singleNodeLaplacianCalculator_fu_62/ap_CS_fsm_state1                       |                                                                 |                2 |             12 |         6.00 |
|  ap_clk_IBUF_BUFG | grp_singleNodeLaplacianCalculator_fu_62/halfLaplacian_15_0_10_fu_23420         |                                                                 |               10 |             34 |         3.40 |
|  ap_clk_IBUF_BUFG | grp_singleNodeLaplacianCalculator_fu_62/halfLaplacian_15_0_15_fu_23820         |                                                                 |               13 |             34 |         2.62 |
|  ap_clk_IBUF_BUFG | grp_singleNodeLaplacianCalculator_fu_62/halfLaplacian_15_0_11_fu_23500         |                                                                 |               16 |             34 |         2.12 |
|  ap_clk_IBUF_BUFG | grp_singleNodeLaplacianCalculator_fu_62/halfLaplacian_15_0_14_fu_23740         |                                                                 |               18 |             34 |         1.89 |
|  ap_clk_IBUF_BUFG | grp_singleNodeLaplacianCalculator_fu_62/halfLaplacian_15_0_12_fu_23580         |                                                                 |               14 |             34 |         2.43 |
|  ap_clk_IBUF_BUFG | grp_singleNodeLaplacianCalculator_fu_62/halfLaplacian_15_0_13_fu_23660         |                                                                 |               14 |             34 |         2.43 |
|  ap_clk_IBUF_BUFG | grp_singleNodeLaplacianCalculator_fu_62/halfLaplacian_15_0_4_fu_22940          |                                                                 |               15 |             34 |         2.27 |
|  ap_clk_IBUF_BUFG | grp_singleNodeLaplacianCalculator_fu_62/halfLaplacian_15_0_1_fu_22700          |                                                                 |               19 |             34 |         1.79 |
|  ap_clk_IBUF_BUFG | grp_singleNodeLaplacianCalculator_fu_62/halfLaplacian_15_0_5_fu_23020          |                                                                 |               18 |             34 |         1.89 |
|  ap_clk_IBUF_BUFG | grp_singleNodeLaplacianCalculator_fu_62/halfLaplacian_15_0_7_fu_23180          |                                                                 |               14 |             34 |         2.43 |
|  ap_clk_IBUF_BUFG | grp_singleNodeLaplacianCalculator_fu_62/halfLaplacian_15_0_2_fu_22780          |                                                                 |               14 |             34 |         2.43 |
|  ap_clk_IBUF_BUFG | grp_singleNodeLaplacianCalculator_fu_62/halfLaplacian_15_0_3_fu_22860          |                                                                 |               15 |             34 |         2.27 |
|  ap_clk_IBUF_BUFG | grp_singleNodeLaplacianCalculator_fu_62/halfLaplacian_15_0_fu_22620            |                                                                 |               27 |             34 |         1.26 |
|  ap_clk_IBUF_BUFG | grp_singleNodeLaplacianCalculator_fu_62/halfLaplacian_15_0_9_fu_23340          |                                                                 |               15 |             34 |         2.27 |
|  ap_clk_IBUF_BUFG | grp_singleNodeLaplacianCalculator_fu_62/halfLaplacian_15_0_6_fu_23100          |                                                                 |               18 |             34 |         1.89 |
|  ap_clk_IBUF_BUFG | grp_singleNodeLaplacianCalculator_fu_62/halfLaplacian_15_0_8_fu_23260          |                                                                 |               19 |             34 |         1.79 |
|  ap_clk_IBUF_BUFG | grp_decodeCoordinates_3ul_s_fu_155/ap_CS_fsm_state67                           |                                                                 |               33 |             64 |         1.94 |
|  ap_clk_IBUF_BUFG | grp_decodeCoordinates_3ul_s_fu_155/ap_CS_fsm_state48                           |                                                                 |               33 |             64 |         1.94 |
|  ap_clk_IBUF_BUFG | grp_decodeCoordinates_3ul_s_fu_155/ap_CS_fsm_state72                           |                                                                 |               31 |             64 |         2.06 |
|  ap_clk_IBUF_BUFG | grp_decodeCoordinates_3ul_s_fu_155/ap_CS_fsm_state51                           |                                                                 |               25 |             64 |         2.56 |
|  ap_clk_IBUF_BUFG | grp_decodeCoordinates_3ul_s_fu_155/ap_CS_fsm_state53                           |                                                                 |               31 |             64 |         2.06 |
|  ap_clk_IBUF_BUFG | grp_decodeCoordinates_3ul_s_fu_155/ap_CS_fsm_state61                           |                                                                 |               30 |             64 |         2.13 |
|  ap_clk_IBUF_BUFG | grp_decodeCoordinates_3ul_s_fu_155/ap_CS_fsm_state71                           |                                                                 |               26 |             64 |         2.46 |
|  ap_clk_IBUF_BUFG | grp_decodeCoordinates_3ul_s_fu_155/ap_CS_fsm_state7                            |                                                                 |               23 |             64 |         2.78 |
|  ap_clk_IBUF_BUFG | grp_decodeCoordinates_3ul_s_fu_155/ap_CS_fsm_state56                           |                                                                 |               27 |             64 |         2.37 |
|  ap_clk_IBUF_BUFG | grp_decodeCoordinates_3ul_s_fu_155/ap_CS_fsm_state65                           |                                                                 |               31 |             64 |         2.06 |
|  ap_clk_IBUF_BUFG | grp_decodeCoordinates_3ul_s_fu_155/ap_CS_fsm_state69                           |                                                                 |               26 |             64 |         2.46 |
|  ap_clk_IBUF_BUFG | grp_decodeCoordinates_3ul_s_fu_155/ap_CS_fsm_state45                           |                                                                 |               28 |             64 |         2.29 |
|  ap_clk_IBUF_BUFG | grp_decodeCoordinates_3ul_s_fu_155/ap_CS_fsm_state9                            |                                                                 |               26 |             64 |         2.46 |
|  ap_clk_IBUF_BUFG | grp_decodeCoordinates_3ul_s_fu_155/ap_CS_fsm_state50                           |                                                                 |               24 |             64 |         2.67 |
|  ap_clk_IBUF_BUFG | grp_decodeCoordinates_3ul_s_fu_155/ap_CS_fsm_state64                           |                                                                 |               25 |             64 |         2.56 |
|  ap_clk_IBUF_BUFG | grp_decodeCoordinates_3ul_s_fu_155/ap_CS_fsm_state6                            |                                                                 |               24 |             64 |         2.67 |
|  ap_clk_IBUF_BUFG | grp_decodeCoordinates_3ul_s_fu_155/ap_CS_fsm_state5                            |                                                                 |               21 |             64 |         3.05 |
|  ap_clk_IBUF_BUFG | grp_decodeCoordinates_3ul_s_fu_155/ap_CS_fsm_state59                           |                                                                 |               32 |             64 |         2.00 |
|  ap_clk_IBUF_BUFG | grp_decodeCoordinates_3ul_s_fu_155/ap_CS_fsm_state10                           |                                                                 |               22 |             64 |         2.91 |
|  ap_clk_IBUF_BUFG | grp_decodeCoordinates_3ul_s_fu_155/ap_CS_fsm_state22                           |                                                                 |               24 |             64 |         2.67 |
|  ap_clk_IBUF_BUFG | grp_decodeCoordinates_3ul_s_fu_155/ap_CS_fsm_state24                           |                                                                 |               18 |             64 |         3.56 |
|  ap_clk_IBUF_BUFG | grp_decodeCoordinates_3ul_s_fu_155/ap_CS_fsm_state26                           |                                                                 |               29 |             64 |         2.21 |
|  ap_clk_IBUF_BUFG | grp_decodeCoordinates_3ul_s_fu_155/ap_CS_fsm_state28                           |                                                                 |               27 |             64 |         2.37 |
|  ap_clk_IBUF_BUFG | grp_decodeCoordinates_3ul_s_fu_155/ap_CS_fsm_state3                            |                                                                 |               26 |             64 |         2.46 |
|  ap_clk_IBUF_BUFG | grp_decodeCoordinates_3ul_s_fu_155/ap_CS_fsm_state31                           |                                                                 |               22 |             64 |         2.91 |
|  ap_clk_IBUF_BUFG | grp_decodeCoordinates_3ul_s_fu_155/ap_CS_fsm_state34                           |                                                                 |               26 |             64 |         2.46 |
|  ap_clk_IBUF_BUFG | grp_decodeCoordinates_3ul_s_fu_155/ap_CS_fsm_state36                           |                                                                 |               25 |             64 |         2.56 |
|  ap_clk_IBUF_BUFG | grp_decodeCoordinates_3ul_s_fu_155/ap_CS_fsm_state4                            |                                                                 |               25 |             64 |         2.56 |
|  ap_clk_IBUF_BUFG | grp_decodeCoordinates_3ul_s_fu_155/ap_CS_fsm_state15                           |                                                                 |               24 |             64 |         2.67 |
|  ap_clk_IBUF_BUFG | grp_decodeCoordinates_3ul_s_fu_155/ap_CS_fsm_state27                           |                                                                 |               24 |             64 |         2.67 |
|  ap_clk_IBUF_BUFG | grp_decodeCoordinates_3ul_s_fu_155/ap_CS_fsm_state32                           |                                                                 |               26 |             64 |         2.46 |
|  ap_clk_IBUF_BUFG | grp_decodeCoordinates_3ul_s_fu_155/ap_CS_fsm_state16                           |                                                                 |               22 |             64 |         2.91 |
|  ap_clk_IBUF_BUFG | grp_decodeCoordinates_3ul_s_fu_155/ap_CS_fsm_state40                           |                                                                 |               25 |             64 |         2.56 |
|  ap_clk_IBUF_BUFG | grp_decodeCoordinates_3ul_s_fu_155/ap_CS_fsm_state21                           |                                                                 |               21 |             64 |         3.05 |
|  ap_clk_IBUF_BUFG | grp_decodeCoordinates_3ul_s_fu_155/ap_CS_fsm_state30                           |                                                                 |               25 |             64 |         2.56 |
|  ap_clk_IBUF_BUFG | grp_decodeCoordinates_3ul_s_fu_155/ap_CS_fsm_state41                           |                                                                 |               23 |             64 |         2.78 |
|  ap_clk_IBUF_BUFG | grp_decodeCoordinates_3ul_s_fu_155/ap_CS_fsm_state42                           |                                                                 |               27 |             64 |         2.37 |
|  ap_clk_IBUF_BUFG | grp_decodeCoordinates_3ul_s_fu_155/ap_CS_fsm_state29                           |                                                                 |               28 |             64 |         2.29 |
|  ap_clk_IBUF_BUFG | grp_decodeCoordinates_3ul_s_fu_155/ap_CS_fsm_state33                           |                                                                 |               23 |             64 |         2.78 |
|  ap_clk_IBUF_BUFG | grp_decodeCoordinates_3ul_s_fu_155/ap_CS_fsm_state18                           |                                                                 |               21 |             64 |         3.05 |
|  ap_clk_IBUF_BUFG | grp_decodeCoordinates_3ul_s_fu_155/ap_CS_fsm_state39                           |                                                                 |               32 |             64 |         2.00 |
|  ap_clk_IBUF_BUFG | grp_decodeCoordinates_3ul_s_fu_155/ap_CS_fsm_state43                           |                                                                 |               29 |             64 |         2.21 |
|  ap_clk_IBUF_BUFG | grp_decodeCoordinates_3ul_s_fu_155/ap_CS_fsm_state14                           |                                                                 |               25 |             64 |         2.56 |
|  ap_clk_IBUF_BUFG | grp_decodeCoordinates_3ul_s_fu_155/ap_CS_fsm_state44                           |                                                                 |               32 |             64 |         2.00 |
|  ap_clk_IBUF_BUFG | grp_decodeCoordinates_3ul_s_fu_155/ap_CS_fsm_state12                           |                                                                 |               24 |             64 |         2.67 |
|  ap_clk_IBUF_BUFG | grp_decodeCoordinates_3ul_s_fu_155/ap_CS_fsm_state11                           |                                                                 |               29 |             64 |         2.21 |
|  ap_clk_IBUF_BUFG | grp_decodeCoordinates_3ul_s_fu_155/ap_CS_fsm_state13                           |                                                                 |               26 |             64 |         2.46 |
|  ap_clk_IBUF_BUFG | grp_decodeCoordinates_3ul_s_fu_155/ap_CS_fsm_state19                           |                                                                 |               23 |             64 |         2.78 |
|  ap_clk_IBUF_BUFG | grp_decodeCoordinates_3ul_s_fu_155/ap_CS_fsm_state20                           |                                                                 |               21 |             64 |         3.05 |
|  ap_clk_IBUF_BUFG | grp_decodeCoordinates_3ul_s_fu_155/ap_CS_fsm_state23                           |                                                                 |               21 |             64 |         3.05 |
|  ap_clk_IBUF_BUFG | grp_decodeCoordinates_3ul_s_fu_155/ap_CS_fsm_state35                           |                                                                 |               23 |             64 |         2.78 |
|  ap_clk_IBUF_BUFG | grp_decodeCoordinates_3ul_s_fu_155/ap_CS_fsm_state37                           |                                                                 |               21 |             64 |         3.05 |
|  ap_clk_IBUF_BUFG | grp_decodeCoordinates_3ul_s_fu_155/ap_CS_fsm_state17                           |                                                                 |               27 |             64 |         2.37 |
|  ap_clk_IBUF_BUFG | grp_decodeCoordinates_3ul_s_fu_155/ap_CS_fsm_state38                           |                                                                 |               27 |             64 |         2.37 |
|  ap_clk_IBUF_BUFG | grp_decodeCoordinates_3ul_s_fu_155/ap_CS_fsm_state25                           |                                                                 |               21 |             64 |         3.05 |
|  ap_clk_IBUF_BUFG | grp_decodeCoordinates_3ul_s_fu_155/ap_CS_fsm_state2                            |                                                                 |               22 |             64 |         2.91 |
|  ap_clk_IBUF_BUFG | grp_decodeCoordinates_3ul_s_fu_155/ap_CS_fsm_state63                           |                                                                 |               32 |             64 |         2.00 |
|  ap_clk_IBUF_BUFG | grp_decodeCoordinates_3ul_s_fu_155/ap_CS_fsm_state62                           |                                                                 |               30 |             64 |         2.13 |
|  ap_clk_IBUF_BUFG | grp_decodeCoordinates_3ul_s_fu_155/ap_CS_fsm_state8                            |                                                                 |               27 |             64 |         2.37 |
|  ap_clk_IBUF_BUFG | grp_decodeCoordinates_3ul_s_fu_155/ap_CS_fsm_state46                           |                                                                 |               32 |             64 |         2.00 |
|  ap_clk_IBUF_BUFG | grp_decodeCoordinates_3ul_s_fu_155/ap_CS_fsm_state58                           |                                                                 |               26 |             64 |         2.46 |
|  ap_clk_IBUF_BUFG | grp_decodeCoordinates_3ul_s_fu_155/ap_CS_fsm_state49                           |                                                                 |               30 |             64 |         2.13 |
|  ap_clk_IBUF_BUFG | grp_decodeCoordinates_3ul_s_fu_155/ap_CS_fsm_state57                           |                                                                 |               20 |             64 |         3.20 |
|  ap_clk_IBUF_BUFG | grp_decodeCoordinates_3ul_s_fu_155/ap_CS_fsm_state60                           |                                                                 |               31 |             64 |         2.06 |
|  ap_clk_IBUF_BUFG | grp_decodeCoordinates_3ul_s_fu_155/ap_CS_fsm_state55                           |                                                                 |               20 |             64 |         3.20 |
|  ap_clk_IBUF_BUFG | grp_decodeCoordinates_3ul_s_fu_155/ap_CS_fsm_state66                           |                                                                 |               29 |             64 |         2.21 |
|  ap_clk_IBUF_BUFG | grp_decodeCoordinates_3ul_s_fu_155/ap_CS_fsm_state68                           |                                                                 |               29 |             64 |         2.21 |
|  ap_clk_IBUF_BUFG | grp_decodeCoordinates_3ul_s_fu_155/ap_CS_fsm_state47                           |                                                                 |               29 |             64 |         2.21 |
|  ap_clk_IBUF_BUFG | grp_decodeCoordinates_3ul_s_fu_155/ap_CS_fsm_state52                           |                                                                 |               23 |             64 |         2.78 |
|  ap_clk_IBUF_BUFG | grp_decodeCoordinates_3ul_s_fu_155/ap_CS_fsm_state54                           |                                                                 |               21 |             64 |         3.05 |
|  ap_clk_IBUF_BUFG | grp_decodeCoordinates_3ul_s_fu_155/ap_CS_fsm_state70                           |                                                                 |               33 |             64 |         1.94 |
|  ap_clk_IBUF_BUFG | grp_singleNodeLaplacianCalculator_fu_62/Laplacian_assign_176_fu_19420          |                                                                 |               38 |            128 |         3.37 |
|  ap_clk_IBUF_BUFG | grp_singleNodeLaplacianCalculator_fu_62/Laplacian_assign_32_fu_13660           |                                                                 |               39 |            128 |         3.28 |
|  ap_clk_IBUF_BUFG | grp_singleNodeLaplacianCalculator_fu_62/Laplacian_assign_160_fu_18780          |                                                                 |               42 |            128 |         3.05 |
|  ap_clk_IBUF_BUFG | grp_singleNodeLaplacianCalculator_fu_62/Laplacian_assign_224_fu_21340          |                                                                 |               39 |            128 |         3.28 |
|  ap_clk_IBUF_BUFG | grp_singleNodeLaplacianCalculator_fu_62/Laplacian_assign_128_fu_17500          |                                                                 |               44 |            128 |         2.91 |
|  ap_clk_IBUF_BUFG | grp_singleNodeLaplacianCalculator_fu_62/Laplacian_assign_48_fu_14300           |                                                                 |               37 |            128 |         3.46 |
|  ap_clk_IBUF_BUFG | grp_singleNodeLaplacianCalculator_fu_62/Laplacian_assign_100_fu_16380          |                                                                 |               39 |            128 |         3.28 |
|  ap_clk_IBUF_BUFG | grp_singleNodeLaplacianCalculator_fu_62/Laplacian_assign_10_fu_12780           |                                                                 |               44 |            128 |         2.91 |
|  ap_clk_IBUF_BUFG | grp_singleNodeLaplacianCalculator_fu_62/Laplacian_assign_144_fu_18140          |                                                                 |               39 |            128 |         3.28 |
|  ap_clk_IBUF_BUFG | grp_singleNodeLaplacianCalculator_fu_62/Laplacian_assign_16_fu_13020           |                                                                 |               41 |            128 |         3.12 |
|  ap_clk_IBUF_BUFG | grp_singleNodeLaplacianCalculator_fu_62/Laplacian_assign_240_fu_21980          |                                                                 |               37 |            128 |         3.46 |
|  ap_clk_IBUF_BUFG | grp_singleNodeLaplacianCalculator_fu_62/Laplacian_assign_208_fu_20700          |                                                                 |               46 |            128 |         2.78 |
|  ap_clk_IBUF_BUFG | grp_singleNodeLaplacianCalculator_fu_62/Laplacian_assign_80_fu_15580           |                                                                 |               46 |            128 |         2.78 |
|  ap_clk_IBUF_BUFG | grp_singleNodeLaplacianCalculator_fu_62/Laplacian_assign_112_fu_16860          |                                                                 |               47 |            128 |         2.72 |
|  ap_clk_IBUF_BUFG | grp_singleNodeLaplacianCalculator_fu_62/Laplacian_assign_64_fu_14940           |                                                                 |               39 |            128 |         3.28 |
|  ap_clk_IBUF_BUFG | grp_singleNodeLaplacianCalculator_fu_62/Laplacian_assign_192_fu_20060          |                                                                 |               41 |            128 |         3.12 |
|  ap_clk_IBUF_BUFG |                                                                                | ap_rst_IBUF                                                     |              115 |            303 |         2.63 |
|  ap_clk_IBUF_BUFG | ap_CS_fsm_state2                                                               |                                                                 |             1091 |           4608 |         4.22 |
|  ap_clk_IBUF_BUFG | grp_decodeCoordinates_3ul_s_fu_155/grp_decodeCoordinates_3ul_s_fu_155_ap_ready | ap_rst_IBUF                                                     |             1134 |           4608 |         4.06 |
+-------------------+--------------------------------------------------------------------------------+-----------------------------------------------------------------+------------------+----------------+--------------+


