

================================================================
== Vitis HLS Report for 'getShadows'
================================================================
* Date:           Mon Jul  1 18:54:31 2024

* Version:        2020.2 (Build 3064766 on Wed Nov 18 09:12:45 MST 2020)
* Project:        PatchMaker_tanishGit
* Solution:       solution1 (Vivado IP Flow Target)
* Product family: virtexuplus
* Target device:  xcvu19p-fsvb3824-2-e


================================================================
== Performance Estimates
================================================================
+ Timing: 
    * Summary: 
    +--------+----------+----------+------------+
    |  Clock |  Target  | Estimated| Uncertainty|
    +--------+----------+----------+------------+
    |ap_clk  |  10.00 ns|  7.300 ns|     2.70 ns|
    +--------+----------+----------+------------+

+ Latency: 
    * Summary: 
    +---------+---------+----------+----------+-----+-----+---------+
    |  Latency (cycles) |  Latency (absolute) |  Interval | Pipeline|
    |   min   |   max   |    min   |    max   | min | max |   Type  |
    +---------+---------+----------+----------+-----+-----+---------+
    |        ?|        ?|         ?|         ?|    ?|    ?|     none|
    +---------+---------+----------+----------+-----+-----+---------+

    + Detail: 
        * Instance: 
        +------------------------------------------------+-------------------------------------+---------+---------+----------+----------+-----+-----+---------+
        |                                                |                                     |  Latency (cycles) |  Latency (absolute) |  Interval | Pipeline|
        |                    Instance                    |                Module               |   min   |   max   |    min   |    max   | min | max |   Type  |
        +------------------------------------------------+-------------------------------------+---------+---------+----------+----------+-----+-----+---------+
        |grp_straightLineProjectorFromLayerIJtoK_fu_287  |straightLineProjectorFromLayerIJtoK  |       11|       11|  0.110 us|  0.110 us|    1|    1|      yes|
        |grp_straightLineProjectorFromLayerIJtoK_fu_300  |straightLineProjectorFromLayerIJtoK  |       11|       11|  0.110 us|  0.110 us|    1|    1|      yes|
        |grp_straightLineProjectorFromLayerIJtoK_fu_313  |straightLineProjectorFromLayerIJtoK  |       11|       11|  0.110 us|  0.110 us|    1|    1|      yes|
        |grp_straightLineProjectorFromLayerIJtoK_fu_326  |straightLineProjectorFromLayerIJtoK  |       11|       11|  0.110 us|  0.110 us|    1|    1|      yes|
        +------------------------------------------------+-------------------------------------+---------+---------+----------+----------+-----+-----+---------+

        * Loop: 
        +---------------------+---------+---------+----------+-----------+-----------+------+----------+
        |                     |  Latency (cycles) | Iteration|  Initiation Interval  | Trip |          |
        |      Loop Name      |   min   |   max   |  Latency |  achieved |   target  | Count| Pipelined|
        +---------------------+---------+---------+----------+-----------+-----------+------+----------+
        |- getShadows_loop    |        ?|        ?|        14|          1|          1|     ?|       yes|
        |- GSmaxFinding_loop  |        ?|        ?|         2|          2|          1|     ?|       yes|
        +---------------------+---------+---------+----------+-----------+-----------+------+----------+



================================================================
== Utilization Estimates
================================================================
* Summary: 
+---------------------+---------+------+---------+---------+-----+
|         Name        | BRAM_18K|  DSP |    FF   |   LUT   | URAM|
+---------------------+---------+------+---------+---------+-----+
|DSP                  |        -|     -|        -|        -|    -|
|Expression           |        -|     -|        0|      836|    -|
|FIFO                 |        -|     -|        -|        -|    -|
|Instance             |        0|    24|     3132|    10244|    -|
|Memory               |        -|     -|        -|        -|    -|
|Multiplexer          |        -|     -|        -|      219|    -|
|Register             |        -|     -|     2164|       64|    -|
+---------------------+---------+------+---------+---------+-----+
|Total                |        0|    24|     5296|    11363|    0|
+---------------------+---------+------+---------+---------+-----+
|Available SLR        |     1080|   960|  2042880|  1021440|   80|
+---------------------+---------+------+---------+---------+-----+
|Utilization SLR (%)  |        0|     2|       ~0|        1|    0|
+---------------------+---------+------+---------+---------+-----+
|Available            |     4320|  3840|  8171520|  4085760|  320|
+---------------------+---------+------+---------+---------+-----+
|Utilization (%)      |        0|    ~0|       ~0|       ~0|    0|
+---------------------+---------+------+---------+---------+-----+

+ Detail: 
    * Instance: 
    +------------------------------------------------+-------------------------------------+---------+----+-----+------+-----+
    |                    Instance                    |                Module               | BRAM_18K| DSP|  FF |  LUT | URAM|
    +------------------------------------------------+-------------------------------------+---------+----+-----+------+-----+
    |mux_42_64_1_1_U134                              |mux_42_64_1_1                        |        0|   0|    0|    20|    0|
    |mux_42_64_1_1_U135                              |mux_42_64_1_1                        |        0|   0|    0|    20|    0|
    |mux_42_64_1_1_U136                              |mux_42_64_1_1                        |        0|   0|    0|    20|    0|
    |grp_straightLineProjectorFromLayerIJtoK_fu_287  |straightLineProjectorFromLayerIJtoK  |        0|   6|  783|  2546|    0|
    |grp_straightLineProjectorFromLayerIJtoK_fu_300  |straightLineProjectorFromLayerIJtoK  |        0|   6|  783|  2546|    0|
    |grp_straightLineProjectorFromLayerIJtoK_fu_313  |straightLineProjectorFromLayerIJtoK  |        0|   6|  783|  2546|    0|
    |grp_straightLineProjectorFromLayerIJtoK_fu_326  |straightLineProjectorFromLayerIJtoK  |        0|   6|  783|  2546|    0|
    +------------------------------------------------+-------------------------------------+---------+----+-----+------+-----+
    |Total                                           |                                     |        0|  24| 3132| 10244|    0|
    +------------------------------------------------+-------------------------------------+---------+----+-----+------+-----+

    * DSP: 
    N/A

    * Memory: 
    N/A

    * FIFO: 
    N/A

    * Expression: 
    +------------------------+----------+----+---+----+------------+------------+
    |      Variable Name     | Operation| DSP| FF| LUT| Bitwidth P0| Bitwidth P1|
    +------------------------+----------+----+---+----+------------+------------+
    |add_ln168_fu_474_p2     |         +|   0|  0|  39|          32|           2|
    |add_ln170_fu_480_p2     |         +|   0|  0|  39|          32|           1|
    |add_ln171_1_fu_495_p2   |         +|   0|  0|  40|          33|          33|
    |add_ln171_2_fu_524_p2   |         +|   0|  0|  22|          15|          15|
    |add_ln171_3_fu_530_p2   |         +|   0|  0|  22|          15|           7|
    |add_ln171_fu_432_p2     |         +|   0|  0|  15|           8|           8|
    |add_ln172_fu_541_p2     |         +|   0|  0|  22|          15|           7|
    |add_ln180_fu_376_p2     |         +|   0|  0|  19|          12|           5|
    |add_ln181_fu_386_p2     |         +|   0|  0|  19|          12|           5|
    |add_ln182_fu_396_p2     |         +|   0|  0|  19|          12|           6|
    |add_ln183_fu_406_p2     |         +|   0|  0|  19|          12|           6|
    |add_ln187_fu_837_p2     |         +|   0|  0|  39|          32|           1|
    |empty_99_fu_365_p2      |         +|   0|  0|  19|          12|           7|
    |empty_fu_359_p2         |         -|   0|  0|  19|          12|          12|
    |icmp_ln159_fu_442_p2    |      icmp|   0|  0|  29|          64|          27|
    |icmp_ln160_fu_456_p2    |      icmp|   0|  0|  29|          64|          26|
    |icmp_ln168_fu_486_p2    |      icmp|   0|  0|  20|          32|          32|
    |icmp_ln187_fu_664_p2    |      icmp|   0|  0|  20|          32|          32|
    |icmp_ln189_1_fu_685_p2  |      icmp|   0|  0|   8|           2|           3|
    |icmp_ln189_2_fu_699_p2  |      icmp|   0|  0|   8|           2|           1|
    |icmp_ln189_fu_714_p2    |      icmp|   0|  0|  29|          64|          64|
    |icmp_ln193_fu_752_p2    |      icmp|   0|  0|  29|          64|          64|
    |icmp_ln197_fu_789_p2    |      icmp|   0|  0|  29|          64|          64|
    |icmp_ln201_fu_826_p2    |      icmp|   0|  0|  29|          64|          64|
    |topL_jL_3_8_fu_705_p3   |    select|   0|  0|  63|           1|          64|
    |topL_jL_3_fu_691_p3     |    select|   0|  0|  63|           1|          64|
    |zTop_max_fu_462_p3      |    select|   0|  0|  63|           1|          64|
    |zTop_min_fu_448_p3      |    select|   0|  0|  63|           1|          27|
    |ap_enable_pp0           |       xor|   0|  0|   2|           1|           2|
    +------------------------+----------+----+---+----+------------+------------+
    |Total                   |          |   0|  0| 836|         711|         713|
    +------------------------+----------+----+---+----+------------+------------+

    * Multiplexer: 
    +----------------------------+----+-----------+-----+-----------+
    |            Name            | LUT| Input Size| Bits| Total Bits|
    +----------------------------+----+-----------+-----+-----------+
    |ap_NS_fsm                   |  49|          9|    1|          9|
    |ap_enable_reg_pp0_iter13    |   9|          2|    1|          2|
    |ap_phi_mux_i_phi_fu_268_p4  |   9|          2|   32|         64|
    |empty_101_fu_158            |   9|          2|   64|        128|
    |empty_102_fu_162            |   9|          2|   64|        128|
    |empty_103_fu_166            |   9|          2|   64|        128|
    |i_15_reg_275                |   9|          2|   32|         64|
    |i_reg_264                   |   9|          2|   32|         64|
    |topL_jL_3_6_fu_154          |   9|          2|   64|        128|
    |wp_parameters_2_address0    |  26|          5|   12|         60|
    |wp_parameters_2_address1    |  20|          4|   12|         48|
    |wp_parameters_2_d0          |  26|          5|   64|        320|
    |wp_parameters_2_d1          |  26|          5|   64|        320|
    +----------------------------+----+-----------+-----+-----------+
    |Total                       | 219|         44|  506|       1463|
    +----------------------------+----+-----------+-----+-----------+

    * Register: 
    +-------------------------------------------------------------+----+----+-----+-----------+
    |                             Name                            | FF | LUT| Bits| Const Bits|
    +-------------------------------------------------------------+----+----+-----+-----------+
    |add_ln168_reg_991                                            |  32|   0|   32|          0|
    |add_ln170_reg_997                                            |  32|   0|   32|          0|
    |add_ln170_reg_997_pp0_iter1_reg                              |  32|   0|   32|          0|
    |add_ln171_cast_reg_974                                       |   8|   0|   33|         25|
    |ap_CS_fsm                                                    |   8|   0|    8|          0|
    |ap_enable_reg_pp0_iter0                                      |   1|   0|    1|          0|
    |ap_enable_reg_pp0_iter1                                      |   1|   0|    1|          0|
    |ap_enable_reg_pp0_iter10                                     |   1|   0|    1|          0|
    |ap_enable_reg_pp0_iter11                                     |   1|   0|    1|          0|
    |ap_enable_reg_pp0_iter12                                     |   1|   0|    1|          0|
    |ap_enable_reg_pp0_iter13                                     |   1|   0|    1|          0|
    |ap_enable_reg_pp0_iter2                                      |   1|   0|    1|          0|
    |ap_enable_reg_pp0_iter3                                      |   1|   0|    1|          0|
    |ap_enable_reg_pp0_iter4                                      |   1|   0|    1|          0|
    |ap_enable_reg_pp0_iter5                                      |   1|   0|    1|          0|
    |ap_enable_reg_pp0_iter6                                      |   1|   0|    1|          0|
    |ap_enable_reg_pp0_iter7                                      |   1|   0|    1|          0|
    |ap_enable_reg_pp0_iter8                                      |   1|   0|    1|          0|
    |ap_enable_reg_pp0_iter9                                      |   1|   0|    1|          0|
    |empty_101_fu_158                                             |  64|   0|   64|          0|
    |empty_102_fu_162                                             |  64|   0|   64|          0|
    |empty_103_fu_166                                             |  64|   0|   64|          0|
    |empty_reg_939                                                |   9|   0|   12|          3|
    |grp_straightLineProjectorFromLayerIJtoK_fu_287_ap_start_reg  |   1|   0|    1|          0|
    |grp_straightLineProjectorFromLayerIJtoK_fu_300_ap_start_reg  |   1|   0|    1|          0|
    |grp_straightLineProjectorFromLayerIJtoK_fu_313_ap_start_reg  |   1|   0|    1|          0|
    |grp_straightLineProjectorFromLayerIJtoK_fu_326_ap_start_reg  |   1|   0|    1|          0|
    |i_15_reg_275                                                 |  32|   0|   32|          0|
    |i_reg_264                                                    |  32|   0|   32|          0|
    |icmp_ln168_reg_1006                                          |   1|   0|    1|          0|
    |topL_jL_3_1_fu_90                                            |  64|   0|   64|          0|
    |topL_jL_3_1_load_reg_1036                                    |  64|   0|   64|          0|
    |topL_jL_3_2_fu_106                                           |  64|   0|   64|          0|
    |topL_jL_3_4_fu_110                                           |  64|   0|   64|          0|
    |topL_jL_3_5_fu_114                                           |  64|   0|   64|          0|
    |topL_jL_3_6_fu_154                                           |  64|   0|   64|          0|
    |topL_jR_3_1_fu_118                                           |  64|   0|   64|          0|
    |topL_jR_3_2_fu_122                                           |  64|   0|   64|          0|
    |topL_jR_3_3_fu_126                                           |  64|   0|   64|          0|
    |topL_jR_3_fu_94                                              |  64|   0|   64|          0|
    |topL_jR_3_load_reg_1042                                      |  64|   0|   64|          0|
    |topR_jL_3_1_fu_130                                           |  64|   0|   64|          0|
    |topR_jL_3_2_fu_134                                           |  64|   0|   64|          0|
    |topR_jL_3_3_fu_138                                           |  64|   0|   64|          0|
    |topR_jL_3_fu_98                                              |  64|   0|   64|          0|
    |topR_jL_3_load_reg_1048                                      |  64|   0|   64|          0|
    |topR_jR_3_1_fu_142                                           |  64|   0|   64|          0|
    |topR_jR_3_2_fu_146                                           |  64|   0|   64|          0|
    |topR_jR_3_3_fu_150                                           |  64|   0|   64|          0|
    |topR_jR_3_fu_102                                             |  64|   0|   64|          0|
    |topR_jR_3_load_reg_1054                                      |  64|   0|   64|          0|
    |trunc_ln174_reg_1020                                         |   2|   0|    2|          0|
    |trunc_ln189_reg_1091                                         |   2|   0|    2|          0|
    |wp_parameters_2_addr_1_reg_952                               |   9|   0|   12|          3|
    |wp_parameters_2_addr_2_reg_958                               |   9|   0|   12|          3|
    |wp_parameters_2_addr_3_reg_964                               |   9|   0|   12|          3|
    |wp_parameters_2_addr_4_reg_969                               |   9|   0|   12|          3|
    |zTop_max_reg_985                                             |  64|   0|   64|          0|
    |zTop_min_reg_979                                             |  64|   0|   64|          0|
    |z_j_max_reg_1030                                             |  64|   0|   64|          0|
    |z_j_min_reg_1024                                             |  64|   0|   64|          0|
    |icmp_ln168_reg_1006                                          |  64|  32|    1|          0|
    |trunc_ln174_reg_1020                                         |  64|  32|    2|          0|
    +-------------------------------------------------------------+----+----+-----+-----------+
    |Total                                                        |2164|  64| 2079|         40|
    +-------------------------------------------------------------+----+----+-----+-----------+



================================================================
== Interface
================================================================
* Summary: 
+---------------------------+-----+-----+------------+------------------+--------------+
|         RTL Ports         | Dir | Bits|  Protocol  |   Source Object  |    C Type    |
+---------------------------+-----+-----+------------+------------------+--------------+
|ap_clk                     |   in|    1|  ap_ctrl_hs|        getShadows|  return value|
|ap_rst                     |   in|    1|  ap_ctrl_hs|        getShadows|  return value|
|ap_start                   |   in|    1|  ap_ctrl_hs|        getShadows|  return value|
|ap_done                    |  out|    1|  ap_ctrl_hs|        getShadows|  return value|
|ap_idle                    |  out|    1|  ap_ctrl_hs|        getShadows|  return value|
|ap_ready                   |  out|    1|  ap_ctrl_hs|        getShadows|  return value|
|wp_superpoints_2_address0  |  out|   15|   ap_memory|  wp_superpoints_2|         array|
|wp_superpoints_2_ce0       |  out|    1|   ap_memory|  wp_superpoints_2|         array|
|wp_superpoints_2_q0        |   in|   64|   ap_memory|  wp_superpoints_2|         array|
|wp_superpoints_2_address1  |  out|   15|   ap_memory|  wp_superpoints_2|         array|
|wp_superpoints_2_ce1       |  out|    1|   ap_memory|  wp_superpoints_2|         array|
|wp_superpoints_2_q1        |   in|   64|   ap_memory|  wp_superpoints_2|         array|
|wp_parameters_2_address0   |  out|   12|   ap_memory|   wp_parameters_2|         array|
|wp_parameters_2_ce0        |  out|    1|   ap_memory|   wp_parameters_2|         array|
|wp_parameters_2_we0        |  out|    1|   ap_memory|   wp_parameters_2|         array|
|wp_parameters_2_d0         |  out|   64|   ap_memory|   wp_parameters_2|         array|
|wp_parameters_2_q0         |   in|   64|   ap_memory|   wp_parameters_2|         array|
|wp_parameters_2_address1   |  out|   12|   ap_memory|   wp_parameters_2|         array|
|wp_parameters_2_ce1        |  out|    1|   ap_memory|   wp_parameters_2|         array|
|wp_parameters_2_we1        |  out|    1|   ap_memory|   wp_parameters_2|         array|
|wp_parameters_2_d1         |  out|   64|   ap_memory|   wp_parameters_2|         array|
|wp_superpoints             |   in|    5|     ap_none|    wp_superpoints|        scalar|
|wp_parameters              |   in|    5|     ap_none|     wp_parameters|        scalar|
|zTopMin                    |   in|   64|     ap_none|           zTopMin|        scalar|
|zTopMax                    |   in|   64|     ap_none|           zTopMax|        scalar|
+---------------------------+-----+-----+------------+------------------+--------------+

