

================================================================
== Vitis HLS Report for 'makeThirdPatch'
================================================================
* Date:           Mon Jul  1 18:54:33 2024

* Version:        2020.2 (Build 3064766 on Wed Nov 18 09:12:45 MST 2020)
* Project:        PatchMaker_tanishGit
* Solution:       solution1 (Vivado IP Flow Target)
* Product family: virtexuplus
* Target device:  xcvu19p-fsvb3824-2-e


================================================================
== Performance Estimates
================================================================
+ Timing: 
    * Summary: 
    +--------+----------+----------+------------+
    |  Clock |  Target  | Estimated| Uncertainty|
    +--------+----------+----------+------------+
    |ap_clk  |  10.00 ns|  7.323 ns|     2.70 ns|
    +--------+----------+----------+------------+

+ Latency: 
    * Summary: 
    +---------+---------+----------+----------+-----+-----+---------+
    |  Latency (cycles) |  Latency (absolute) |  Interval | Pipeline|
    |   min   |   max   |    min   |    max   | min | max |   Type  |
    +---------+---------+----------+----------+-----+-----+---------+
    |        ?|        ?|         ?|         ?|    ?|    ?|     none|
    +---------+---------+----------+----------+-----+-----+---------+

    + Detail: 
        * Instance: 
        +------------------------------------------------+-------------------------------------+---------+---------+----------+----------+-----+-----+---------+
        |                                                |                                     |  Latency (cycles) |  Latency (absolute) |  Interval | Pipeline|
        |                    Instance                    |                Module               |   min   |   max   |    min   |    max   | min | max |   Type  |
        +------------------------------------------------+-------------------------------------+---------+---------+----------+----------+-----+-----+---------+
        |grp_makePatch_alignedToLine_fu_463              |makePatch_alignedToLine              |        ?|        ?|         ?|         ?|    ?|    ?|     none|
        |grp_getShadows_fu_488                           |getShadows                           |        ?|        ?|         ?|         ?|    ?|    ?|     none|
        |grp_delete_patch_fu_506                         |delete_patch                         |        ?|        ?|         ?|         ?|    ?|    ?|     none|
        |grp_straightLineProjectorFromLayerIJtoK_fu_518  |straightLineProjectorFromLayerIJtoK  |       11|       11|  0.110 us|  0.110 us|    1|    1|      yes|
        |grp_straightLineProjectorFromLayerIJtoK_fu_532  |straightLineProjectorFromLayerIJtoK  |       11|       11|  0.110 us|  0.110 us|    1|    1|      yes|
        +------------------------------------------------+-------------------------------------+---------+---------+----------+----------+-----+-----+---------+

        * Loop: 
        +-------------------+---------+---------+----------+-----------+-----------+------+----------+
        |                   |  Latency (cycles) | Iteration|  Initiation Interval  | Trip |          |
        |     Loop Name     |   min   |   max   |  Latency |  achieved |   target  | Count| Pipelined|
        +-------------------+---------+---------+----------+-----------+-----------+------+----------+
        |- thirdPatch_loop  |        ?|        ?|         ?|          -|          -|     ?|        no|
        +-------------------+---------+---------+----------+-----------+-----------+------+----------+



================================================================
== Utilization Estimates
================================================================
* Summary: 
+---------------------+---------+------+---------+---------+-----+
|         Name        | BRAM_18K|  DSP |    FF   |   LUT   | URAM|
+---------------------+---------+------+---------+---------+-----+
|DSP                  |        -|     -|        -|        -|    -|
|Expression           |        -|     -|        0|     2814|    -|
|FIFO                 |        -|     -|        -|        -|    -|
|Instance             |       12|    78|    13564|    36193|    -|
|Memory               |        -|     -|        -|        -|    -|
|Multiplexer          |        -|     -|        -|     1222|    -|
|Register             |        -|     -|     2505|        -|    -|
+---------------------+---------+------+---------+---------+-----+
|Total                |       12|    78|    16069|    40229|    0|
+---------------------+---------+------+---------+---------+-----+
|Available SLR        |     1080|   960|  2042880|  1021440|   80|
+---------------------+---------+------+---------+---------+-----+
|Utilization SLR (%)  |        1|     8|       ~0|        3|    0|
+---------------------+---------+------+---------+---------+-----+
|Available            |     4320|  3840|  8171520|  4085760|  320|
+---------------------+---------+------+---------+---------+-----+
|Utilization (%)      |       ~0|     2|       ~0|       ~0|    0|
+---------------------+---------+------+---------+---------+-----+

+ Detail: 
    * Instance: 
    +------------------------------------+-------------------------+---------+----+------+-------+-----+
    |              Instance              |          Module         | BRAM_18K| DSP|  FF  |  LUT  | URAM|
    +------------------------------------+-------------------------+---------+----+------+-------+-----+
    |grp_delete_patch_fu_506             |delete_patch             |        0|   1|   634|   1659|    0|
    |grp_getShadows_fu_488               |getShadows               |        0|  24|  5296|  11363|    0|
    |grp_makePatch_alignedToLine_fu_463  |makePatch_alignedToLine  |       12|  53|  7634|  23171|    0|
    +------------------------------------+-------------------------+---------+----+------+-------+-----+
    |Total                               |                         |       12|  78| 13564|  36193|    0|
    +------------------------------------+-------------------------+---------+----+------+-------+-----+

    * DSP: 
    N/A

    * Memory: 
    N/A

    * FIFO: 
    N/A

    * Expression: 
    +---------------------------------------------------------+----------+----+---+----+------------+------------+
    |                      Variable Name                      | Operation| DSP| FF| LUT| Bitwidth P0| Bitwidth P1|
    +---------------------------------------------------------+----------+----+---+----+------------+------------+
    |add_ln681_fu_636_p2                                      |         +|   0|  0|  19|          12|           6|
    |add_ln685_fu_721_p2                                      |         +|   0|  0|  19|          12|           5|
    |add_ln690_fu_677_p2                                      |         +|   0|  0|  19|          12|           6|
    |add_ln695_fu_688_p2                                      |         +|   0|  0|  19|          12|           5|
    |add_ln703_fu_699_p2                                      |         +|   0|  0|  19|          12|           6|
    |add_ln704_fu_710_p2                                      |         +|   0|  0|  19|          12|           5|
    |add_ln705_fu_731_p2                                      |         +|   0|  0|  19|          12|           6|
    |add_ln706_fu_741_p2                                      |         +|   0|  0|  19|          12|           5|
    |add_ln769_fu_1198_p2                                     |         +|   0|  0|  39|          32|           2|
    |add_ln775_fu_1209_p2                                     |         +|   0|  0|  12|           5|           2|
    |add_ln779_fu_1241_p2                                     |         +|   0|  0|  19|          12|           6|
    |add_ln780_fu_1252_p2                                     |         +|   0|  0|  19|          12|           5|
    |add_ln781_fu_1263_p2                                     |         +|   0|  0|  19|          12|           6|
    |add_ln782_fu_1273_p2                                     |         +|   0|  0|  19|          12|           5|
    |add_ln819_fu_1439_p2                                     |         +|   0|  0|  39|          32|           3|
    |secondLastPatchIndex_fu_605_p2                           |         +|   0|  0|  12|           5|           2|
    |shifted_Align_4_fu_1185_p2                               |         +|   0|  0|  71|          64|          64|
    |grp_fu_568_p2                                            |         -|   0|  0|  71|          64|          64|
    |horizontalShiftBottom_2_fu_1345_p2                       |         -|   0|  0|  71|          64|          64|
    |horizontalShiftBottom_fu_1030_p2                         |         -|   0|  0|  71|          64|          64|
    |horizontalShiftTop_2_fu_1340_p2                          |         -|   0|  0|  71|          64|          64|
    |horizontalShiftTop_fu_1026_p2                            |         -|   0|  0|  71|          64|          64|
    |shifted_Align_3_fu_1179_p2                               |         -|   0|  0|  71|          64|          64|
    |sub_ln681_fu_630_p2                                      |         -|   0|  0|  19|          12|          12|
    |sub_ln690_fu_671_p2                                      |         -|   0|  0|  19|          12|          12|
    |sub_ln692_fu_869_p2                                      |         -|   0|  0|  71|          64|          64|
    |sub_ln779_fu_1235_p2                                     |         -|   0|  0|  19|          12|          12|
    |sub_ln797_1_fu_1360_p2                                   |         -|   0|  0|  71|          64|          64|
    |sub_ln797_fu_1356_p2                                     |         -|   0|  0|  71|          64|          64|
    |sub_ln798_1_fu_1382_p2                                   |         -|   0|  0|  71|          64|          64|
    |sub_ln798_fu_1378_p2                                     |         -|   0|  0|  71|          64|          64|
    |and_ln682_fu_647_p2                                      |       and|   0|  0|   2|           1|           1|
    |and_ln692_fu_880_p2                                      |       and|   0|  0|   2|           1|           1|
    |and_ln749_1_fu_1159_p2                                   |       and|   0|  0|   2|           1|           1|
    |and_ln749_2_fu_1120_p2                                   |       and|   0|  0|   2|           1|           1|
    |and_ln749_fu_1153_p2                                     |       and|   0|  0|   2|           1|           1|
    |and_ln815_fu_1433_p2                                     |       and|   0|  0|   2|           1|           1|
    |ap_block_state115_on_subcall_done                        |       and|   0|  0|   2|           1|           1|
    |ap_block_state83_on_subcall_done                         |       and|   0|  0|   2|           1|           1|
    |ap_predicate_op491_call_state115                         |       and|   0|  0|   2|           1|           1|
    |empty_74_fu_798_p2                                       |       and|   0|  0|   2|           1|           1|
    |empty_79_fu_857_p2                                       |       and|   0|  0|   2|           1|           1|
    |empty_84_fu_933_p2                                       |       and|   0|  0|   2|           1|           1|
    |empty_89_fu_992_p2                                       |       and|   0|  0|   2|           1|           1|
    |grp_fu_579_p2                                            |       and|   0|  0|   2|           1|           1|
    |lnot_fu_1079_p2                                          |       and|   0|  0|   2|           1|           1|
    |cmp93_fu_1165_p2                                         |      icmp|   0|  0|  29|          64|          64|
    |grp_fu_556_p2                                            |      icmp|   0|  0|  29|          64|          64|
    |grp_fu_562_p2                                            |      icmp|   0|  0|  29|          64|          64|
    |grp_fu_573_p2                                            |      icmp|   0|  0|  29|          64|           8|
    |grp_fu_585_p2                                            |      icmp|   0|  0|  29|          64|           1|
    |grp_fu_590_p2                                            |      icmp|   0|  0|  29|          64|           1|
    |icmp_ln692_fu_874_p2                                     |      icmp|   0|  0|  29|          64|           6|
    |icmp_ln732_fu_1054_p2                                    |      icmp|   0|  0|  29|          64|           1|
    |icmp_ln749_1_fu_1136_p2                                  |      icmp|   0|  0|  28|          63|           1|
    |icmp_ln749_fu_1101_p2                                    |      icmp|   0|  0|  28|          63|           1|
    |icmp_ln795_fu_1350_p2                                    |      icmp|   0|  0|  29|          64|          24|
    |icmp_ln797_fu_1364_p2                                    |      icmp|   0|  0|  29|          64|          64|
    |icmp_ln798_fu_1386_p2                                    |      icmp|   0|  0|  29|          64|          64|
    |icmp_ln815_fu_1410_p2                                    |      icmp|   0|  0|  29|          64|          24|
    |icmp_ln817_fu_1427_p2                                    |      icmp|   0|  0|  20|          32|           2|
    |notlhs5_fu_917_p2                                        |      icmp|   0|  0|  11|          11|           2|
    |notlhs7_fu_841_p2                                        |      icmp|   0|  0|  11|          11|           2|
    |notlhs9_fu_782_p2                                        |      icmp|   0|  0|  11|          11|           2|
    |notlhs_fu_976_p2                                         |      icmp|   0|  0|  11|          11|           2|
    |notrhs10_fu_788_p2                                       |      icmp|   0|  0|  24|          52|           1|
    |notrhs6_fu_923_p2                                        |      icmp|   0|  0|  24|          52|           1|
    |notrhs8_fu_847_p2                                        |      icmp|   0|  0|  24|          52|           1|
    |notrhs_fu_982_p2                                         |      icmp|   0|  0|  24|          52|           1|
    |empty_73_fu_794_p2                                       |        or|   0|  0|   2|           1|           1|
    |empty_78_fu_853_p2                                       |        or|   0|  0|   2|           1|           1|
    |empty_83_fu_929_p2                                       |        or|   0|  0|   2|           1|           1|
    |empty_88_fu_988_p2                                       |        or|   0|  0|   2|           1|           1|
    |or_ln749_1_fu_1107_p2                                    |        or|   0|  0|   2|           1|           1|
    |or_ln749_2_fu_1020_p2                                    |        or|   0|  0|   2|           1|           1|
    |or_ln749_3_fu_1142_p2                                    |        or|   0|  0|   2|           1|           1|
    |or_ln749_fu_1004_p2                                      |        or|   0|  0|   2|           1|           1|
    |or_ln815_fu_1416_p2                                      |        or|   0|  0|   2|           1|           1|
    |shiftOriginal_1_fu_1067_p2                               |        or|   0|  0|   2|           1|           1|
    |complementary_topL_jL_2_fu_1304_p3                       |    select|   0|  0|  63|           1|          64|
    |complementary_topL_jR_2_fu_1318_p3                       |    select|   0|  0|  63|           1|          64|
    |complementary_topR_jL_2_fu_1297_p3                       |    select|   0|  0|  63|           1|          64|
    |complementary_topR_jR_2_fu_1311_p3                       |    select|   0|  0|  63|           1|          64|
    |horizontalOverlapTop_1_fu_1370_p3                        |    select|   0|  0|  63|           1|          64|
    |horizontalShiftBottom_0_horizontalShiftTop_0_fu_1171_p3  |    select|   0|  0|  63|           1|          64|
    |newZtop_1_fu_1085_p3                                     |    select|   0|  0|  63|           1|          64|
    |original_topL_jL_2_fu_1283_p3                            |    select|   0|  0|  63|           1|          64|
    |original_topL_jR_2_fu_1333_p3                            |    select|   0|  0|  63|           1|          64|
    |original_topR_jL_2_fu_1290_p3                            |    select|   0|  0|  63|           1|          64|
    |original_topR_jR_2_fu_1325_p3                            |    select|   0|  0|  63|           1|          64|
    |select_ln798_fu_1392_p3                                  |    select|   0|  0|  63|           1|          64|
    |shifted_Align_1_fu_1060_p3                               |    select|   0|  0|  63|           1|          64|
    |shifted_Align_5_fu_1191_p3                               |    select|   0|  0|  63|           1|          64|
    |shifted_Align_fu_1042_p3                                 |    select|   0|  0|  63|           1|          64|
    |cmp84_not_fu_1073_p2                                     |       xor|   0|  0|   2|           1|           2|
    |empty_75_fu_804_p2                                       |       xor|   0|  0|   2|           1|           2|
    |empty_80_fu_863_p2                                       |       xor|   0|  0|   2|           1|           2|
    |empty_85_fu_939_p2                                       |       xor|   0|  0|   2|           1|           2|
    |empty_90_fu_998_p2                                       |       xor|   0|  0|   2|           1|           2|
    |shiftOriginal_fu_1048_p2                                 |       xor|   0|  0|   2|           1|           2|
    |xor_ln749_fu_1147_p2                                     |       xor|   0|  0|   2|           1|           2|
    |xor_ln815_fu_1421_p2                                     |       xor|   0|  0|   2|           1|           2|
    +---------------------------------------------------------+----------+----+---+----+------------+------------+
    |Total                                                    |          |   0|  0|2814|        2248|        2281|
    +---------------------------------------------------------+----------+----+---+----+------------+------------+

    * Multiplexer: 
    +----------------------------------------------------+-----+-----------+-----+-----------+
    |                        Name                        | LUT | Input Size| Bits| Total Bits|
    +----------------------------------------------------+-----+-----------+-----+-----------+
    |ap_NS_fsm                                           |  587|        116|    1|        116|
    |complementary_topL_jL_1_reg_397                     |    9|          2|   64|        128|
    |complementary_topL_jR_1_reg_339                     |    9|          2|   64|        128|
    |complementary_topR_jL_1_reg_387                     |    9|          2|   64|        128|
    |complementary_topR_jR_1_reg_329                     |    9|          2|   64|        128|
    |empty_76_reg_272                                    |    9|          2|    1|          2|
    |empty_81_reg_284                                    |    9|          2|    1|          2|
    |empty_86_reg_296                                    |    9|          2|    1|          2|
    |empty_91_reg_308                                    |    9|          2|    1|          2|
    |grp_delete_patch_fu_506_index                       |   14|          3|   32|         96|
    |grp_fu_548_p0                                       |   26|          5|   64|        320|
    |grp_getShadows_fu_488_wp_parameters                 |   20|          4|    5|         20|
    |grp_getShadows_fu_488_wp_superpoints                |   20|          4|    5|         20|
    |grp_straightLineProjectorFromLayerIJtoK_fu_518_z_i  |   43|          8|   64|        512|
    |grp_straightLineProjectorFromLayerIJtoK_fu_518_z_j  |   20|          4|   64|        256|
    |horizontalOverlapBottom_fu_124                      |    9|          2|   64|        128|
    |horizontalOverlapTop_fu_128                         |    9|          2|   64|        128|
    |horizontalShiftBottom_1_reg_378                     |    9|          2|   64|        128|
    |horizontalShiftTop_1_reg_359                        |    9|          2|   64|        128|
    |n_patches_o                                         |   14|          3|   32|         96|
    |n_patches_o_ap_vld                                  |   14|          3|    1|          3|
    |newZtop_reg_451                                     |    9|          2|   64|        128|
    |original_topL_jL_1_reg_349                          |    9|          2|   64|        128|
    |original_topL_jR_1_reg_417                          |    9|          2|   64|        128|
    |original_topR_jL_1_reg_368                          |    9|          2|   64|        128|
    |original_topR_jR_1_reg_407                          |    9|          2|   64|        128|
    |patches_parameters_address0                         |   65|         12|   12|        144|
    |patches_parameters_address1                         |   37|          7|   12|         84|
    |patches_parameters_ce0                              |   26|          5|    1|          5|
    |patches_parameters_ce1                              |   20|          4|    1|          4|
    |patches_parameters_d0                               |   20|          4|   64|        256|
    |patches_parameters_we0                              |   20|          4|    1|          4|
    |patches_parameters_we1                              |    9|          2|    1|          2|
    |patches_superpoints_address0                        |   20|          4|   15|         60|
    |patches_superpoints_address1                        |   14|          3|   15|         45|
    |patches_superpoints_ce0                             |   20|          4|    1|          4|
    |patches_superpoints_ce1                             |   14|          3|    1|          3|
    |patches_superpoints_d0                              |   14|          3|   64|        192|
    |patches_superpoints_we0                             |   14|          3|    1|          3|
    |ppl_assign_0_reg_319                                |    9|          2|   32|         64|
    |shifted_Align_2_reg_441                             |    9|          2|   64|        128|
    +----------------------------------------------------+-----+-----------+-----+-----------+
    |Total                                               | 1222|        246| 1389|       4109|
    +----------------------------------------------------+-----+-----------+-----+-----------+

    * Register: 
    +-------------------------------------------------------------+-----+----+-----+-----------+
    |                             Name                            |  FF | LUT| Bits| Const Bits|
    +-------------------------------------------------------------+-----+----+-----+-----------+
    |add_ln769_reg_1770                                           |   32|   0|   32|          0|
    |add_ln775_reg_1780                                           |    5|   0|    5|          0|
    |add_ln819_reg_1882                                           |   32|   0|   32|          0|
    |and_ln682_reg_1514                                           |    1|   0|    1|          0|
    |and_ln687_reg_1585                                           |    1|   0|    1|          0|
    |and_ln692_reg_1616                                           |    1|   0|    1|          0|
    |and_ln697_reg_1647                                           |    1|   0|    1|          0|
    |and_ln815_reg_1878                                           |    1|   0|    1|          0|
    |ap_CS_fsm                                                    |  115|   0|  115|          0|
    |complementary_topL_jL_1_reg_397                              |   64|   0|   64|          0|
    |complementary_topL_jL_2_reg_1834                             |   64|   0|   64|          0|
    |complementary_topL_jL_reg_1700                               |   64|   0|   64|          0|
    |complementary_topL_jR_1_reg_339                              |   64|   0|   64|          0|
    |complementary_topL_jR_2_reg_1846                             |   64|   0|   64|          0|
    |complementary_topL_jR_reg_1640                               |   64|   0|   64|          0|
    |complementary_topR_jL_1_reg_387                              |   64|   0|   64|          0|
    |complementary_topR_jL_2_reg_1828                             |   64|   0|   64|          0|
    |complementary_topR_jL_reg_1695                               |   64|   0|   64|          0|
    |complementary_topR_jR_1_reg_329                              |   64|   0|   64|          0|
    |complementary_topR_jR_2_reg_1840                             |   64|   0|   64|          0|
    |complementary_topR_jR_reg_1609                               |   64|   0|   64|          0|
    |empty_76_reg_272                                             |    1|   0|    1|          0|
    |empty_81_reg_284                                             |    1|   0|    1|          0|
    |empty_86_reg_296                                             |    1|   0|    1|          0|
    |empty_91_reg_308                                             |    1|   0|    1|          0|
    |grp_delete_patch_fu_506_ap_start_reg                         |    1|   0|    1|          0|
    |grp_getShadows_fu_488_ap_start_reg                           |    1|   0|    1|          0|
    |grp_makePatch_alignedToLine_fu_463_ap_start_reg              |    1|   0|    1|          0|
    |grp_straightLineProjectorFromLayerIJtoK_fu_518_ap_start_reg  |    1|   0|    1|          0|
    |grp_straightLineProjectorFromLayerIJtoK_fu_532_ap_start_reg  |    1|   0|    1|          0|
    |horizontalOverlapBottom_fu_124                               |   64|   0|   64|          0|
    |horizontalOverlapTop_fu_128                                  |   64|   0|   64|          0|
    |horizontalShiftBottom_1_reg_378                              |   64|   0|   64|          0|
    |horizontalShiftBottom_2_reg_1870                             |   64|   0|   64|          0|
    |horizontalShiftTop_1_reg_359                                 |   64|   0|   64|          0|
    |horizontalShiftTop_2_reg_1865                                |   64|   0|   64|          0|
    |lnot_reg_1743                                                |    1|   0|    1|          0|
    |makeHorizontallyShiftedPatch_reg_427                         |    1|   0|    1|          0|
    |newZtop_1_reg_1749                                           |   64|   0|   64|          0|
    |newZtop_reg_451                                              |   64|   0|   64|          0|
    |notlhs5_reg_1625                                             |    1|   0|    1|          0|
    |notlhs7_reg_1594                                             |    1|   0|    1|          0|
    |notlhs9_reg_1563                                             |    1|   0|    1|          0|
    |notlhs_reg_1656                                              |    1|   0|    1|          0|
    |notrhs10_reg_1568                                            |    1|   0|    1|          0|
    |notrhs6_reg_1630                                             |    1|   0|    1|          0|
    |notrhs8_reg_1599                                             |    1|   0|    1|          0|
    |notrhs_reg_1661                                              |    1|   0|    1|          0|
    |or_ln749_2_reg_1690                                          |    1|   0|    1|          0|
    |or_ln749_reg_1685                                            |    1|   0|    1|          0|
    |original_topL_jL_1_reg_349                                   |   64|   0|   64|          0|
    |original_topL_jL_2_reg_1814                                  |   64|   0|   64|          0|
    |original_topL_jL_reg_1578                                    |   64|   0|   64|          0|
    |original_topL_jR_1_reg_417                                   |   64|   0|   64|          0|
    |original_topL_jR_2_reg_1859                                  |   64|   0|   64|          0|
    |original_topR_jL_1_reg_368                                   |   64|   0|   64|          0|
    |original_topR_jL_2_reg_1821                                  |   64|   0|   64|          0|
    |original_topR_jL_reg_1507                                    |   64|   0|   64|          0|
    |original_topR_jR_1_reg_407                                   |   64|   0|   64|          0|
    |original_topR_jR_2_reg_1852                                  |   64|   0|   64|          0|
    |patches_parameters_addr_13_reg_1543                          |    9|   0|   12|          3|
    |patches_parameters_addr_14_reg_1523                          |    9|   0|   12|          3|
    |patches_parameters_addr_15_reg_1528                          |    9|   0|   12|          3|
    |patches_parameters_addr_16_reg_1533                          |    9|   0|   12|          3|
    |patches_parameters_addr_17_reg_1538                          |    9|   0|   12|          3|
    |patches_parameters_addr_18_reg_1548                          |    9|   0|   12|          3|
    |patches_parameters_addr_19_reg_1553                          |    9|   0|   12|          3|
    |ppl_assign1_reg_1775                                         |   32|   0|   32|          0|
    |ppl_assign_0_reg_319                                         |   32|   0|   32|          0|
    |reg_595                                                      |   64|   0|   64|          0|
    |reg_600                                                      |   32|   0|   32|          0|
    |secondLastPatchIndex_reg_1470                                |    5|   0|    5|          0|
    |shiftOriginal_1_reg_1730                                     |    1|   0|    1|          0|
    |shifted_Align_2_reg_441                                      |   64|   0|   64|          0|
    |shifted_Align_5_reg_1764                                     |   64|   0|   64|          0|
    |sub_ln681_reg_1478                                           |    9|   0|   12|          3|
    |sub_ln779_reg_1788                                           |    9|   0|   12|          3|
    +-------------------------------------------------------------+-----+----+-----+-----------+
    |Total                                                        | 2505|   0| 2532|         27|
    +-------------------------------------------------------------+-----+----+-----+-----------+



================================================================
== Interface
================================================================
* Summary: 
+---------------------------------------------------------+-----+-----+------------+----------------------+--------------+
|                        RTL Ports                        | Dir | Bits|  Protocol  |     Source Object    |    C Type    |
+---------------------------------------------------------+-----+-----+------------+----------------------+--------------+
|ap_clk                                                   |   in|    1|  ap_ctrl_hs|        makeThirdPatch|  return value|
|ap_rst                                                   |   in|    1|  ap_ctrl_hs|        makeThirdPatch|  return value|
|ap_start                                                 |   in|    1|  ap_ctrl_hs|        makeThirdPatch|  return value|
|ap_done                                                  |  out|    1|  ap_ctrl_hs|        makeThirdPatch|  return value|
|ap_idle                                                  |  out|    1|  ap_ctrl_hs|        makeThirdPatch|  return value|
|ap_ready                                                 |  out|    1|  ap_ctrl_hs|        makeThirdPatch|  return value|
|grp_straightLineProjectorFromLayerIJtoK_fu_1581_p_din1   |  out|   64|  ap_ctrl_hs|        makeThirdPatch|  return value|
|grp_straightLineProjectorFromLayerIJtoK_fu_1581_p_din2   |  out|   64|  ap_ctrl_hs|        makeThirdPatch|  return value|
|grp_straightLineProjectorFromLayerIJtoK_fu_1581_p_din3   |  out|    3|  ap_ctrl_hs|        makeThirdPatch|  return value|
|grp_straightLineProjectorFromLayerIJtoK_fu_1581_p_din4   |  out|   32|  ap_ctrl_hs|        makeThirdPatch|  return value|
|grp_straightLineProjectorFromLayerIJtoK_fu_1581_p_din5   |  out|    3|  ap_ctrl_hs|        makeThirdPatch|  return value|
|grp_straightLineProjectorFromLayerIJtoK_fu_1581_p_dout0  |   in|   64|  ap_ctrl_hs|        makeThirdPatch|  return value|
|grp_straightLineProjectorFromLayerIJtoK_fu_1581_p_ce     |  out|    1|  ap_ctrl_hs|        makeThirdPatch|  return value|
|grp_straightLineProjectorFromLayerIJtoK_fu_1581_p_start  |  out|    1|  ap_ctrl_hs|        makeThirdPatch|  return value|
|grp_straightLineProjectorFromLayerIJtoK_fu_1581_p_ready  |   in|    1|  ap_ctrl_hs|        makeThirdPatch|  return value|
|grp_straightLineProjectorFromLayerIJtoK_fu_1581_p_done   |   in|    1|  ap_ctrl_hs|        makeThirdPatch|  return value|
|grp_straightLineProjectorFromLayerIJtoK_fu_1581_p_idle   |   in|    1|  ap_ctrl_hs|        makeThirdPatch|  return value|
|grp_straightLineProjectorFromLayerIJtoK_fu_1590_p_din1   |  out|   64|  ap_ctrl_hs|        makeThirdPatch|  return value|
|grp_straightLineProjectorFromLayerIJtoK_fu_1590_p_din2   |  out|   64|  ap_ctrl_hs|        makeThirdPatch|  return value|
|grp_straightLineProjectorFromLayerIJtoK_fu_1590_p_din3   |  out|    3|  ap_ctrl_hs|        makeThirdPatch|  return value|
|grp_straightLineProjectorFromLayerIJtoK_fu_1590_p_din4   |  out|   32|  ap_ctrl_hs|        makeThirdPatch|  return value|
|grp_straightLineProjectorFromLayerIJtoK_fu_1590_p_din5   |  out|    3|  ap_ctrl_hs|        makeThirdPatch|  return value|
|grp_straightLineProjectorFromLayerIJtoK_fu_1590_p_dout0  |   in|   64|  ap_ctrl_hs|        makeThirdPatch|  return value|
|grp_straightLineProjectorFromLayerIJtoK_fu_1590_p_ce     |  out|    1|  ap_ctrl_hs|        makeThirdPatch|  return value|
|grp_straightLineProjectorFromLayerIJtoK_fu_1590_p_start  |  out|    1|  ap_ctrl_hs|        makeThirdPatch|  return value|
|grp_straightLineProjectorFromLayerIJtoK_fu_1590_p_ready  |   in|    1|  ap_ctrl_hs|        makeThirdPatch|  return value|
|grp_straightLineProjectorFromLayerIJtoK_fu_1590_p_done   |   in|    1|  ap_ctrl_hs|        makeThirdPatch|  return value|
|grp_straightLineProjectorFromLayerIJtoK_fu_1590_p_idle   |   in|    1|  ap_ctrl_hs|        makeThirdPatch|  return value|
|grp_fu_631_p_din0                                        |  out|   64|  ap_ctrl_hs|        makeThirdPatch|  return value|
|grp_fu_631_p_din1                                        |  out|   64|  ap_ctrl_hs|        makeThirdPatch|  return value|
|grp_fu_631_p_opcode                                      |  out|    5|  ap_ctrl_hs|        makeThirdPatch|  return value|
|grp_fu_631_p_dout0                                       |   in|    1|  ap_ctrl_hs|        makeThirdPatch|  return value|
|grp_fu_631_p_ce                                          |  out|    1|  ap_ctrl_hs|        makeThirdPatch|  return value|
|grp_fu_636_p_din0                                        |  out|   64|  ap_ctrl_hs|        makeThirdPatch|  return value|
|grp_fu_636_p_dout0                                       |   in|   64|  ap_ctrl_hs|        makeThirdPatch|  return value|
|grp_fu_636_p_ce                                          |  out|    1|  ap_ctrl_hs|        makeThirdPatch|  return value|
|n_patches_i                                              |   in|   32|     ap_ovld|             n_patches|       pointer|
|n_patches_o                                              |  out|   32|     ap_ovld|             n_patches|       pointer|
|n_patches_o_ap_vld                                       |  out|    1|     ap_ovld|             n_patches|       pointer|
|GDarray_address0                                         |  out|   11|   ap_memory|               GDarray|         array|
|GDarray_ce0                                              |  out|    1|   ap_memory|               GDarray|         array|
|GDarray_q0                                               |   in|  192|   ap_memory|               GDarray|         array|
|GDn_points_address0                                      |  out|    3|   ap_memory|            GDn_points|         array|
|GDn_points_ce0                                           |  out|    1|   ap_memory|            GDn_points|         array|
|GDn_points_q0                                            |   in|   32|   ap_memory|            GDn_points|         array|
|patches_superpoints_address0                             |  out|   15|   ap_memory|   patches_superpoints|         array|
|patches_superpoints_ce0                                  |  out|    1|   ap_memory|   patches_superpoints|         array|
|patches_superpoints_we0                                  |  out|    1|   ap_memory|   patches_superpoints|         array|
|patches_superpoints_d0                                   |  out|   64|   ap_memory|   patches_superpoints|         array|
|patches_superpoints_q0                                   |   in|   64|   ap_memory|   patches_superpoints|         array|
|patches_superpoints_address1                             |  out|   15|   ap_memory|   patches_superpoints|         array|
|patches_superpoints_ce1                                  |  out|    1|   ap_memory|   patches_superpoints|         array|
|patches_superpoints_q1                                   |   in|   64|   ap_memory|   patches_superpoints|         array|
|patches_parameters_address0                              |  out|   12|   ap_memory|    patches_parameters|         array|
|patches_parameters_ce0                                   |  out|    1|   ap_memory|    patches_parameters|         array|
|patches_parameters_we0                                   |  out|    1|   ap_memory|    patches_parameters|         array|
|patches_parameters_d0                                    |  out|   64|   ap_memory|    patches_parameters|         array|
|patches_parameters_q0                                    |   in|   64|   ap_memory|    patches_parameters|         array|
|patches_parameters_address1                              |  out|   12|   ap_memory|    patches_parameters|         array|
|patches_parameters_ce1                                   |  out|    1|   ap_memory|    patches_parameters|         array|
|patches_parameters_we1                                   |  out|    1|   ap_memory|    patches_parameters|         array|
|patches_parameters_d1                                    |  out|   64|   ap_memory|    patches_parameters|         array|
|patches_parameters_q1                                    |   in|   64|   ap_memory|    patches_parameters|         array|
|lastPatchIndex                                           |   in|    5|     ap_none|        lastPatchIndex|        scalar|
|z_top_min                                                |   in|   64|     ap_none|             z_top_min|        scalar|
|z_top_max                                                |   in|   64|     ap_none|             z_top_max|        scalar|
|complementary_apexZ0                                     |   in|   64|     ap_none|  complementary_apexZ0|        scalar|
|apexZ0                                                   |   in|   64|     ap_none|                apexZ0|        scalar|
|ppl                                                      |   in|   32|     ap_none|                   ppl|        scalar|
|temp_address0                                            |  out|   10|   ap_memory|                  temp|         array|
|temp_ce0                                                 |  out|    1|   ap_memory|                  temp|         array|
|temp_we0                                                 |  out|    1|   ap_memory|                  temp|         array|
|temp_d0                                                  |  out|   64|   ap_memory|                  temp|         array|
|temp_q0                                                  |   in|   64|   ap_memory|                  temp|         array|
|temp_address1                                            |  out|   10|   ap_memory|                  temp|         array|
|temp_ce1                                                 |  out|    1|   ap_memory|                  temp|         array|
|temp_q1                                                  |   in|   64|   ap_memory|                  temp|         array|
+---------------------------------------------------------+-----+-----+------------+----------------------+--------------+

