

================================================================
== Vitis HLS Report for 'solveComplmentaryPatch'
================================================================
* Date:           Sun Jul  7 14:42:44 2024

* Version:        2020.2 (Build 3064766 on Wed Nov 18 09:12:45 MST 2020)
* Project:        PatchMaker_tanishGit
* Solution:       solution1 (Vivado IP Flow Target)
* Product family: virtexuplus
* Target device:  xcvu19p-fsvb3824-2-e


================================================================
== Performance Estimates
================================================================
+ Timing: 
    * Summary: 
    +--------+----------+----------+------------+
    |  Clock |  Target  | Estimated| Uncertainty|
    +--------+----------+----------+------------+
    |ap_clk  |  10.00 ns|  7.300 ns|     2.70 ns|
    +--------+----------+----------+------------+

+ Latency: 
    * Summary: 
    +---------+---------+----------+----------+-----+-----+---------+
    |  Latency (cycles) |  Latency (absolute) |  Interval | Pipeline|
    |   min   |   max   |    min   |    max   | min | max |   Type  |
    +---------+---------+----------+----------+-----+-----+---------+
    |        ?|        ?|         ?|         ?|    ?|    ?|     none|
    +---------+---------+----------+----------+-----+-----+---------+

    + Detail: 
        * Instance: 
        +------------------------------------------------+-------------------------------------+---------+---------+-----------+-----------+-----+-----+---------+
        |                                                |                                     |  Latency (cycles) |   Latency (absolute)  |  Interval | Pipeline|
        |                    Instance                    |                Module               |   min   |   max   |    min    |    max    | min | max |   Type  |
        +------------------------------------------------+-------------------------------------+---------+---------+-----------+-----------+-----+-----+---------+
        |grp_makePatch_alignedToLine_fu_772              |makePatch_alignedToLine              |        ?|        ?|          ?|          ?|    ?|    ?|     none|
        |grp_get_index_from_z_fu_797                     |get_index_from_z                     |        ?|        ?|          ?|          ?|    ?|    ?|     none|
        |grp_delete_patch_fu_811                         |delete_patch                         |        ?|        ?|          ?|          ?|    ?|    ?|     none|
        |grp_straightLineProjectorFromLayerIJtoK_fu_823  |straightLineProjectorFromLayerIJtoK  |       11|       11|   0.110 us|   0.110 us|    1|    1|      yes|
        |grp_areWedgeSuperPointsEqual_fu_839             |areWedgeSuperPointsEqual             |        4|        4|  40.000 ns|  40.000 ns|    2|    2|      yes|
        +------------------------------------------------+-------------------------------------+---------+---------+-----------+-----------+-----+-----+---------+

        * Loop: 
        +-------------------------------+---------+---------+----------+-----------+-----------+-------+----------+
        |                               |  Latency (cycles) | Iteration|  Initiation Interval  |  Trip |          |
        |           Loop Name           |   min   |   max   |  Latency |  achieved |   target  | Count | Pipelined|
        +-------------------------------+---------+---------+----------+-----------+-----------+-------+----------+
        |- VITIS_LOOP_855_1             |        ?|        ?|         ?|          -|          -|      5|        no|
        |- VITIS_LOOP_863_2             |        5|        5|         2|          1|          1|      5|       yes|
        |- VITIS_LOOP_875_3             |        5|        5|         2|          1|          1|      5|       yes|
        |- VITIS_LOOP_884_4             |        5|        5|         2|          1|          1|      5|       yes|
        |- VITIS_LOOP_892_5             |       11|       11|         8|          1|          1|      5|       yes|
        |- VITIS_LOOP_897_6             |        7|        7|         4|          1|          1|      5|       yes|
        |- VITIS_LOOP_903_7             |        7|        7|         4|          1|          1|      5|       yes|
        |- VITIS_LOOP_909_8             |       15|       15|        13|          1|          1|      4|       yes|
        |- VITIS_LOOP_921_9             |        5|        5|         3|          1|          1|      4|       yes|
        |- superpointEqualCheck_2_loop  |       11|       35|         6|          6|          1|  1 ~ 5|       yes|
        +-------------------------------+---------+---------+----------+-----------+-----------+-------+----------+



================================================================
== Utilization Estimates
================================================================
* Summary: 
+---------------------+---------+------+---------+---------+-----+
|         Name        | BRAM_18K|  DSP |    FF   |   LUT   | URAM|
+---------------------+---------+------+---------+---------+-----+
|DSP                  |        -|     -|        -|        -|    -|
|Expression           |        -|     -|        0|     8225|    -|
|FIFO                 |        -|     -|        -|        -|    -|
|Instance             |       12|   104|     9184|    31039|    -|
|Memory               |        0|     -|      128|      131|    -|
|Multiplexer          |        -|     -|        -|     1354|    -|
|Register             |        -|     -|     2919|      224|    -|
+---------------------+---------+------+---------+---------+-----+
|Total                |       12|   104|    12231|    40973|    0|
+---------------------+---------+------+---------+---------+-----+
|Available SLR        |     1080|   960|  2042880|  1021440|   80|
+---------------------+---------+------+---------+---------+-----+
|Utilization SLR (%)  |        1|    10|       ~0|        4|    0|
+---------------------+---------+------+---------+---------+-----+
|Available            |     4320|  3840|  8171520|  4085760|  320|
+---------------------+---------+------+---------+---------+-----+
|Utilization (%)      |       ~0|     2|       ~0|        1|    0|
+---------------------+---------+------+---------+---------+-----+

+ Detail: 
    * Instance: 
    +-------------------------------------+--------------------------------+---------+----+------+-------+-----+
    |               Instance              |             Module             | BRAM_18K| DSP|  FF  |  LUT  | URAM|
    +-------------------------------------+--------------------------------+---------+----+------+-------+-----+
    |grp_areWedgeSuperPointsEqual_fu_839  |areWedgeSuperPointsEqual        |        0|   0|   156|   3003|    0|
    |grp_delete_patch_fu_811              |delete_patch                    |        0|   1|   634|   1659|    0|
    |fadd_32ns_32ns_32_3_full_dsp_1_U98   |fadd_32ns_32ns_32_3_full_dsp_1  |        0|   2|   177|    226|    0|
    |fcmp_32ns_32ns_1_2_no_dsp_1_U101     |fcmp_32ns_32ns_1_2_no_dsp_1     |        0|   0|     0|      0|    0|
    |grp_get_index_from_z_fu_797          |get_index_from_z                |        0|   8|   583|   2695|    0|
    |grp_makePatch_alignedToLine_fu_772   |makePatch_alignedToLine         |       12|  53|  7634|  23171|    0|
    |mul_64ns_66ns_129_1_1_U104           |mul_64ns_66ns_129_1_1           |        0|   8|     0|     50|    0|
    |mul_64ns_66ns_129_1_1_U107           |mul_64ns_66ns_129_1_1           |        0|   8|     0|     50|    0|
    |mul_64ns_66ns_129_1_1_U108           |mul_64ns_66ns_129_1_1           |        0|   8|     0|     50|    0|
    |mul_64ns_66ns_129_1_1_U109           |mul_64ns_66ns_129_1_1           |        0|   8|     0|     50|    0|
    |mul_64s_64s_64_1_1_U110              |mul_64s_64s_64_1_1              |        0|   8|     0|     45|    0|
    |mux_42_64_1_1_U105                   |mux_42_64_1_1                   |        0|   0|     0|     20|    0|
    |mux_42_64_1_1_U106                   |mux_42_64_1_1                   |        0|   0|     0|     20|    0|
    +-------------------------------------+--------------------------------+---------+----+------+-------+-----+
    |Total                                |                                |       12| 104|  9184|  31039|    0|
    +-------------------------------------+--------------------------------+---------+----+------+-------+-----+

    * DSP: 
    N/A

    * Memory: 
    +---------------------+------------------------------------------+---------+----+----+-----+------+-----+------+-------------+
    |        Memory       |                  Module                  | BRAM_18K| FF | LUT| URAM| Words| Bits| Banks| W*Bits*Banks|
    +---------------------+------------------------------------------+---------+----+----+-----+------+-----+------+-------------+
    |current_z_i_index_U  |solveComplmentaryPatch_current_z_i_index  |        0|  32|  33|    0|     5|   32|     1|          160|
    |new_z_i_U            |solveComplmentaryPatch_new_z_i            |        0|  64|  65|    0|     5|   64|     1|          320|
    |new_z_i_index_U      |solveComplmentaryPatch_new_z_i_index      |        0|  32|  33|    0|     5|   32|     1|          160|
    +---------------------+------------------------------------------+---------+----+----+-----+------+-----+------+-------------+
    |Total                |                                          |        0| 128| 131|    0|    15|  128|     3|          640|
    +---------------------+------------------------------------------+---------+----+----+-----+------+-----+------+-------------+

    * FIFO: 
    N/A

    * Expression: 
    +-------------------------------------+----------+----+---+-----+------------+------------+
    |            Variable Name            | Operation| DSP| FF| LUT | Bitwidth P0| Bitwidth P1|
    +-------------------------------------+----------+----+---+-----+------------+------------+
    |add_ln1006_1_fu_2563_p2              |         +|   0|  0|   19|          12|           6|
    |add_ln1006_fu_2607_p2                |         +|   0|  0|   12|           5|           2|
    |add_ln1007_fu_2580_p2                |         +|   0|  0|   19|          12|           6|
    |add_ln1038_fu_2647_p2                |         +|   0|  0|   10|           3|           1|
    |add_ln1058_fu_2698_p2                |         +|   0|  0|   39|          32|           2|
    |add_ln341_2_fu_1414_p2               |         +|   0|  0|   16|           9|           8|
    |add_ln341_fu_1210_p2                 |         +|   0|  0|   16|           9|           8|
    |add_ln510_fu_1816_p2                 |         +|   0|  0|   19|          12|          11|
    |add_ln54_1_fu_2027_p2                |         +|   0|  0|   64|          38|          15|
    |add_ln54_2_fu_2212_p2                |         +|   0|  0|   64|          38|          15|
    |add_ln54_3_fu_2397_p2                |         +|   0|  0|   64|          38|          14|
    |add_ln54_fu_1598_p2                  |         +|   0|  0|   64|          38|          38|
    |add_ln857_fu_928_p2                  |         +|   0|  0|   10|           3|           1|
    |add_ln862_fu_948_p2                  |         +|   0|  0|   39|          32|           1|
    |add_ln863_fu_953_p2                  |         +|   0|  0|   10|           3|           1|
    |add_ln873_fu_988_p2                  |         +|   0|  0|   39|          32|           1|
    |add_ln874_fu_993_p2                  |         +|   0|  0|   39|          32|           2|
    |add_ln875_fu_1016_p2                 |         +|   0|  0|   10|           3|           1|
    |add_ln877_fu_1033_p2                 |         +|   0|  0|   39|          32|           2|
    |add_ln882_fu_977_p2                  |         +|   0|  0|   39|          32|           1|
    |add_ln883_fu_982_p2                  |         +|   0|  0|   39|          32|           1|
    |add_ln884_fu_999_p2                  |         +|   0|  0|   10|           3|           1|
    |add_ln890_fu_1040_p2                 |         +|   0|  0|   39|          32|           2|
    |add_ln892_fu_1060_p2                 |         +|   0|  0|   10|           3|           1|
    |add_ln897_fu_1307_p2                 |         +|   0|  0|   10|           3|           1|
    |add_ln903_fu_1511_p2                 |         +|   0|  0|   10|           3|           1|
    |add_ln905_fu_1668_p2                 |         +|   0|  0|   64|          64|          64|
    |add_ln914_fu_1702_p2                 |         +|   0|  0|   10|           3|           1|
    |add_ln921_fu_1746_p2                 |         +|   0|  0|   10|           3|           1|
    |add_ln945_fu_2098_p2                 |         +|   0|  0|   64|          64|          64|
    |add_ln950_fu_2283_p2                 |         +|   0|  0|   64|          64|          64|
    |add_ln955_fu_2468_p2                 |         +|   0|  0|   64|          64|          64|
    |grp_fu_880_p2                        |         +|   0|  0|   39|          32|           1|
    |grp_fu_899_p2                        |         +|   0|  0|   39|          32|           2|
    |thirdLastPatchIdx_fu_2636_p2         |         +|   0|  0|   12|           5|           3|
    |mul_ln958_fu_2503_p0                 |         -|   0|  0|   71|          64|          64|
    |result_V_10_fu_1496_p2               |         -|   0|  0|   39|           1|          32|
    |result_V_9_fu_1292_p2                |         -|   0|  0|   39|           1|          32|
    |sub_ln1006_fu_2557_p2                |         -|   0|  0|   19|          12|          12|
    |sub_ln1012_1_fu_2617_p2              |         -|   0|  0|   71|          64|          64|
    |sub_ln1012_fu_2612_p2                |         -|   0|  0|   71|          64|          64|
    |sub_ln1311_2_fu_1428_p2              |         -|   0|  0|   15|           7|           8|
    |sub_ln1311_3_fu_1830_p2              |         -|   0|  0|   18|          10|          11|
    |sub_ln1311_fu_1224_p2                |         -|   0|  0|   15|           7|           8|
    |sub_ln54_1_fu_1582_p2                |         -|   0|  0|   64|          38|          38|
    |sub_ln54_2_fu_2021_p2                |         -|   0|  0|   64|          38|          38|
    |sub_ln54_3_fu_2206_p2                |         -|   0|  0|   64|          38|          38|
    |sub_ln54_4_fu_2391_p2                |         -|   0|  0|   64|          38|          38|
    |sub_ln54_fu_1552_p2                  |         -|   0|  0|   24|          17|          17|
    |sub_ln905_fu_1662_p2                 |         -|   0|  0|   64|          64|          64|
    |sub_ln923_fu_1776_p2                 |         -|   0|  0|   71|          64|          64|
    |sub_ln943_fu_1940_p2                 |         -|   0|  0|   71|          64|          64|
    |sub_ln945_fu_2092_p2                 |         -|   0|  0|   64|          64|          64|
    |sub_ln948_fu_2125_p2                 |         -|   0|  0|   71|          64|          64|
    |sub_ln950_fu_2277_p2                 |         -|   0|  0|   64|          64|          64|
    |sub_ln953_fu_2310_p2                 |         -|   0|  0|   71|          64|          64|
    |sub_ln955_fu_2462_p2                 |         -|   0|  0|   64|          64|          64|
    |and_ln894_1_fu_1154_p2               |       and|   0|  0|    2|           1|           1|
    |and_ln894_fu_1148_p2                 |       and|   0|  0|    2|           1|           1|
    |and_ln899_fu_1360_p2                 |       and|   0|  0|    2|           1|           1|
    |and_ln943_fu_1993_p2                 |       and|   0|  0|    2|           1|           1|
    |and_ln948_fu_2178_p2                 |       and|   0|  0|    2|           1|           1|
    |and_ln953_fu_2363_p2                 |       and|   0|  0|    2|           1|           1|
    |ap_block_state76_on_subcall_done     |       and|   0|  0|    2|           1|           1|
    |icmp_ln1012_fu_2622_p2               |      icmp|   0|  0|   29|          64|          64|
    |icmp_ln1028_fu_2601_p2               |      icmp|   0|  0|   19|          30|           1|
    |icmp_ln1038_fu_2641_p2               |      icmp|   0|  0|    8|           3|           3|
    |icmp_ln855_fu_938_p2                 |      icmp|   0|  0|    8|           3|           3|
    |icmp_ln860_fu_944_p2                 |      icmp|   0|  0|   29|          64|          64|
    |icmp_ln863_fu_959_p2                 |      icmp|   0|  0|    8|           3|           3|
    |icmp_ln875_fu_1022_p2                |      icmp|   0|  0|    8|           3|           3|
    |icmp_ln884_fu_1005_p2                |      icmp|   0|  0|    8|           3|           3|
    |icmp_ln890_fu_1046_p2                |      icmp|   0|  0|   20|          32|          32|
    |icmp_ln892_fu_1066_p2                |      icmp|   0|  0|    8|           3|           3|
    |icmp_ln894_1_fu_1118_p2              |      icmp|   0|  0|   16|          23|           1|
    |icmp_ln894_2_fu_1130_p2              |      icmp|   0|  0|   11|           8|           2|
    |icmp_ln894_3_fu_1136_p2              |      icmp|   0|  0|   16|          23|           1|
    |icmp_ln894_fu_1112_p2                |      icmp|   0|  0|   11|           8|           2|
    |icmp_ln897_fu_1313_p2                |      icmp|   0|  0|    8|           3|           3|
    |icmp_ln899_1_fu_1348_p2              |      icmp|   0|  0|   16|          23|           1|
    |icmp_ln899_fu_1342_p2                |      icmp|   0|  0|   11|           8|           2|
    |icmp_ln903_fu_1517_p2                |      icmp|   0|  0|    8|           3|           3|
    |icmp_ln909_fu_1696_p2                |      icmp|   0|  0|    8|           3|           3|
    |icmp_ln921_fu_1752_p2                |      icmp|   0|  0|    9|           3|           4|
    |icmp_ln923_fu_1897_p2                |      icmp|   0|  0|   29|          64|          64|
    |icmp_ln943_1_fu_1983_p2              |      icmp|   0|  0|   24|          52|           1|
    |icmp_ln943_fu_1977_p2                |      icmp|   0|  0|   11|          11|           2|
    |icmp_ln948_1_fu_2168_p2              |      icmp|   0|  0|   24|          52|           1|
    |icmp_ln948_fu_2162_p2                |      icmp|   0|  0|   11|          11|           2|
    |icmp_ln953_1_fu_2353_p2              |      icmp|   0|  0|   24|          52|           1|
    |icmp_ln953_fu_2347_p2                |      icmp|   0|  0|   11|          11|           2|
    |icmp_ln975_fu_2524_p2                |      icmp|   0|  0|   20|          32|          32|
    |lshr_ln905_fu_1685_p2                |      lshr|   0|  0|  686|         192|         192|
    |lshr_ln945_fu_2115_p2                |      lshr|   0|  0|  686|         192|         192|
    |lshr_ln950_fu_2300_p2                |      lshr|   0|  0|  686|         192|         192|
    |lshr_ln955_fu_2485_p2                |      lshr|   0|  0|  686|         192|         192|
    |r_V_5_fu_1454_p2                     |      lshr|   0|  0|  242|          79|          79|
    |r_V_7_fu_1855_p2                     |      lshr|   0|  0|  591|         169|         169|
    |r_V_fu_1250_p2                       |      lshr|   0|  0|  242|          79|          79|
    |or_ln1006_fu_2569_p2                 |        or|   0|  0|   12|           1|          12|
    |or_ln54_fu_1588_p2                   |        or|   0|  0|   17|          17|           5|
    |or_ln894_1_fu_1142_p2                |        or|   0|  0|    2|           1|           1|
    |or_ln894_fu_1124_p2                  |        or|   0|  0|    2|           1|           1|
    |or_ln899_fu_1354_p2                  |        or|   0|  0|    2|           1|           1|
    |or_ln943_fu_1989_p2                  |        or|   0|  0|    2|           1|           1|
    |or_ln948_fu_2174_p2                  |        or|   0|  0|    2|           1|           1|
    |or_ln953_fu_2359_p2                  |        or|   0|  0|    2|           1|           1|
    |data_V_2_fu_1366_p3                  |    select|   0|  0|   32|           1|           1|
    |dc_fu_1160_p3                        |    select|   0|  0|   32|           1|          32|
    |layerSMin_1_fu_1914_p3               |    select|   0|  0|   63|           1|          64|
    |layerWithSmallestShift_1_fu_1906_p3  |    select|   0|  0|   32|           1|          32|
    |new_z_i_index_d1                     |    select|   0|  0|   32|           1|          32|
    |result_V_13_fu_1298_p3               |    select|   0|  0|   32|           1|          32|
    |select_ln1012_fu_2628_p3             |    select|   0|  0|   63|           1|          64|
    |select_ln890_fu_1052_p3              |    select|   0|  0|   32|           1|          32|
    |select_ln958_fu_2516_p3              |    select|   0|  0|   63|           1|          64|
    |ush_2_fu_1438_p3                     |    select|   0|  0|    9|           1|           9|
    |ush_3_fu_1839_p3                     |    select|   0|  0|   12|           1|          12|
    |ush_fu_1234_p3                       |    select|   0|  0|    9|           1|           9|
    |val_2_fu_1488_p3                     |    select|   0|  0|   32|           1|          32|
    |val_3_fu_1889_p3                     |    select|   0|  0|   63|           1|          64|
    |val_fu_1284_p3                       |    select|   0|  0|   32|           1|          32|
    |r_V_4_fu_1256_p2                     |       shl|   0|  0|  242|          79|          79|
    |r_V_6_fu_1460_p2                     |       shl|   0|  0|  242|          79|          79|
    |r_V_8_fu_1861_p2                     |       shl|   0|  0|  591|         169|         169|
    |ap_enable_pp0                        |       xor|   0|  0|    2|           1|           2|
    |ap_enable_pp1                        |       xor|   0|  0|    2|           1|           2|
    |ap_enable_pp2                        |       xor|   0|  0|    2|           1|           2|
    |ap_enable_pp3                        |       xor|   0|  0|    2|           1|           2|
    |ap_enable_pp4                        |       xor|   0|  0|    2|           1|           2|
    |ap_enable_pp5                        |       xor|   0|  0|    2|           1|           2|
    |ap_enable_pp6                        |       xor|   0|  0|    2|           1|           2|
    |ap_enable_pp7                        |       xor|   0|  0|    2|           1|           2|
    |ap_enable_reg_pp0_iter1              |       xor|   0|  0|    2|           2|           1|
    |ap_enable_reg_pp1_iter1              |       xor|   0|  0|    2|           2|           1|
    |ap_enable_reg_pp2_iter1              |       xor|   0|  0|    2|           2|           1|
    |ap_enable_reg_pp3_iter1              |       xor|   0|  0|    2|           2|           1|
    |ap_enable_reg_pp4_iter1              |       xor|   0|  0|    2|           2|           1|
    |ap_enable_reg_pp5_iter1              |       xor|   0|  0|    2|           2|           1|
    |ap_enable_reg_pp6_iter1              |       xor|   0|  0|    2|           2|           1|
    |ap_enable_reg_pp7_iter1              |       xor|   0|  0|    2|           2|           1|
    +-------------------------------------+----------+----+---+-----+------------+------------+
    |Total                                |          |   0|  0| 8225|        3823|        3676|
    +-------------------------------------+----------+----+---+-----+------------+------------+

    * Multiplexer: 
    +----------------------------------------------------+-----+-----------+-----+-----------+
    |                        Name                        | LUT | Input Size| Bits| Total Bits|
    +----------------------------------------------------+-----+-----------+-----+-----------+
    |GDarray_address0                                    |   37|          7|   11|         77|
    |GDarray_ce0                                         |   20|          4|    1|          4|
    |GDn_points_address0                                 |   26|          5|    3|         15|
    |GDn_points_ce0                                      |   20|          4|    1|          4|
    |ap_NS_fsm                                           |  269|         63|    1|         63|
    |ap_enable_reg_pp0_iter1                             |   14|          3|    1|          3|
    |ap_enable_reg_pp1_iter1                             |   14|          3|    1|          3|
    |ap_enable_reg_pp2_iter1                             |   14|          3|    1|          3|
    |ap_enable_reg_pp3_iter1                             |    9|          2|    1|          2|
    |ap_enable_reg_pp3_iter7                             |    9|          2|    1|          2|
    |ap_enable_reg_pp4_iter1                             |    9|          2|    1|          2|
    |ap_enable_reg_pp4_iter3                             |    9|          2|    1|          2|
    |ap_enable_reg_pp5_iter1                             |    9|          2|    1|          2|
    |ap_enable_reg_pp5_iter3                             |    9|          2|    1|          2|
    |ap_enable_reg_pp6_iter1                             |    9|          2|    1|          2|
    |ap_enable_reg_pp6_iter12                            |    9|          2|    1|          2|
    |ap_enable_reg_pp7_iter1                             |    9|          2|    1|          2|
    |ap_enable_reg_pp7_iter2                             |    9|          2|    1|          2|
    |ap_phi_mux_current_z_top_index_0_phi_fu_753_p6      |    9|          2|   32|         64|
    |ap_phi_mux_empty_63_phi_fu_570_p4                   |    9|          2|   32|         64|
    |ap_phi_mux_i_6_phi_fu_653_p4                        |    9|          2|    3|          6|
    |ap_phi_mux_i_7_phi_fu_665_p4                        |    9|          2|    3|          6|
    |ap_phi_mux_z_top_min_4_phi_fu_764_p6                |    9|          2|   64|        128|
    |ap_return_0                                         |    9|          2|   64|        128|
    |ap_return_1                                         |    9|          2|   32|         64|
    |ap_return_2                                         |    9|          2|   32|         64|
    |ap_return_3                                         |    9|          2|   32|         64|
    |ap_return_4                                         |    9|          2|   32|         64|
    |ap_return_5                                         |    9|          2|   64|        128|
    |ap_return_6                                         |    9|          2|   64|        128|
    |ap_return_7                                         |    9|          2|   64|        128|
    |counterUpshift_0_reg_608                            |    9|          2|   32|         64|
    |counter_0_reg_598                                   |    9|          2|   32|         64|
    |current_z_i_index_address0                          |   26|          5|    3|         15|
    |current_z_top_index_0_reg_750                       |    9|          2|   32|         64|
    |empty_63_reg_567                                    |    9|          2|   32|         64|
    |empty_66_reg_618                                    |    9|          2|   32|         64|
    |grp_fu_856_p0                                       |   14|          3|   32|         96|
    |grp_fu_865_p0                                       |   14|          3|   32|         96|
    |grp_fu_865_p1                                       |   14|          3|   32|         96|
    |grp_fu_872_p0                                       |   20|          4|   64|        256|
    |grp_fu_877_p0                                       |   26|          5|   64|        320|
    |grp_get_index_from_z_fu_797_layer                   |   14|          3|    3|          9|
    |grp_get_index_from_z_fu_797_z_value                 |   14|          3|   64|        192|
    |grp_makePatch_alignedToLine_fu_772_p_read           |   14|          3|   32|         96|
    |grp_makePatch_alignedToLine_fu_772_z_top            |   14|          3|   64|        192|
    |grp_straightLineProjectorFromLayerIJtoK_fu_823_j    |   14|          3|   32|         96|
    |grp_straightLineProjectorFromLayerIJtoK_fu_823_k    |   14|          3|    3|          9|
    |grp_straightLineProjectorFromLayerIJtoK_fu_823_z_j  |   14|          3|   64|        192|
    |i_1_reg_556                                         |    9|          2|    3|          6|
    |i_2_reg_587                                         |    9|          2|    3|          6|
    |i_3_reg_576                                         |    9|          2|    3|          6|
    |i_4_reg_627                                         |    9|          2|    3|          6|
    |i_5_reg_638                                         |    9|          2|    3|          6|
    |i_6_reg_649                                         |    9|          2|    3|          6|
    |i_7_reg_661                                         |    9|          2|    3|          6|
    |i_8_reg_672                                         |    9|          2|    3|          6|
    |i_9_reg_738                                         |    9|          2|    3|          6|
    |i_reg_544                                           |    9|          2|    3|          6|
    |layerSMin_reg_683                                   |    9|          2|   64|        128|
    |layerWithSmallestShift_reg_695                      |    9|          2|   32|         64|
    |n_patches_o                                         |   14|          3|   32|         96|
    |n_patches_o_ap_vld                                  |   14|          3|    1|          3|
    |new_z_i_address0                                    |   14|          3|    3|          9|
    |new_z_i_index_address0                              |   31|          6|    3|         18|
    |new_z_i_index_address1                              |   20|          4|    3|         12|
    |new_z_i_index_d0                                    |   20|          4|   32|        128|
    |patches_parameters_address0                         |   20|          4|   12|         48|
    |patches_parameters_address1                         |   14|          3|   12|         36|
    |patches_parameters_ce0                              |   20|          4|    1|          4|
    |patches_parameters_ce1                              |   14|          3|    1|          3|
    |patches_parameters_d0                               |   14|          3|   64|        192|
    |patches_parameters_we0                              |   14|          3|    1|          3|
    |patches_superpoints_address0                        |   20|          4|   15|         60|
    |patches_superpoints_address1                        |   14|          3|   15|         45|
    |patches_superpoints_ce0                             |   20|          4|    1|          4|
    |patches_superpoints_ce1                             |   14|          3|    1|          3|
    |patches_superpoints_d0                              |   14|          3|   64|        192|
    |patches_superpoints_we0                             |   14|          3|    1|          3|
    |temp_ce0                                            |    9|          2|    1|          2|
    |temp_ce1                                            |    9|          2|    1|          2|
    |temp_we0                                            |    9|          2|    1|          2|
    |z_top_min_0_reg_707                                 |    9|          2|   64|        128|
    |z_top_min_1_reg_717                                 |    9|          2|   64|        128|
    |z_top_min_2_reg_728                                 |    9|          2|   64|        128|
    |z_top_min_4_reg_761                                 |    9|          2|   64|        128|
    +----------------------------------------------------+-----+-----------+-----+-----------+
    |Total                                               | 1354|        293| 1844|       4842|
    +----------------------------------------------------+-----+-----------+-----+-----------+

    * Register: 
    +-------------------------------------------------------------+----+----+-----+-----------+
    |                             Name                            | FF | LUT| Bits| Const Bits|
    +-------------------------------------------------------------+----+----+-----+-----------+
    |add_ln1006_reg_3234                                          |   5|   0|    5|          0|
    |add_ln1038_reg_3253                                          |   3|   0|    3|          0|
    |add_ln54_reg_2973                                            |  35|   0|   38|          3|
    |add_ln857_reg_2772                                           |   3|   0|    3|          0|
    |add_ln862_reg_2791                                           |  32|   0|   32|          0|
    |add_ln873_reg_2834                                           |  32|   0|   32|          0|
    |add_ln874_reg_2839                                           |  32|   0|   32|          0|
    |add_ln882_reg_2824                                           |  32|   0|   32|          0|
    |add_ln883_reg_2829                                           |  32|   0|   32|          0|
    |add_ln903_reg_2954                                           |   3|   0|    3|          0|
    |add_ln905_reg_2983                                           |  61|   0|   64|          3|
    |add_ln914_reg_3022                                           |   3|   0|    3|          0|
    |add_ln945_reg_3112                                           |  61|   0|   64|          3|
    |add_ln950_reg_3150                                           |  61|   0|   64|          3|
    |add_ln955_reg_3188                                           |  61|   0|   64|          3|
    |ap_CS_fsm                                                    |  62|   0|   62|          0|
    |ap_enable_reg_pp0_iter0                                      |   1|   0|    1|          0|
    |ap_enable_reg_pp0_iter1                                      |   1|   0|    1|          0|
    |ap_enable_reg_pp1_iter0                                      |   1|   0|    1|          0|
    |ap_enable_reg_pp1_iter1                                      |   1|   0|    1|          0|
    |ap_enable_reg_pp2_iter0                                      |   1|   0|    1|          0|
    |ap_enable_reg_pp2_iter1                                      |   1|   0|    1|          0|
    |ap_enable_reg_pp3_iter0                                      |   1|   0|    1|          0|
    |ap_enable_reg_pp3_iter1                                      |   1|   0|    1|          0|
    |ap_enable_reg_pp3_iter2                                      |   1|   0|    1|          0|
    |ap_enable_reg_pp3_iter3                                      |   1|   0|    1|          0|
    |ap_enable_reg_pp3_iter4                                      |   1|   0|    1|          0|
    |ap_enable_reg_pp3_iter5                                      |   1|   0|    1|          0|
    |ap_enable_reg_pp3_iter6                                      |   1|   0|    1|          0|
    |ap_enable_reg_pp3_iter7                                      |   1|   0|    1|          0|
    |ap_enable_reg_pp4_iter0                                      |   1|   0|    1|          0|
    |ap_enable_reg_pp4_iter1                                      |   1|   0|    1|          0|
    |ap_enable_reg_pp4_iter2                                      |   1|   0|    1|          0|
    |ap_enable_reg_pp4_iter3                                      |   1|   0|    1|          0|
    |ap_enable_reg_pp5_iter0                                      |   1|   0|    1|          0|
    |ap_enable_reg_pp5_iter1                                      |   1|   0|    1|          0|
    |ap_enable_reg_pp5_iter2                                      |   1|   0|    1|          0|
    |ap_enable_reg_pp5_iter3                                      |   1|   0|    1|          0|
    |ap_enable_reg_pp6_iter0                                      |   1|   0|    1|          0|
    |ap_enable_reg_pp6_iter1                                      |   1|   0|    1|          0|
    |ap_enable_reg_pp6_iter10                                     |   1|   0|    1|          0|
    |ap_enable_reg_pp6_iter11                                     |   1|   0|    1|          0|
    |ap_enable_reg_pp6_iter12                                     |   1|   0|    1|          0|
    |ap_enable_reg_pp6_iter2                                      |   1|   0|    1|          0|
    |ap_enable_reg_pp6_iter3                                      |   1|   0|    1|          0|
    |ap_enable_reg_pp6_iter4                                      |   1|   0|    1|          0|
    |ap_enable_reg_pp6_iter5                                      |   1|   0|    1|          0|
    |ap_enable_reg_pp6_iter6                                      |   1|   0|    1|          0|
    |ap_enable_reg_pp6_iter7                                      |   1|   0|    1|          0|
    |ap_enable_reg_pp6_iter8                                      |   1|   0|    1|          0|
    |ap_enable_reg_pp6_iter9                                      |   1|   0|    1|          0|
    |ap_enable_reg_pp7_iter0                                      |   1|   0|    1|          0|
    |ap_enable_reg_pp7_iter1                                      |   1|   0|    1|          0|
    |ap_enable_reg_pp7_iter2                                      |   1|   0|    1|          0|
    |ap_return_0_preg                                             |  64|   0|   64|          0|
    |ap_return_1_preg                                             |  32|   0|   32|          0|
    |ap_return_2_preg                                             |  32|   0|   32|          0|
    |ap_return_3_preg                                             |  32|   0|   32|          0|
    |ap_return_4_preg                                             |  32|   0|   32|          0|
    |ap_return_5_preg                                             |  64|   0|   64|          0|
    |ap_return_6_preg                                             |  64|   0|   64|          0|
    |ap_return_7_preg                                             |  64|   0|   64|          0|
    |conv_reg_2932                                                |  32|   0|   32|          0|
    |counterUpshift_0_reg_608                                     |  32|   0|   32|          0|
    |counter_0_reg_598                                            |  32|   0|   32|          0|
    |current_z_top_index_0_reg_750                                |  32|   0|   32|          0|
    |empty_63_reg_567                                             |  32|   0|   32|          0|
    |empty_66_reg_618                                             |  32|   0|   32|          0|
    |grp_areWedgeSuperPointsEqual_fu_839_ap_start_reg             |   1|   0|    1|          0|
    |grp_delete_patch_fu_811_ap_start_reg                         |   1|   0|    1|          0|
    |grp_get_index_from_z_fu_797_ap_start_reg                     |   1|   0|    1|          0|
    |grp_makePatch_alignedToLine_fu_772_ap_start_reg              |   1|   0|    1|          0|
    |grp_straightLineProjectorFromLayerIJtoK_fu_823_ap_start_reg  |   1|   0|    1|          0|
    |i_1_cast_reg_2810                                            |   3|   0|   64|         61|
    |i_1_reg_556                                                  |   3|   0|    3|          0|
    |i_2_cast_reg_2877                                            |   3|   0|   64|         61|
    |i_2_reg_587                                                  |   3|   0|    3|          0|
    |i_3_cast_reg_2853                                            |   3|   0|   64|         61|
    |i_3_reg_576                                                  |   3|   0|    3|          0|
    |i_4_reg_627                                                  |   3|   0|    3|          0|
    |i_5_reg_638                                                  |   3|   0|    3|          0|
    |i_6_cast13_reg_2963                                          |   3|   0|   64|         61|
    |i_6_reg_649                                                  |   3|   0|    3|          0|
    |i_7_reg_661                                                  |   3|   0|    3|          0|
    |i_8_reg_672                                                  |   3|   0|    3|          0|
    |i_9_reg_738                                                  |   3|   0|    3|          0|
    |i_reg_544                                                    |   3|   0|    3|          0|
    |icmp_ln1028_reg_3230                                         |   1|   0|    1|          0|
    |icmp_ln1038_reg_3249                                         |   1|   0|    1|          0|
    |icmp_ln860_reg_2787                                          |   1|   0|    1|          0|
    |icmp_ln863_reg_2806                                          |   1|   0|    1|          0|
    |icmp_ln875_reg_2873                                          |   1|   0|    1|          0|
    |icmp_ln884_reg_2849                                          |   1|   0|    1|          0|
    |icmp_ln892_reg_2905                                          |   1|   0|    1|          0|
    |icmp_ln897_reg_2944                                          |   1|   0|    1|          0|
    |icmp_ln903_reg_2959                                          |   1|   0|    1|          0|
    |icmp_ln909_reg_3018                                          |   1|   0|    1|          0|
    |icmp_ln921_reg_3042                                          |   1|   0|    1|          0|
    |icmp_ln921_reg_3042_pp7_iter1_reg                            |   1|   0|    1|          0|
    |icmp_ln943_1_reg_3099                                        |   1|   0|    1|          0|
    |icmp_ln943_reg_3094                                          |   1|   0|    1|          0|
    |icmp_ln948_1_reg_3137                                        |   1|   0|    1|          0|
    |icmp_ln948_reg_3132                                          |   1|   0|    1|          0|
    |icmp_ln953_1_reg_3175                                        |   1|   0|    1|          0|
    |icmp_ln953_reg_3170                                          |   1|   0|    1|          0|
    |icmp_ln975_reg_3205                                          |   1|   0|    1|          0|
    |layerSMin_reg_683                                            |  64|   0|   64|          0|
    |layerWithSmallestShift_reg_695                               |  32|   0|   32|          0|
    |new_z_i_atTop_3_1_fu_276                                     |  64|   0|   64|          0|
    |new_z_i_atTop_3_2_fu_280                                     |  64|   0|   64|          0|
    |new_z_i_atTop_3_3_fu_284                                     |  64|   0|   64|          0|
    |new_z_i_atTop_3_4_fu_288                                     |  64|   0|   64|          0|
    |new_z_i_atTop_3_fu_272                                       |  64|   0|   64|          0|
    |new_z_i_index_addr_3_reg_2909                                |   3|   0|    3|          0|
    |new_z_i_index_addr_4_reg_2948                                |   3|   0|    3|          0|
    |ppl_assign2_reg_3209                                         |  32|   0|   32|          0|
    |reg_905                                                      |  32|   0|   32|          0|
    |reg_918                                                      |  32|   0|   32|          0|
    |reg_923                                                      |  32|   0|   32|          0|
    |select_ln1012_reg_3239                                       |  64|   0|   64|          0|
    |select_ln890_reg_2887                                        |  32|   0|   32|          0|
    |select_ln958_reg_3198                                        |  64|   0|   64|          0|
    |sub_reg_2925                                                 |  32|   0|   32|          0|
    |sub_reg_2925_pp3_iter6_reg                                   |  32|   0|   32|          0|
    |thirdLastPatchIdx_reg_3244                                   |   5|   0|    5|          0|
    |tmp_11_reg_3077                                              |  64|   0|   64|          0|
    |tmp_16_reg_2820                                              |   1|   0|    1|          0|
    |tmp_46_reg_3056                                              |  11|   0|   11|          0|
    |tmp_47_reg_3062                                              |  52|   0|   52|          0|
    |tmp_reg_2766                                                 |  32|   0|   32|          0|
    |tmp_s_reg_2796                                               |  64|   0|   64|          0|
    |trunc_ln1003_reg_3214                                        |   5|   0|    5|          0|
    |trunc_ln911_reg_3033                                         |   2|   0|    2|          0|
    |trunc_ln923_reg_3046                                         |   2|   0|    2|          0|
    |trunc_ln923_reg_3046_pp7_iter1_reg                           |   2|   0|    2|          0|
    |z_top_min_0_reg_707                                          |  64|   0|   64|          0|
    |z_top_min_1_reg_717                                          |  64|   0|   64|          0|
    |z_top_min_2_reg_728                                          |  64|   0|   64|          0|
    |z_top_min_4_reg_761                                          |  64|   0|   64|          0|
    |zext_ln855_reg_2778                                          |   3|   0|   64|         61|
    |i_6_cast13_reg_2963                                          |  64|  32|   64|         61|
    |icmp_ln892_reg_2905                                          |  64|  32|    1|          0|
    |icmp_ln897_reg_2944                                          |  64|  32|    1|          0|
    |icmp_ln903_reg_2959                                          |  64|  32|    1|          0|
    |new_z_i_index_addr_3_reg_2909                                |  64|  32|    3|          0|
    |new_z_i_index_addr_4_reg_2948                                |  64|  32|    3|          0|
    |trunc_ln911_reg_3033                                         |  64|  32|    2|          0|
    +-------------------------------------------------------------+----+----+-----+-----------+
    |Total                                                        |2919| 224| 2866|        381|
    +-------------------------------------------------------------+----+----+-----+-----------+



================================================================
== Interface
================================================================
* Summary: 
+--------------------------------------------------------+-----+-----+------------+-------------------------+--------------+
|                        RTL Ports                       | Dir | Bits|  Protocol  |      Source Object      |    C Type    |
+--------------------------------------------------------+-----+-----+------------+-------------------------+--------------+
|ap_clk                                                  |   in|    1|  ap_ctrl_hs|   solveComplmentaryPatch|  return value|
|ap_rst                                                  |   in|    1|  ap_ctrl_hs|   solveComplmentaryPatch|  return value|
|ap_start                                                |   in|    1|  ap_ctrl_hs|   solveComplmentaryPatch|  return value|
|ap_done                                                 |  out|    1|  ap_ctrl_hs|   solveComplmentaryPatch|  return value|
|ap_idle                                                 |  out|    1|  ap_ctrl_hs|   solveComplmentaryPatch|  return value|
|ap_ready                                                |  out|    1|  ap_ctrl_hs|   solveComplmentaryPatch|  return value|
|ap_return_0                                             |  out|   64|  ap_ctrl_hs|   solveComplmentaryPatch|  return value|
|ap_return_1                                             |  out|   32|  ap_ctrl_hs|   solveComplmentaryPatch|  return value|
|ap_return_2                                             |  out|   32|  ap_ctrl_hs|   solveComplmentaryPatch|  return value|
|ap_return_3                                             |  out|   32|  ap_ctrl_hs|   solveComplmentaryPatch|  return value|
|ap_return_4                                             |  out|   32|  ap_ctrl_hs|   solveComplmentaryPatch|  return value|
|ap_return_5                                             |  out|   64|  ap_ctrl_hs|   solveComplmentaryPatch|  return value|
|ap_return_6                                             |  out|   64|  ap_ctrl_hs|   solveComplmentaryPatch|  return value|
|ap_return_7                                             |  out|   64|  ap_ctrl_hs|   solveComplmentaryPatch|  return value|
|grp_straightLineProjectorFromLayerIJtoK_fu_602_p_din1   |  out|   64|  ap_ctrl_hs|   solveComplmentaryPatch|  return value|
|grp_straightLineProjectorFromLayerIJtoK_fu_602_p_din2   |  out|   64|  ap_ctrl_hs|   solveComplmentaryPatch|  return value|
|grp_straightLineProjectorFromLayerIJtoK_fu_602_p_din3   |  out|    3|  ap_ctrl_hs|   solveComplmentaryPatch|  return value|
|grp_straightLineProjectorFromLayerIJtoK_fu_602_p_din4   |  out|   32|  ap_ctrl_hs|   solveComplmentaryPatch|  return value|
|grp_straightLineProjectorFromLayerIJtoK_fu_602_p_din5   |  out|    3|  ap_ctrl_hs|   solveComplmentaryPatch|  return value|
|grp_straightLineProjectorFromLayerIJtoK_fu_602_p_dout0  |   in|   64|  ap_ctrl_hs|   solveComplmentaryPatch|  return value|
|grp_straightLineProjectorFromLayerIJtoK_fu_602_p_ce     |  out|    1|  ap_ctrl_hs|   solveComplmentaryPatch|  return value|
|grp_straightLineProjectorFromLayerIJtoK_fu_602_p_start  |  out|    1|  ap_ctrl_hs|   solveComplmentaryPatch|  return value|
|grp_straightLineProjectorFromLayerIJtoK_fu_602_p_ready  |   in|    1|  ap_ctrl_hs|   solveComplmentaryPatch|  return value|
|grp_straightLineProjectorFromLayerIJtoK_fu_602_p_done   |   in|    1|  ap_ctrl_hs|   solveComplmentaryPatch|  return value|
|grp_straightLineProjectorFromLayerIJtoK_fu_602_p_idle   |   in|    1|  ap_ctrl_hs|   solveComplmentaryPatch|  return value|
|grp_fu_1575_p_din0                                      |  out|   32|  ap_ctrl_hs|   solveComplmentaryPatch|  return value|
|grp_fu_1575_p_dout0                                     |   in|   32|  ap_ctrl_hs|   solveComplmentaryPatch|  return value|
|grp_fu_1575_p_ce                                        |  out|    1|  ap_ctrl_hs|   solveComplmentaryPatch|  return value|
|grp_fu_1578_p_din0                                      |  out|   32|  ap_ctrl_hs|   solveComplmentaryPatch|  return value|
|grp_fu_1578_p_dout0                                     |   in|   32|  ap_ctrl_hs|   solveComplmentaryPatch|  return value|
|grp_fu_1578_p_ce                                        |  out|    1|  ap_ctrl_hs|   solveComplmentaryPatch|  return value|
|grp_fu_631_p_din0                                       |  out|   64|  ap_ctrl_hs|   solveComplmentaryPatch|  return value|
|grp_fu_631_p_din1                                       |  out|   64|  ap_ctrl_hs|   solveComplmentaryPatch|  return value|
|grp_fu_631_p_opcode                                     |  out|    5|  ap_ctrl_hs|   solveComplmentaryPatch|  return value|
|grp_fu_631_p_dout0                                      |   in|    1|  ap_ctrl_hs|   solveComplmentaryPatch|  return value|
|grp_fu_631_p_ce                                         |  out|    1|  ap_ctrl_hs|   solveComplmentaryPatch|  return value|
|grp_fu_636_p_din0                                       |  out|   64|  ap_ctrl_hs|   solveComplmentaryPatch|  return value|
|grp_fu_636_p_dout0                                      |   in|   64|  ap_ctrl_hs|   solveComplmentaryPatch|  return value|
|grp_fu_636_p_ce                                         |  out|    1|  ap_ctrl_hs|   solveComplmentaryPatch|  return value|
|n_patches_i                                             |   in|   32|     ap_ovld|                n_patches|       pointer|
|n_patches_o                                             |  out|   32|     ap_ovld|                n_patches|       pointer|
|n_patches_o_ap_vld                                      |  out|    1|     ap_ovld|                n_patches|       pointer|
|GDarray_address0                                        |  out|   11|   ap_memory|                  GDarray|         array|
|GDarray_ce0                                             |  out|    1|   ap_memory|                  GDarray|         array|
|GDarray_q0                                              |   in|  192|   ap_memory|                  GDarray|         array|
|GDn_points_address0                                     |  out|    3|   ap_memory|               GDn_points|         array|
|GDn_points_ce0                                          |  out|    1|   ap_memory|               GDn_points|         array|
|GDn_points_q0                                           |   in|   32|   ap_memory|               GDn_points|         array|
|patches_superpoints_address0                            |  out|   15|   ap_memory|      patches_superpoints|         array|
|patches_superpoints_ce0                                 |  out|    1|   ap_memory|      patches_superpoints|         array|
|patches_superpoints_we0                                 |  out|    1|   ap_memory|      patches_superpoints|         array|
|patches_superpoints_d0                                  |  out|   64|   ap_memory|      patches_superpoints|         array|
|patches_superpoints_q0                                  |   in|   64|   ap_memory|      patches_superpoints|         array|
|patches_superpoints_address1                            |  out|   15|   ap_memory|      patches_superpoints|         array|
|patches_superpoints_ce1                                 |  out|    1|   ap_memory|      patches_superpoints|         array|
|patches_superpoints_q1                                  |   in|   64|   ap_memory|      patches_superpoints|         array|
|patches_parameters_address0                             |  out|   12|   ap_memory|       patches_parameters|         array|
|patches_parameters_ce0                                  |  out|    1|   ap_memory|       patches_parameters|         array|
|patches_parameters_we0                                  |  out|    1|   ap_memory|       patches_parameters|         array|
|patches_parameters_d0                                   |  out|   64|   ap_memory|       patches_parameters|         array|
|patches_parameters_q0                                   |   in|   64|   ap_memory|       patches_parameters|         array|
|patches_parameters_address1                             |  out|   12|   ap_memory|       patches_parameters|         array|
|patches_parameters_ce1                                  |  out|    1|   ap_memory|       patches_parameters|         array|
|patches_parameters_q1                                   |   in|   64|   ap_memory|       patches_parameters|         array|
|ppl                                                     |   in|   32|     ap_none|                      ppl|        scalar|
|nPatchesAtOriginal                                      |   in|   32|     ap_none|       nPatchesAtOriginal|        scalar|
|previous_z_top_min_read                                 |   in|   64|     ap_none|  previous_z_top_min_read|        scalar|
|complementary_apexZ0                                    |   in|   64|     ap_none|     complementary_apexZ0|        scalar|
|white_space_height_read                                 |   in|   64|     ap_none|  white_space_height_read|        scalar|
|original_c                                              |   in|   64|     ap_none|               original_c|        scalar|
|original_d                                              |   in|   64|     ap_none|               original_d|        scalar|
|p_read12                                                |   in|   32|     ap_none|                 p_read12|        scalar|
|p_read13                                                |   in|   32|     ap_none|                 p_read13|        scalar|
|z_top_min_read                                          |   in|   64|     ap_none|           z_top_min_read|        scalar|
|temp_address0                                           |  out|   10|   ap_memory|                     temp|         array|
|temp_ce0                                                |  out|    1|   ap_memory|                     temp|         array|
|temp_we0                                                |  out|    1|   ap_memory|                     temp|         array|
|temp_d0                                                 |  out|   64|   ap_memory|                     temp|         array|
|temp_q0                                                 |   in|   64|   ap_memory|                     temp|         array|
|temp_address1                                           |  out|   10|   ap_memory|                     temp|         array|
|temp_ce1                                                |  out|    1|   ap_memory|                     temp|         array|
|temp_q1                                                 |   in|   64|   ap_memory|                     temp|         array|
+--------------------------------------------------------+-----+-----+------------+-------------------------+--------------+

