

================================================================
== Vitis HLS Report for 'solveNextPatchPair'
================================================================
* Date:           Mon Jul  1 18:54:38 2024

* Version:        2020.2 (Build 3064766 on Wed Nov 18 09:12:45 MST 2020)
* Project:        PatchMaker_tanishGit
* Solution:       solution1 (Vivado IP Flow Target)
* Product family: virtexuplus
* Target device:  xcvu19p-fsvb3824-2-e


================================================================
== Performance Estimates
================================================================
+ Timing: 
    * Summary: 
    +--------+----------+----------+------------+
    |  Clock |  Target  | Estimated| Uncertainty|
    +--------+----------+----------+------------+
    |ap_clk  |  10.00 ns|  7.323 ns|     2.70 ns|
    +--------+----------+----------+------------+

+ Latency: 
    * Summary: 
    +---------+---------+----------+----------+-----+-----+---------+
    |  Latency (cycles) |  Latency (absolute) |  Interval | Pipeline|
    |   min   |   max   |    min   |    max   | min | max |   Type  |
    +---------+---------+----------+----------+-----+-----+---------+
    |        ?|        ?|         ?|         ?|    ?|    ?|     none|
    +---------+---------+----------+----------+-----+-----+---------+

    + Detail: 
        * Instance: 
        +------------------------------------------------+-------------------------------------+---------+---------+-----------+-----------+-----+-----+---------+
        |                                                |                                     |  Latency (cycles) |   Latency (absolute)  |  Interval | Pipeline|
        |                    Instance                    |                Module               |   min   |   max   |    min    |    max    | min | max |   Type  |
        +------------------------------------------------+-------------------------------------+---------+---------+-----------+-----------+-----+-----+---------+
        |grp_makeThirdPatch_fu_509                       |makeThirdPatch                       |        ?|        ?|          ?|          ?|    ?|    ?|     none|
        |grp_solveComplmentaryPatch_fu_538               |solveComplmentaryPatch               |        ?|        ?|          ?|          ?|    ?|    ?|     none|
        |grp_makePatch_alignedToLine_fu_573              |makePatch_alignedToLine              |        ?|        ?|          ?|          ?|    ?|    ?|     none|
        |grp_straightLineProjectorFromLayerIJtoK_fu_602  |straightLineProjectorFromLayerIJtoK  |       11|       11|   0.110 us|   0.110 us|    1|    1|      yes|
        |grp_areWedgeSuperPointsEqual_fu_619             |areWedgeSuperPointsEqual             |        4|        4|  40.000 ns|  40.000 ns|    2|    2|      yes|
        +------------------------------------------------+-------------------------------------+---------+---------+-----------+-----------+-----+-----+---------+

        * Loop: 
        +-----------------------------+---------+---------+----------+-----------+-----------+-------+----------+
        |                             |  Latency (cycles) | Iteration|  Initiation Interval  |  Trip |          |
        |          Loop Name          |   min   |   max   |  Latency |  achieved |   target  | Count | Pipelined|
        +-----------------------------+---------+---------+----------+-----------+-----------+-------+----------+
        |- superPointEqualCheck_loop  |        8|       47|         8|          -|          -|  1 ~ 5|        no|
        |- solvePatchPair_loop        |        ?|        ?|         ?|          -|          -|      ?|        no|
        +-----------------------------+---------+---------+----------+-----------+-----------+-------+----------+



================================================================
== Utilization Estimates
================================================================
* Summary: 
+---------------------+---------+------+---------+---------+-----+
|         Name        | BRAM_18K|  DSP |    FF   |   LUT   | URAM|
+---------------------+---------+------+---------+---------+-----+
|DSP                  |        -|     1|        -|        -|    -|
|Expression           |        -|     -|        0|     1210|    -|
|FIFO                 |        -|     -|        -|        -|    -|
|Instance             |       36|   253|    38439|   115014|    -|
|Memory               |        4|     -|        0|        0|    -|
|Multiplexer          |        -|     -|        -|     1234|    -|
|Register             |        -|     -|     1088|        -|    -|
+---------------------+---------+------+---------+---------+-----+
|Total                |       40|   254|    39527|   117458|    0|
+---------------------+---------+------+---------+---------+-----+
|Available SLR        |     1080|   960|  2042880|  1021440|   80|
+---------------------+---------+------+---------+---------+-----+
|Utilization SLR (%)  |        3|    26|        1|       11|    0|
+---------------------+---------+------+---------+---------+-----+
|Available            |     4320|  3840|  8171520|  4085760|  320|
+---------------------+---------+------+---------+---------+-----+
|Utilization (%)      |       ~0|     6|       ~0|        2|    0|
+---------------------+---------+------+---------+---------+-----+

+ Detail: 
    * Instance: 
    +-------------------------------------------------+-------------------------------------+---------+-----+-------+-------+-----+
    |                     Instance                    |                Module               | BRAM_18K| DSP |   FF  |  LUT  | URAM|
    +-------------------------------------------------+-------------------------------------+---------+-----+-------+-------+-----+
    |grp_areWedgeSuperPointsEqual_fu_619              |areWedgeSuperPointsEqual             |        0|    0|    156|   3003|    0|
    |dcmp_64ns_64ns_1_2_no_dsp_1_U157                 |dcmp_64ns_64ns_1_2_no_dsp_1          |        0|    0|      0|      0|    0|
    |grp_makePatch_alignedToLine_fu_573               |makePatch_alignedToLine              |       12|   53|   7634|  23171|    0|
    |grp_makeThirdPatch_fu_509                        |makeThirdPatch                       |       12|   78|  16069|  40229|    0|
    |sitodp_64ns_64_2_no_dsp_1_U158                   |sitodp_64ns_64_2_no_dsp_1            |        0|    0|      0|      0|    0|
    |sitofp_32ns_32_2_no_dsp_1_U160                   |sitofp_32ns_32_2_no_dsp_1            |        0|    0|      0|      0|    0|
    |sitofp_32ns_32_2_no_dsp_1_U161                   |sitofp_32ns_32_2_no_dsp_1            |        0|    0|      0|      0|    0|
    |grp_solveComplmentaryPatch_fu_538                |solveComplmentaryPatch               |       12|  104|  12231|  40973|    0|
    |grp_straightLineProjectorFromLayerIJtoK_fu_602   |straightLineProjectorFromLayerIJtoK  |        0|    6|    783|   2546|    0|
    |grp_straightLineProjectorFromLayerIJtoK_fu_1581  |straightLineProjectorFromLayerIJtoK  |        0|    6|    783|   2546|    0|
    |grp_straightLineProjectorFromLayerIJtoK_fu_1590  |straightLineProjectorFromLayerIJtoK  |        0|    6|    783|   2546|    0|
    +-------------------------------------------------+-------------------------------------+---------+-----+-------+-------+-----+
    |Total                                            |                                     |       36|  253|  38439| 115014|    0|
    +-------------------------------------------------+-------------------------------------+---------+-----+-------+-------+-----+

    * DSP: 
    +------------------------------+-------------------------+-----------+
    |           Instance           |          Module         | Expression|
    +------------------------------+-------------------------+-----------+
    |mul_mul_5ns_11ns_15_4_1_U159  |mul_mul_5ns_11ns_15_4_1  |    i0 * i1|
    +------------------------------+-------------------------+-----------+

    * Memory: 
    +--------+-------------------------+---------+---+----+-----+------+-----+------+-------------+
    | Memory |          Module         | BRAM_18K| FF| LUT| URAM| Words| Bits| Banks| W*Bits*Banks|
    +--------+-------------------------+---------+---+----+-----+------+-----+------+-------------+
    |temp_U  |solveNextPatchPair_temp  |        4|  0|   0|    0|   768|   64|     1|        49152|
    +--------+-------------------------+---------+---+----+-----+------+-----+------+-------------+
    |Total   |                         |        4|  0|   0|    0|   768|   64|     1|        49152|
    +--------+-------------------------+---------+---+----+-----+------+-----+------+-------------+

    * FIFO: 
    N/A

    * Expression: 
    +----------------------------------+----------+----+---+----+------------+------------+
    |           Variable Name          | Operation| DSP| FF| LUT| Bitwidth P0| Bitwidth P1|
    +----------------------------------+----------+----+---+----+------------+------------+
    |add_ln505_fu_712_p2               |         +|   0|  0|  39|          32|           1|
    |add_ln549_1_fu_690_p2             |         +|   0|  0|  19|          12|           6|
    |add_ln549_fu_738_p2               |         +|   0|  0|  19|          12|           6|
    |add_ln550_fu_701_p2               |         +|   0|  0|  19|          12|           7|
    |add_ln574_fu_804_p2               |         +|   0|  0|  10|           3|           1|
    |add_ln586_1_fu_758_p2             |         +|   0|  0|  19|          12|           7|
    |add_ln586_fu_748_p2               |         +|   0|  0|  19|          12|           6|
    |add_ln589_fu_768_p2               |         +|   0|  0|  19|          12|           7|
    |add_ln600_fu_718_p2               |         +|   0|  0|  22|          15|           7|
    |add_ln601_fu_778_p2               |         +|   0|  0|  19|          12|           7|
    |add_ln610_fu_728_p2               |         +|   0|  0|  22|          15|          10|
    |add_ln627_fu_926_p2               |         +|   0|  0|  19|          12|           6|
    |add_ln628_fu_943_p2               |         +|   0|  0|  19|          12|           6|
    |add_ln646_1_fu_1168_p2            |         +|   0|  0|  19|          12|           6|
    |add_ln646_fu_1157_p2              |         +|   0|  0|  19|          12|           6|
    |add_ln667_fu_1081_p2              |         +|   0|  0|  17|          12|           6|
    |lastPatchIndex_1_fu_894_p2        |         +|   0|  0|  12|           5|           2|
    |lastPatchIndex_3_fu_1125_p2       |         +|   0|  0|  12|           5|           2|
    |lastPatchIndex_fu_656_p2          |         +|   0|  0|  12|           5|           2|
    |thirdLastPatchIndex_fu_793_p2     |         +|   0|  0|  12|           5|           3|
    |sub_ln549_fu_684_p2               |         -|   0|  0|  19|          12|          12|
    |sub_ln627_fu_920_p2               |         -|   0|  0|  19|          12|          12|
    |sub_ln630_1_fu_960_p2             |         -|   0|  0|  71|          64|          64|
    |sub_ln630_fu_954_p2               |         -|   0|  0|  71|          64|          64|
    |sub_ln646_fu_1151_p2              |         -|   0|  0|  19|          12|          12|
    |sub_ln667_fu_1075_p2              |         -|   0|  0|  17|          12|          12|
    |and_ln586_fu_821_p2               |       and|   0|  0|   2|           1|           1|
    |and_ln598_fu_850_p2               |       and|   0|  0|   2|           1|           1|
    |and_ln666_1_fu_1049_p2            |       and|   0|  0|   2|           1|           1|
    |and_ln666_fu_992_p2               |       and|   0|  0|   2|           1|           1|
    |and_ln669_fu_1116_p2              |       and|   0|  0|   2|           1|           1|
    |ap_block_state51_on_subcall_done  |       and|   0|  0|   2|           1|           1|
    |icmp_ln569_fu_788_p2              |      icmp|   0|  0|  20|          32|           2|
    |icmp_ln574_fu_798_p2              |      icmp|   0|  0|   8|           3|           3|
    |icmp_ln586_fu_810_p2              |      icmp|   0|  0|  29|          64|          64|
    |icmp_ln589_1_fu_826_p2            |      icmp|   0|  0|  29|          64|           1|
    |icmp_ln589_fu_815_p2              |      icmp|   0|  0|  29|          64|           1|
    |icmp_ln598_1_fu_844_p2            |      icmp|   0|  0|  29|          64|          24|
    |icmp_ln598_fu_838_p2              |      icmp|   0|  0|  29|          64|          27|
    |icmp_ln601_fu_856_p2              |      icmp|   0|  0|  29|          64|           1|
    |icmp_ln610_fu_868_p2              |      icmp|   0|  0|  29|          64|          27|
    |icmp_ln630_fu_966_p2              |      icmp|   0|  0|  29|          64|          64|
    |icmp_ln666_1_fu_1033_p2           |      icmp|   0|  0|  11|          11|           2|
    |icmp_ln666_2_fu_1039_p2           |      icmp|   0|  0|  24|          52|           1|
    |icmp_ln666_fu_986_p2              |      icmp|   0|  0|  29|          64|           1|
    |icmp_ln667_fu_1092_p2             |      icmp|   0|  0|  29|          64|          27|
    |icmp_ln668_fu_1098_p2             |      icmp|   0|  0|  29|          64|           3|
    |icmp_ln669_fu_1110_p2             |      icmp|   0|  0|  20|          32|          32|
    |notChoppedPatch_fu_832_p2         |        or|   0|  0|   2|           1|           1|
    |or_ln601_fu_862_p2                |        or|   0|  0|   2|           1|           1|
    |or_ln627_fu_932_p2                |        or|   0|  0|  12|           1|          12|
    |or_ln666_fu_1045_p2               |        or|   0|  0|   2|           1|           1|
    |or_ln667_fu_1104_p2               |        or|   0|  0|   2|           1|           1|
    |select_ln601_fu_882_p3            |    select|   0|  0|  63|           1|          64|
    |select_ln610_fu_874_p3            |    select|   0|  0|  63|           1|          64|
    |white_space_height_fu_972_p3      |    select|   0|  0|  63|           1|          64|
    |lnot_i_fu_980_p2                  |       xor|   0|  0|   2|           1|           2|
    |xor_ln637_fu_1223_p2              |       xor|   0|  0|   2|           1|           2|
    +----------------------------------+----------+----+---+----+------------+------------+
    |Total                             |          |   0|  0|1210|        1255|         778|
    +----------------------------------+----------+----+---+----+------------+------------+

    * Multiplexer: 
    +----------------------------------------------------------+-----+-----------+-----+-----------+
    |                           Name                           | LUT | Input Size| Bits| Total Bits|
    +----------------------------------------------------------+-----+-----------+-----+-----------+
    |GDarray_address0                                          |   20|          4|   11|         44|
    |GDarray_ce0                                               |   20|          4|    1|          4|
    |GDn_points_address0                                       |   26|          5|    3|         15|
    |GDn_points_ce0                                            |   26|          5|    1|          5|
    |ap_NS_fsm                                                 |  225|         52|    1|         52|
    |ap_phi_mux_repeat_original_ph_phi_fu_344_p4               |    9|          2|    1|          2|
    |complementary_apexZ0_0_reg_467                            |    9|          2|   64|        128|
    |counterUpshift_0_reg_409                                  |    9|          2|   32|         64|
    |counter_0_reg_397                                         |    9|          2|   32|         64|
    |current_z_top_index_0_reg_421                             |    9|          2|   32|         64|
    |grp_fu_1575_ce                                            |    9|          2|    1|          2|
    |grp_fu_1578_ce                                            |    9|          2|    1|          2|
    |grp_fu_631_ce                                             |   14|          3|    1|          3|
    |grp_fu_631_opcode                                         |   14|          3|    5|         15|
    |grp_fu_631_p0                                             |   14|          3|   64|        192|
    |grp_fu_631_p1                                             |   14|          3|   64|        192|
    |grp_fu_636_ce                                             |   14|          3|    1|          3|
    |grp_fu_636_p0                                             |   14|          3|   64|        192|
    |grp_makePatch_alignedToLine_fu_573_apexZ0                 |   14|          3|   64|        192|
    |grp_makePatch_alignedToLine_fu_573_leftRight              |   14|          3|    1|          3|
    |grp_makePatch_alignedToLine_fu_573_p_read                 |   14|          3|   32|         96|
    |grp_makePatch_alignedToLine_fu_573_z_top                  |   14|          3|   64|        192|
    |grp_straightLineProjectorFromLayerIJtoK_fu_1581_ap_ce     |    9|          2|    1|          2|
    |grp_straightLineProjectorFromLayerIJtoK_fu_1581_ap_start  |    9|          2|    1|          2|
    |grp_straightLineProjectorFromLayerIJtoK_fu_1590_ap_ce     |    9|          2|    1|          2|
    |grp_straightLineProjectorFromLayerIJtoK_fu_1590_ap_start  |    9|          2|    1|          2|
    |grp_straightLineProjectorFromLayerIJtoK_fu_602_ap_ce      |    9|          2|    1|          2|
    |grp_straightLineProjectorFromLayerIJtoK_fu_602_ap_start   |    9|          2|    1|          2|
    |grp_straightLineProjectorFromLayerIJtoK_fu_602_i          |    9|          2|    3|          6|
    |grp_straightLineProjectorFromLayerIJtoK_fu_602_j          |    9|          2|   32|         64|
    |grp_straightLineProjectorFromLayerIJtoK_fu_602_k          |    9|          2|    3|          6|
    |grp_straightLineProjectorFromLayerIJtoK_fu_602_z_i        |   20|          4|   64|        256|
    |grp_straightLineProjectorFromLayerIJtoK_fu_602_z_j        |   20|          4|   64|        256|
    |i_reg_328                                                 |    9|          2|    3|          6|
    |lastPatchIndex_0_reg_366                                  |    9|          2|    5|         10|
    |n_patches_o                                               |   20|          4|   32|        128|
    |n_patches_o_ap_vld                                        |   20|          4|    1|          4|
    |p_x_assign_reg_376                                        |    9|          2|   64|        128|
    |patches_parameters_address0                               |   54|         10|   12|        120|
    |patches_parameters_address1                               |   49|          9|   12|        108|
    |patches_parameters_ce0                                    |   26|          5|    1|          5|
    |patches_parameters_ce1                                    |   20|          4|    1|          4|
    |patches_parameters_d0                                     |   20|          4|   64|        256|
    |patches_parameters_we0                                    |   20|          4|    1|          4|
    |patches_parameters_we1                                    |    9|          2|    1|          2|
    |patches_superpoints_address0                              |   31|          6|   15|         90|
    |patches_superpoints_address1                              |   26|          5|   15|         75|
    |patches_superpoints_ce0                                   |   31|          6|    1|          6|
    |patches_superpoints_ce1                                   |   26|          5|    1|          5|
    |patches_superpoints_d0                                    |   20|          4|   64|        256|
    |patches_superpoints_we0                                   |   20|          4|    1|          4|
    |phi_ln666_reg_386                                         |    9|          2|    1|          2|
    |ppl_assign_0_reg_455                                      |    9|          2|   32|         64|
    |previous_z_top_min_0_reg_433                              |    9|          2|   64|        128|
    |repeat_original_reg_353                                   |    9|          2|    1|          2|
    |temp_address0                                             |   20|          4|   10|         40|
    |temp_address1                                             |   20|          4|   10|         40|
    |temp_ce0                                                  |   20|          4|    1|          4|
    |temp_ce1                                                  |   20|          4|    1|          4|
    |temp_d0                                                   |   20|          4|   64|        256|
    |temp_we0                                                  |   20|          4|    1|          4|
    |z_top_min_0_reg_445                                       |    9|          2|   64|        128|
    |z_top_min_1_reg_479                                       |    9|          2|   64|        128|
    +----------------------------------------------------------+-----+-----------+-----+-----------+
    |Total                                                     | 1234|        258| 1319|       4137|
    +----------------------------------------------------------+-----+-----------+-----+-----------+

    * Register: 
    +-------------------------------------------------------------+----+----+-----+-----------+
    |                             Name                            | FF | LUT| Bits| Const Bits|
    +-------------------------------------------------------------+----+----+-----+-----------+
    |add_ln505_reg_1356                                           |  32|   0|   32|          0|
    |add_ln574_reg_1409                                           |   3|   0|    3|          0|
    |and_ln598_reg_1427                                           |   1|   0|    1|          0|
    |and_ln666_1_reg_1499                                         |   1|   0|    1|          0|
    |and_ln666_reg_1480                                           |   1|   0|    1|          0|
    |ap_CS_fsm                                                    |  51|   0|   51|          0|
    |complementary_apexZ0_0_reg_467                               |  64|   0|   64|          0|
    |counterUpshift_0_reg_409                                     |  32|   0|   32|          0|
    |counter_0_reg_397                                            |  32|   0|   32|          0|
    |current_z_top_index_0_reg_421                                |  32|   0|   32|          0|
    |grp_areWedgeSuperPointsEqual_fu_619_ap_start_reg             |   1|   0|    1|          0|
    |grp_makePatch_alignedToLine_fu_573_ap_start_reg              |   1|   0|    1|          0|
    |grp_makeThirdPatch_fu_509_ap_start_reg                       |   1|   0|    1|          0|
    |grp_solveComplmentaryPatch_fu_538_ap_start_reg               |   1|   0|    1|          0|
    |grp_straightLineProjectorFromLayerIJtoK_fu_602_ap_start_reg  |   1|   0|    1|          0|
    |i_reg_328                                                    |   3|   0|    3|          0|
    |icmp_ln569_reg_1396                                          |   1|   0|    1|          0|
    |icmp_ln574_reg_1405                                          |   1|   0|    1|          0|
    |icmp_ln586_reg_1418                                          |   1|   0|    1|          0|
    |icmp_ln666_1_reg_1489                                        |   1|   0|    1|          0|
    |icmp_ln666_2_reg_1494                                        |   1|   0|    1|          0|
    |lastPatchIndex_0_reg_366                                     |   5|   0|    5|          0|
    |lastPatchIndex_1_reg_1450                                    |   5|   0|    5|          0|
    |lastPatchIndex_3_reg_1515                                    |   5|   0|    5|          0|
    |lastPatchIndex_reg_1313                                      |   5|   0|    5|          0|
    |lnot_i_reg_1470                                              |   1|   0|    1|          0|
    |madeComplementaryPatch_reg_492                               |   1|   0|    1|          0|
    |nPatchesAtOriginal_reg_1302                                  |  32|   0|   32|          0|
    |notChoppedPatch_reg_1423                                     |   1|   0|    1|          0|
    |or_ln667_reg_1508                                            |   1|   0|    1|          0|
    |p_x_assign_reg_376                                           |  64|   0|   64|          0|
    |patches_parameters_addr_2_reg_1371                           |   9|   0|   12|          3|
    |patches_parameters_addr_3_reg_1376                           |   9|   0|   12|          3|
    |patches_parameters_addr_4_reg_1381                           |   9|   0|   12|          3|
    |patches_parameters_addr_5_reg_1386                           |   9|   0|   12|          3|
    |patches_parameters_addr_6_reg_1391                           |   9|   0|   12|          3|
    |patches_superpoints_addr_1_reg_1366                          |  15|   0|   15|          0|
    |patches_superpoints_addr_reg_1361                            |  15|   0|   15|          0|
    |patches_superpoints_load_reg_1431                            |  64|   0|   64|          0|
    |phi_ln666_reg_386                                            |   1|   0|    1|          0|
    |ppl_assign3_reg_1295                                         |  32|   0|   32|          0|
    |ppl_assign_0_reg_455                                         |  32|   0|   32|          0|
    |ppl_assign_s_reg_1444                                        |  32|   0|   32|          0|
    |previous_z_top_min_0_reg_433                                 |  64|   0|   64|          0|
    |reg_640                                                      |  64|   0|   64|          0|
    |reg_646                                                      |  64|   0|   64|          0|
    |repeat_original_ph_reg_340                                   |   1|   0|    1|          0|
    |repeat_original_reg_353                                      |   1|   0|    1|          0|
    |select_ln601_reg_1438                                        |  64|   0|   64|          0|
    |sub_ln549_reg_1325                                           |   9|   0|   12|          3|
    |thirdLastPatchIndex_reg_1400                                 |   5|   0|    5|          0|
    |tmp4_reg_1414                                                |   1|   0|    1|          0|
    |tmp_s_reg_1570                                               |  64|   0|   64|          0|
    |trunc_ln512_reg_1308                                         |   5|   0|    5|          0|
    |z_top_min_0_reg_445                                          |  64|   0|   64|          0|
    |z_top_min_1_reg_479                                          |  64|   0|   64|          0|
    +-------------------------------------------------------------+----+----+-----+-----------+
    |Total                                                        |1088|   0| 1106|         18|
    +-------------------------------------------------------------+----+----+-----+-----------+



================================================================
== Interface
================================================================
* Summary: 
+------------------------------+-----+-----+------------+---------------------+--------------+
|           RTL Ports          | Dir | Bits|  Protocol  |    Source Object    |    C Type    |
+------------------------------+-----+-----+------------+---------------------+--------------+
|ap_clk                        |   in|    1|  ap_ctrl_hs|   solveNextPatchPair|  return value|
|ap_rst                        |   in|    1|  ap_ctrl_hs|   solveNextPatchPair|  return value|
|ap_start                      |   in|    1|  ap_ctrl_hs|   solveNextPatchPair|  return value|
|ap_done                       |  out|    1|  ap_ctrl_hs|   solveNextPatchPair|  return value|
|ap_idle                       |  out|    1|  ap_ctrl_hs|   solveNextPatchPair|  return value|
|ap_ready                      |  out|    1|  ap_ctrl_hs|   solveNextPatchPair|  return value|
|ap_return_0                   |  out|   64|  ap_ctrl_hs|   solveNextPatchPair|  return value|
|ap_return_1                   |  out|   32|  ap_ctrl_hs|   solveNextPatchPair|  return value|
|ap_return_2                   |  out|   64|  ap_ctrl_hs|   solveNextPatchPair|  return value|
|ap_return_3                   |  out|   64|  ap_ctrl_hs|   solveNextPatchPair|  return value|
|ap_return_4                   |  out|   64|  ap_ctrl_hs|   solveNextPatchPair|  return value|
|ap_return_5                   |  out|   64|  ap_ctrl_hs|   solveNextPatchPair|  return value|
|ap_return_6                   |  out|   64|  ap_ctrl_hs|   solveNextPatchPair|  return value|
|n_patches_i                   |   in|   32|     ap_ovld|            n_patches|       pointer|
|n_patches_o                   |  out|   32|     ap_ovld|            n_patches|       pointer|
|n_patches_o_ap_vld            |  out|    1|     ap_ovld|            n_patches|       pointer|
|GDarray_address0              |  out|   11|   ap_memory|              GDarray|         array|
|GDarray_ce0                   |  out|    1|   ap_memory|              GDarray|         array|
|GDarray_q0                    |   in|  192|   ap_memory|              GDarray|         array|
|GDn_points_address0           |  out|    3|   ap_memory|           GDn_points|         array|
|GDn_points_ce0                |  out|    1|   ap_memory|           GDn_points|         array|
|GDn_points_q0                 |   in|   32|   ap_memory|           GDn_points|         array|
|patches_superpoints_address0  |  out|   15|   ap_memory|  patches_superpoints|         array|
|patches_superpoints_ce0       |  out|    1|   ap_memory|  patches_superpoints|         array|
|patches_superpoints_we0       |  out|    1|   ap_memory|  patches_superpoints|         array|
|patches_superpoints_d0        |  out|   64|   ap_memory|  patches_superpoints|         array|
|patches_superpoints_q0        |   in|   64|   ap_memory|  patches_superpoints|         array|
|patches_superpoints_address1  |  out|   15|   ap_memory|  patches_superpoints|         array|
|patches_superpoints_ce1       |  out|    1|   ap_memory|  patches_superpoints|         array|
|patches_superpoints_q1        |   in|   64|   ap_memory|  patches_superpoints|         array|
|patches_parameters_address0   |  out|   12|   ap_memory|   patches_parameters|         array|
|patches_parameters_ce0        |  out|    1|   ap_memory|   patches_parameters|         array|
|patches_parameters_we0        |  out|    1|   ap_memory|   patches_parameters|         array|
|patches_parameters_d0         |  out|   64|   ap_memory|   patches_parameters|         array|
|patches_parameters_q0         |   in|   64|   ap_memory|   patches_parameters|         array|
|patches_parameters_address1   |  out|   12|   ap_memory|   patches_parameters|         array|
|patches_parameters_ce1        |  out|    1|   ap_memory|   patches_parameters|         array|
|patches_parameters_we1        |  out|    1|   ap_memory|   patches_parameters|         array|
|patches_parameters_d1         |  out|   64|   ap_memory|   patches_parameters|         array|
|patches_parameters_q1         |   in|   64|   ap_memory|   patches_parameters|         array|
|apexZ0                        |   in|   64|     ap_none|               apexZ0|        scalar|
|ppl                           |   in|   32|     ap_none|                  ppl|        scalar|
|p_read1                       |   in|   32|     ap_none|              p_read1|        scalar|
|p_read4                       |   in|   64|     ap_none|              p_read4|        scalar|
|z_top_max_read                |   in|   64|     ap_none|       z_top_max_read|        scalar|
|p_read7                       |   in|   64|     ap_none|              p_read7|        scalar|
+------------------------------+-----+-----+------------+---------------------+--------------+

