

================================================================
== Vitis HLS Report for 'straightLineProjectorFromLayerIJtoK'
================================================================
* Date:           Mon Jul  1 18:54:13 2024

* Version:        2020.2 (Build 3064766 on Wed Nov 18 09:12:45 MST 2020)
* Project:        PatchMaker_tanishGit
* Solution:       solution1 (Vivado IP Flow Target)
* Product family: virtexuplus
* Target device:  xcvu19p-fsvb3824-2-e


================================================================
== Performance Estimates
================================================================
+ Timing: 
    * Summary: 
    +--------+----------+----------+------------+
    |  Clock |  Target  | Estimated| Uncertainty|
    +--------+----------+----------+------------+
    |ap_clk  |  10.00 ns|  7.069 ns|     2.70 ns|
    +--------+----------+----------+------------+

+ Latency: 
    * Summary: 
    +---------+---------+----------+----------+-----+-----+---------+
    |  Latency (cycles) |  Latency (absolute) |  Interval | Pipeline|
    |   min   |   max   |    min   |    max   | min | max |   Type  |
    +---------+---------+----------+----------+-----+-----+---------+
    |       11|       11|  0.110 us|  0.110 us|    1|    1|      yes|
    +---------+---------+----------+----------+-----+-----+---------+

    + Detail: 
        * Instance: 
        N/A

        * Loop: 
        N/A



================================================================
== Utilization Estimates
================================================================
* Summary: 
+---------------------+---------+------+---------+---------+-----+
|         Name        | BRAM_18K|  DSP |    FF   |   LUT   | URAM|
+---------------------+---------+------+---------+---------+-----+
|DSP                  |        -|     -|        -|        -|    -|
|Expression           |        -|     -|        0|     2263|    -|
|FIFO                 |        -|     -|        -|        -|    -|
|Instance             |        -|     6|      256|      154|    -|
|Memory               |        0|     -|       32|       33|    -|
|Multiplexer          |        -|     -|        -|        -|    -|
|Register             |        -|     -|      495|       96|    -|
+---------------------+---------+------+---------+---------+-----+
|Total                |        0|     6|      783|     2546|    0|
+---------------------+---------+------+---------+---------+-----+
|Available SLR        |     1080|   960|  2042880|  1021440|   80|
+---------------------+---------+------+---------+---------+-----+
|Utilization SLR (%)  |        0|    ~0|       ~0|       ~0|    0|
+---------------------+---------+------+---------+---------+-----+
|Available            |     4320|  3840|  8171520|  4085760|  320|
+---------------------+---------+------+---------+---------+-----+
|Utilization (%)      |        0|    ~0|       ~0|       ~0|    0|
+---------------------+---------+------+---------+---------+-----+

+ Detail: 
    * Instance: 
    +-----------------------------------+-------------------------------+---------+----+-----+----+-----+
    |              Instance             |             Module            | BRAM_18K| DSP|  FF | LUT| URAM|
    +-----------------------------------+-------------------------------+---------+----+-----+----+-----+
    |fdiv_32ns_32ns_32_6_no_dsp_1_U40   |fdiv_32ns_32ns_32_6_no_dsp_1   |        0|   0|    0|   0|    0|
    |fmul_32ns_32ns_32_2_max_dsp_1_U38  |fmul_32ns_32ns_32_2_max_dsp_1  |        0|   3|  128|  77|    0|
    |fmul_32ns_32ns_32_2_max_dsp_1_U39  |fmul_32ns_32ns_32_2_max_dsp_1  |        0|   3|  128|  77|    0|
    |sitofp_32s_32_2_no_dsp_1_U43       |sitofp_32s_32_2_no_dsp_1       |        0|   0|    0|   0|    0|
    |sitofp_32s_32_2_no_dsp_1_U44       |sitofp_32s_32_2_no_dsp_1       |        0|   0|    0|   0|    0|
    |sitofp_64ns_32_2_no_dsp_1_U41      |sitofp_64ns_32_2_no_dsp_1      |        0|   0|    0|   0|    0|
    |sitofp_64ns_32_2_no_dsp_1_U42      |sitofp_64ns_32_2_no_dsp_1      |        0|   0|    0|   0|    0|
    +-----------------------------------+-------------------------------+---------+----+-----+----+-----+
    |Total                              |                               |        0|   6|  256| 154|    0|
    +-----------------------------------+-------------------------------+---------+----+-----+----+-----+

    * DSP: 
    N/A

    * Memory: 
    +---------+-------------------------------------------+---------+----+----+-----+------+-----+------+-------------+
    |  Memory |                   Module                  | BRAM_18K| FF | LUT| URAM| Words| Bits| Banks| W*Bits*Banks|
    +---------+-------------------------------------------+---------+----+----+-----+------+-----+------+-------------+
    |radii_U  |straightLineProjectorFromLayerIJtoK_radii  |        0|  32|  33|    0|     5|   25|     1|          125|
    +---------+-------------------------------------------+---------+----+----+-----+------+-----+------+-------------+
    |Total    |                                           |        0|  32|  33|    0|     5|   25|     1|          125|
    +---------+-------------------------------------------+---------+----+----+-----+------+-----+------+-------------+

    * FIFO: 
    N/A

    * Expression: 
    +------------------------+----------+----+---+-----+------------+------------+
    |      Variable Name     | Operation| DSP| FF| LUT | Bitwidth P0| Bitwidth P1|
    +------------------------+----------+----+---+-----+------------+------------+
    |add_ln124_fu_163_p2     |         +|   0|  0|   10|           3|           2|
    |add_ln132_fu_180_p2     |         +|   0|  0|   10|           3|           2|
    |add_ln140_fu_197_p2     |         +|   0|  0|   10|           3|           2|
    |add_ln145_fu_541_p2     |         +|   0|  0|   64|          64|          64|
    |add_ln341_1_fu_445_p2   |         +|   0|  0|   16|           9|           8|
    |add_ln341_fu_306_p2     |         +|   0|  0|   16|           9|           8|
    |ap_return               |         -|   0|  0|   64|          64|          64|
    |result_V_2_fu_388_p2    |         -|   0|  0|   71|           1|          64|
    |result_V_6_fu_527_p2    |         -|   0|  0|   71|           1|          64|
    |sub_ln1311_1_fu_459_p2  |         -|   0|  0|   15|           7|           8|
    |sub_ln1311_fu_320_p2    |         -|   0|  0|   15|           7|           8|
    |sub_ln143_1_fu_252_p2   |         -|   0|  0|   33|          26|          26|
    |sub_ln143_fu_241_p2     |         -|   0|  0|   33|          26|          26|
    |icmp_ln118_fu_157_p2    |      icmp|   0|  0|    8|           3|           1|
    |icmp_ln126_fu_174_p2    |      icmp|   0|  0|   20|          32|           1|
    |icmp_ln134_fu_191_p2    |      icmp|   0|  0|    8|           3|           1|
    |r_V_2_fu_485_p2         |      lshr|   0|  0|  363|         111|         111|
    |r_V_fu_346_p2           |      lshr|   0|  0|  363|         111|         111|
    |radius_i_1_fu_208_p3    |    select|   0|  0|   25|           1|           1|
    |radius_j_1_fu_219_p3    |    select|   0|  0|   25|           1|           1|
    |radius_k_1_fu_230_p3    |    select|   0|  0|   25|           1|           1|
    |result_V_7_fu_533_p3    |    select|   0|  0|   63|           1|          64|
    |result_V_fu_394_p3      |    select|   0|  0|   63|           1|          64|
    |ush_1_fu_469_p3         |    select|   0|  0|    9|           1|           9|
    |ush_fu_330_p3           |    select|   0|  0|    9|           1|           9|
    |val_1_fu_519_p3         |    select|   0|  0|   63|           1|          64|
    |val_fu_380_p3           |    select|   0|  0|   63|           1|          64|
    |r_V_1_fu_352_p2         |       shl|   0|  0|  363|         111|         111|
    |r_V_3_fu_491_p2         |       shl|   0|  0|  363|         111|         111|
    |ap_enable_pp0           |       xor|   0|  0|    2|           1|           2|
    +------------------------+----------+----+---+-----+------------+------------+
    |Total                   |          |   0|  0| 2263|         715|        1072|
    +------------------------+----------+----+---+-----+------------+------------+

    * Multiplexer: 
    N/A

    * Register: 
    +--------------------------+----+----+-----+-----------+
    |           Name           | FF | LUT| Bits| Const Bits|
    +--------------------------+----+----+-----+-----------+
    |ap_CS_fsm                 |   1|   0|    1|          0|
    |ap_enable_reg_pp0_iter1   |   1|   0|    1|          0|
    |ap_enable_reg_pp0_iter10  |   1|   0|    1|          0|
    |ap_enable_reg_pp0_iter11  |   1|   0|    1|          0|
    |ap_enable_reg_pp0_iter2   |   1|   0|    1|          0|
    |ap_enable_reg_pp0_iter3   |   1|   0|    1|          0|
    |ap_enable_reg_pp0_iter4   |   1|   0|    1|          0|
    |ap_enable_reg_pp0_iter5   |   1|   0|    1|          0|
    |ap_enable_reg_pp0_iter6   |   1|   0|    1|          0|
    |ap_enable_reg_pp0_iter7   |   1|   0|    1|          0|
    |ap_enable_reg_pp0_iter8   |   1|   0|    1|          0|
    |ap_enable_reg_pp0_iter9   |   1|   0|    1|          0|
    |conv1_reg_618             |  32|   0|   32|          0|
    |conv2_reg_603             |  32|   0|   32|          0|
    |conv3_reg_608             |  32|   0|   32|          0|
    |conv_reg_613              |  32|   0|   32|          0|
    |dc_1_reg_634              |  32|   0|   32|          0|
    |dc_reg_629                |  32|   0|   32|          0|
    |icmp_ln118_reg_563        |   1|   0|    1|          0|
    |icmp_ln126_reg_573        |   1|   0|    1|          0|
    |icmp_ln134_reg_583        |   1|   0|    1|          0|
    |radii_leverArmF_reg_623   |  32|   0|   32|          0|
    |z_i_read_reg_557          |  64|   0|   64|          0|
    |conv2_reg_603             |  64|  32|   32|          0|
    |conv3_reg_608             |  64|  32|   32|          0|
    |z_i_read_reg_557          |  64|  32|   64|          0|
    +--------------------------+----+----+-----+-----------+
    |Total                     | 495|  96|  431|          0|
    +--------------------------+----+----+-----+-----------+



================================================================
== Interface
================================================================
* Summary: 
+-----------+-----+-----+------------+-------------------------------------+--------------+
| RTL Ports | Dir | Bits|  Protocol  |            Source Object            |    C Type    |
+-----------+-----+-----+------------+-------------------------------------+--------------+
|ap_clk     |   in|    1|  ap_ctrl_hs|  straightLineProjectorFromLayerIJtoK|  return value|
|ap_rst     |   in|    1|  ap_ctrl_hs|  straightLineProjectorFromLayerIJtoK|  return value|
|ap_start   |   in|    1|  ap_ctrl_hs|  straightLineProjectorFromLayerIJtoK|  return value|
|ap_done    |  out|    1|  ap_ctrl_hs|  straightLineProjectorFromLayerIJtoK|  return value|
|ap_idle    |  out|    1|  ap_ctrl_hs|  straightLineProjectorFromLayerIJtoK|  return value|
|ap_ready   |  out|    1|  ap_ctrl_hs|  straightLineProjectorFromLayerIJtoK|  return value|
|ap_ce      |   in|    1|  ap_ctrl_hs|  straightLineProjectorFromLayerIJtoK|  return value|
|ap_return  |  out|   64|  ap_ctrl_hs|  straightLineProjectorFromLayerIJtoK|  return value|
|z_i        |   in|   64|     ap_none|                                  z_i|        scalar|
|z_j        |   in|   64|     ap_none|                                  z_j|        scalar|
|i          |   in|    3|     ap_none|                                    i|        scalar|
|j          |   in|   32|     ap_none|                                    j|        scalar|
|k          |   in|    3|     ap_none|                                    k|        scalar|
+-----------+-----+-----+------------+-------------------------------------+--------------+

