xilinx rtfpga
INFO: [Synth 8-5845] Not enough pipeline registers after wide multiplier. Recommended levels of pipeline registers is 4 [C:/Users/zakkh/Dark_Matter/PartitionAcceleratorHLS/LargeCircuit_V1/LargeCircuit_V1.srcs/sources_1/imports/hdl/verilog/MPSQ_mul_33ns_32s_64_3_1.v:21]
DSP Report: Generating DSP mul_33ns_32s_64_3_1_U15647/MPSQ_mul_33ns_32s_64_3_1_Multiplier_1_U/tmp_product, operation Mode is: A''*B2.
DSP Report: register mul_33ns_32s_64_3_1_U15647/MPSQ_mul_33ns_32s_64_3_1_Multiplier_1_U/a_reg0_reg is absorbed into DSP mul_33ns_32s_64_3_1_U15647/MPSQ_mul_33ns_32s_64_3_1_Multiplier_1_U/tmp_product.
DSP Report: register mul_33ns_32s_64_3_1_U15647/MPSQ_mul_33ns_32s_64_3_1_Multiplier_1_U/tmp_product is absorbed into DSP mul_33ns_32s_64_3_1_U15647/MPSQ_mul_33ns_32s_64_3_1_Multiplier_1_U/tmp_product.
DSP Report: register mul_33ns_32s_64_3_1_U15647/MPSQ_mul_33ns_32s_64_3_1_Multiplier_1_U/tmp_product is absorbed into DSP mul_33ns_32s_64_3_1_U15647/MPSQ_mul_33ns_32s_64_3_1_Multiplier_1_U/tmp_product.
DSP Report: operator mul_33ns_32s_64_3_1_U15647/MPSQ_mul_33ns_32s_64_3_1_Multiplier_1_U/tmp_product is absorbed into DSP mul_33ns_32s_64_3_1_U15647/MPSQ_mul_33ns_32s_64_3_1_Multiplier_1_U/tmp_product.
DSP Report: operator mul_33ns_32s_64_3_1_U15647/MPSQ_mul_33ns_32s_64_3_1_Multiplier_1_U/tmp_product is absorbed into DSP mul_33ns_32s_64_3_1_U15647/MPSQ_mul_33ns_32s_64_3_1_Multiplier_1_U/tmp_product.
DSP Report: Generating DSP mul_33ns_32s_64_3_1_U15647/MPSQ_mul_33ns_32s_64_3_1_Multiplier_1_U/buff0_reg, operation Mode is: (PCIN>>17)+A2*B''.
DSP Report: register sub_ln1558_reg_93972_reg is absorbed into DSP mul_33ns_32s_64_3_1_U15647/MPSQ_mul_33ns_32s_64_3_1_Multiplier_1_U/buff0_reg.
DSP Report: register mul_33ns_32s_64_3_1_U15647/MPSQ_mul_33ns_32s_64_3_1_Multiplier_1_U/b_reg0_reg is absorbed into DSP mul_33ns_32s_64_3_1_U15647/MPSQ_mul_33ns_32s_64_3_1_Multiplier_1_U/buff0_reg.
DSP Report: register mul_33ns_32s_64_3_1_U15647/MPSQ_mul_33ns_32s_64_3_1_Multiplier_1_U/a_reg0_reg is absorbed into DSP mul_33ns_32s_64_3_1_U15647/MPSQ_mul_33ns_32s_64_3_1_Multiplier_1_U/buff0_reg.
DSP Report: register mul_33ns_32s_64_3_1_U15647/MPSQ_mul_33ns_32s_64_3_1_Multiplier_1_U/buff0_reg is absorbed into DSP mul_33ns_32s_64_3_1_U15647/MPSQ_mul_33ns_32s_64_3_1_Multiplier_1_U/buff0_reg.
DSP Report: operator mul_33ns_32s_64_3_1_U15647/MPSQ_mul_33ns_32s_64_3_1_Multiplier_1_U/tmp_product is absorbed into DSP mul_33ns_32s_64_3_1_U15647/MPSQ_mul_33ns_32s_64_3_1_Multiplier_1_U/buff0_reg.
DSP Report: operator mul_33ns_32s_64_3_1_U15647/MPSQ_mul_33ns_32s_64_3_1_Multiplier_1_U/tmp_product is absorbed into DSP mul_33ns_32s_64_3_1_U15647/MPSQ_mul_33ns_32s_64_3_1_Multiplier_1_U/buff0_reg.
DSP Report: Generating DSP mul_33ns_32s_64_3_1_U15647/MPSQ_mul_33ns_32s_64_3_1_Multiplier_1_U/tmp_product, operation Mode is: A''*B''.
DSP Report: register mul_33ns_32s_64_3_1_U15647/MPSQ_mul_33ns_32s_64_3_1_Multiplier_1_U/tmp_product is absorbed into DSP mul_33ns_32s_64_3_1_U15647/MPSQ_mul_33ns_32s_64_3_1_Multiplier_1_U/tmp_product.
DSP Report: register mul_33ns_32s_64_3_1_U15647/MPSQ_mul_33ns_32s_64_3_1_Multiplier_1_U/tmp_product is absorbed into DSP mul_33ns_32s_64_3_1_U15647/MPSQ_mul_33ns_32s_64_3_1_Multiplier_1_U/tmp_product.
DSP Report: register mul_33ns_32s_64_3_1_U15647/MPSQ_mul_33ns_32s_64_3_1_Multiplier_1_U/tmp_product is absorbed into DSP mul_33ns_32s_64_3_1_U15647/MPSQ_mul_33ns_32s_64_3_1_Multiplier_1_U/tmp_product.
DSP Report: register mul_33ns_32s_64_3_1_U15647/MPSQ_mul_33ns_32s_64_3_1_Multiplier_1_U/tmp_product is absorbed into DSP mul_33ns_32s_64_3_1_U15647/MPSQ_mul_33ns_32s_64_3_1_Multiplier_1_U/tmp_product.
DSP Report: operator mul_33ns_32s_64_3_1_U15647/MPSQ_mul_33ns_32s_64_3_1_Multiplier_1_U/tmp_product is absorbed into DSP mul_33ns_32s_64_3_1_U15647/MPSQ_mul_33ns_32s_64_3_1_Multiplier_1_U/tmp_product.
DSP Report: operator mul_33ns_32s_64_3_1_U15647/MPSQ_mul_33ns_32s_64_3_1_Multiplier_1_U/tmp_product is absorbed into DSP mul_33ns_32s_64_3_1_U15647/MPSQ_mul_33ns_32s_64_3_1_Multiplier_1_U/tmp_product.
DSP Report: Generating DSP mul_33ns_32s_64_3_1_U15647/MPSQ_mul_33ns_32s_64_3_1_Multiplier_1_U/buff0_reg, operation Mode is: (PCIN>>17)+A''*B''.
DSP Report: register sub_ln1558_reg_93972_reg is absorbed into DSP mul_33ns_32s_64_3_1_U15647/MPSQ_mul_33ns_32s_64_3_1_Multiplier_1_U/buff0_reg.
DSP Report: register mul_33ns_32s_64_3_1_U15647/MPSQ_mul_33ns_32s_64_3_1_Multiplier_1_U/b_reg0_reg is absorbed into DSP mul_33ns_32s_64_3_1_U15647/MPSQ_mul_33ns_32s_64_3_1_Multiplier_1_U/buff0_reg.
DSP Report: register mul_33ns_32s_64_3_1_U15647/MPSQ_mul_33ns_32s_64_3_1_Multiplier_1_U/buff0_reg is absorbed into DSP mul_33ns_32s_64_3_1_U15647/MPSQ_mul_33ns_32s_64_3_1_Multiplier_1_U/buff0_reg.
DSP Report: register mul_33ns_32s_64_3_1_U15647/MPSQ_mul_33ns_32s_64_3_1_Multiplier_1_U/buff0_reg is absorbed into DSP mul_33ns_32s_64_3_1_U15647/MPSQ_mul_33ns_32s_64_3_1_Multiplier_1_U/buff0_reg.
DSP Report: register mul_33ns_32s_64_3_1_U15647/MPSQ_mul_33ns_32s_64_3_1_Multiplier_1_U/buff0_reg is absorbed into DSP mul_33ns_32s_64_3_1_U15647/MPSQ_mul_33ns_32s_64_3_1_Multiplier_1_U/buff0_reg.
DSP Report: operator mul_33ns_32s_64_3_1_U15647/MPSQ_mul_33ns_32s_64_3_1_Multiplier_1_U/tmp_product is absorbed into DSP mul_33ns_32s_64_3_1_U15647/MPSQ_mul_33ns_32s_64_3_1_Multiplier_1_U/buff0_reg.
DSP Report: operator mul_33ns_32s_64_3_1_U15647/MPSQ_mul_33ns_32s_64_3_1_Multiplier_1_U/tmp_product is absorbed into DSP mul_33ns_32s_64_3_1_U15647/MPSQ_mul_33ns_32s_64_3_1_Multiplier_1_U/buff0_reg.
WARNING: [Synth 8-7129] Port reset in module MPSQ_makeSuperPoint_alignedToLine_1_radiiDivisionList_1_4__1 is either unconnected or has no load
INFO: [Synth 8-3333] propagating constant 0 across sequential element (radiiDivisionList_1_4_U/\MPSQ_makeSuperPoint_alignedToLine_1_radiiDivisionList_1_4_rom_U/q0_reg[16] )
INFO: [Synth 8-3333] propagating constant 0 across sequential element (\radiiDivisionList_1_4_load_reg_93977_reg[32] )
