xilinx rtfpga
INFO: [Synth 8-5845] Not enough pipeline registers after wide multiplier. Recommended levels of pipeline registers is 4 [C:/Users/zakkh/Dark_Matter/PartitionAcceleratorHLS/LargeCircuit_V1/LargeCircuit_V1.srcs/sources_1/imports/hdl/verilog/MPSQ_mul_33ns_32s_64_3_1.v:21]
DSP Report: Generating DSP mul_33ns_32s_64_3_1_U7573/MPSQ_mul_33ns_32s_64_3_1_Multiplier_1_U/tmp_product, operation Mode is: A''*B2.
DSP Report: register mul_33ns_32s_64_3_1_U7573/MPSQ_mul_33ns_32s_64_3_1_Multiplier_1_U/a_reg0_reg is absorbed into DSP mul_33ns_32s_64_3_1_U7573/MPSQ_mul_33ns_32s_64_3_1_Multiplier_1_U/tmp_product.
DSP Report: register mul_33ns_32s_64_3_1_U7573/MPSQ_mul_33ns_32s_64_3_1_Multiplier_1_U/tmp_product is absorbed into DSP mul_33ns_32s_64_3_1_U7573/MPSQ_mul_33ns_32s_64_3_1_Multiplier_1_U/tmp_product.
DSP Report: register mul_33ns_32s_64_3_1_U7573/MPSQ_mul_33ns_32s_64_3_1_Multiplier_1_U/tmp_product is absorbed into DSP mul_33ns_32s_64_3_1_U7573/MPSQ_mul_33ns_32s_64_3_1_Multiplier_1_U/tmp_product.
DSP Report: operator mul_33ns_32s_64_3_1_U7573/MPSQ_mul_33ns_32s_64_3_1_Multiplier_1_U/tmp_product is absorbed into DSP mul_33ns_32s_64_3_1_U7573/MPSQ_mul_33ns_32s_64_3_1_Multiplier_1_U/tmp_product.
DSP Report: operator mul_33ns_32s_64_3_1_U7573/MPSQ_mul_33ns_32s_64_3_1_Multiplier_1_U/tmp_product is absorbed into DSP mul_33ns_32s_64_3_1_U7573/MPSQ_mul_33ns_32s_64_3_1_Multiplier_1_U/tmp_product.
DSP Report: Generating DSP mul_33ns_32s_64_3_1_U7573/MPSQ_mul_33ns_32s_64_3_1_Multiplier_1_U/buff0_reg, operation Mode is: (PCIN>>17)+A2*B''.
DSP Report: register sub_ln1558_reg_94185_reg is absorbed into DSP mul_33ns_32s_64_3_1_U7573/MPSQ_mul_33ns_32s_64_3_1_Multiplier_1_U/buff0_reg.
DSP Report: register mul_33ns_32s_64_3_1_U7573/MPSQ_mul_33ns_32s_64_3_1_Multiplier_1_U/b_reg0_reg is absorbed into DSP mul_33ns_32s_64_3_1_U7573/MPSQ_mul_33ns_32s_64_3_1_Multiplier_1_U/buff0_reg.
DSP Report: register mul_33ns_32s_64_3_1_U7573/MPSQ_mul_33ns_32s_64_3_1_Multiplier_1_U/a_reg0_reg is absorbed into DSP mul_33ns_32s_64_3_1_U7573/MPSQ_mul_33ns_32s_64_3_1_Multiplier_1_U/buff0_reg.
DSP Report: register mul_33ns_32s_64_3_1_U7573/MPSQ_mul_33ns_32s_64_3_1_Multiplier_1_U/buff0_reg is absorbed into DSP mul_33ns_32s_64_3_1_U7573/MPSQ_mul_33ns_32s_64_3_1_Multiplier_1_U/buff0_reg.
DSP Report: operator mul_33ns_32s_64_3_1_U7573/MPSQ_mul_33ns_32s_64_3_1_Multiplier_1_U/tmp_product is absorbed into DSP mul_33ns_32s_64_3_1_U7573/MPSQ_mul_33ns_32s_64_3_1_Multiplier_1_U/buff0_reg.
DSP Report: operator mul_33ns_32s_64_3_1_U7573/MPSQ_mul_33ns_32s_64_3_1_Multiplier_1_U/tmp_product is absorbed into DSP mul_33ns_32s_64_3_1_U7573/MPSQ_mul_33ns_32s_64_3_1_Multiplier_1_U/buff0_reg.
DSP Report: Generating DSP mul_33ns_32s_64_3_1_U7573/MPSQ_mul_33ns_32s_64_3_1_Multiplier_1_U/tmp_product, operation Mode is: A''*B''.
DSP Report: register mul_33ns_32s_64_3_1_U7573/MPSQ_mul_33ns_32s_64_3_1_Multiplier_1_U/tmp_product is absorbed into DSP mul_33ns_32s_64_3_1_U7573/MPSQ_mul_33ns_32s_64_3_1_Multiplier_1_U/tmp_product.
DSP Report: register mul_33ns_32s_64_3_1_U7573/MPSQ_mul_33ns_32s_64_3_1_Multiplier_1_U/tmp_product is absorbed into DSP mul_33ns_32s_64_3_1_U7573/MPSQ_mul_33ns_32s_64_3_1_Multiplier_1_U/tmp_product.
DSP Report: register mul_33ns_32s_64_3_1_U7573/MPSQ_mul_33ns_32s_64_3_1_Multiplier_1_U/tmp_product is absorbed into DSP mul_33ns_32s_64_3_1_U7573/MPSQ_mul_33ns_32s_64_3_1_Multiplier_1_U/tmp_product.
DSP Report: register mul_33ns_32s_64_3_1_U7573/MPSQ_mul_33ns_32s_64_3_1_Multiplier_1_U/tmp_product is absorbed into DSP mul_33ns_32s_64_3_1_U7573/MPSQ_mul_33ns_32s_64_3_1_Multiplier_1_U/tmp_product.
DSP Report: operator mul_33ns_32s_64_3_1_U7573/MPSQ_mul_33ns_32s_64_3_1_Multiplier_1_U/tmp_product is absorbed into DSP mul_33ns_32s_64_3_1_U7573/MPSQ_mul_33ns_32s_64_3_1_Multiplier_1_U/tmp_product.
DSP Report: operator mul_33ns_32s_64_3_1_U7573/MPSQ_mul_33ns_32s_64_3_1_Multiplier_1_U/tmp_product is absorbed into DSP mul_33ns_32s_64_3_1_U7573/MPSQ_mul_33ns_32s_64_3_1_Multiplier_1_U/tmp_product.
DSP Report: Generating DSP mul_33ns_32s_64_3_1_U7573/MPSQ_mul_33ns_32s_64_3_1_Multiplier_1_U/buff0_reg, operation Mode is: (PCIN>>17)+A''*B''.
DSP Report: register sub_ln1558_reg_94185_reg is absorbed into DSP mul_33ns_32s_64_3_1_U7573/MPSQ_mul_33ns_32s_64_3_1_Multiplier_1_U/buff0_reg.
DSP Report: register mul_33ns_32s_64_3_1_U7573/MPSQ_mul_33ns_32s_64_3_1_Multiplier_1_U/b_reg0_reg is absorbed into DSP mul_33ns_32s_64_3_1_U7573/MPSQ_mul_33ns_32s_64_3_1_Multiplier_1_U/buff0_reg.
DSP Report: register mul_33ns_32s_64_3_1_U7573/MPSQ_mul_33ns_32s_64_3_1_Multiplier_1_U/buff0_reg is absorbed into DSP mul_33ns_32s_64_3_1_U7573/MPSQ_mul_33ns_32s_64_3_1_Multiplier_1_U/buff0_reg.
DSP Report: register mul_33ns_32s_64_3_1_U7573/MPSQ_mul_33ns_32s_64_3_1_Multiplier_1_U/buff0_reg is absorbed into DSP mul_33ns_32s_64_3_1_U7573/MPSQ_mul_33ns_32s_64_3_1_Multiplier_1_U/buff0_reg.
DSP Report: register mul_33ns_32s_64_3_1_U7573/MPSQ_mul_33ns_32s_64_3_1_Multiplier_1_U/buff0_reg is absorbed into DSP mul_33ns_32s_64_3_1_U7573/MPSQ_mul_33ns_32s_64_3_1_Multiplier_1_U/buff0_reg.
DSP Report: operator mul_33ns_32s_64_3_1_U7573/MPSQ_mul_33ns_32s_64_3_1_Multiplier_1_U/tmp_product is absorbed into DSP mul_33ns_32s_64_3_1_U7573/MPSQ_mul_33ns_32s_64_3_1_Multiplier_1_U/buff0_reg.
DSP Report: operator mul_33ns_32s_64_3_1_U7573/MPSQ_mul_33ns_32s_64_3_1_Multiplier_1_U/tmp_product is absorbed into DSP mul_33ns_32s_64_3_1_U7573/MPSQ_mul_33ns_32s_64_3_1_Multiplier_1_U/buff0_reg.
WARNING: [Synth 8-7129] Port reset in module MPSQ_makeSuperPoint_alignedToLine_1_radiiDivisionList_1_4__2 is either unconnected or has no load
INFO: [Synth 8-3886] merging instance 'radiiDivisionList_1_4_U/MPSQ_makeSuperPoint_alignedToLine_1_radiiDivisionList_1_4_rom_U/q0_reg[17]' (FDE) to 'radiiDivisionList_1_4_U/MPSQ_makeSuperPoint_alignedToLine_1_radiiDivisionList_1_4_rom_U/q0_reg[32]'
INFO: [Synth 8-3886] merging instance 'radiiDivisionList_1_4_U/MPSQ_makeSuperPoint_alignedToLine_1_radiiDivisionList_1_4_rom_U/q0_reg[18]' (FDE) to 'radiiDivisionList_1_4_U/MPSQ_makeSuperPoint_alignedToLine_1_radiiDivisionList_1_4_rom_U/q0_reg[32]'
INFO: [Synth 8-3886] merging instance 'radiiDivisionList_1_4_U/MPSQ_makeSuperPoint_alignedToLine_1_radiiDivisionList_1_4_rom_U/q0_reg[19]' (FDE) to 'radiiDivisionList_1_4_U/MPSQ_makeSuperPoint_alignedToLine_1_radiiDivisionList_1_4_rom_U/q0_reg[32]'
INFO: [Synth 8-3886] merging instance 'radiiDivisionList_1_4_U/MPSQ_makeSuperPoint_alignedToLine_1_radiiDivisionList_1_4_rom_U/q0_reg[20]' (FDE) to 'radiiDivisionList_1_4_U/MPSQ_makeSuperPoint_alignedToLine_1_radiiDivisionList_1_4_rom_U/q0_reg[32]'
INFO: [Synth 8-3886] merging instance 'radiiDivisionList_1_4_U/MPSQ_makeSuperPoint_alignedToLine_1_radiiDivisionList_1_4_rom_U/q0_reg[21]' (FDE) to 'radiiDivisionList_1_4_U/MPSQ_makeSuperPoint_alignedToLine_1_radiiDivisionList_1_4_rom_U/q0_reg[32]'
INFO: [Synth 8-3886] merging instance 'radiiDivisionList_1_4_U/MPSQ_makeSuperPoint_alignedToLine_1_radiiDivisionList_1_4_rom_U/q0_reg[22]' (FDE) to 'radiiDivisionList_1_4_U/MPSQ_makeSuperPoint_alignedToLine_1_radiiDivisionList_1_4_rom_U/q0_reg[32]'
INFO: [Synth 8-3886] merging instance 'radiiDivisionList_1_4_U/MPSQ_makeSuperPoint_alignedToLine_1_radiiDivisionList_1_4_rom_U/q0_reg[23]' (FDE) to 'radiiDivisionList_1_4_U/MPSQ_makeSuperPoint_alignedToLine_1_radiiDivisionList_1_4_rom_U/q0_reg[32]'
INFO: [Synth 8-3886] merging instance 'radiiDivisionList_1_4_U/MPSQ_makeSuperPoint_alignedToLine_1_radiiDivisionList_1_4_rom_U/q0_reg[24]' (FDE) to 'radiiDivisionList_1_4_U/MPSQ_makeSuperPoint_alignedToLine_1_radiiDivisionList_1_4_rom_U/q0_reg[32]'
INFO: [Synth 8-3886] merging instance 'radiiDivisionList_1_4_U/MPSQ_makeSuperPoint_alignedToLine_1_radiiDivisionList_1_4_rom_U/q0_reg[25]' (FDE) to 'radiiDivisionList_1_4_U/MPSQ_makeSuperPoint_alignedToLine_1_radiiDivisionList_1_4_rom_U/q0_reg[32]'
INFO: [Synth 8-3886] merging instance 'radiiDivisionList_1_4_U/MPSQ_makeSuperPoint_alignedToLine_1_radiiDivisionList_1_4_rom_U/q0_reg[26]' (FDE) to 'radiiDivisionList_1_4_U/MPSQ_makeSuperPoint_alignedToLine_1_radiiDivisionList_1_4_rom_U/q0_reg[32]'
INFO: [Synth 8-3886] merging instance 'radiiDivisionList_1_4_U/MPSQ_makeSuperPoint_alignedToLine_1_radiiDivisionList_1_4_rom_U/q0_reg[27]' (FDE) to 'radiiDivisionList_1_4_U/MPSQ_makeSuperPoint_alignedToLine_1_radiiDivisionList_1_4_rom_U/q0_reg[32]'
INFO: [Synth 8-3886] merging instance 'radiiDivisionList_1_4_U/MPSQ_makeSuperPoint_alignedToLine_1_radiiDivisionList_1_4_rom_U/q0_reg[28]' (FDE) to 'radiiDivisionList_1_4_U/MPSQ_makeSuperPoint_alignedToLine_1_radiiDivisionList_1_4_rom_U/q0_reg[32]'
INFO: [Synth 8-3886] merging instance 'radiiDivisionList_1_4_U/MPSQ_makeSuperPoint_alignedToLine_1_radiiDivisionList_1_4_rom_U/q0_reg[29]' (FDE) to 'radiiDivisionList_1_4_U/MPSQ_makeSuperPoint_alignedToLine_1_radiiDivisionList_1_4_rom_U/q0_reg[32]'
INFO: [Synth 8-3886] merging instance 'radiiDivisionList_1_4_U/MPSQ_makeSuperPoint_alignedToLine_1_radiiDivisionList_1_4_rom_U/q0_reg[30]' (FDE) to 'radiiDivisionList_1_4_U/MPSQ_makeSuperPoint_alignedToLine_1_radiiDivisionList_1_4_rom_U/q0_reg[32]'
INFO: [Synth 8-3886] merging instance 'radiiDivisionList_1_4_U/MPSQ_makeSuperPoint_alignedToLine_1_radiiDivisionList_1_4_rom_U/q0_reg[31]' (FDE) to 'radiiDivisionList_1_4_U/MPSQ_makeSuperPoint_alignedToLine_1_radiiDivisionList_1_4_rom_U/q0_reg[32]'
INFO: [Synth 8-3886] merging instance 'radiiDivisionList_1_4_U/MPSQ_makeSuperPoint_alignedToLine_1_radiiDivisionList_1_4_rom_U/q0_reg[32]' (FDE) to 'radiiDivisionList_1_4_U/MPSQ_makeSuperPoint_alignedToLine_1_radiiDivisionList_1_4_rom_U/q0_reg[16]'
INFO: [Synth 8-3886] merging instance 'radiiDivisionList_1_4_U/MPSQ_makeSuperPoint_alignedToLine_1_radiiDivisionList_1_4_rom_U/q0_reg[0]' (FDE) to 'radiiDivisionList_1_4_U/MPSQ_makeSuperPoint_alignedToLine_1_radiiDivisionList_1_4_rom_U/q0_reg[16]'
INFO: [Synth 8-3886] merging instance 'radiiDivisionList_1_4_U/MPSQ_makeSuperPoint_alignedToLine_1_radiiDivisionList_1_4_rom_U/q0_reg[1]' (FDE) to 'radiiDivisionList_1_4_U/MPSQ_makeSuperPoint_alignedToLine_1_radiiDivisionList_1_4_rom_U/q0_reg[16]'
INFO: [Synth 8-3886] merging instance 'radiiDivisionList_1_4_U/MPSQ_makeSuperPoint_alignedToLine_1_radiiDivisionList_1_4_rom_U/q0_reg[2]' (FDE) to 'radiiDivisionList_1_4_U/MPSQ_makeSuperPoint_alignedToLine_1_radiiDivisionList_1_4_rom_U/q0_reg[16]'
INFO: [Synth 8-3886] merging instance 'radiiDivisionList_1_4_U/MPSQ_makeSuperPoint_alignedToLine_1_radiiDivisionList_1_4_rom_U/q0_reg[3]' (FDE) to 'radiiDivisionList_1_4_U/MPSQ_makeSuperPoint_alignedToLine_1_radiiDivisionList_1_4_rom_U/q0_reg[16]'
INFO: [Synth 8-3886] merging instance 'radiiDivisionList_1_4_U/MPSQ_makeSuperPoint_alignedToLine_1_radiiDivisionList_1_4_rom_U/q0_reg[4]' (FDE) to 'radiiDivisionList_1_4_U/MPSQ_makeSuperPoint_alignedToLine_1_radiiDivisionList_1_4_rom_U/q0_reg[16]'
INFO: [Synth 8-3886] merging instance 'radiiDivisionList_1_4_U/MPSQ_makeSuperPoint_alignedToLine_1_radiiDivisionList_1_4_rom_U/q0_reg[5]' (FDE) to 'radiiDivisionList_1_4_U/MPSQ_makeSuperPoint_alignedToLine_1_radiiDivisionList_1_4_rom_U/q0_reg[16]'
INFO: [Synth 8-3886] merging instance 'radiiDivisionList_1_4_U/MPSQ_makeSuperPoint_alignedToLine_1_radiiDivisionList_1_4_rom_U/q0_reg[6]' (FDE) to 'radiiDivisionList_1_4_U/MPSQ_makeSuperPoint_alignedToLine_1_radiiDivisionList_1_4_rom_U/q0_reg[16]'
INFO: [Synth 8-3886] merging instance 'radiiDivisionList_1_4_U/MPSQ_makeSuperPoint_alignedToLine_1_radiiDivisionList_1_4_rom_U/q0_reg[7]' (FDE) to 'radiiDivisionList_1_4_U/MPSQ_makeSuperPoint_alignedToLine_1_radiiDivisionList_1_4_rom_U/q0_reg[16]'
INFO: [Synth 8-3886] merging instance 'radiiDivisionList_1_4_U/MPSQ_makeSuperPoint_alignedToLine_1_radiiDivisionList_1_4_rom_U/q0_reg[8]' (FDE) to 'radiiDivisionList_1_4_U/MPSQ_makeSuperPoint_alignedToLine_1_radiiDivisionList_1_4_rom_U/q0_reg[16]'
INFO: [Synth 8-3886] merging instance 'radiiDivisionList_1_4_U/MPSQ_makeSuperPoint_alignedToLine_1_radiiDivisionList_1_4_rom_U/q0_reg[9]' (FDE) to 'radiiDivisionList_1_4_U/MPSQ_makeSuperPoint_alignedToLine_1_radiiDivisionList_1_4_rom_U/q0_reg[16]'
INFO: [Synth 8-3886] merging instance 'radiiDivisionList_1_4_U/MPSQ_makeSuperPoint_alignedToLine_1_radiiDivisionList_1_4_rom_U/q0_reg[10]' (FDE) to 'radiiDivisionList_1_4_U/MPSQ_makeSuperPoint_alignedToLine_1_radiiDivisionList_1_4_rom_U/q0_reg[16]'
INFO: [Synth 8-3886] merging instance 'radiiDivisionList_1_4_U/MPSQ_makeSuperPoint_alignedToLine_1_radiiDivisionList_1_4_rom_U/q0_reg[11]' (FDE) to 'radiiDivisionList_1_4_U/MPSQ_makeSuperPoint_alignedToLine_1_radiiDivisionList_1_4_rom_U/q0_reg[16]'
INFO: [Synth 8-3886] merging instance 'radiiDivisionList_1_4_U/MPSQ_makeSuperPoint_alignedToLine_1_radiiDivisionList_1_4_rom_U/q0_reg[12]' (FDE) to 'radiiDivisionList_1_4_U/MPSQ_makeSuperPoint_alignedToLine_1_radiiDivisionList_1_4_rom_U/q0_reg[16]'
INFO: [Synth 8-3886] merging instance 'radiiDivisionList_1_4_U/MPSQ_makeSuperPoint_alignedToLine_1_radiiDivisionList_1_4_rom_U/q0_reg[13]' (FDE) to 'radiiDivisionList_1_4_U/MPSQ_makeSuperPoint_alignedToLine_1_radiiDivisionList_1_4_rom_U/q0_reg[16]'
INFO: [Synth 8-3886] merging instance 'radiiDivisionList_1_4_U/MPSQ_makeSuperPoint_alignedToLine_1_radiiDivisionList_1_4_rom_U/q0_reg[14]' (FDE) to 'radiiDivisionList_1_4_U/MPSQ_makeSuperPoint_alignedToLine_1_radiiDivisionList_1_4_rom_U/q0_reg[16]'
INFO: [Synth 8-3886] merging instance 'radiiDivisionList_1_4_U/MPSQ_makeSuperPoint_alignedToLine_1_radiiDivisionList_1_4_rom_U/q0_reg[15]' (FDE) to 'radiiDivisionList_1_4_U/MPSQ_makeSuperPoint_alignedToLine_1_radiiDivisionList_1_4_rom_U/q0_reg[16]'
INFO: [Synth 8-3333] propagating constant 0 across sequential element (radiiDivisionList_1_4_U/\MPSQ_makeSuperPoint_alignedToLine_1_radiiDivisionList_1_4_rom_U/q0_reg[16] )
INFO: [Synth 8-3886] merging instance 'radiiDivisionList_1_4_load_reg_94190_reg[17]' (FDE) to 'radiiDivisionList_1_4_load_reg_94190_reg[32]'
INFO: [Synth 8-3886] merging instance 'radiiDivisionList_1_4_load_reg_94190_reg[16]' (FDE) to 'radiiDivisionList_1_4_load_reg_94190_reg[32]'
INFO: [Synth 8-3886] merging instance 'radiiDivisionList_1_4_load_reg_94190_reg[15]' (FDE) to 'radiiDivisionList_1_4_load_reg_94190_reg[32]'
INFO: [Synth 8-3886] merging instance 'radiiDivisionList_1_4_load_reg_94190_reg[14]' (FDE) to 'radiiDivisionList_1_4_load_reg_94190_reg[32]'
INFO: [Synth 8-3886] merging instance 'radiiDivisionList_1_4_load_reg_94190_reg[13]' (FDE) to 'radiiDivisionList_1_4_load_reg_94190_reg[32]'
INFO: [Synth 8-3886] merging instance 'radiiDivisionList_1_4_load_reg_94190_reg[12]' (FDE) to 'radiiDivisionList_1_4_load_reg_94190_reg[32]'
INFO: [Synth 8-3886] merging instance 'radiiDivisionList_1_4_load_reg_94190_reg[11]' (FDE) to 'radiiDivisionList_1_4_load_reg_94190_reg[32]'
INFO: [Synth 8-3886] merging instance 'radiiDivisionList_1_4_load_reg_94190_reg[10]' (FDE) to 'radiiDivisionList_1_4_load_reg_94190_reg[32]'
INFO: [Synth 8-3886] merging instance 'radiiDivisionList_1_4_load_reg_94190_reg[9]' (FDE) to 'radiiDivisionList_1_4_load_reg_94190_reg[32]'
INFO: [Synth 8-3886] merging instance 'radiiDivisionList_1_4_load_reg_94190_reg[8]' (FDE) to 'radiiDivisionList_1_4_load_reg_94190_reg[32]'
INFO: [Synth 8-3886] merging instance 'radiiDivisionList_1_4_load_reg_94190_reg[7]' (FDE) to 'radiiDivisionList_1_4_load_reg_94190_reg[32]'
INFO: [Synth 8-3886] merging instance 'radiiDivisionList_1_4_load_reg_94190_reg[6]' (FDE) to 'radiiDivisionList_1_4_load_reg_94190_reg[32]'
INFO: [Synth 8-3886] merging instance 'radiiDivisionList_1_4_load_reg_94190_reg[5]' (FDE) to 'radiiDivisionList_1_4_load_reg_94190_reg[32]'
INFO: [Synth 8-3886] merging instance 'radiiDivisionList_1_4_load_reg_94190_reg[4]' (FDE) to 'radiiDivisionList_1_4_load_reg_94190_reg[32]'
INFO: [Synth 8-3886] merging instance 'radiiDivisionList_1_4_load_reg_94190_reg[3]' (FDE) to 'radiiDivisionList_1_4_load_reg_94190_reg[32]'
INFO: [Synth 8-3886] merging instance 'radiiDivisionList_1_4_load_reg_94190_reg[2]' (FDE) to 'radiiDivisionList_1_4_load_reg_94190_reg[32]'
INFO: [Synth 8-3886] merging instance 'radiiDivisionList_1_4_load_reg_94190_reg[1]' (FDE) to 'radiiDivisionList_1_4_load_reg_94190_reg[32]'
INFO: [Synth 8-3886] merging instance 'radiiDivisionList_1_4_load_reg_94190_reg[0]' (FDE) to 'radiiDivisionList_1_4_load_reg_94190_reg[32]'
INFO: [Synth 8-3886] merging instance 'radiiDivisionList_1_4_load_reg_94190_reg[18]' (FDE) to 'radiiDivisionList_1_4_load_reg_94190_reg[32]'
INFO: [Synth 8-3886] merging instance 'radiiDivisionList_1_4_load_reg_94190_reg[19]' (FDE) to 'radiiDivisionList_1_4_load_reg_94190_reg[32]'
INFO: [Synth 8-3886] merging instance 'radiiDivisionList_1_4_load_reg_94190_reg[20]' (FDE) to 'radiiDivisionList_1_4_load_reg_94190_reg[32]'
INFO: [Synth 8-3886] merging instance 'radiiDivisionList_1_4_load_reg_94190_reg[21]' (FDE) to 'radiiDivisionList_1_4_load_reg_94190_reg[32]'
INFO: [Synth 8-3886] merging instance 'radiiDivisionList_1_4_load_reg_94190_reg[22]' (FDE) to 'radiiDivisionList_1_4_load_reg_94190_reg[32]'
INFO: [Synth 8-3886] merging instance 'radiiDivisionList_1_4_load_reg_94190_reg[23]' (FDE) to 'radiiDivisionList_1_4_load_reg_94190_reg[32]'
INFO: [Synth 8-3886] merging instance 'radiiDivisionList_1_4_load_reg_94190_reg[24]' (FDE) to 'radiiDivisionList_1_4_load_reg_94190_reg[32]'
INFO: [Synth 8-3886] merging instance 'radiiDivisionList_1_4_load_reg_94190_reg[25]' (FDE) to 'radiiDivisionList_1_4_load_reg_94190_reg[32]'
INFO: [Synth 8-3886] merging instance 'radiiDivisionList_1_4_load_reg_94190_reg[26]' (FDE) to 'radiiDivisionList_1_4_load_reg_94190_reg[32]'
INFO: [Synth 8-3886] merging instance 'radiiDivisionList_1_4_load_reg_94190_reg[27]' (FDE) to 'radiiDivisionList_1_4_load_reg_94190_reg[32]'
INFO: [Synth 8-3886] merging instance 'radiiDivisionList_1_4_load_reg_94190_reg[28]' (FDE) to 'radiiDivisionList_1_4_load_reg_94190_reg[32]'
INFO: [Synth 8-3886] merging instance 'radiiDivisionList_1_4_load_reg_94190_reg[29]' (FDE) to 'radiiDivisionList_1_4_load_reg_94190_reg[32]'
INFO: [Common 17-14] Message 'Synth 8-3886' appears 100 times and further instances of the messages will be disabled. Use the Tcl command set_msg_config to change the current settings.
INFO: [Synth 8-3333] propagating constant 0 across sequential element (\radiiDivisionList_1_4_load_reg_94190_reg[32] )
