xilinx rtfpga
INFO: [Synth 8-5845] Not enough pipeline registers after wide multiplier. Recommended levels of pipeline registers is 4 [C:/Users/zakkh/Dark_Matter/PartitionAcceleratorHLS/LargeCircuit_V1/LargeCircuit_V1.srcs/sources_1/imports/hdl/verilog/MPSQ_mul_35ns_32s_64_3_1.v:21]
DSP Report: Generating DSP mul_35ns_32s_64_3_1_U316/MPSQ_mul_35ns_32s_64_3_1_Multiplier_0_U/tmp_product, operation Mode is: A''*B''.
DSP Report: register mul_35ns_32s_64_3_1_U316/MPSQ_mul_35ns_32s_64_3_1_Multiplier_0_U/tmp_product is absorbed into DSP mul_35ns_32s_64_3_1_U316/MPSQ_mul_35ns_32s_64_3_1_Multiplier_0_U/tmp_product.
DSP Report: register mul_35ns_32s_64_3_1_U316/MPSQ_mul_35ns_32s_64_3_1_Multiplier_0_U/tmp_product is absorbed into DSP mul_35ns_32s_64_3_1_U316/MPSQ_mul_35ns_32s_64_3_1_Multiplier_0_U/tmp_product.
DSP Report: register radiiDivisionList_load_reg_308_reg is absorbed into DSP mul_35ns_32s_64_3_1_U316/MPSQ_mul_35ns_32s_64_3_1_Multiplier_0_U/tmp_product.
DSP Report: register mul_35ns_32s_64_3_1_U316/MPSQ_mul_35ns_32s_64_3_1_Multiplier_0_U/a_reg0_reg is absorbed into DSP mul_35ns_32s_64_3_1_U316/MPSQ_mul_35ns_32s_64_3_1_Multiplier_0_U/tmp_product.
DSP Report: operator mul_35ns_32s_64_3_1_U316/MPSQ_mul_35ns_32s_64_3_1_Multiplier_0_U/tmp_product is absorbed into DSP mul_35ns_32s_64_3_1_U316/MPSQ_mul_35ns_32s_64_3_1_Multiplier_0_U/tmp_product.
DSP Report: operator mul_35ns_32s_64_3_1_U316/MPSQ_mul_35ns_32s_64_3_1_Multiplier_0_U/tmp_product is absorbed into DSP mul_35ns_32s_64_3_1_U316/MPSQ_mul_35ns_32s_64_3_1_Multiplier_0_U/tmp_product.
DSP Report: Generating DSP mul_35ns_32s_64_3_1_U316/MPSQ_mul_35ns_32s_64_3_1_Multiplier_0_U/buff0_reg, operation Mode is: (PCIN>>17)+A''*B''.
DSP Report: register sub_ln162_reg_303_reg is absorbed into DSP mul_35ns_32s_64_3_1_U316/MPSQ_mul_35ns_32s_64_3_1_Multiplier_0_U/buff0_reg.
DSP Report: register mul_35ns_32s_64_3_1_U316/MPSQ_mul_35ns_32s_64_3_1_Multiplier_0_U/b_reg0_reg is absorbed into DSP mul_35ns_32s_64_3_1_U316/MPSQ_mul_35ns_32s_64_3_1_Multiplier_0_U/buff0_reg.
DSP Report: register radiiDivisionList_load_reg_308_reg is absorbed into DSP mul_35ns_32s_64_3_1_U316/MPSQ_mul_35ns_32s_64_3_1_Multiplier_0_U/buff0_reg.
DSP Report: register mul_35ns_32s_64_3_1_U316/MPSQ_mul_35ns_32s_64_3_1_Multiplier_0_U/a_reg0_reg is absorbed into DSP mul_35ns_32s_64_3_1_U316/MPSQ_mul_35ns_32s_64_3_1_Multiplier_0_U/buff0_reg.
DSP Report: register mul_35ns_32s_64_3_1_U316/MPSQ_mul_35ns_32s_64_3_1_Multiplier_0_U/buff0_reg is absorbed into DSP mul_35ns_32s_64_3_1_U316/MPSQ_mul_35ns_32s_64_3_1_Multiplier_0_U/buff0_reg.
DSP Report: operator mul_35ns_32s_64_3_1_U316/MPSQ_mul_35ns_32s_64_3_1_Multiplier_0_U/tmp_product is absorbed into DSP mul_35ns_32s_64_3_1_U316/MPSQ_mul_35ns_32s_64_3_1_Multiplier_0_U/buff0_reg.
DSP Report: operator mul_35ns_32s_64_3_1_U316/MPSQ_mul_35ns_32s_64_3_1_Multiplier_0_U/tmp_product is absorbed into DSP mul_35ns_32s_64_3_1_U316/MPSQ_mul_35ns_32s_64_3_1_Multiplier_0_U/buff0_reg.
DSP Report: Generating DSP mul_35ns_32s_64_3_1_U316/MPSQ_mul_35ns_32s_64_3_1_Multiplier_0_U/tmp_product, operation Mode is: A''*B''.
DSP Report: register mul_35ns_32s_64_3_1_U316/MPSQ_mul_35ns_32s_64_3_1_Multiplier_0_U/tmp_product is absorbed into DSP mul_35ns_32s_64_3_1_U316/MPSQ_mul_35ns_32s_64_3_1_Multiplier_0_U/tmp_product.
DSP Report: register mul_35ns_32s_64_3_1_U316/MPSQ_mul_35ns_32s_64_3_1_Multiplier_0_U/tmp_product is absorbed into DSP mul_35ns_32s_64_3_1_U316/MPSQ_mul_35ns_32s_64_3_1_Multiplier_0_U/tmp_product.
DSP Report: register mul_35ns_32s_64_3_1_U316/MPSQ_mul_35ns_32s_64_3_1_Multiplier_0_U/tmp_product is absorbed into DSP mul_35ns_32s_64_3_1_U316/MPSQ_mul_35ns_32s_64_3_1_Multiplier_0_U/tmp_product.
DSP Report: register mul_35ns_32s_64_3_1_U316/MPSQ_mul_35ns_32s_64_3_1_Multiplier_0_U/tmp_product is absorbed into DSP mul_35ns_32s_64_3_1_U316/MPSQ_mul_35ns_32s_64_3_1_Multiplier_0_U/tmp_product.
DSP Report: operator mul_35ns_32s_64_3_1_U316/MPSQ_mul_35ns_32s_64_3_1_Multiplier_0_U/tmp_product is absorbed into DSP mul_35ns_32s_64_3_1_U316/MPSQ_mul_35ns_32s_64_3_1_Multiplier_0_U/tmp_product.
DSP Report: operator mul_35ns_32s_64_3_1_U316/MPSQ_mul_35ns_32s_64_3_1_Multiplier_0_U/tmp_product is absorbed into DSP mul_35ns_32s_64_3_1_U316/MPSQ_mul_35ns_32s_64_3_1_Multiplier_0_U/tmp_product.
DSP Report: Generating DSP mul_35ns_32s_64_3_1_U316/MPSQ_mul_35ns_32s_64_3_1_Multiplier_0_U/buff0_reg, operation Mode is: (PCIN>>17)+A''*B''.
DSP Report: register sub_ln162_reg_303_reg is absorbed into DSP mul_35ns_32s_64_3_1_U316/MPSQ_mul_35ns_32s_64_3_1_Multiplier_0_U/buff0_reg.
DSP Report: register mul_35ns_32s_64_3_1_U316/MPSQ_mul_35ns_32s_64_3_1_Multiplier_0_U/b_reg0_reg is absorbed into DSP mul_35ns_32s_64_3_1_U316/MPSQ_mul_35ns_32s_64_3_1_Multiplier_0_U/buff0_reg.
DSP Report: register mul_35ns_32s_64_3_1_U316/MPSQ_mul_35ns_32s_64_3_1_Multiplier_0_U/buff0_reg is absorbed into DSP mul_35ns_32s_64_3_1_U316/MPSQ_mul_35ns_32s_64_3_1_Multiplier_0_U/buff0_reg.
DSP Report: register mul_35ns_32s_64_3_1_U316/MPSQ_mul_35ns_32s_64_3_1_Multiplier_0_U/buff0_reg is absorbed into DSP mul_35ns_32s_64_3_1_U316/MPSQ_mul_35ns_32s_64_3_1_Multiplier_0_U/buff0_reg.
DSP Report: register mul_35ns_32s_64_3_1_U316/MPSQ_mul_35ns_32s_64_3_1_Multiplier_0_U/buff0_reg is absorbed into DSP mul_35ns_32s_64_3_1_U316/MPSQ_mul_35ns_32s_64_3_1_Multiplier_0_U/buff0_reg.
DSP Report: operator mul_35ns_32s_64_3_1_U316/MPSQ_mul_35ns_32s_64_3_1_Multiplier_0_U/tmp_product is absorbed into DSP mul_35ns_32s_64_3_1_U316/MPSQ_mul_35ns_32s_64_3_1_Multiplier_0_U/buff0_reg.
DSP Report: operator mul_35ns_32s_64_3_1_U316/MPSQ_mul_35ns_32s_64_3_1_Multiplier_0_U/tmp_product is absorbed into DSP mul_35ns_32s_64_3_1_U316/MPSQ_mul_35ns_32s_64_3_1_Multiplier_0_U/buff0_reg.
INFO: [Synth 8-5845] Not enough pipeline registers after wide multiplier. Recommended levels of pipeline registers is 4 [C:/Users/zakkh/Dark_Matter/PartitionAcceleratorHLS/LargeCircuit_V1/LargeCircuit_V1.srcs/sources_1/imports/hdl/verilog/MPSQ_mul_35ns_32s_64_3_1.v:21]
DSP Report: Generating DSP mul_35ns_32s_64_3_1_U316/MPSQ_mul_35ns_32s_64_3_1_Multiplier_0_U/tmp_product, operation Mode is: A''*B''.
DSP Report: register mul_35ns_32s_64_3_1_U316/MPSQ_mul_35ns_32s_64_3_1_Multiplier_0_U/tmp_product is absorbed into DSP mul_35ns_32s_64_3_1_U316/MPSQ_mul_35ns_32s_64_3_1_Multiplier_0_U/tmp_product.
DSP Report: register mul_35ns_32s_64_3_1_U316/MPSQ_mul_35ns_32s_64_3_1_Multiplier_0_U/tmp_product is absorbed into DSP mul_35ns_32s_64_3_1_U316/MPSQ_mul_35ns_32s_64_3_1_Multiplier_0_U/tmp_product.
DSP Report: register radiiDivisionList_load_reg_308_reg is absorbed into DSP mul_35ns_32s_64_3_1_U316/MPSQ_mul_35ns_32s_64_3_1_Multiplier_0_U/tmp_product.
DSP Report: register mul_35ns_32s_64_3_1_U316/MPSQ_mul_35ns_32s_64_3_1_Multiplier_0_U/a_reg0_reg is absorbed into DSP mul_35ns_32s_64_3_1_U316/MPSQ_mul_35ns_32s_64_3_1_Multiplier_0_U/tmp_product.
DSP Report: operator mul_35ns_32s_64_3_1_U316/MPSQ_mul_35ns_32s_64_3_1_Multiplier_0_U/tmp_product is absorbed into DSP mul_35ns_32s_64_3_1_U316/MPSQ_mul_35ns_32s_64_3_1_Multiplier_0_U/tmp_product.
DSP Report: operator mul_35ns_32s_64_3_1_U316/MPSQ_mul_35ns_32s_64_3_1_Multiplier_0_U/tmp_product is absorbed into DSP mul_35ns_32s_64_3_1_U316/MPSQ_mul_35ns_32s_64_3_1_Multiplier_0_U/tmp_product.
DSP Report: Generating DSP mul_35ns_32s_64_3_1_U316/MPSQ_mul_35ns_32s_64_3_1_Multiplier_0_U/buff0_reg, operation Mode is: (PCIN>>17)+A''*B''.
DSP Report: register sub_ln162_reg_303_reg is absorbed into DSP mul_35ns_32s_64_3_1_U316/MPSQ_mul_35ns_32s_64_3_1_Multiplier_0_U/buff0_reg.
DSP Report: register mul_35ns_32s_64_3_1_U316/MPSQ_mul_35ns_32s_64_3_1_Multiplier_0_U/b_reg0_reg is absorbed into DSP mul_35ns_32s_64_3_1_U316/MPSQ_mul_35ns_32s_64_3_1_Multiplier_0_U/buff0_reg.
DSP Report: register radiiDivisionList_load_reg_308_reg is absorbed into DSP mul_35ns_32s_64_3_1_U316/MPSQ_mul_35ns_32s_64_3_1_Multiplier_0_U/buff0_reg.
DSP Report: register mul_35ns_32s_64_3_1_U316/MPSQ_mul_35ns_32s_64_3_1_Multiplier_0_U/a_reg0_reg is absorbed into DSP mul_35ns_32s_64_3_1_U316/MPSQ_mul_35ns_32s_64_3_1_Multiplier_0_U/buff0_reg.
DSP Report: register mul_35ns_32s_64_3_1_U316/MPSQ_mul_35ns_32s_64_3_1_Multiplier_0_U/buff0_reg is absorbed into DSP mul_35ns_32s_64_3_1_U316/MPSQ_mul_35ns_32s_64_3_1_Multiplier_0_U/buff0_reg.
DSP Report: operator mul_35ns_32s_64_3_1_U316/MPSQ_mul_35ns_32s_64_3_1_Multiplier_0_U/tmp_product is absorbed into DSP mul_35ns_32s_64_3_1_U316/MPSQ_mul_35ns_32s_64_3_1_Multiplier_0_U/buff0_reg.
DSP Report: operator mul_35ns_32s_64_3_1_U316/MPSQ_mul_35ns_32s_64_3_1_Multiplier_0_U/tmp_product is absorbed into DSP mul_35ns_32s_64_3_1_U316/MPSQ_mul_35ns_32s_64_3_1_Multiplier_0_U/buff0_reg.
DSP Report: Generating DSP mul_35ns_32s_64_3_1_U316/MPSQ_mul_35ns_32s_64_3_1_Multiplier_0_U/tmp_product, operation Mode is: A''*B''.
DSP Report: register mul_35ns_32s_64_3_1_U316/MPSQ_mul_35ns_32s_64_3_1_Multiplier_0_U/tmp_product is absorbed into DSP mul_35ns_32s_64_3_1_U316/MPSQ_mul_35ns_32s_64_3_1_Multiplier_0_U/tmp_product.
DSP Report: register mul_35ns_32s_64_3_1_U316/MPSQ_mul_35ns_32s_64_3_1_Multiplier_0_U/tmp_product is absorbed into DSP mul_35ns_32s_64_3_1_U316/MPSQ_mul_35ns_32s_64_3_1_Multiplier_0_U/tmp_product.
DSP Report: register mul_35ns_32s_64_3_1_U316/MPSQ_mul_35ns_32s_64_3_1_Multiplier_0_U/tmp_product is absorbed into DSP mul_35ns_32s_64_3_1_U316/MPSQ_mul_35ns_32s_64_3_1_Multiplier_0_U/tmp_product.
DSP Report: register mul_35ns_32s_64_3_1_U316/MPSQ_mul_35ns_32s_64_3_1_Multiplier_0_U/tmp_product is absorbed into DSP mul_35ns_32s_64_3_1_U316/MPSQ_mul_35ns_32s_64_3_1_Multiplier_0_U/tmp_product.
DSP Report: operator mul_35ns_32s_64_3_1_U316/MPSQ_mul_35ns_32s_64_3_1_Multiplier_0_U/tmp_product is absorbed into DSP mul_35ns_32s_64_3_1_U316/MPSQ_mul_35ns_32s_64_3_1_Multiplier_0_U/tmp_product.
DSP Report: operator mul_35ns_32s_64_3_1_U316/MPSQ_mul_35ns_32s_64_3_1_Multiplier_0_U/tmp_product is absorbed into DSP mul_35ns_32s_64_3_1_U316/MPSQ_mul_35ns_32s_64_3_1_Multiplier_0_U/tmp_product.
DSP Report: Generating DSP mul_35ns_32s_64_3_1_U316/MPSQ_mul_35ns_32s_64_3_1_Multiplier_0_U/buff0_reg, operation Mode is: (PCIN>>17)+A''*B''.
DSP Report: register sub_ln162_reg_303_reg is absorbed into DSP mul_35ns_32s_64_3_1_U316/MPSQ_mul_35ns_32s_64_3_1_Multiplier_0_U/buff0_reg.
DSP Report: register mul_35ns_32s_64_3_1_U316/MPSQ_mul_35ns_32s_64_3_1_Multiplier_0_U/b_reg0_reg is absorbed into DSP mul_35ns_32s_64_3_1_U316/MPSQ_mul_35ns_32s_64_3_1_Multiplier_0_U/buff0_reg.
DSP Report: register mul_35ns_32s_64_3_1_U316/MPSQ_mul_35ns_32s_64_3_1_Multiplier_0_U/buff0_reg is absorbed into DSP mul_35ns_32s_64_3_1_U316/MPSQ_mul_35ns_32s_64_3_1_Multiplier_0_U/buff0_reg.
DSP Report: register mul_35ns_32s_64_3_1_U316/MPSQ_mul_35ns_32s_64_3_1_Multiplier_0_U/buff0_reg is absorbed into DSP mul_35ns_32s_64_3_1_U316/MPSQ_mul_35ns_32s_64_3_1_Multiplier_0_U/buff0_reg.
DSP Report: register mul_35ns_32s_64_3_1_U316/MPSQ_mul_35ns_32s_64_3_1_Multiplier_0_U/buff0_reg is absorbed into DSP mul_35ns_32s_64_3_1_U316/MPSQ_mul_35ns_32s_64_3_1_Multiplier_0_U/buff0_reg.
DSP Report: operator mul_35ns_32s_64_3_1_U316/MPSQ_mul_35ns_32s_64_3_1_Multiplier_0_U/tmp_product is absorbed into DSP mul_35ns_32s_64_3_1_U316/MPSQ_mul_35ns_32s_64_3_1_Multiplier_0_U/buff0_reg.
DSP Report: operator mul_35ns_32s_64_3_1_U316/MPSQ_mul_35ns_32s_64_3_1_Multiplier_0_U/tmp_product is absorbed into DSP mul_35ns_32s_64_3_1_U316/MPSQ_mul_35ns_32s_64_3_1_Multiplier_0_U/buff0_reg.
INFO: [Synth 8-5845] Not enough pipeline registers after wide multiplier. Recommended levels of pipeline registers is 4 [C:/Users/zakkh/Dark_Matter/PartitionAcceleratorHLS/LargeCircuit_V1/LargeCircuit_V1.srcs/sources_1/imports/hdl/verilog/MPSQ_mul_35ns_32s_64_3_1.v:21]
DSP Report: Generating DSP mul_35ns_32s_64_3_1_U316/MPSQ_mul_35ns_32s_64_3_1_Multiplier_0_U/tmp_product, operation Mode is: A''*B''.
DSP Report: register mul_35ns_32s_64_3_1_U316/MPSQ_mul_35ns_32s_64_3_1_Multiplier_0_U/tmp_product is absorbed into DSP mul_35ns_32s_64_3_1_U316/MPSQ_mul_35ns_32s_64_3_1_Multiplier_0_U/tmp_product.
DSP Report: register mul_35ns_32s_64_3_1_U316/MPSQ_mul_35ns_32s_64_3_1_Multiplier_0_U/tmp_product is absorbed into DSP mul_35ns_32s_64_3_1_U316/MPSQ_mul_35ns_32s_64_3_1_Multiplier_0_U/tmp_product.
DSP Report: register radiiDivisionList_load_reg_308_reg is absorbed into DSP mul_35ns_32s_64_3_1_U316/MPSQ_mul_35ns_32s_64_3_1_Multiplier_0_U/tmp_product.
DSP Report: register mul_35ns_32s_64_3_1_U316/MPSQ_mul_35ns_32s_64_3_1_Multiplier_0_U/a_reg0_reg is absorbed into DSP mul_35ns_32s_64_3_1_U316/MPSQ_mul_35ns_32s_64_3_1_Multiplier_0_U/tmp_product.
DSP Report: operator mul_35ns_32s_64_3_1_U316/MPSQ_mul_35ns_32s_64_3_1_Multiplier_0_U/tmp_product is absorbed into DSP mul_35ns_32s_64_3_1_U316/MPSQ_mul_35ns_32s_64_3_1_Multiplier_0_U/tmp_product.
DSP Report: operator mul_35ns_32s_64_3_1_U316/MPSQ_mul_35ns_32s_64_3_1_Multiplier_0_U/tmp_product is absorbed into DSP mul_35ns_32s_64_3_1_U316/MPSQ_mul_35ns_32s_64_3_1_Multiplier_0_U/tmp_product.
DSP Report: Generating DSP mul_35ns_32s_64_3_1_U316/MPSQ_mul_35ns_32s_64_3_1_Multiplier_0_U/buff0_reg, operation Mode is: (PCIN>>17)+A''*B''.
DSP Report: register sub_ln162_reg_303_reg is absorbed into DSP mul_35ns_32s_64_3_1_U316/MPSQ_mul_35ns_32s_64_3_1_Multiplier_0_U/buff0_reg.
DSP Report: register mul_35ns_32s_64_3_1_U316/MPSQ_mul_35ns_32s_64_3_1_Multiplier_0_U/b_reg0_reg is absorbed into DSP mul_35ns_32s_64_3_1_U316/MPSQ_mul_35ns_32s_64_3_1_Multiplier_0_U/buff0_reg.
DSP Report: register radiiDivisionList_load_reg_308_reg is absorbed into DSP mul_35ns_32s_64_3_1_U316/MPSQ_mul_35ns_32s_64_3_1_Multiplier_0_U/buff0_reg.
DSP Report: register mul_35ns_32s_64_3_1_U316/MPSQ_mul_35ns_32s_64_3_1_Multiplier_0_U/a_reg0_reg is absorbed into DSP mul_35ns_32s_64_3_1_U316/MPSQ_mul_35ns_32s_64_3_1_Multiplier_0_U/buff0_reg.
DSP Report: register mul_35ns_32s_64_3_1_U316/MPSQ_mul_35ns_32s_64_3_1_Multiplier_0_U/buff0_reg is absorbed into DSP mul_35ns_32s_64_3_1_U316/MPSQ_mul_35ns_32s_64_3_1_Multiplier_0_U/buff0_reg.
DSP Report: operator mul_35ns_32s_64_3_1_U316/MPSQ_mul_35ns_32s_64_3_1_Multiplier_0_U/tmp_product is absorbed into DSP mul_35ns_32s_64_3_1_U316/MPSQ_mul_35ns_32s_64_3_1_Multiplier_0_U/buff0_reg.
DSP Report: operator mul_35ns_32s_64_3_1_U316/MPSQ_mul_35ns_32s_64_3_1_Multiplier_0_U/tmp_product is absorbed into DSP mul_35ns_32s_64_3_1_U316/MPSQ_mul_35ns_32s_64_3_1_Multiplier_0_U/buff0_reg.
DSP Report: Generating DSP mul_35ns_32s_64_3_1_U316/MPSQ_mul_35ns_32s_64_3_1_Multiplier_0_U/tmp_product, operation Mode is: A''*B''.
DSP Report: register mul_35ns_32s_64_3_1_U316/MPSQ_mul_35ns_32s_64_3_1_Multiplier_0_U/tmp_product is absorbed into DSP mul_35ns_32s_64_3_1_U316/MPSQ_mul_35ns_32s_64_3_1_Multiplier_0_U/tmp_product.
DSP Report: register mul_35ns_32s_64_3_1_U316/MPSQ_mul_35ns_32s_64_3_1_Multiplier_0_U/tmp_product is absorbed into DSP mul_35ns_32s_64_3_1_U316/MPSQ_mul_35ns_32s_64_3_1_Multiplier_0_U/tmp_product.
DSP Report: register mul_35ns_32s_64_3_1_U316/MPSQ_mul_35ns_32s_64_3_1_Multiplier_0_U/tmp_product is absorbed into DSP mul_35ns_32s_64_3_1_U316/MPSQ_mul_35ns_32s_64_3_1_Multiplier_0_U/tmp_product.
DSP Report: register mul_35ns_32s_64_3_1_U316/MPSQ_mul_35ns_32s_64_3_1_Multiplier_0_U/tmp_product is absorbed into DSP mul_35ns_32s_64_3_1_U316/MPSQ_mul_35ns_32s_64_3_1_Multiplier_0_U/tmp_product.
DSP Report: operator mul_35ns_32s_64_3_1_U316/MPSQ_mul_35ns_32s_64_3_1_Multiplier_0_U/tmp_product is absorbed into DSP mul_35ns_32s_64_3_1_U316/MPSQ_mul_35ns_32s_64_3_1_Multiplier_0_U/tmp_product.
DSP Report: operator mul_35ns_32s_64_3_1_U316/MPSQ_mul_35ns_32s_64_3_1_Multiplier_0_U/tmp_product is absorbed into DSP mul_35ns_32s_64_3_1_U316/MPSQ_mul_35ns_32s_64_3_1_Multiplier_0_U/tmp_product.
DSP Report: Generating DSP mul_35ns_32s_64_3_1_U316/MPSQ_mul_35ns_32s_64_3_1_Multiplier_0_U/buff0_reg, operation Mode is: (PCIN>>17)+A''*B''.
DSP Report: register sub_ln162_reg_303_reg is absorbed into DSP mul_35ns_32s_64_3_1_U316/MPSQ_mul_35ns_32s_64_3_1_Multiplier_0_U/buff0_reg.
DSP Report: register mul_35ns_32s_64_3_1_U316/MPSQ_mul_35ns_32s_64_3_1_Multiplier_0_U/b_reg0_reg is absorbed into DSP mul_35ns_32s_64_3_1_U316/MPSQ_mul_35ns_32s_64_3_1_Multiplier_0_U/buff0_reg.
DSP Report: register mul_35ns_32s_64_3_1_U316/MPSQ_mul_35ns_32s_64_3_1_Multiplier_0_U/buff0_reg is absorbed into DSP mul_35ns_32s_64_3_1_U316/MPSQ_mul_35ns_32s_64_3_1_Multiplier_0_U/buff0_reg.
DSP Report: register mul_35ns_32s_64_3_1_U316/MPSQ_mul_35ns_32s_64_3_1_Multiplier_0_U/buff0_reg is absorbed into DSP mul_35ns_32s_64_3_1_U316/MPSQ_mul_35ns_32s_64_3_1_Multiplier_0_U/buff0_reg.
DSP Report: register mul_35ns_32s_64_3_1_U316/MPSQ_mul_35ns_32s_64_3_1_Multiplier_0_U/buff0_reg is absorbed into DSP mul_35ns_32s_64_3_1_U316/MPSQ_mul_35ns_32s_64_3_1_Multiplier_0_U/buff0_reg.
DSP Report: operator mul_35ns_32s_64_3_1_U316/MPSQ_mul_35ns_32s_64_3_1_Multiplier_0_U/tmp_product is absorbed into DSP mul_35ns_32s_64_3_1_U316/MPSQ_mul_35ns_32s_64_3_1_Multiplier_0_U/buff0_reg.
DSP Report: operator mul_35ns_32s_64_3_1_U316/MPSQ_mul_35ns_32s_64_3_1_Multiplier_0_U/tmp_product is absorbed into DSP mul_35ns_32s_64_3_1_U316/MPSQ_mul_35ns_32s_64_3_1_Multiplier_0_U/buff0_reg.
INFO: [Synth 8-5845] Not enough pipeline registers after wide multiplier. Recommended levels of pipeline registers is 4 [C:/Users/zakkh/Dark_Matter/PartitionAcceleratorHLS/LargeCircuit_V1/LargeCircuit_V1.srcs/sources_1/imports/hdl/verilog/MPSQ_mul_35ns_32s_64_3_1.v:21]
DSP Report: Generating DSP mul_35ns_32s_64_3_1_U316/MPSQ_mul_35ns_32s_64_3_1_Multiplier_0_U/tmp_product, operation Mode is: A''*B''.
DSP Report: register mul_35ns_32s_64_3_1_U316/MPSQ_mul_35ns_32s_64_3_1_Multiplier_0_U/tmp_product is absorbed into DSP mul_35ns_32s_64_3_1_U316/MPSQ_mul_35ns_32s_64_3_1_Multiplier_0_U/tmp_product.
DSP Report: register mul_35ns_32s_64_3_1_U316/MPSQ_mul_35ns_32s_64_3_1_Multiplier_0_U/tmp_product is absorbed into DSP mul_35ns_32s_64_3_1_U316/MPSQ_mul_35ns_32s_64_3_1_Multiplier_0_U/tmp_product.
DSP Report: register radiiDivisionList_load_reg_308_reg is absorbed into DSP mul_35ns_32s_64_3_1_U316/MPSQ_mul_35ns_32s_64_3_1_Multiplier_0_U/tmp_product.
DSP Report: register mul_35ns_32s_64_3_1_U316/MPSQ_mul_35ns_32s_64_3_1_Multiplier_0_U/a_reg0_reg is absorbed into DSP mul_35ns_32s_64_3_1_U316/MPSQ_mul_35ns_32s_64_3_1_Multiplier_0_U/tmp_product.
DSP Report: operator mul_35ns_32s_64_3_1_U316/MPSQ_mul_35ns_32s_64_3_1_Multiplier_0_U/tmp_product is absorbed into DSP mul_35ns_32s_64_3_1_U316/MPSQ_mul_35ns_32s_64_3_1_Multiplier_0_U/tmp_product.
DSP Report: operator mul_35ns_32s_64_3_1_U316/MPSQ_mul_35ns_32s_64_3_1_Multiplier_0_U/tmp_product is absorbed into DSP mul_35ns_32s_64_3_1_U316/MPSQ_mul_35ns_32s_64_3_1_Multiplier_0_U/tmp_product.
DSP Report: Generating DSP mul_35ns_32s_64_3_1_U316/MPSQ_mul_35ns_32s_64_3_1_Multiplier_0_U/buff0_reg, operation Mode is: (PCIN>>17)+A''*B''.
DSP Report: register sub_ln162_reg_303_reg is absorbed into DSP mul_35ns_32s_64_3_1_U316/MPSQ_mul_35ns_32s_64_3_1_Multiplier_0_U/buff0_reg.
DSP Report: register mul_35ns_32s_64_3_1_U316/MPSQ_mul_35ns_32s_64_3_1_Multiplier_0_U/b_reg0_reg is absorbed into DSP mul_35ns_32s_64_3_1_U316/MPSQ_mul_35ns_32s_64_3_1_Multiplier_0_U/buff0_reg.
DSP Report: register radiiDivisionList_load_reg_308_reg is absorbed into DSP mul_35ns_32s_64_3_1_U316/MPSQ_mul_35ns_32s_64_3_1_Multiplier_0_U/buff0_reg.
DSP Report: register mul_35ns_32s_64_3_1_U316/MPSQ_mul_35ns_32s_64_3_1_Multiplier_0_U/a_reg0_reg is absorbed into DSP mul_35ns_32s_64_3_1_U316/MPSQ_mul_35ns_32s_64_3_1_Multiplier_0_U/buff0_reg.
DSP Report: register mul_35ns_32s_64_3_1_U316/MPSQ_mul_35ns_32s_64_3_1_Multiplier_0_U/buff0_reg is absorbed into DSP mul_35ns_32s_64_3_1_U316/MPSQ_mul_35ns_32s_64_3_1_Multiplier_0_U/buff0_reg.
DSP Report: operator mul_35ns_32s_64_3_1_U316/MPSQ_mul_35ns_32s_64_3_1_Multiplier_0_U/tmp_product is absorbed into DSP mul_35ns_32s_64_3_1_U316/MPSQ_mul_35ns_32s_64_3_1_Multiplier_0_U/buff0_reg.
DSP Report: operator mul_35ns_32s_64_3_1_U316/MPSQ_mul_35ns_32s_64_3_1_Multiplier_0_U/tmp_product is absorbed into DSP mul_35ns_32s_64_3_1_U316/MPSQ_mul_35ns_32s_64_3_1_Multiplier_0_U/buff0_reg.
DSP Report: Generating DSP mul_35ns_32s_64_3_1_U316/MPSQ_mul_35ns_32s_64_3_1_Multiplier_0_U/tmp_product, operation Mode is: A''*B''.
DSP Report: register mul_35ns_32s_64_3_1_U316/MPSQ_mul_35ns_32s_64_3_1_Multiplier_0_U/tmp_product is absorbed into DSP mul_35ns_32s_64_3_1_U316/MPSQ_mul_35ns_32s_64_3_1_Multiplier_0_U/tmp_product.
DSP Report: register mul_35ns_32s_64_3_1_U316/MPSQ_mul_35ns_32s_64_3_1_Multiplier_0_U/tmp_product is absorbed into DSP mul_35ns_32s_64_3_1_U316/MPSQ_mul_35ns_32s_64_3_1_Multiplier_0_U/tmp_product.
DSP Report: register mul_35ns_32s_64_3_1_U316/MPSQ_mul_35ns_32s_64_3_1_Multiplier_0_U/tmp_product is absorbed into DSP mul_35ns_32s_64_3_1_U316/MPSQ_mul_35ns_32s_64_3_1_Multiplier_0_U/tmp_product.
DSP Report: register mul_35ns_32s_64_3_1_U316/MPSQ_mul_35ns_32s_64_3_1_Multiplier_0_U/tmp_product is absorbed into DSP mul_35ns_32s_64_3_1_U316/MPSQ_mul_35ns_32s_64_3_1_Multiplier_0_U/tmp_product.
DSP Report: operator mul_35ns_32s_64_3_1_U316/MPSQ_mul_35ns_32s_64_3_1_Multiplier_0_U/tmp_product is absorbed into DSP mul_35ns_32s_64_3_1_U316/MPSQ_mul_35ns_32s_64_3_1_Multiplier_0_U/tmp_product.
DSP Report: operator mul_35ns_32s_64_3_1_U316/MPSQ_mul_35ns_32s_64_3_1_Multiplier_0_U/tmp_product is absorbed into DSP mul_35ns_32s_64_3_1_U316/MPSQ_mul_35ns_32s_64_3_1_Multiplier_0_U/tmp_product.
DSP Report: Generating DSP mul_35ns_32s_64_3_1_U316/MPSQ_mul_35ns_32s_64_3_1_Multiplier_0_U/buff0_reg, operation Mode is: (PCIN>>17)+A''*B''.
DSP Report: register sub_ln162_reg_303_reg is absorbed into DSP mul_35ns_32s_64_3_1_U316/MPSQ_mul_35ns_32s_64_3_1_Multiplier_0_U/buff0_reg.
DSP Report: register mul_35ns_32s_64_3_1_U316/MPSQ_mul_35ns_32s_64_3_1_Multiplier_0_U/b_reg0_reg is absorbed into DSP mul_35ns_32s_64_3_1_U316/MPSQ_mul_35ns_32s_64_3_1_Multiplier_0_U/buff0_reg.
DSP Report: register mul_35ns_32s_64_3_1_U316/MPSQ_mul_35ns_32s_64_3_1_Multiplier_0_U/buff0_reg is absorbed into DSP mul_35ns_32s_64_3_1_U316/MPSQ_mul_35ns_32s_64_3_1_Multiplier_0_U/buff0_reg.
DSP Report: register mul_35ns_32s_64_3_1_U316/MPSQ_mul_35ns_32s_64_3_1_Multiplier_0_U/buff0_reg is absorbed into DSP mul_35ns_32s_64_3_1_U316/MPSQ_mul_35ns_32s_64_3_1_Multiplier_0_U/buff0_reg.
DSP Report: register mul_35ns_32s_64_3_1_U316/MPSQ_mul_35ns_32s_64_3_1_Multiplier_0_U/buff0_reg is absorbed into DSP mul_35ns_32s_64_3_1_U316/MPSQ_mul_35ns_32s_64_3_1_Multiplier_0_U/buff0_reg.
DSP Report: operator mul_35ns_32s_64_3_1_U316/MPSQ_mul_35ns_32s_64_3_1_Multiplier_0_U/tmp_product is absorbed into DSP mul_35ns_32s_64_3_1_U316/MPSQ_mul_35ns_32s_64_3_1_Multiplier_0_U/buff0_reg.
DSP Report: operator mul_35ns_32s_64_3_1_U316/MPSQ_mul_35ns_32s_64_3_1_Multiplier_0_U/tmp_product is absorbed into DSP mul_35ns_32s_64_3_1_U316/MPSQ_mul_35ns_32s_64_3_1_Multiplier_0_U/buff0_reg.
INFO: [Synth 8-5845] Not enough pipeline registers after wide multiplier. Recommended levels of pipeline registers is 4 [C:/Users/zakkh/Dark_Matter/PartitionAcceleratorHLS/LargeCircuit_V1/LargeCircuit_V1.srcs/sources_1/imports/hdl/verilog/MPSQ_mul_35ns_32s_64_3_1.v:21]
DSP Report: Generating DSP mul_35ns_32s_64_3_1_U316/MPSQ_mul_35ns_32s_64_3_1_Multiplier_0_U/tmp_product, operation Mode is: A''*B''.
DSP Report: register mul_35ns_32s_64_3_1_U316/MPSQ_mul_35ns_32s_64_3_1_Multiplier_0_U/tmp_product is absorbed into DSP mul_35ns_32s_64_3_1_U316/MPSQ_mul_35ns_32s_64_3_1_Multiplier_0_U/tmp_product.
DSP Report: register mul_35ns_32s_64_3_1_U316/MPSQ_mul_35ns_32s_64_3_1_Multiplier_0_U/tmp_product is absorbed into DSP mul_35ns_32s_64_3_1_U316/MPSQ_mul_35ns_32s_64_3_1_Multiplier_0_U/tmp_product.
DSP Report: register radiiDivisionList_load_reg_308_reg is absorbed into DSP mul_35ns_32s_64_3_1_U316/MPSQ_mul_35ns_32s_64_3_1_Multiplier_0_U/tmp_product.
DSP Report: register mul_35ns_32s_64_3_1_U316/MPSQ_mul_35ns_32s_64_3_1_Multiplier_0_U/a_reg0_reg is absorbed into DSP mul_35ns_32s_64_3_1_U316/MPSQ_mul_35ns_32s_64_3_1_Multiplier_0_U/tmp_product.
DSP Report: operator mul_35ns_32s_64_3_1_U316/MPSQ_mul_35ns_32s_64_3_1_Multiplier_0_U/tmp_product is absorbed into DSP mul_35ns_32s_64_3_1_U316/MPSQ_mul_35ns_32s_64_3_1_Multiplier_0_U/tmp_product.
DSP Report: operator mul_35ns_32s_64_3_1_U316/MPSQ_mul_35ns_32s_64_3_1_Multiplier_0_U/tmp_product is absorbed into DSP mul_35ns_32s_64_3_1_U316/MPSQ_mul_35ns_32s_64_3_1_Multiplier_0_U/tmp_product.
DSP Report: Generating DSP mul_35ns_32s_64_3_1_U316/MPSQ_mul_35ns_32s_64_3_1_Multiplier_0_U/buff0_reg, operation Mode is: (PCIN>>17)+A''*B''.
DSP Report: register sub_ln162_reg_303_reg is absorbed into DSP mul_35ns_32s_64_3_1_U316/MPSQ_mul_35ns_32s_64_3_1_Multiplier_0_U/buff0_reg.
DSP Report: register mul_35ns_32s_64_3_1_U316/MPSQ_mul_35ns_32s_64_3_1_Multiplier_0_U/b_reg0_reg is absorbed into DSP mul_35ns_32s_64_3_1_U316/MPSQ_mul_35ns_32s_64_3_1_Multiplier_0_U/buff0_reg.
DSP Report: register radiiDivisionList_load_reg_308_reg is absorbed into DSP mul_35ns_32s_64_3_1_U316/MPSQ_mul_35ns_32s_64_3_1_Multiplier_0_U/buff0_reg.
DSP Report: register mul_35ns_32s_64_3_1_U316/MPSQ_mul_35ns_32s_64_3_1_Multiplier_0_U/a_reg0_reg is absorbed into DSP mul_35ns_32s_64_3_1_U316/MPSQ_mul_35ns_32s_64_3_1_Multiplier_0_U/buff0_reg.
DSP Report: register mul_35ns_32s_64_3_1_U316/MPSQ_mul_35ns_32s_64_3_1_Multiplier_0_U/buff0_reg is absorbed into DSP mul_35ns_32s_64_3_1_U316/MPSQ_mul_35ns_32s_64_3_1_Multiplier_0_U/buff0_reg.
DSP Report: operator mul_35ns_32s_64_3_1_U316/MPSQ_mul_35ns_32s_64_3_1_Multiplier_0_U/tmp_product is absorbed into DSP mul_35ns_32s_64_3_1_U316/MPSQ_mul_35ns_32s_64_3_1_Multiplier_0_U/buff0_reg.
DSP Report: operator mul_35ns_32s_64_3_1_U316/MPSQ_mul_35ns_32s_64_3_1_Multiplier_0_U/tmp_product is absorbed into DSP mul_35ns_32s_64_3_1_U316/MPSQ_mul_35ns_32s_64_3_1_Multiplier_0_U/buff0_reg.
DSP Report: Generating DSP mul_35ns_32s_64_3_1_U316/MPSQ_mul_35ns_32s_64_3_1_Multiplier_0_U/tmp_product, operation Mode is: A''*B''.
DSP Report: register mul_35ns_32s_64_3_1_U316/MPSQ_mul_35ns_32s_64_3_1_Multiplier_0_U/tmp_product is absorbed into DSP mul_35ns_32s_64_3_1_U316/MPSQ_mul_35ns_32s_64_3_1_Multiplier_0_U/tmp_product.
DSP Report: register mul_35ns_32s_64_3_1_U316/MPSQ_mul_35ns_32s_64_3_1_Multiplier_0_U/tmp_product is absorbed into DSP mul_35ns_32s_64_3_1_U316/MPSQ_mul_35ns_32s_64_3_1_Multiplier_0_U/tmp_product.
DSP Report: register mul_35ns_32s_64_3_1_U316/MPSQ_mul_35ns_32s_64_3_1_Multiplier_0_U/tmp_product is absorbed into DSP mul_35ns_32s_64_3_1_U316/MPSQ_mul_35ns_32s_64_3_1_Multiplier_0_U/tmp_product.
DSP Report: register mul_35ns_32s_64_3_1_U316/MPSQ_mul_35ns_32s_64_3_1_Multiplier_0_U/tmp_product is absorbed into DSP mul_35ns_32s_64_3_1_U316/MPSQ_mul_35ns_32s_64_3_1_Multiplier_0_U/tmp_product.
DSP Report: operator mul_35ns_32s_64_3_1_U316/MPSQ_mul_35ns_32s_64_3_1_Multiplier_0_U/tmp_product is absorbed into DSP mul_35ns_32s_64_3_1_U316/MPSQ_mul_35ns_32s_64_3_1_Multiplier_0_U/tmp_product.
DSP Report: operator mul_35ns_32s_64_3_1_U316/MPSQ_mul_35ns_32s_64_3_1_Multiplier_0_U/tmp_product is absorbed into DSP mul_35ns_32s_64_3_1_U316/MPSQ_mul_35ns_32s_64_3_1_Multiplier_0_U/tmp_product.
DSP Report: Generating DSP mul_35ns_32s_64_3_1_U316/MPSQ_mul_35ns_32s_64_3_1_Multiplier_0_U/buff0_reg, operation Mode is: (PCIN>>17)+A''*B''.
DSP Report: register sub_ln162_reg_303_reg is absorbed into DSP mul_35ns_32s_64_3_1_U316/MPSQ_mul_35ns_32s_64_3_1_Multiplier_0_U/buff0_reg.
DSP Report: register mul_35ns_32s_64_3_1_U316/MPSQ_mul_35ns_32s_64_3_1_Multiplier_0_U/b_reg0_reg is absorbed into DSP mul_35ns_32s_64_3_1_U316/MPSQ_mul_35ns_32s_64_3_1_Multiplier_0_U/buff0_reg.
DSP Report: register mul_35ns_32s_64_3_1_U316/MPSQ_mul_35ns_32s_64_3_1_Multiplier_0_U/buff0_reg is absorbed into DSP mul_35ns_32s_64_3_1_U316/MPSQ_mul_35ns_32s_64_3_1_Multiplier_0_U/buff0_reg.
DSP Report: register mul_35ns_32s_64_3_1_U316/MPSQ_mul_35ns_32s_64_3_1_Multiplier_0_U/buff0_reg is absorbed into DSP mul_35ns_32s_64_3_1_U316/MPSQ_mul_35ns_32s_64_3_1_Multiplier_0_U/buff0_reg.
DSP Report: register mul_35ns_32s_64_3_1_U316/MPSQ_mul_35ns_32s_64_3_1_Multiplier_0_U/buff0_reg is absorbed into DSP mul_35ns_32s_64_3_1_U316/MPSQ_mul_35ns_32s_64_3_1_Multiplier_0_U/buff0_reg.
DSP Report: operator mul_35ns_32s_64_3_1_U316/MPSQ_mul_35ns_32s_64_3_1_Multiplier_0_U/tmp_product is absorbed into DSP mul_35ns_32s_64_3_1_U316/MPSQ_mul_35ns_32s_64_3_1_Multiplier_0_U/buff0_reg.
DSP Report: operator mul_35ns_32s_64_3_1_U316/MPSQ_mul_35ns_32s_64_3_1_Multiplier_0_U/tmp_product is absorbed into DSP mul_35ns_32s_64_3_1_U316/MPSQ_mul_35ns_32s_64_3_1_Multiplier_0_U/buff0_reg.
INFO: [Synth 8-5845] Not enough pipeline registers after wide multiplier. Recommended levels of pipeline registers is 4 [C:/Users/zakkh/Dark_Matter/PartitionAcceleratorHLS/LargeCircuit_V1/LargeCircuit_V1.srcs/sources_1/imports/hdl/verilog/MPSQ_mul_35ns_32s_64_3_1.v:21]
DSP Report: Generating DSP mul_35ns_32s_64_3_1_U316/MPSQ_mul_35ns_32s_64_3_1_Multiplier_0_U/tmp_product, operation Mode is: A''*B''.
DSP Report: register mul_35ns_32s_64_3_1_U316/MPSQ_mul_35ns_32s_64_3_1_Multiplier_0_U/tmp_product is absorbed into DSP mul_35ns_32s_64_3_1_U316/MPSQ_mul_35ns_32s_64_3_1_Multiplier_0_U/tmp_product.
DSP Report: register mul_35ns_32s_64_3_1_U316/MPSQ_mul_35ns_32s_64_3_1_Multiplier_0_U/tmp_product is absorbed into DSP mul_35ns_32s_64_3_1_U316/MPSQ_mul_35ns_32s_64_3_1_Multiplier_0_U/tmp_product.
DSP Report: register radiiDivisionList_load_reg_308_reg is absorbed into DSP mul_35ns_32s_64_3_1_U316/MPSQ_mul_35ns_32s_64_3_1_Multiplier_0_U/tmp_product.
DSP Report: register mul_35ns_32s_64_3_1_U316/MPSQ_mul_35ns_32s_64_3_1_Multiplier_0_U/a_reg0_reg is absorbed into DSP mul_35ns_32s_64_3_1_U316/MPSQ_mul_35ns_32s_64_3_1_Multiplier_0_U/tmp_product.
DSP Report: operator mul_35ns_32s_64_3_1_U316/MPSQ_mul_35ns_32s_64_3_1_Multiplier_0_U/tmp_product is absorbed into DSP mul_35ns_32s_64_3_1_U316/MPSQ_mul_35ns_32s_64_3_1_Multiplier_0_U/tmp_product.
DSP Report: operator mul_35ns_32s_64_3_1_U316/MPSQ_mul_35ns_32s_64_3_1_Multiplier_0_U/tmp_product is absorbed into DSP mul_35ns_32s_64_3_1_U316/MPSQ_mul_35ns_32s_64_3_1_Multiplier_0_U/tmp_product.
DSP Report: Generating DSP mul_35ns_32s_64_3_1_U316/MPSQ_mul_35ns_32s_64_3_1_Multiplier_0_U/buff0_reg, operation Mode is: (PCIN>>17)+A''*B''.
DSP Report: register sub_ln162_reg_303_reg is absorbed into DSP mul_35ns_32s_64_3_1_U316/MPSQ_mul_35ns_32s_64_3_1_Multiplier_0_U/buff0_reg.
DSP Report: register mul_35ns_32s_64_3_1_U316/MPSQ_mul_35ns_32s_64_3_1_Multiplier_0_U/b_reg0_reg is absorbed into DSP mul_35ns_32s_64_3_1_U316/MPSQ_mul_35ns_32s_64_3_1_Multiplier_0_U/buff0_reg.
DSP Report: register radiiDivisionList_load_reg_308_reg is absorbed into DSP mul_35ns_32s_64_3_1_U316/MPSQ_mul_35ns_32s_64_3_1_Multiplier_0_U/buff0_reg.
DSP Report: register mul_35ns_32s_64_3_1_U316/MPSQ_mul_35ns_32s_64_3_1_Multiplier_0_U/a_reg0_reg is absorbed into DSP mul_35ns_32s_64_3_1_U316/MPSQ_mul_35ns_32s_64_3_1_Multiplier_0_U/buff0_reg.
DSP Report: register mul_35ns_32s_64_3_1_U316/MPSQ_mul_35ns_32s_64_3_1_Multiplier_0_U/buff0_reg is absorbed into DSP mul_35ns_32s_64_3_1_U316/MPSQ_mul_35ns_32s_64_3_1_Multiplier_0_U/buff0_reg.
DSP Report: operator mul_35ns_32s_64_3_1_U316/MPSQ_mul_35ns_32s_64_3_1_Multiplier_0_U/tmp_product is absorbed into DSP mul_35ns_32s_64_3_1_U316/MPSQ_mul_35ns_32s_64_3_1_Multiplier_0_U/buff0_reg.
DSP Report: operator mul_35ns_32s_64_3_1_U316/MPSQ_mul_35ns_32s_64_3_1_Multiplier_0_U/tmp_product is absorbed into DSP mul_35ns_32s_64_3_1_U316/MPSQ_mul_35ns_32s_64_3_1_Multiplier_0_U/buff0_reg.
DSP Report: Generating DSP mul_35ns_32s_64_3_1_U316/MPSQ_mul_35ns_32s_64_3_1_Multiplier_0_U/tmp_product, operation Mode is: A''*B''.
DSP Report: register mul_35ns_32s_64_3_1_U316/MPSQ_mul_35ns_32s_64_3_1_Multiplier_0_U/tmp_product is absorbed into DSP mul_35ns_32s_64_3_1_U316/MPSQ_mul_35ns_32s_64_3_1_Multiplier_0_U/tmp_product.
DSP Report: register mul_35ns_32s_64_3_1_U316/MPSQ_mul_35ns_32s_64_3_1_Multiplier_0_U/tmp_product is absorbed into DSP mul_35ns_32s_64_3_1_U316/MPSQ_mul_35ns_32s_64_3_1_Multiplier_0_U/tmp_product.
DSP Report: register mul_35ns_32s_64_3_1_U316/MPSQ_mul_35ns_32s_64_3_1_Multiplier_0_U/tmp_product is absorbed into DSP mul_35ns_32s_64_3_1_U316/MPSQ_mul_35ns_32s_64_3_1_Multiplier_0_U/tmp_product.
DSP Report: register mul_35ns_32s_64_3_1_U316/MPSQ_mul_35ns_32s_64_3_1_Multiplier_0_U/tmp_product is absorbed into DSP mul_35ns_32s_64_3_1_U316/MPSQ_mul_35ns_32s_64_3_1_Multiplier_0_U/tmp_product.
DSP Report: operator mul_35ns_32s_64_3_1_U316/MPSQ_mul_35ns_32s_64_3_1_Multiplier_0_U/tmp_product is absorbed into DSP mul_35ns_32s_64_3_1_U316/MPSQ_mul_35ns_32s_64_3_1_Multiplier_0_U/tmp_product.
DSP Report: operator mul_35ns_32s_64_3_1_U316/MPSQ_mul_35ns_32s_64_3_1_Multiplier_0_U/tmp_product is absorbed into DSP mul_35ns_32s_64_3_1_U316/MPSQ_mul_35ns_32s_64_3_1_Multiplier_0_U/tmp_product.
DSP Report: Generating DSP mul_35ns_32s_64_3_1_U316/MPSQ_mul_35ns_32s_64_3_1_Multiplier_0_U/buff0_reg, operation Mode is: (PCIN>>17)+A''*B''.
DSP Report: register sub_ln162_reg_303_reg is absorbed into DSP mul_35ns_32s_64_3_1_U316/MPSQ_mul_35ns_32s_64_3_1_Multiplier_0_U/buff0_reg.
DSP Report: register mul_35ns_32s_64_3_1_U316/MPSQ_mul_35ns_32s_64_3_1_Multiplier_0_U/b_reg0_reg is absorbed into DSP mul_35ns_32s_64_3_1_U316/MPSQ_mul_35ns_32s_64_3_1_Multiplier_0_U/buff0_reg.
DSP Report: register mul_35ns_32s_64_3_1_U316/MPSQ_mul_35ns_32s_64_3_1_Multiplier_0_U/buff0_reg is absorbed into DSP mul_35ns_32s_64_3_1_U316/MPSQ_mul_35ns_32s_64_3_1_Multiplier_0_U/buff0_reg.
DSP Report: register mul_35ns_32s_64_3_1_U316/MPSQ_mul_35ns_32s_64_3_1_Multiplier_0_U/buff0_reg is absorbed into DSP mul_35ns_32s_64_3_1_U316/MPSQ_mul_35ns_32s_64_3_1_Multiplier_0_U/buff0_reg.
DSP Report: register mul_35ns_32s_64_3_1_U316/MPSQ_mul_35ns_32s_64_3_1_Multiplier_0_U/buff0_reg is absorbed into DSP mul_35ns_32s_64_3_1_U316/MPSQ_mul_35ns_32s_64_3_1_Multiplier_0_U/buff0_reg.
DSP Report: operator mul_35ns_32s_64_3_1_U316/MPSQ_mul_35ns_32s_64_3_1_Multiplier_0_U/tmp_product is absorbed into DSP mul_35ns_32s_64_3_1_U316/MPSQ_mul_35ns_32s_64_3_1_Multiplier_0_U/buff0_reg.
DSP Report: operator mul_35ns_32s_64_3_1_U316/MPSQ_mul_35ns_32s_64_3_1_Multiplier_0_U/tmp_product is absorbed into DSP mul_35ns_32s_64_3_1_U316/MPSQ_mul_35ns_32s_64_3_1_Multiplier_0_U/buff0_reg.
INFO: [Synth 8-5845] Not enough pipeline registers after wide multiplier. Recommended levels of pipeline registers is 4 [C:/Users/zakkh/Dark_Matter/PartitionAcceleratorHLS/LargeCircuit_V1/LargeCircuit_V1.srcs/sources_1/imports/hdl/verilog/MPSQ_mul_35ns_32s_64_3_1.v:21]
DSP Report: Generating DSP mul_35ns_32s_64_3_1_U316/MPSQ_mul_35ns_32s_64_3_1_Multiplier_0_U/tmp_product, operation Mode is: A''*B''.
DSP Report: register mul_35ns_32s_64_3_1_U316/MPSQ_mul_35ns_32s_64_3_1_Multiplier_0_U/tmp_product is absorbed into DSP mul_35ns_32s_64_3_1_U316/MPSQ_mul_35ns_32s_64_3_1_Multiplier_0_U/tmp_product.
DSP Report: register mul_35ns_32s_64_3_1_U316/MPSQ_mul_35ns_32s_64_3_1_Multiplier_0_U/tmp_product is absorbed into DSP mul_35ns_32s_64_3_1_U316/MPSQ_mul_35ns_32s_64_3_1_Multiplier_0_U/tmp_product.
DSP Report: register radiiDivisionList_load_reg_308_reg is absorbed into DSP mul_35ns_32s_64_3_1_U316/MPSQ_mul_35ns_32s_64_3_1_Multiplier_0_U/tmp_product.
DSP Report: register mul_35ns_32s_64_3_1_U316/MPSQ_mul_35ns_32s_64_3_1_Multiplier_0_U/a_reg0_reg is absorbed into DSP mul_35ns_32s_64_3_1_U316/MPSQ_mul_35ns_32s_64_3_1_Multiplier_0_U/tmp_product.
DSP Report: operator mul_35ns_32s_64_3_1_U316/MPSQ_mul_35ns_32s_64_3_1_Multiplier_0_U/tmp_product is absorbed into DSP mul_35ns_32s_64_3_1_U316/MPSQ_mul_35ns_32s_64_3_1_Multiplier_0_U/tmp_product.
DSP Report: operator mul_35ns_32s_64_3_1_U316/MPSQ_mul_35ns_32s_64_3_1_Multiplier_0_U/tmp_product is absorbed into DSP mul_35ns_32s_64_3_1_U316/MPSQ_mul_35ns_32s_64_3_1_Multiplier_0_U/tmp_product.
DSP Report: Generating DSP mul_35ns_32s_64_3_1_U316/MPSQ_mul_35ns_32s_64_3_1_Multiplier_0_U/buff0_reg, operation Mode is: (PCIN>>17)+A''*B''.
DSP Report: register sub_ln162_reg_303_reg is absorbed into DSP mul_35ns_32s_64_3_1_U316/MPSQ_mul_35ns_32s_64_3_1_Multiplier_0_U/buff0_reg.
DSP Report: register mul_35ns_32s_64_3_1_U316/MPSQ_mul_35ns_32s_64_3_1_Multiplier_0_U/b_reg0_reg is absorbed into DSP mul_35ns_32s_64_3_1_U316/MPSQ_mul_35ns_32s_64_3_1_Multiplier_0_U/buff0_reg.
DSP Report: register radiiDivisionList_load_reg_308_reg is absorbed into DSP mul_35ns_32s_64_3_1_U316/MPSQ_mul_35ns_32s_64_3_1_Multiplier_0_U/buff0_reg.
DSP Report: register mul_35ns_32s_64_3_1_U316/MPSQ_mul_35ns_32s_64_3_1_Multiplier_0_U/a_reg0_reg is absorbed into DSP mul_35ns_32s_64_3_1_U316/MPSQ_mul_35ns_32s_64_3_1_Multiplier_0_U/buff0_reg.
DSP Report: register mul_35ns_32s_64_3_1_U316/MPSQ_mul_35ns_32s_64_3_1_Multiplier_0_U/buff0_reg is absorbed into DSP mul_35ns_32s_64_3_1_U316/MPSQ_mul_35ns_32s_64_3_1_Multiplier_0_U/buff0_reg.
DSP Report: operator mul_35ns_32s_64_3_1_U316/MPSQ_mul_35ns_32s_64_3_1_Multiplier_0_U/tmp_product is absorbed into DSP mul_35ns_32s_64_3_1_U316/MPSQ_mul_35ns_32s_64_3_1_Multiplier_0_U/buff0_reg.
DSP Report: operator mul_35ns_32s_64_3_1_U316/MPSQ_mul_35ns_32s_64_3_1_Multiplier_0_U/tmp_product is absorbed into DSP mul_35ns_32s_64_3_1_U316/MPSQ_mul_35ns_32s_64_3_1_Multiplier_0_U/buff0_reg.
DSP Report: Generating DSP mul_35ns_32s_64_3_1_U316/MPSQ_mul_35ns_32s_64_3_1_Multiplier_0_U/tmp_product, operation Mode is: A''*B''.
DSP Report: register mul_35ns_32s_64_3_1_U316/MPSQ_mul_35ns_32s_64_3_1_Multiplier_0_U/tmp_product is absorbed into DSP mul_35ns_32s_64_3_1_U316/MPSQ_mul_35ns_32s_64_3_1_Multiplier_0_U/tmp_product.
DSP Report: register mul_35ns_32s_64_3_1_U316/MPSQ_mul_35ns_32s_64_3_1_Multiplier_0_U/tmp_product is absorbed into DSP mul_35ns_32s_64_3_1_U316/MPSQ_mul_35ns_32s_64_3_1_Multiplier_0_U/tmp_product.
DSP Report: register mul_35ns_32s_64_3_1_U316/MPSQ_mul_35ns_32s_64_3_1_Multiplier_0_U/tmp_product is absorbed into DSP mul_35ns_32s_64_3_1_U316/MPSQ_mul_35ns_32s_64_3_1_Multiplier_0_U/tmp_product.
DSP Report: register mul_35ns_32s_64_3_1_U316/MPSQ_mul_35ns_32s_64_3_1_Multiplier_0_U/tmp_product is absorbed into DSP mul_35ns_32s_64_3_1_U316/MPSQ_mul_35ns_32s_64_3_1_Multiplier_0_U/tmp_product.
DSP Report: operator mul_35ns_32s_64_3_1_U316/MPSQ_mul_35ns_32s_64_3_1_Multiplier_0_U/tmp_product is absorbed into DSP mul_35ns_32s_64_3_1_U316/MPSQ_mul_35ns_32s_64_3_1_Multiplier_0_U/tmp_product.
DSP Report: operator mul_35ns_32s_64_3_1_U316/MPSQ_mul_35ns_32s_64_3_1_Multiplier_0_U/tmp_product is absorbed into DSP mul_35ns_32s_64_3_1_U316/MPSQ_mul_35ns_32s_64_3_1_Multiplier_0_U/tmp_product.
DSP Report: Generating DSP mul_35ns_32s_64_3_1_U316/MPSQ_mul_35ns_32s_64_3_1_Multiplier_0_U/buff0_reg, operation Mode is: (PCIN>>17)+A''*B''.
DSP Report: register sub_ln162_reg_303_reg is absorbed into DSP mul_35ns_32s_64_3_1_U316/MPSQ_mul_35ns_32s_64_3_1_Multiplier_0_U/buff0_reg.
DSP Report: register mul_35ns_32s_64_3_1_U316/MPSQ_mul_35ns_32s_64_3_1_Multiplier_0_U/b_reg0_reg is absorbed into DSP mul_35ns_32s_64_3_1_U316/MPSQ_mul_35ns_32s_64_3_1_Multiplier_0_U/buff0_reg.
DSP Report: register mul_35ns_32s_64_3_1_U316/MPSQ_mul_35ns_32s_64_3_1_Multiplier_0_U/buff0_reg is absorbed into DSP mul_35ns_32s_64_3_1_U316/MPSQ_mul_35ns_32s_64_3_1_Multiplier_0_U/buff0_reg.
DSP Report: register mul_35ns_32s_64_3_1_U316/MPSQ_mul_35ns_32s_64_3_1_Multiplier_0_U/buff0_reg is absorbed into DSP mul_35ns_32s_64_3_1_U316/MPSQ_mul_35ns_32s_64_3_1_Multiplier_0_U/buff0_reg.
DSP Report: register mul_35ns_32s_64_3_1_U316/MPSQ_mul_35ns_32s_64_3_1_Multiplier_0_U/buff0_reg is absorbed into DSP mul_35ns_32s_64_3_1_U316/MPSQ_mul_35ns_32s_64_3_1_Multiplier_0_U/buff0_reg.
DSP Report: operator mul_35ns_32s_64_3_1_U316/MPSQ_mul_35ns_32s_64_3_1_Multiplier_0_U/tmp_product is absorbed into DSP mul_35ns_32s_64_3_1_U316/MPSQ_mul_35ns_32s_64_3_1_Multiplier_0_U/buff0_reg.
DSP Report: operator mul_35ns_32s_64_3_1_U316/MPSQ_mul_35ns_32s_64_3_1_Multiplier_0_U/tmp_product is absorbed into DSP mul_35ns_32s_64_3_1_U316/MPSQ_mul_35ns_32s_64_3_1_Multiplier_0_U/buff0_reg.
INFO: [Synth 8-5845] Not enough pipeline registers after wide multiplier. Recommended levels of pipeline registers is 4 [C:/Users/zakkh/Dark_Matter/PartitionAcceleratorHLS/LargeCircuit_V1/LargeCircuit_V1.srcs/sources_1/imports/hdl/verilog/MPSQ_mul_35ns_32s_64_3_1.v:21]
DSP Report: Generating DSP mul_35ns_32s_64_3_1_U316/MPSQ_mul_35ns_32s_64_3_1_Multiplier_0_U/tmp_product, operation Mode is: A''*B''.
DSP Report: register mul_35ns_32s_64_3_1_U316/MPSQ_mul_35ns_32s_64_3_1_Multiplier_0_U/tmp_product is absorbed into DSP mul_35ns_32s_64_3_1_U316/MPSQ_mul_35ns_32s_64_3_1_Multiplier_0_U/tmp_product.
DSP Report: register mul_35ns_32s_64_3_1_U316/MPSQ_mul_35ns_32s_64_3_1_Multiplier_0_U/tmp_product is absorbed into DSP mul_35ns_32s_64_3_1_U316/MPSQ_mul_35ns_32s_64_3_1_Multiplier_0_U/tmp_product.
DSP Report: register radiiDivisionList_load_reg_308_reg is absorbed into DSP mul_35ns_32s_64_3_1_U316/MPSQ_mul_35ns_32s_64_3_1_Multiplier_0_U/tmp_product.
DSP Report: register mul_35ns_32s_64_3_1_U316/MPSQ_mul_35ns_32s_64_3_1_Multiplier_0_U/a_reg0_reg is absorbed into DSP mul_35ns_32s_64_3_1_U316/MPSQ_mul_35ns_32s_64_3_1_Multiplier_0_U/tmp_product.
DSP Report: operator mul_35ns_32s_64_3_1_U316/MPSQ_mul_35ns_32s_64_3_1_Multiplier_0_U/tmp_product is absorbed into DSP mul_35ns_32s_64_3_1_U316/MPSQ_mul_35ns_32s_64_3_1_Multiplier_0_U/tmp_product.
DSP Report: operator mul_35ns_32s_64_3_1_U316/MPSQ_mul_35ns_32s_64_3_1_Multiplier_0_U/tmp_product is absorbed into DSP mul_35ns_32s_64_3_1_U316/MPSQ_mul_35ns_32s_64_3_1_Multiplier_0_U/tmp_product.
DSP Report: Generating DSP mul_35ns_32s_64_3_1_U316/MPSQ_mul_35ns_32s_64_3_1_Multiplier_0_U/buff0_reg, operation Mode is: (PCIN>>17)+A''*B''.
DSP Report: register sub_ln162_reg_303_reg is absorbed into DSP mul_35ns_32s_64_3_1_U316/MPSQ_mul_35ns_32s_64_3_1_Multiplier_0_U/buff0_reg.
DSP Report: register mul_35ns_32s_64_3_1_U316/MPSQ_mul_35ns_32s_64_3_1_Multiplier_0_U/b_reg0_reg is absorbed into DSP mul_35ns_32s_64_3_1_U316/MPSQ_mul_35ns_32s_64_3_1_Multiplier_0_U/buff0_reg.
DSP Report: register radiiDivisionList_load_reg_308_reg is absorbed into DSP mul_35ns_32s_64_3_1_U316/MPSQ_mul_35ns_32s_64_3_1_Multiplier_0_U/buff0_reg.
DSP Report: register mul_35ns_32s_64_3_1_U316/MPSQ_mul_35ns_32s_64_3_1_Multiplier_0_U/a_reg0_reg is absorbed into DSP mul_35ns_32s_64_3_1_U316/MPSQ_mul_35ns_32s_64_3_1_Multiplier_0_U/buff0_reg.
DSP Report: register mul_35ns_32s_64_3_1_U316/MPSQ_mul_35ns_32s_64_3_1_Multiplier_0_U/buff0_reg is absorbed into DSP mul_35ns_32s_64_3_1_U316/MPSQ_mul_35ns_32s_64_3_1_Multiplier_0_U/buff0_reg.
DSP Report: operator mul_35ns_32s_64_3_1_U316/MPSQ_mul_35ns_32s_64_3_1_Multiplier_0_U/tmp_product is absorbed into DSP mul_35ns_32s_64_3_1_U316/MPSQ_mul_35ns_32s_64_3_1_Multiplier_0_U/buff0_reg.
DSP Report: operator mul_35ns_32s_64_3_1_U316/MPSQ_mul_35ns_32s_64_3_1_Multiplier_0_U/tmp_product is absorbed into DSP mul_35ns_32s_64_3_1_U316/MPSQ_mul_35ns_32s_64_3_1_Multiplier_0_U/buff0_reg.
DSP Report: Generating DSP mul_35ns_32s_64_3_1_U316/MPSQ_mul_35ns_32s_64_3_1_Multiplier_0_U/tmp_product, operation Mode is: A''*B''.
DSP Report: register mul_35ns_32s_64_3_1_U316/MPSQ_mul_35ns_32s_64_3_1_Multiplier_0_U/tmp_product is absorbed into DSP mul_35ns_32s_64_3_1_U316/MPSQ_mul_35ns_32s_64_3_1_Multiplier_0_U/tmp_product.
DSP Report: register mul_35ns_32s_64_3_1_U316/MPSQ_mul_35ns_32s_64_3_1_Multiplier_0_U/tmp_product is absorbed into DSP mul_35ns_32s_64_3_1_U316/MPSQ_mul_35ns_32s_64_3_1_Multiplier_0_U/tmp_product.
DSP Report: register mul_35ns_32s_64_3_1_U316/MPSQ_mul_35ns_32s_64_3_1_Multiplier_0_U/tmp_product is absorbed into DSP mul_35ns_32s_64_3_1_U316/MPSQ_mul_35ns_32s_64_3_1_Multiplier_0_U/tmp_product.
DSP Report: register mul_35ns_32s_64_3_1_U316/MPSQ_mul_35ns_32s_64_3_1_Multiplier_0_U/tmp_product is absorbed into DSP mul_35ns_32s_64_3_1_U316/MPSQ_mul_35ns_32s_64_3_1_Multiplier_0_U/tmp_product.
DSP Report: operator mul_35ns_32s_64_3_1_U316/MPSQ_mul_35ns_32s_64_3_1_Multiplier_0_U/tmp_product is absorbed into DSP mul_35ns_32s_64_3_1_U316/MPSQ_mul_35ns_32s_64_3_1_Multiplier_0_U/tmp_product.
DSP Report: operator mul_35ns_32s_64_3_1_U316/MPSQ_mul_35ns_32s_64_3_1_Multiplier_0_U/tmp_product is absorbed into DSP mul_35ns_32s_64_3_1_U316/MPSQ_mul_35ns_32s_64_3_1_Multiplier_0_U/tmp_product.
DSP Report: Generating DSP mul_35ns_32s_64_3_1_U316/MPSQ_mul_35ns_32s_64_3_1_Multiplier_0_U/buff0_reg, operation Mode is: (PCIN>>17)+A''*B''.
DSP Report: register sub_ln162_reg_303_reg is absorbed into DSP mul_35ns_32s_64_3_1_U316/MPSQ_mul_35ns_32s_64_3_1_Multiplier_0_U/buff0_reg.
DSP Report: register mul_35ns_32s_64_3_1_U316/MPSQ_mul_35ns_32s_64_3_1_Multiplier_0_U/b_reg0_reg is absorbed into DSP mul_35ns_32s_64_3_1_U316/MPSQ_mul_35ns_32s_64_3_1_Multiplier_0_U/buff0_reg.
DSP Report: register mul_35ns_32s_64_3_1_U316/MPSQ_mul_35ns_32s_64_3_1_Multiplier_0_U/buff0_reg is absorbed into DSP mul_35ns_32s_64_3_1_U316/MPSQ_mul_35ns_32s_64_3_1_Multiplier_0_U/buff0_reg.
DSP Report: register mul_35ns_32s_64_3_1_U316/MPSQ_mul_35ns_32s_64_3_1_Multiplier_0_U/buff0_reg is absorbed into DSP mul_35ns_32s_64_3_1_U316/MPSQ_mul_35ns_32s_64_3_1_Multiplier_0_U/buff0_reg.
DSP Report: register mul_35ns_32s_64_3_1_U316/MPSQ_mul_35ns_32s_64_3_1_Multiplier_0_U/buff0_reg is absorbed into DSP mul_35ns_32s_64_3_1_U316/MPSQ_mul_35ns_32s_64_3_1_Multiplier_0_U/buff0_reg.
DSP Report: operator mul_35ns_32s_64_3_1_U316/MPSQ_mul_35ns_32s_64_3_1_Multiplier_0_U/tmp_product is absorbed into DSP mul_35ns_32s_64_3_1_U316/MPSQ_mul_35ns_32s_64_3_1_Multiplier_0_U/buff0_reg.
DSP Report: operator mul_35ns_32s_64_3_1_U316/MPSQ_mul_35ns_32s_64_3_1_Multiplier_0_U/tmp_product is absorbed into DSP mul_35ns_32s_64_3_1_U316/MPSQ_mul_35ns_32s_64_3_1_Multiplier_0_U/buff0_reg.
INFO: [Synth 8-5845] Not enough pipeline registers after wide multiplier. Recommended levels of pipeline registers is 4 [C:/Users/zakkh/Dark_Matter/PartitionAcceleratorHLS/LargeCircuit_V1/LargeCircuit_V1.srcs/sources_1/imports/hdl/verilog/MPSQ_mul_35ns_32s_64_3_1.v:21]
DSP Report: Generating DSP mul_35ns_32s_64_3_1_U316/MPSQ_mul_35ns_32s_64_3_1_Multiplier_0_U/tmp_product, operation Mode is: A''*B''.
DSP Report: register mul_35ns_32s_64_3_1_U316/MPSQ_mul_35ns_32s_64_3_1_Multiplier_0_U/tmp_product is absorbed into DSP mul_35ns_32s_64_3_1_U316/MPSQ_mul_35ns_32s_64_3_1_Multiplier_0_U/tmp_product.
DSP Report: register mul_35ns_32s_64_3_1_U316/MPSQ_mul_35ns_32s_64_3_1_Multiplier_0_U/tmp_product is absorbed into DSP mul_35ns_32s_64_3_1_U316/MPSQ_mul_35ns_32s_64_3_1_Multiplier_0_U/tmp_product.
DSP Report: register radiiDivisionList_load_reg_308_reg is absorbed into DSP mul_35ns_32s_64_3_1_U316/MPSQ_mul_35ns_32s_64_3_1_Multiplier_0_U/tmp_product.
DSP Report: register mul_35ns_32s_64_3_1_U316/MPSQ_mul_35ns_32s_64_3_1_Multiplier_0_U/a_reg0_reg is absorbed into DSP mul_35ns_32s_64_3_1_U316/MPSQ_mul_35ns_32s_64_3_1_Multiplier_0_U/tmp_product.
DSP Report: operator mul_35ns_32s_64_3_1_U316/MPSQ_mul_35ns_32s_64_3_1_Multiplier_0_U/tmp_product is absorbed into DSP mul_35ns_32s_64_3_1_U316/MPSQ_mul_35ns_32s_64_3_1_Multiplier_0_U/tmp_product.
DSP Report: operator mul_35ns_32s_64_3_1_U316/MPSQ_mul_35ns_32s_64_3_1_Multiplier_0_U/tmp_product is absorbed into DSP mul_35ns_32s_64_3_1_U316/MPSQ_mul_35ns_32s_64_3_1_Multiplier_0_U/tmp_product.
DSP Report: Generating DSP mul_35ns_32s_64_3_1_U316/MPSQ_mul_35ns_32s_64_3_1_Multiplier_0_U/buff0_reg, operation Mode is: (PCIN>>17)+A''*B''.
DSP Report: register sub_ln162_reg_303_reg is absorbed into DSP mul_35ns_32s_64_3_1_U316/MPSQ_mul_35ns_32s_64_3_1_Multiplier_0_U/buff0_reg.
DSP Report: register mul_35ns_32s_64_3_1_U316/MPSQ_mul_35ns_32s_64_3_1_Multiplier_0_U/b_reg0_reg is absorbed into DSP mul_35ns_32s_64_3_1_U316/MPSQ_mul_35ns_32s_64_3_1_Multiplier_0_U/buff0_reg.
DSP Report: register radiiDivisionList_load_reg_308_reg is absorbed into DSP mul_35ns_32s_64_3_1_U316/MPSQ_mul_35ns_32s_64_3_1_Multiplier_0_U/buff0_reg.
DSP Report: register mul_35ns_32s_64_3_1_U316/MPSQ_mul_35ns_32s_64_3_1_Multiplier_0_U/a_reg0_reg is absorbed into DSP mul_35ns_32s_64_3_1_U316/MPSQ_mul_35ns_32s_64_3_1_Multiplier_0_U/buff0_reg.
DSP Report: register mul_35ns_32s_64_3_1_U316/MPSQ_mul_35ns_32s_64_3_1_Multiplier_0_U/buff0_reg is absorbed into DSP mul_35ns_32s_64_3_1_U316/MPSQ_mul_35ns_32s_64_3_1_Multiplier_0_U/buff0_reg.
DSP Report: operator mul_35ns_32s_64_3_1_U316/MPSQ_mul_35ns_32s_64_3_1_Multiplier_0_U/tmp_product is absorbed into DSP mul_35ns_32s_64_3_1_U316/MPSQ_mul_35ns_32s_64_3_1_Multiplier_0_U/buff0_reg.
DSP Report: operator mul_35ns_32s_64_3_1_U316/MPSQ_mul_35ns_32s_64_3_1_Multiplier_0_U/tmp_product is absorbed into DSP mul_35ns_32s_64_3_1_U316/MPSQ_mul_35ns_32s_64_3_1_Multiplier_0_U/buff0_reg.
DSP Report: Generating DSP mul_35ns_32s_64_3_1_U316/MPSQ_mul_35ns_32s_64_3_1_Multiplier_0_U/tmp_product, operation Mode is: A''*B''.
DSP Report: register mul_35ns_32s_64_3_1_U316/MPSQ_mul_35ns_32s_64_3_1_Multiplier_0_U/tmp_product is absorbed into DSP mul_35ns_32s_64_3_1_U316/MPSQ_mul_35ns_32s_64_3_1_Multiplier_0_U/tmp_product.
DSP Report: register mul_35ns_32s_64_3_1_U316/MPSQ_mul_35ns_32s_64_3_1_Multiplier_0_U/tmp_product is absorbed into DSP mul_35ns_32s_64_3_1_U316/MPSQ_mul_35ns_32s_64_3_1_Multiplier_0_U/tmp_product.
DSP Report: register mul_35ns_32s_64_3_1_U316/MPSQ_mul_35ns_32s_64_3_1_Multiplier_0_U/tmp_product is absorbed into DSP mul_35ns_32s_64_3_1_U316/MPSQ_mul_35ns_32s_64_3_1_Multiplier_0_U/tmp_product.
DSP Report: register mul_35ns_32s_64_3_1_U316/MPSQ_mul_35ns_32s_64_3_1_Multiplier_0_U/tmp_product is absorbed into DSP mul_35ns_32s_64_3_1_U316/MPSQ_mul_35ns_32s_64_3_1_Multiplier_0_U/tmp_product.
DSP Report: operator mul_35ns_32s_64_3_1_U316/MPSQ_mul_35ns_32s_64_3_1_Multiplier_0_U/tmp_product is absorbed into DSP mul_35ns_32s_64_3_1_U316/MPSQ_mul_35ns_32s_64_3_1_Multiplier_0_U/tmp_product.
DSP Report: operator mul_35ns_32s_64_3_1_U316/MPSQ_mul_35ns_32s_64_3_1_Multiplier_0_U/tmp_product is absorbed into DSP mul_35ns_32s_64_3_1_U316/MPSQ_mul_35ns_32s_64_3_1_Multiplier_0_U/tmp_product.
DSP Report: Generating DSP mul_35ns_32s_64_3_1_U316/MPSQ_mul_35ns_32s_64_3_1_Multiplier_0_U/buff0_reg, operation Mode is: (PCIN>>17)+A''*B''.
DSP Report: register sub_ln162_reg_303_reg is absorbed into DSP mul_35ns_32s_64_3_1_U316/MPSQ_mul_35ns_32s_64_3_1_Multiplier_0_U/buff0_reg.
DSP Report: register mul_35ns_32s_64_3_1_U316/MPSQ_mul_35ns_32s_64_3_1_Multiplier_0_U/b_reg0_reg is absorbed into DSP mul_35ns_32s_64_3_1_U316/MPSQ_mul_35ns_32s_64_3_1_Multiplier_0_U/buff0_reg.
DSP Report: register mul_35ns_32s_64_3_1_U316/MPSQ_mul_35ns_32s_64_3_1_Multiplier_0_U/buff0_reg is absorbed into DSP mul_35ns_32s_64_3_1_U316/MPSQ_mul_35ns_32s_64_3_1_Multiplier_0_U/buff0_reg.
DSP Report: register mul_35ns_32s_64_3_1_U316/MPSQ_mul_35ns_32s_64_3_1_Multiplier_0_U/buff0_reg is absorbed into DSP mul_35ns_32s_64_3_1_U316/MPSQ_mul_35ns_32s_64_3_1_Multiplier_0_U/buff0_reg.
DSP Report: register mul_35ns_32s_64_3_1_U316/MPSQ_mul_35ns_32s_64_3_1_Multiplier_0_U/buff0_reg is absorbed into DSP mul_35ns_32s_64_3_1_U316/MPSQ_mul_35ns_32s_64_3_1_Multiplier_0_U/buff0_reg.
DSP Report: operator mul_35ns_32s_64_3_1_U316/MPSQ_mul_35ns_32s_64_3_1_Multiplier_0_U/tmp_product is absorbed into DSP mul_35ns_32s_64_3_1_U316/MPSQ_mul_35ns_32s_64_3_1_Multiplier_0_U/buff0_reg.
DSP Report: operator mul_35ns_32s_64_3_1_U316/MPSQ_mul_35ns_32s_64_3_1_Multiplier_0_U/tmp_product is absorbed into DSP mul_35ns_32s_64_3_1_U316/MPSQ_mul_35ns_32s_64_3_1_Multiplier_0_U/buff0_reg.
INFO: [Synth 8-5845] Not enough pipeline registers after wide multiplier. Recommended levels of pipeline registers is 4 [C:/Users/zakkh/Dark_Matter/PartitionAcceleratorHLS/LargeCircuit_V1/LargeCircuit_V1.srcs/sources_1/imports/hdl/verilog/MPSQ_mul_35ns_32s_64_3_1.v:21]
DSP Report: Generating DSP mul_35ns_32s_64_3_1_U316/MPSQ_mul_35ns_32s_64_3_1_Multiplier_0_U/tmp_product, operation Mode is: A''*B''.
DSP Report: register mul_35ns_32s_64_3_1_U316/MPSQ_mul_35ns_32s_64_3_1_Multiplier_0_U/tmp_product is absorbed into DSP mul_35ns_32s_64_3_1_U316/MPSQ_mul_35ns_32s_64_3_1_Multiplier_0_U/tmp_product.
DSP Report: register mul_35ns_32s_64_3_1_U316/MPSQ_mul_35ns_32s_64_3_1_Multiplier_0_U/tmp_product is absorbed into DSP mul_35ns_32s_64_3_1_U316/MPSQ_mul_35ns_32s_64_3_1_Multiplier_0_U/tmp_product.
DSP Report: register radiiDivisionList_load_reg_308_reg is absorbed into DSP mul_35ns_32s_64_3_1_U316/MPSQ_mul_35ns_32s_64_3_1_Multiplier_0_U/tmp_product.
DSP Report: register mul_35ns_32s_64_3_1_U316/MPSQ_mul_35ns_32s_64_3_1_Multiplier_0_U/a_reg0_reg is absorbed into DSP mul_35ns_32s_64_3_1_U316/MPSQ_mul_35ns_32s_64_3_1_Multiplier_0_U/tmp_product.
DSP Report: operator mul_35ns_32s_64_3_1_U316/MPSQ_mul_35ns_32s_64_3_1_Multiplier_0_U/tmp_product is absorbed into DSP mul_35ns_32s_64_3_1_U316/MPSQ_mul_35ns_32s_64_3_1_Multiplier_0_U/tmp_product.
DSP Report: operator mul_35ns_32s_64_3_1_U316/MPSQ_mul_35ns_32s_64_3_1_Multiplier_0_U/tmp_product is absorbed into DSP mul_35ns_32s_64_3_1_U316/MPSQ_mul_35ns_32s_64_3_1_Multiplier_0_U/tmp_product.
DSP Report: Generating DSP mul_35ns_32s_64_3_1_U316/MPSQ_mul_35ns_32s_64_3_1_Multiplier_0_U/buff0_reg, operation Mode is: (PCIN>>17)+A''*B''.
DSP Report: register sub_ln162_reg_303_reg is absorbed into DSP mul_35ns_32s_64_3_1_U316/MPSQ_mul_35ns_32s_64_3_1_Multiplier_0_U/buff0_reg.
DSP Report: register mul_35ns_32s_64_3_1_U316/MPSQ_mul_35ns_32s_64_3_1_Multiplier_0_U/b_reg0_reg is absorbed into DSP mul_35ns_32s_64_3_1_U316/MPSQ_mul_35ns_32s_64_3_1_Multiplier_0_U/buff0_reg.
DSP Report: register radiiDivisionList_load_reg_308_reg is absorbed into DSP mul_35ns_32s_64_3_1_U316/MPSQ_mul_35ns_32s_64_3_1_Multiplier_0_U/buff0_reg.
DSP Report: register mul_35ns_32s_64_3_1_U316/MPSQ_mul_35ns_32s_64_3_1_Multiplier_0_U/a_reg0_reg is absorbed into DSP mul_35ns_32s_64_3_1_U316/MPSQ_mul_35ns_32s_64_3_1_Multiplier_0_U/buff0_reg.
DSP Report: register mul_35ns_32s_64_3_1_U316/MPSQ_mul_35ns_32s_64_3_1_Multiplier_0_U/buff0_reg is absorbed into DSP mul_35ns_32s_64_3_1_U316/MPSQ_mul_35ns_32s_64_3_1_Multiplier_0_U/buff0_reg.
DSP Report: operator mul_35ns_32s_64_3_1_U316/MPSQ_mul_35ns_32s_64_3_1_Multiplier_0_U/tmp_product is absorbed into DSP mul_35ns_32s_64_3_1_U316/MPSQ_mul_35ns_32s_64_3_1_Multiplier_0_U/buff0_reg.
DSP Report: operator mul_35ns_32s_64_3_1_U316/MPSQ_mul_35ns_32s_64_3_1_Multiplier_0_U/tmp_product is absorbed into DSP mul_35ns_32s_64_3_1_U316/MPSQ_mul_35ns_32s_64_3_1_Multiplier_0_U/buff0_reg.
DSP Report: Generating DSP mul_35ns_32s_64_3_1_U316/MPSQ_mul_35ns_32s_64_3_1_Multiplier_0_U/tmp_product, operation Mode is: A''*B''.
DSP Report: register mul_35ns_32s_64_3_1_U316/MPSQ_mul_35ns_32s_64_3_1_Multiplier_0_U/tmp_product is absorbed into DSP mul_35ns_32s_64_3_1_U316/MPSQ_mul_35ns_32s_64_3_1_Multiplier_0_U/tmp_product.
DSP Report: register mul_35ns_32s_64_3_1_U316/MPSQ_mul_35ns_32s_64_3_1_Multiplier_0_U/tmp_product is absorbed into DSP mul_35ns_32s_64_3_1_U316/MPSQ_mul_35ns_32s_64_3_1_Multiplier_0_U/tmp_product.
DSP Report: register mul_35ns_32s_64_3_1_U316/MPSQ_mul_35ns_32s_64_3_1_Multiplier_0_U/tmp_product is absorbed into DSP mul_35ns_32s_64_3_1_U316/MPSQ_mul_35ns_32s_64_3_1_Multiplier_0_U/tmp_product.
DSP Report: register mul_35ns_32s_64_3_1_U316/MPSQ_mul_35ns_32s_64_3_1_Multiplier_0_U/tmp_product is absorbed into DSP mul_35ns_32s_64_3_1_U316/MPSQ_mul_35ns_32s_64_3_1_Multiplier_0_U/tmp_product.
DSP Report: operator mul_35ns_32s_64_3_1_U316/MPSQ_mul_35ns_32s_64_3_1_Multiplier_0_U/tmp_product is absorbed into DSP mul_35ns_32s_64_3_1_U316/MPSQ_mul_35ns_32s_64_3_1_Multiplier_0_U/tmp_product.
DSP Report: operator mul_35ns_32s_64_3_1_U316/MPSQ_mul_35ns_32s_64_3_1_Multiplier_0_U/tmp_product is absorbed into DSP mul_35ns_32s_64_3_1_U316/MPSQ_mul_35ns_32s_64_3_1_Multiplier_0_U/tmp_product.
DSP Report: Generating DSP mul_35ns_32s_64_3_1_U316/MPSQ_mul_35ns_32s_64_3_1_Multiplier_0_U/buff0_reg, operation Mode is: (PCIN>>17)+A''*B''.
DSP Report: register sub_ln162_reg_303_reg is absorbed into DSP mul_35ns_32s_64_3_1_U316/MPSQ_mul_35ns_32s_64_3_1_Multiplier_0_U/buff0_reg.
DSP Report: register mul_35ns_32s_64_3_1_U316/MPSQ_mul_35ns_32s_64_3_1_Multiplier_0_U/b_reg0_reg is absorbed into DSP mul_35ns_32s_64_3_1_U316/MPSQ_mul_35ns_32s_64_3_1_Multiplier_0_U/buff0_reg.
DSP Report: register mul_35ns_32s_64_3_1_U316/MPSQ_mul_35ns_32s_64_3_1_Multiplier_0_U/buff0_reg is absorbed into DSP mul_35ns_32s_64_3_1_U316/MPSQ_mul_35ns_32s_64_3_1_Multiplier_0_U/buff0_reg.
DSP Report: register mul_35ns_32s_64_3_1_U316/MPSQ_mul_35ns_32s_64_3_1_Multiplier_0_U/buff0_reg is absorbed into DSP mul_35ns_32s_64_3_1_U316/MPSQ_mul_35ns_32s_64_3_1_Multiplier_0_U/buff0_reg.
DSP Report: register mul_35ns_32s_64_3_1_U316/MPSQ_mul_35ns_32s_64_3_1_Multiplier_0_U/buff0_reg is absorbed into DSP mul_35ns_32s_64_3_1_U316/MPSQ_mul_35ns_32s_64_3_1_Multiplier_0_U/buff0_reg.
DSP Report: operator mul_35ns_32s_64_3_1_U316/MPSQ_mul_35ns_32s_64_3_1_Multiplier_0_U/tmp_product is absorbed into DSP mul_35ns_32s_64_3_1_U316/MPSQ_mul_35ns_32s_64_3_1_Multiplier_0_U/buff0_reg.
DSP Report: operator mul_35ns_32s_64_3_1_U316/MPSQ_mul_35ns_32s_64_3_1_Multiplier_0_U/tmp_product is absorbed into DSP mul_35ns_32s_64_3_1_U316/MPSQ_mul_35ns_32s_64_3_1_Multiplier_0_U/buff0_reg.
INFO: [Synth 8-5845] Not enough pipeline registers after wide multiplier. Recommended levels of pipeline registers is 4 [C:/Users/zakkh/Dark_Matter/PartitionAcceleratorHLS/LargeCircuit_V1/LargeCircuit_V1.srcs/sources_1/imports/hdl/verilog/MPSQ_mul_35ns_32s_64_3_1.v:21]
DSP Report: Generating DSP mul_35ns_32s_64_3_1_U316/MPSQ_mul_35ns_32s_64_3_1_Multiplier_0_U/tmp_product, operation Mode is: A''*B''.
DSP Report: register mul_35ns_32s_64_3_1_U316/MPSQ_mul_35ns_32s_64_3_1_Multiplier_0_U/tmp_product is absorbed into DSP mul_35ns_32s_64_3_1_U316/MPSQ_mul_35ns_32s_64_3_1_Multiplier_0_U/tmp_product.
DSP Report: register mul_35ns_32s_64_3_1_U316/MPSQ_mul_35ns_32s_64_3_1_Multiplier_0_U/tmp_product is absorbed into DSP mul_35ns_32s_64_3_1_U316/MPSQ_mul_35ns_32s_64_3_1_Multiplier_0_U/tmp_product.
DSP Report: register radiiDivisionList_load_reg_308_reg is absorbed into DSP mul_35ns_32s_64_3_1_U316/MPSQ_mul_35ns_32s_64_3_1_Multiplier_0_U/tmp_product.
DSP Report: register mul_35ns_32s_64_3_1_U316/MPSQ_mul_35ns_32s_64_3_1_Multiplier_0_U/a_reg0_reg is absorbed into DSP mul_35ns_32s_64_3_1_U316/MPSQ_mul_35ns_32s_64_3_1_Multiplier_0_U/tmp_product.
DSP Report: operator mul_35ns_32s_64_3_1_U316/MPSQ_mul_35ns_32s_64_3_1_Multiplier_0_U/tmp_product is absorbed into DSP mul_35ns_32s_64_3_1_U316/MPSQ_mul_35ns_32s_64_3_1_Multiplier_0_U/tmp_product.
DSP Report: operator mul_35ns_32s_64_3_1_U316/MPSQ_mul_35ns_32s_64_3_1_Multiplier_0_U/tmp_product is absorbed into DSP mul_35ns_32s_64_3_1_U316/MPSQ_mul_35ns_32s_64_3_1_Multiplier_0_U/tmp_product.
DSP Report: Generating DSP mul_35ns_32s_64_3_1_U316/MPSQ_mul_35ns_32s_64_3_1_Multiplier_0_U/buff0_reg, operation Mode is: (PCIN>>17)+A''*B''.
DSP Report: register sub_ln162_reg_303_reg is absorbed into DSP mul_35ns_32s_64_3_1_U316/MPSQ_mul_35ns_32s_64_3_1_Multiplier_0_U/buff0_reg.
DSP Report: register mul_35ns_32s_64_3_1_U316/MPSQ_mul_35ns_32s_64_3_1_Multiplier_0_U/b_reg0_reg is absorbed into DSP mul_35ns_32s_64_3_1_U316/MPSQ_mul_35ns_32s_64_3_1_Multiplier_0_U/buff0_reg.
DSP Report: register radiiDivisionList_load_reg_308_reg is absorbed into DSP mul_35ns_32s_64_3_1_U316/MPSQ_mul_35ns_32s_64_3_1_Multiplier_0_U/buff0_reg.
DSP Report: register mul_35ns_32s_64_3_1_U316/MPSQ_mul_35ns_32s_64_3_1_Multiplier_0_U/a_reg0_reg is absorbed into DSP mul_35ns_32s_64_3_1_U316/MPSQ_mul_35ns_32s_64_3_1_Multiplier_0_U/buff0_reg.
DSP Report: register mul_35ns_32s_64_3_1_U316/MPSQ_mul_35ns_32s_64_3_1_Multiplier_0_U/buff0_reg is absorbed into DSP mul_35ns_32s_64_3_1_U316/MPSQ_mul_35ns_32s_64_3_1_Multiplier_0_U/buff0_reg.
DSP Report: operator mul_35ns_32s_64_3_1_U316/MPSQ_mul_35ns_32s_64_3_1_Multiplier_0_U/tmp_product is absorbed into DSP mul_35ns_32s_64_3_1_U316/MPSQ_mul_35ns_32s_64_3_1_Multiplier_0_U/buff0_reg.
DSP Report: operator mul_35ns_32s_64_3_1_U316/MPSQ_mul_35ns_32s_64_3_1_Multiplier_0_U/tmp_product is absorbed into DSP mul_35ns_32s_64_3_1_U316/MPSQ_mul_35ns_32s_64_3_1_Multiplier_0_U/buff0_reg.
DSP Report: Generating DSP mul_35ns_32s_64_3_1_U316/MPSQ_mul_35ns_32s_64_3_1_Multiplier_0_U/tmp_product, operation Mode is: A''*B''.
DSP Report: register mul_35ns_32s_64_3_1_U316/MPSQ_mul_35ns_32s_64_3_1_Multiplier_0_U/tmp_product is absorbed into DSP mul_35ns_32s_64_3_1_U316/MPSQ_mul_35ns_32s_64_3_1_Multiplier_0_U/tmp_product.
DSP Report: register mul_35ns_32s_64_3_1_U316/MPSQ_mul_35ns_32s_64_3_1_Multiplier_0_U/tmp_product is absorbed into DSP mul_35ns_32s_64_3_1_U316/MPSQ_mul_35ns_32s_64_3_1_Multiplier_0_U/tmp_product.
DSP Report: register mul_35ns_32s_64_3_1_U316/MPSQ_mul_35ns_32s_64_3_1_Multiplier_0_U/tmp_product is absorbed into DSP mul_35ns_32s_64_3_1_U316/MPSQ_mul_35ns_32s_64_3_1_Multiplier_0_U/tmp_product.
DSP Report: register mul_35ns_32s_64_3_1_U316/MPSQ_mul_35ns_32s_64_3_1_Multiplier_0_U/tmp_product is absorbed into DSP mul_35ns_32s_64_3_1_U316/MPSQ_mul_35ns_32s_64_3_1_Multiplier_0_U/tmp_product.
DSP Report: operator mul_35ns_32s_64_3_1_U316/MPSQ_mul_35ns_32s_64_3_1_Multiplier_0_U/tmp_product is absorbed into DSP mul_35ns_32s_64_3_1_U316/MPSQ_mul_35ns_32s_64_3_1_Multiplier_0_U/tmp_product.
DSP Report: operator mul_35ns_32s_64_3_1_U316/MPSQ_mul_35ns_32s_64_3_1_Multiplier_0_U/tmp_product is absorbed into DSP mul_35ns_32s_64_3_1_U316/MPSQ_mul_35ns_32s_64_3_1_Multiplier_0_U/tmp_product.
DSP Report: Generating DSP mul_35ns_32s_64_3_1_U316/MPSQ_mul_35ns_32s_64_3_1_Multiplier_0_U/buff0_reg, operation Mode is: (PCIN>>17)+A''*B''.
DSP Report: register sub_ln162_reg_303_reg is absorbed into DSP mul_35ns_32s_64_3_1_U316/MPSQ_mul_35ns_32s_64_3_1_Multiplier_0_U/buff0_reg.
DSP Report: register mul_35ns_32s_64_3_1_U316/MPSQ_mul_35ns_32s_64_3_1_Multiplier_0_U/b_reg0_reg is absorbed into DSP mul_35ns_32s_64_3_1_U316/MPSQ_mul_35ns_32s_64_3_1_Multiplier_0_U/buff0_reg.
DSP Report: register mul_35ns_32s_64_3_1_U316/MPSQ_mul_35ns_32s_64_3_1_Multiplier_0_U/buff0_reg is absorbed into DSP mul_35ns_32s_64_3_1_U316/MPSQ_mul_35ns_32s_64_3_1_Multiplier_0_U/buff0_reg.
DSP Report: register mul_35ns_32s_64_3_1_U316/MPSQ_mul_35ns_32s_64_3_1_Multiplier_0_U/buff0_reg is absorbed into DSP mul_35ns_32s_64_3_1_U316/MPSQ_mul_35ns_32s_64_3_1_Multiplier_0_U/buff0_reg.
DSP Report: register mul_35ns_32s_64_3_1_U316/MPSQ_mul_35ns_32s_64_3_1_Multiplier_0_U/buff0_reg is absorbed into DSP mul_35ns_32s_64_3_1_U316/MPSQ_mul_35ns_32s_64_3_1_Multiplier_0_U/buff0_reg.
DSP Report: operator mul_35ns_32s_64_3_1_U316/MPSQ_mul_35ns_32s_64_3_1_Multiplier_0_U/tmp_product is absorbed into DSP mul_35ns_32s_64_3_1_U316/MPSQ_mul_35ns_32s_64_3_1_Multiplier_0_U/buff0_reg.
DSP Report: operator mul_35ns_32s_64_3_1_U316/MPSQ_mul_35ns_32s_64_3_1_Multiplier_0_U/tmp_product is absorbed into DSP mul_35ns_32s_64_3_1_U316/MPSQ_mul_35ns_32s_64_3_1_Multiplier_0_U/buff0_reg.
INFO: [Synth 8-5845] Not enough pipeline registers after wide multiplier. Recommended levels of pipeline registers is 4 [C:/Users/zakkh/Dark_Matter/PartitionAcceleratorHLS/LargeCircuit_V1/LargeCircuit_V1.srcs/sources_1/imports/hdl/verilog/MPSQ_mul_35ns_32s_64_3_1.v:21]
DSP Report: Generating DSP mul_35ns_32s_64_3_1_U316/MPSQ_mul_35ns_32s_64_3_1_Multiplier_0_U/tmp_product, operation Mode is: A''*B''.
DSP Report: register mul_35ns_32s_64_3_1_U316/MPSQ_mul_35ns_32s_64_3_1_Multiplier_0_U/tmp_product is absorbed into DSP mul_35ns_32s_64_3_1_U316/MPSQ_mul_35ns_32s_64_3_1_Multiplier_0_U/tmp_product.
DSP Report: register mul_35ns_32s_64_3_1_U316/MPSQ_mul_35ns_32s_64_3_1_Multiplier_0_U/tmp_product is absorbed into DSP mul_35ns_32s_64_3_1_U316/MPSQ_mul_35ns_32s_64_3_1_Multiplier_0_U/tmp_product.
DSP Report: register radiiDivisionList_load_reg_308_reg is absorbed into DSP mul_35ns_32s_64_3_1_U316/MPSQ_mul_35ns_32s_64_3_1_Multiplier_0_U/tmp_product.
DSP Report: register mul_35ns_32s_64_3_1_U316/MPSQ_mul_35ns_32s_64_3_1_Multiplier_0_U/a_reg0_reg is absorbed into DSP mul_35ns_32s_64_3_1_U316/MPSQ_mul_35ns_32s_64_3_1_Multiplier_0_U/tmp_product.
DSP Report: operator mul_35ns_32s_64_3_1_U316/MPSQ_mul_35ns_32s_64_3_1_Multiplier_0_U/tmp_product is absorbed into DSP mul_35ns_32s_64_3_1_U316/MPSQ_mul_35ns_32s_64_3_1_Multiplier_0_U/tmp_product.
DSP Report: operator mul_35ns_32s_64_3_1_U316/MPSQ_mul_35ns_32s_64_3_1_Multiplier_0_U/tmp_product is absorbed into DSP mul_35ns_32s_64_3_1_U316/MPSQ_mul_35ns_32s_64_3_1_Multiplier_0_U/tmp_product.
DSP Report: Generating DSP mul_35ns_32s_64_3_1_U316/MPSQ_mul_35ns_32s_64_3_1_Multiplier_0_U/buff0_reg, operation Mode is: (PCIN>>17)+A''*B''.
DSP Report: register sub_ln162_reg_303_reg is absorbed into DSP mul_35ns_32s_64_3_1_U316/MPSQ_mul_35ns_32s_64_3_1_Multiplier_0_U/buff0_reg.
DSP Report: register mul_35ns_32s_64_3_1_U316/MPSQ_mul_35ns_32s_64_3_1_Multiplier_0_U/b_reg0_reg is absorbed into DSP mul_35ns_32s_64_3_1_U316/MPSQ_mul_35ns_32s_64_3_1_Multiplier_0_U/buff0_reg.
DSP Report: register radiiDivisionList_load_reg_308_reg is absorbed into DSP mul_35ns_32s_64_3_1_U316/MPSQ_mul_35ns_32s_64_3_1_Multiplier_0_U/buff0_reg.
DSP Report: register mul_35ns_32s_64_3_1_U316/MPSQ_mul_35ns_32s_64_3_1_Multiplier_0_U/a_reg0_reg is absorbed into DSP mul_35ns_32s_64_3_1_U316/MPSQ_mul_35ns_32s_64_3_1_Multiplier_0_U/buff0_reg.
DSP Report: register mul_35ns_32s_64_3_1_U316/MPSQ_mul_35ns_32s_64_3_1_Multiplier_0_U/buff0_reg is absorbed into DSP mul_35ns_32s_64_3_1_U316/MPSQ_mul_35ns_32s_64_3_1_Multiplier_0_U/buff0_reg.
DSP Report: operator mul_35ns_32s_64_3_1_U316/MPSQ_mul_35ns_32s_64_3_1_Multiplier_0_U/tmp_product is absorbed into DSP mul_35ns_32s_64_3_1_U316/MPSQ_mul_35ns_32s_64_3_1_Multiplier_0_U/buff0_reg.
DSP Report: operator mul_35ns_32s_64_3_1_U316/MPSQ_mul_35ns_32s_64_3_1_Multiplier_0_U/tmp_product is absorbed into DSP mul_35ns_32s_64_3_1_U316/MPSQ_mul_35ns_32s_64_3_1_Multiplier_0_U/buff0_reg.
DSP Report: Generating DSP mul_35ns_32s_64_3_1_U316/MPSQ_mul_35ns_32s_64_3_1_Multiplier_0_U/tmp_product, operation Mode is: A''*B''.
DSP Report: register mul_35ns_32s_64_3_1_U316/MPSQ_mul_35ns_32s_64_3_1_Multiplier_0_U/tmp_product is absorbed into DSP mul_35ns_32s_64_3_1_U316/MPSQ_mul_35ns_32s_64_3_1_Multiplier_0_U/tmp_product.
DSP Report: register mul_35ns_32s_64_3_1_U316/MPSQ_mul_35ns_32s_64_3_1_Multiplier_0_U/tmp_product is absorbed into DSP mul_35ns_32s_64_3_1_U316/MPSQ_mul_35ns_32s_64_3_1_Multiplier_0_U/tmp_product.
DSP Report: register mul_35ns_32s_64_3_1_U316/MPSQ_mul_35ns_32s_64_3_1_Multiplier_0_U/tmp_product is absorbed into DSP mul_35ns_32s_64_3_1_U316/MPSQ_mul_35ns_32s_64_3_1_Multiplier_0_U/tmp_product.
DSP Report: register mul_35ns_32s_64_3_1_U316/MPSQ_mul_35ns_32s_64_3_1_Multiplier_0_U/tmp_product is absorbed into DSP mul_35ns_32s_64_3_1_U316/MPSQ_mul_35ns_32s_64_3_1_Multiplier_0_U/tmp_product.
DSP Report: operator mul_35ns_32s_64_3_1_U316/MPSQ_mul_35ns_32s_64_3_1_Multiplier_0_U/tmp_product is absorbed into DSP mul_35ns_32s_64_3_1_U316/MPSQ_mul_35ns_32s_64_3_1_Multiplier_0_U/tmp_product.
DSP Report: operator mul_35ns_32s_64_3_1_U316/MPSQ_mul_35ns_32s_64_3_1_Multiplier_0_U/tmp_product is absorbed into DSP mul_35ns_32s_64_3_1_U316/MPSQ_mul_35ns_32s_64_3_1_Multiplier_0_U/tmp_product.
DSP Report: Generating DSP mul_35ns_32s_64_3_1_U316/MPSQ_mul_35ns_32s_64_3_1_Multiplier_0_U/buff0_reg, operation Mode is: (PCIN>>17)+A''*B''.
DSP Report: register sub_ln162_reg_303_reg is absorbed into DSP mul_35ns_32s_64_3_1_U316/MPSQ_mul_35ns_32s_64_3_1_Multiplier_0_U/buff0_reg.
DSP Report: register mul_35ns_32s_64_3_1_U316/MPSQ_mul_35ns_32s_64_3_1_Multiplier_0_U/b_reg0_reg is absorbed into DSP mul_35ns_32s_64_3_1_U316/MPSQ_mul_35ns_32s_64_3_1_Multiplier_0_U/buff0_reg.
DSP Report: register mul_35ns_32s_64_3_1_U316/MPSQ_mul_35ns_32s_64_3_1_Multiplier_0_U/buff0_reg is absorbed into DSP mul_35ns_32s_64_3_1_U316/MPSQ_mul_35ns_32s_64_3_1_Multiplier_0_U/buff0_reg.
DSP Report: register mul_35ns_32s_64_3_1_U316/MPSQ_mul_35ns_32s_64_3_1_Multiplier_0_U/buff0_reg is absorbed into DSP mul_35ns_32s_64_3_1_U316/MPSQ_mul_35ns_32s_64_3_1_Multiplier_0_U/buff0_reg.
DSP Report: register mul_35ns_32s_64_3_1_U316/MPSQ_mul_35ns_32s_64_3_1_Multiplier_0_U/buff0_reg is absorbed into DSP mul_35ns_32s_64_3_1_U316/MPSQ_mul_35ns_32s_64_3_1_Multiplier_0_U/buff0_reg.
DSP Report: operator mul_35ns_32s_64_3_1_U316/MPSQ_mul_35ns_32s_64_3_1_Multiplier_0_U/tmp_product is absorbed into DSP mul_35ns_32s_64_3_1_U316/MPSQ_mul_35ns_32s_64_3_1_Multiplier_0_U/buff0_reg.
DSP Report: operator mul_35ns_32s_64_3_1_U316/MPSQ_mul_35ns_32s_64_3_1_Multiplier_0_U/tmp_product is absorbed into DSP mul_35ns_32s_64_3_1_U316/MPSQ_mul_35ns_32s_64_3_1_Multiplier_0_U/buff0_reg.
INFO: [Synth 8-5845] Not enough pipeline registers after wide multiplier. Recommended levels of pipeline registers is 4 [C:/Users/zakkh/Dark_Matter/PartitionAcceleratorHLS/LargeCircuit_V1/LargeCircuit_V1.srcs/sources_1/imports/hdl/verilog/MPSQ_mul_35ns_32s_64_3_1.v:21]
DSP Report: Generating DSP mul_35ns_32s_64_3_1_U316/MPSQ_mul_35ns_32s_64_3_1_Multiplier_0_U/tmp_product, operation Mode is: A''*B''.
DSP Report: register mul_35ns_32s_64_3_1_U316/MPSQ_mul_35ns_32s_64_3_1_Multiplier_0_U/tmp_product is absorbed into DSP mul_35ns_32s_64_3_1_U316/MPSQ_mul_35ns_32s_64_3_1_Multiplier_0_U/tmp_product.
DSP Report: register mul_35ns_32s_64_3_1_U316/MPSQ_mul_35ns_32s_64_3_1_Multiplier_0_U/tmp_product is absorbed into DSP mul_35ns_32s_64_3_1_U316/MPSQ_mul_35ns_32s_64_3_1_Multiplier_0_U/tmp_product.
DSP Report: register radiiDivisionList_load_reg_308_reg is absorbed into DSP mul_35ns_32s_64_3_1_U316/MPSQ_mul_35ns_32s_64_3_1_Multiplier_0_U/tmp_product.
DSP Report: register mul_35ns_32s_64_3_1_U316/MPSQ_mul_35ns_32s_64_3_1_Multiplier_0_U/a_reg0_reg is absorbed into DSP mul_35ns_32s_64_3_1_U316/MPSQ_mul_35ns_32s_64_3_1_Multiplier_0_U/tmp_product.
DSP Report: operator mul_35ns_32s_64_3_1_U316/MPSQ_mul_35ns_32s_64_3_1_Multiplier_0_U/tmp_product is absorbed into DSP mul_35ns_32s_64_3_1_U316/MPSQ_mul_35ns_32s_64_3_1_Multiplier_0_U/tmp_product.
DSP Report: operator mul_35ns_32s_64_3_1_U316/MPSQ_mul_35ns_32s_64_3_1_Multiplier_0_U/tmp_product is absorbed into DSP mul_35ns_32s_64_3_1_U316/MPSQ_mul_35ns_32s_64_3_1_Multiplier_0_U/tmp_product.
DSP Report: Generating DSP mul_35ns_32s_64_3_1_U316/MPSQ_mul_35ns_32s_64_3_1_Multiplier_0_U/buff0_reg, operation Mode is: (PCIN>>17)+A''*B''.
DSP Report: register sub_ln162_reg_303_reg is absorbed into DSP mul_35ns_32s_64_3_1_U316/MPSQ_mul_35ns_32s_64_3_1_Multiplier_0_U/buff0_reg.
DSP Report: register mul_35ns_32s_64_3_1_U316/MPSQ_mul_35ns_32s_64_3_1_Multiplier_0_U/b_reg0_reg is absorbed into DSP mul_35ns_32s_64_3_1_U316/MPSQ_mul_35ns_32s_64_3_1_Multiplier_0_U/buff0_reg.
DSP Report: register radiiDivisionList_load_reg_308_reg is absorbed into DSP mul_35ns_32s_64_3_1_U316/MPSQ_mul_35ns_32s_64_3_1_Multiplier_0_U/buff0_reg.
DSP Report: register mul_35ns_32s_64_3_1_U316/MPSQ_mul_35ns_32s_64_3_1_Multiplier_0_U/a_reg0_reg is absorbed into DSP mul_35ns_32s_64_3_1_U316/MPSQ_mul_35ns_32s_64_3_1_Multiplier_0_U/buff0_reg.
DSP Report: register mul_35ns_32s_64_3_1_U316/MPSQ_mul_35ns_32s_64_3_1_Multiplier_0_U/buff0_reg is absorbed into DSP mul_35ns_32s_64_3_1_U316/MPSQ_mul_35ns_32s_64_3_1_Multiplier_0_U/buff0_reg.
DSP Report: operator mul_35ns_32s_64_3_1_U316/MPSQ_mul_35ns_32s_64_3_1_Multiplier_0_U/tmp_product is absorbed into DSP mul_35ns_32s_64_3_1_U316/MPSQ_mul_35ns_32s_64_3_1_Multiplier_0_U/buff0_reg.
DSP Report: operator mul_35ns_32s_64_3_1_U316/MPSQ_mul_35ns_32s_64_3_1_Multiplier_0_U/tmp_product is absorbed into DSP mul_35ns_32s_64_3_1_U316/MPSQ_mul_35ns_32s_64_3_1_Multiplier_0_U/buff0_reg.
DSP Report: Generating DSP mul_35ns_32s_64_3_1_U316/MPSQ_mul_35ns_32s_64_3_1_Multiplier_0_U/tmp_product, operation Mode is: A''*B''.
DSP Report: register mul_35ns_32s_64_3_1_U316/MPSQ_mul_35ns_32s_64_3_1_Multiplier_0_U/tmp_product is absorbed into DSP mul_35ns_32s_64_3_1_U316/MPSQ_mul_35ns_32s_64_3_1_Multiplier_0_U/tmp_product.
DSP Report: register mul_35ns_32s_64_3_1_U316/MPSQ_mul_35ns_32s_64_3_1_Multiplier_0_U/tmp_product is absorbed into DSP mul_35ns_32s_64_3_1_U316/MPSQ_mul_35ns_32s_64_3_1_Multiplier_0_U/tmp_product.
DSP Report: register mul_35ns_32s_64_3_1_U316/MPSQ_mul_35ns_32s_64_3_1_Multiplier_0_U/tmp_product is absorbed into DSP mul_35ns_32s_64_3_1_U316/MPSQ_mul_35ns_32s_64_3_1_Multiplier_0_U/tmp_product.
DSP Report: register mul_35ns_32s_64_3_1_U316/MPSQ_mul_35ns_32s_64_3_1_Multiplier_0_U/tmp_product is absorbed into DSP mul_35ns_32s_64_3_1_U316/MPSQ_mul_35ns_32s_64_3_1_Multiplier_0_U/tmp_product.
DSP Report: operator mul_35ns_32s_64_3_1_U316/MPSQ_mul_35ns_32s_64_3_1_Multiplier_0_U/tmp_product is absorbed into DSP mul_35ns_32s_64_3_1_U316/MPSQ_mul_35ns_32s_64_3_1_Multiplier_0_U/tmp_product.
DSP Report: operator mul_35ns_32s_64_3_1_U316/MPSQ_mul_35ns_32s_64_3_1_Multiplier_0_U/tmp_product is absorbed into DSP mul_35ns_32s_64_3_1_U316/MPSQ_mul_35ns_32s_64_3_1_Multiplier_0_U/tmp_product.
DSP Report: Generating DSP mul_35ns_32s_64_3_1_U316/MPSQ_mul_35ns_32s_64_3_1_Multiplier_0_U/buff0_reg, operation Mode is: (PCIN>>17)+A''*B''.
DSP Report: register sub_ln162_reg_303_reg is absorbed into DSP mul_35ns_32s_64_3_1_U316/MPSQ_mul_35ns_32s_64_3_1_Multiplier_0_U/buff0_reg.
DSP Report: register mul_35ns_32s_64_3_1_U316/MPSQ_mul_35ns_32s_64_3_1_Multiplier_0_U/b_reg0_reg is absorbed into DSP mul_35ns_32s_64_3_1_U316/MPSQ_mul_35ns_32s_64_3_1_Multiplier_0_U/buff0_reg.
DSP Report: register mul_35ns_32s_64_3_1_U316/MPSQ_mul_35ns_32s_64_3_1_Multiplier_0_U/buff0_reg is absorbed into DSP mul_35ns_32s_64_3_1_U316/MPSQ_mul_35ns_32s_64_3_1_Multiplier_0_U/buff0_reg.
DSP Report: register mul_35ns_32s_64_3_1_U316/MPSQ_mul_35ns_32s_64_3_1_Multiplier_0_U/buff0_reg is absorbed into DSP mul_35ns_32s_64_3_1_U316/MPSQ_mul_35ns_32s_64_3_1_Multiplier_0_U/buff0_reg.
DSP Report: register mul_35ns_32s_64_3_1_U316/MPSQ_mul_35ns_32s_64_3_1_Multiplier_0_U/buff0_reg is absorbed into DSP mul_35ns_32s_64_3_1_U316/MPSQ_mul_35ns_32s_64_3_1_Multiplier_0_U/buff0_reg.
DSP Report: operator mul_35ns_32s_64_3_1_U316/MPSQ_mul_35ns_32s_64_3_1_Multiplier_0_U/tmp_product is absorbed into DSP mul_35ns_32s_64_3_1_U316/MPSQ_mul_35ns_32s_64_3_1_Multiplier_0_U/buff0_reg.
DSP Report: operator mul_35ns_32s_64_3_1_U316/MPSQ_mul_35ns_32s_64_3_1_Multiplier_0_U/tmp_product is absorbed into DSP mul_35ns_32s_64_3_1_U316/MPSQ_mul_35ns_32s_64_3_1_Multiplier_0_U/buff0_reg.
INFO: [Synth 8-3886] merging instance 'grp_straightLineProjectorFromLayerIJtoK_fu_298/sub_ln160_1_reg_269_reg[0]' (FDE) to 'grp_straightLineProjectorFromLayerIJtoK_fu_298/neg4_reg_287_reg[0]'
INFO: [Synth 8-3886] merging instance 'grp_straightLineProjectorFromLayerIJtoK_fu_298/sub_ln160_reg_258_reg[2]' (FDE) to 'grp_straightLineProjectorFromLayerIJtoK_fu_298/neg4_reg_287_reg[0]'
INFO: [Synth 8-3886] merging instance 'grp_straightLineProjectorFromLayerIJtoK_fu_298/neg4_reg_287_reg[0]' (FDE) to 'grp_straightLineProjectorFromLayerIJtoK_fu_298/neg4_reg_287_reg[2]'
INFO: [Synth 8-3886] merging instance 'grp_straightLineProjectorFromLayerIJtoK_fu_298/sub_ln160_1_reg_269_reg[1]' (FDE) to 'grp_straightLineProjectorFromLayerIJtoK_fu_298/neg4_reg_287_reg[2]'
INFO: [Synth 8-3886] merging instance 'grp_straightLineProjectorFromLayerIJtoK_fu_298/neg4_reg_287_reg[1]' (FDE) to 'grp_straightLineProjectorFromLayerIJtoK_fu_298/trunc_ln160_reg_263_reg[0]'
INFO: [Synth 8-3886] merging instance 'grp_straightLineProjectorFromLayerIJtoK_fu_298/sub_ln160_reg_258_reg[0]' (FDE) to 'grp_straightLineProjectorFromLayerIJtoK_fu_298/trunc_ln160_reg_263_reg[0]'
INFO: [Synth 8-3886] merging instance 'grp_straightLineProjectorFromLayerIJtoK_fu_298/sub_ln160_reg_258_reg[1]' (FDE) to 'grp_straightLineProjectorFromLayerIJtoK_fu_298/trunc_ln160_reg_263_reg[0]'
INFO: [Synth 8-3886] merging instance 'grp_straightLineProjectorFromLayerIJtoK_fu_298/neg4_reg_287_reg[3]' (FDE) to 'grp_straightLineProjectorFromLayerIJtoK_fu_298/neg4_reg_287_reg[2]'
INFO: [Synth 8-3886] merging instance 'grp_straightLineProjectorFromLayerIJtoK_fu_298/sub_ln160_1_reg_269_reg[2]' (FDE) to 'grp_straightLineProjectorFromLayerIJtoK_fu_298/trunc_ln160_reg_263_reg[0]'
INFO: [Synth 8-3886] merging instance 'grp_straightLineProjectorFromLayerIJtoK_fu_298/neg4_reg_287_reg[2]' (FDE) to 'grp_straightLineProjectorFromLayerIJtoK_fu_298/trunc_ln160_reg_263_reg[2]'
INFO: [Synth 8-3886] merging instance 'grp_straightLineProjectorFromLayerIJtoK_fu_298/trunc_ln160_reg_263_reg[1]' (FDE) to 'grp_straightLineProjectorFromLayerIJtoK_fu_298/trunc_ln160_reg_263_reg[0]'
INFO: [Synth 8-3886] merging instance 'grp_straightLineProjectorFromLayerIJtoK_fu_298/trunc_ln160_reg_263_reg[0]' (FDE) to 'grp_straightLineProjectorFromLayerIJtoK_fu_298/sub_ln160_reg_258_reg[3]'
INFO: [Synth 8-3886] merging instance 'grp_straightLineProjectorFromLayerIJtoK_fu_298/trunc_ln160_reg_263_reg[2]' (FDE) to 'grp_straightLineProjectorFromLayerIJtoK_fu_298/icmp_ln160_reg_275_reg[0]'
INFO: [Synth 8-3886] merging instance 'grp_straightLineProjectorFromLayerIJtoK_fu_238/sub_ln160_1_reg_269_reg[0]' (FDE) to 'grp_straightLineProjectorFromLayerIJtoK_fu_238/neg4_reg_287_reg[0]'
INFO: [Synth 8-3886] merging instance 'grp_straightLineProjectorFromLayerIJtoK_fu_238/sub_ln160_reg_258_reg[0]' (FDE) to 'grp_straightLineProjectorFromLayerIJtoK_fu_238/neg4_reg_287_reg[0]'
INFO: [Synth 8-3886] merging instance 'grp_straightLineProjectorFromLayerIJtoK_fu_238/sub_ln160_reg_258_reg[1]' (FDE) to 'grp_straightLineProjectorFromLayerIJtoK_fu_238/neg4_reg_287_reg[0]'
INFO: [Synth 8-3886] merging instance 'grp_straightLineProjectorFromLayerIJtoK_fu_238/neg4_reg_287_reg[0]' (FDE) to 'grp_straightLineProjectorFromLayerIJtoK_fu_238/trunc_ln160_reg_263_reg[0]'
INFO: [Synth 8-3886] merging instance 'grp_straightLineProjectorFromLayerIJtoK_fu_238/sub_ln160_1_reg_269_reg[1]' (FDE) to 'grp_straightLineProjectorFromLayerIJtoK_fu_238/neg4_reg_287_reg[1]'
INFO: [Synth 8-3886] merging instance 'grp_straightLineProjectorFromLayerIJtoK_fu_238/sub_ln160_reg_258_reg[2]' (FDE) to 'grp_straightLineProjectorFromLayerIJtoK_fu_238/neg4_reg_287_reg[1]'
INFO: [Synth 8-3886] merging instance 'grp_straightLineProjectorFromLayerIJtoK_fu_238/neg4_reg_287_reg[1]' (FDE) to 'grp_straightLineProjectorFromLayerIJtoK_fu_238/neg4_reg_287_reg[2]'
INFO: [Synth 8-3886] merging instance 'grp_straightLineProjectorFromLayerIJtoK_fu_238/neg4_reg_287_reg[3]' (FDE) to 'grp_straightLineProjectorFromLayerIJtoK_fu_238/neg4_reg_287_reg[2]'
INFO: [Synth 8-3886] merging instance 'grp_straightLineProjectorFromLayerIJtoK_fu_238/sub_ln160_1_reg_269_reg[2]' (FDE) to 'grp_straightLineProjectorFromLayerIJtoK_fu_238/trunc_ln160_reg_263_reg[0]'
INFO: [Synth 8-3886] merging instance 'grp_straightLineProjectorFromLayerIJtoK_fu_238/neg4_reg_287_reg[2]' (FDE) to 'grp_straightLineProjectorFromLayerIJtoK_fu_238/trunc_ln160_reg_263_reg[2]'
INFO: [Synth 8-3886] merging instance 'grp_straightLineProjectorFromLayerIJtoK_fu_238/trunc_ln160_reg_263_reg[1]' (FDE) to 'grp_straightLineProjectorFromLayerIJtoK_fu_238/trunc_ln160_reg_263_reg[0]'
INFO: [Synth 8-3886] merging instance 'grp_straightLineProjectorFromLayerIJtoK_fu_238/trunc_ln160_reg_263_reg[0]' (FDE) to 'grp_straightLineProjectorFromLayerIJtoK_fu_238/sub_ln160_reg_258_reg[3]'
INFO: [Synth 8-3886] merging instance 'grp_straightLineProjectorFromLayerIJtoK_fu_238/trunc_ln160_reg_263_reg[2]' (FDE) to 'grp_straightLineProjectorFromLayerIJtoK_fu_238/icmp_ln160_reg_275_reg[0]'
INFO: [Synth 8-3886] merging instance 'grp_straightLineProjectorFromLayerIJtoK_fu_313/sub_ln160_1_reg_269_reg[0]' (FDE) to 'grp_straightLineProjectorFromLayerIJtoK_fu_313/neg4_reg_287_reg[0]'
INFO: [Synth 8-3886] merging instance 'grp_straightLineProjectorFromLayerIJtoK_fu_313/sub_ln160_reg_258_reg[2]' (FDE) to 'grp_straightLineProjectorFromLayerIJtoK_fu_313/neg4_reg_287_reg[0]'
INFO: [Synth 8-3886] merging instance 'grp_straightLineProjectorFromLayerIJtoK_fu_313/neg4_reg_287_reg[0]' (FDE) to 'grp_straightLineProjectorFromLayerIJtoK_fu_313/neg4_reg_287_reg[2]'
INFO: [Synth 8-3886] merging instance 'grp_straightLineProjectorFromLayerIJtoK_fu_313/sub_ln160_1_reg_269_reg[1]' (FDE) to 'grp_straightLineProjectorFromLayerIJtoK_fu_313/neg4_reg_287_reg[2]'
INFO: [Synth 8-3886] merging instance 'grp_straightLineProjectorFromLayerIJtoK_fu_313/neg4_reg_287_reg[1]' (FDE) to 'grp_straightLineProjectorFromLayerIJtoK_fu_313/trunc_ln160_reg_263_reg[0]'
INFO: [Synth 8-3886] merging instance 'grp_straightLineProjectorFromLayerIJtoK_fu_313/sub_ln160_reg_258_reg[0]' (FDE) to 'grp_straightLineProjectorFromLayerIJtoK_fu_313/trunc_ln160_reg_263_reg[0]'
INFO: [Synth 8-3886] merging instance 'grp_straightLineProjectorFromLayerIJtoK_fu_313/sub_ln160_reg_258_reg[1]' (FDE) to 'grp_straightLineProjectorFromLayerIJtoK_fu_313/trunc_ln160_reg_263_reg[0]'
INFO: [Synth 8-3886] merging instance 'grp_straightLineProjectorFromLayerIJtoK_fu_313/neg4_reg_287_reg[3]' (FDE) to 'grp_straightLineProjectorFromLayerIJtoK_fu_313/neg4_reg_287_reg[2]'
INFO: [Synth 8-3886] merging instance 'grp_straightLineProjectorFromLayerIJtoK_fu_313/sub_ln160_1_reg_269_reg[2]' (FDE) to 'grp_straightLineProjectorFromLayerIJtoK_fu_313/trunc_ln160_reg_263_reg[0]'
INFO: [Synth 8-3886] merging instance 'grp_straightLineProjectorFromLayerIJtoK_fu_313/neg4_reg_287_reg[2]' (FDE) to 'grp_straightLineProjectorFromLayerIJtoK_fu_313/trunc_ln160_reg_263_reg[2]'
INFO: [Synth 8-3886] merging instance 'grp_straightLineProjectorFromLayerIJtoK_fu_313/trunc_ln160_reg_263_reg[1]' (FDE) to 'grp_straightLineProjectorFromLayerIJtoK_fu_313/trunc_ln160_reg_263_reg[0]'
INFO: [Synth 8-3886] merging instance 'grp_straightLineProjectorFromLayerIJtoK_fu_313/trunc_ln160_reg_263_reg[0]' (FDE) to 'grp_straightLineProjectorFromLayerIJtoK_fu_313/sub_ln160_reg_258_reg[3]'
INFO: [Synth 8-3886] merging instance 'grp_straightLineProjectorFromLayerIJtoK_fu_313/trunc_ln160_reg_263_reg[2]' (FDE) to 'grp_straightLineProjectorFromLayerIJtoK_fu_313/icmp_ln160_reg_275_reg[0]'
INFO: [Synth 8-3886] merging instance 'grp_straightLineProjectorFromLayerIJtoK_fu_283/sub_ln160_1_reg_269_reg[0]' (FDE) to 'grp_straightLineProjectorFromLayerIJtoK_fu_283/neg4_reg_287_reg[0]'
INFO: [Synth 8-3886] merging instance 'grp_straightLineProjectorFromLayerIJtoK_fu_283/sub_ln160_reg_258_reg[2]' (FDE) to 'grp_straightLineProjectorFromLayerIJtoK_fu_283/neg4_reg_287_reg[0]'
INFO: [Synth 8-3886] merging instance 'grp_straightLineProjectorFromLayerIJtoK_fu_283/neg4_reg_287_reg[0]' (FDE) to 'grp_straightLineProjectorFromLayerIJtoK_fu_283/neg4_reg_287_reg[2]'
INFO: [Synth 8-3886] merging instance 'grp_straightLineProjectorFromLayerIJtoK_fu_283/sub_ln160_1_reg_269_reg[1]' (FDE) to 'grp_straightLineProjectorFromLayerIJtoK_fu_283/neg4_reg_287_reg[2]'
INFO: [Synth 8-3886] merging instance 'grp_straightLineProjectorFromLayerIJtoK_fu_283/neg4_reg_287_reg[1]' (FDE) to 'grp_straightLineProjectorFromLayerIJtoK_fu_283/trunc_ln160_reg_263_reg[0]'
INFO: [Synth 8-3886] merging instance 'grp_straightLineProjectorFromLayerIJtoK_fu_283/sub_ln160_reg_258_reg[0]' (FDE) to 'grp_straightLineProjectorFromLayerIJtoK_fu_283/trunc_ln160_reg_263_reg[0]'
INFO: [Synth 8-3886] merging instance 'grp_straightLineProjectorFromLayerIJtoK_fu_283/sub_ln160_reg_258_reg[1]' (FDE) to 'grp_straightLineProjectorFromLayerIJtoK_fu_283/trunc_ln160_reg_263_reg[0]'
INFO: [Synth 8-3886] merging instance 'grp_straightLineProjectorFromLayerIJtoK_fu_283/neg4_reg_287_reg[3]' (FDE) to 'grp_straightLineProjectorFromLayerIJtoK_fu_283/neg4_reg_287_reg[2]'
INFO: [Synth 8-3886] merging instance 'grp_straightLineProjectorFromLayerIJtoK_fu_283/sub_ln160_1_reg_269_reg[2]' (FDE) to 'grp_straightLineProjectorFromLayerIJtoK_fu_283/trunc_ln160_reg_263_reg[0]'
INFO: [Synth 8-3886] merging instance 'grp_straightLineProjectorFromLayerIJtoK_fu_283/neg4_reg_287_reg[2]' (FDE) to 'grp_straightLineProjectorFromLayerIJtoK_fu_283/trunc_ln160_reg_263_reg[2]'
INFO: [Synth 8-3886] merging instance 'grp_straightLineProjectorFromLayerIJtoK_fu_283/trunc_ln160_reg_263_reg[1]' (FDE) to 'grp_straightLineProjectorFromLayerIJtoK_fu_283/trunc_ln160_reg_263_reg[0]'
INFO: [Synth 8-3886] merging instance 'grp_straightLineProjectorFromLayerIJtoK_fu_283/trunc_ln160_reg_263_reg[0]' (FDE) to 'grp_straightLineProjectorFromLayerIJtoK_fu_283/sub_ln160_reg_258_reg[3]'
INFO: [Synth 8-3886] merging instance 'grp_straightLineProjectorFromLayerIJtoK_fu_283/trunc_ln160_reg_263_reg[2]' (FDE) to 'grp_straightLineProjectorFromLayerIJtoK_fu_283/icmp_ln160_reg_275_reg[0]'
INFO: [Synth 8-3886] merging instance 'grp_straightLineProjectorFromLayerIJtoK_fu_223/sub_ln160_1_reg_269_reg[0]' (FDE) to 'grp_straightLineProjectorFromLayerIJtoK_fu_223/neg4_reg_287_reg[0]'
INFO: [Synth 8-3886] merging instance 'grp_straightLineProjectorFromLayerIJtoK_fu_223/sub_ln160_reg_258_reg[0]' (FDE) to 'grp_straightLineProjectorFromLayerIJtoK_fu_223/neg4_reg_287_reg[0]'
INFO: [Synth 8-3886] merging instance 'grp_straightLineProjectorFromLayerIJtoK_fu_223/sub_ln160_reg_258_reg[1]' (FDE) to 'grp_straightLineProjectorFromLayerIJtoK_fu_223/neg4_reg_287_reg[0]'
INFO: [Synth 8-3886] merging instance 'grp_straightLineProjectorFromLayerIJtoK_fu_223/neg4_reg_287_reg[0]' (FDE) to 'grp_straightLineProjectorFromLayerIJtoK_fu_223/trunc_ln160_reg_263_reg[0]'
INFO: [Synth 8-3886] merging instance 'grp_straightLineProjectorFromLayerIJtoK_fu_223/sub_ln160_1_reg_269_reg[1]' (FDE) to 'grp_straightLineProjectorFromLayerIJtoK_fu_223/neg4_reg_287_reg[1]'
INFO: [Synth 8-3886] merging instance 'grp_straightLineProjectorFromLayerIJtoK_fu_223/sub_ln160_reg_258_reg[2]' (FDE) to 'grp_straightLineProjectorFromLayerIJtoK_fu_223/neg4_reg_287_reg[1]'
INFO: [Synth 8-3886] merging instance 'grp_straightLineProjectorFromLayerIJtoK_fu_223/neg4_reg_287_reg[1]' (FDE) to 'grp_straightLineProjectorFromLayerIJtoK_fu_223/neg4_reg_287_reg[2]'
INFO: [Synth 8-3886] merging instance 'grp_straightLineProjectorFromLayerIJtoK_fu_223/neg4_reg_287_reg[3]' (FDE) to 'grp_straightLineProjectorFromLayerIJtoK_fu_223/neg4_reg_287_reg[2]'
INFO: [Synth 8-3886] merging instance 'grp_straightLineProjectorFromLayerIJtoK_fu_223/sub_ln160_1_reg_269_reg[2]' (FDE) to 'grp_straightLineProjectorFromLayerIJtoK_fu_223/trunc_ln160_reg_263_reg[0]'
INFO: [Synth 8-3886] merging instance 'grp_straightLineProjectorFromLayerIJtoK_fu_223/neg4_reg_287_reg[2]' (FDE) to 'grp_straightLineProjectorFromLayerIJtoK_fu_223/trunc_ln160_reg_263_reg[2]'
INFO: [Common 17-14] Message 'Synth 8-3886' appears 100 times and further instances of the messages will be disabled. Use the Tcl command set_msg_config to change the current settings.
INFO: [Synth 8-3333] propagating constant 0 across sequential element (grp_straightLineProjectorFromLayerIJtoK_fu_298/\radiiDivisionList_U/MPSQ_straightLineProjectorFromLayerIJtoK_radiiDivisionList_rom_U/q0_reg[34] )
INFO: [Synth 8-3333] propagating constant 0 across sequential element (grp_straightLineProjectorFromLayerIJtoK_fu_238/\radiiDivisionList_U/MPSQ_straightLineProjectorFromLayerIJtoK_radiiDivisionList_rom_U/q0_reg[34] )
INFO: [Synth 8-3333] propagating constant 0 across sequential element (grp_straightLineProjectorFromLayerIJtoK_fu_313/\radiiDivisionList_U/MPSQ_straightLineProjectorFromLayerIJtoK_radiiDivisionList_rom_U/q0_reg[34] )
INFO: [Synth 8-3333] propagating constant 0 across sequential element (grp_straightLineProjectorFromLayerIJtoK_fu_283/\radiiDivisionList_U/MPSQ_straightLineProjectorFromLayerIJtoK_radiiDivisionList_rom_U/q0_reg[34] )
INFO: [Synth 8-3333] propagating constant 0 across sequential element (grp_straightLineProjectorFromLayerIJtoK_fu_223/\radiiDivisionList_U/MPSQ_straightLineProjectorFromLayerIJtoK_radiiDivisionList_rom_U/q0_reg[34] )
INFO: [Synth 8-3333] propagating constant 0 across sequential element (grp_straightLineProjectorFromLayerIJtoK_fu_343/\radiiDivisionList_U/MPSQ_straightLineProjectorFromLayerIJtoK_radiiDivisionList_rom_U/q0_reg[34] )
INFO: [Synth 8-3333] propagating constant 0 across sequential element (grp_straightLineProjectorFromLayerIJtoK_fu_358/\radiiDivisionList_U/MPSQ_straightLineProjectorFromLayerIJtoK_radiiDivisionList_rom_U/q0_reg[34] )
INFO: [Synth 8-3333] propagating constant 0 across sequential element (grp_straightLineProjectorFromLayerIJtoK_fu_373/\radiiDivisionList_U/MPSQ_straightLineProjectorFromLayerIJtoK_radiiDivisionList_rom_U/q0_reg[34] )
INFO: [Synth 8-3333] propagating constant 0 across sequential element (grp_straightLineProjectorFromLayerIJtoK_fu_388/\radiiDivisionList_U/MPSQ_straightLineProjectorFromLayerIJtoK_radiiDivisionList_rom_U/q0_reg[34] )
INFO: [Synth 8-3333] propagating constant 0 across sequential element (grp_straightLineProjectorFromLayerIJtoK_fu_208/\radiiDivisionList_U/MPSQ_straightLineProjectorFromLayerIJtoK_radiiDivisionList_rom_U/q0_reg[34] )
INFO: [Synth 8-3333] propagating constant 0 across sequential element (grp_straightLineProjectorFromLayerIJtoK_fu_178/\radiiDivisionList_U/MPSQ_straightLineProjectorFromLayerIJtoK_radiiDivisionList_rom_U/q0_reg[34] )
INFO: [Synth 8-3333] propagating constant 0 across sequential element (grp_straightLineProjectorFromLayerIJtoK_fu_193/\radiiDivisionList_U/MPSQ_straightLineProjectorFromLayerIJtoK_radiiDivisionList_rom_U/q0_reg[34] )
INFO: [Synth 8-3333] propagating constant 0 across sequential element (grp_straightLineProjectorFromLayerIJtoK_fu_163/\radiiDivisionList_U/MPSQ_straightLineProjectorFromLayerIJtoK_radiiDivisionList_rom_U/q0_reg[34] )
INFO: [Synth 8-3333] propagating constant 0 across sequential element (grp_straightLineProjectorFromLayerIJtoK_fu_298/\sub_ln160_1_reg_269_reg[3] )
INFO: [Synth 8-3333] propagating constant 1 across sequential element (grp_straightLineProjectorFromLayerIJtoK_fu_298/\icmp_ln160_1_reg_281_reg[0] )
INFO: [Synth 8-3333] propagating constant 0 across sequential element (grp_straightLineProjectorFromLayerIJtoK_fu_238/\sub_ln160_1_reg_269_reg[3] )
INFO: [Synth 8-3333] propagating constant 1 across sequential element (grp_straightLineProjectorFromLayerIJtoK_fu_238/\icmp_ln160_1_reg_281_reg[0] )
INFO: [Synth 8-3333] propagating constant 0 across sequential element (grp_straightLineProjectorFromLayerIJtoK_fu_313/\sub_ln160_1_reg_269_reg[3] )
INFO: [Synth 8-3333] propagating constant 1 across sequential element (grp_straightLineProjectorFromLayerIJtoK_fu_313/\icmp_ln160_1_reg_281_reg[0] )
INFO: [Synth 8-3333] propagating constant 0 across sequential element (grp_straightLineProjectorFromLayerIJtoK_fu_283/\sub_ln160_1_reg_269_reg[3] )
INFO: [Synth 8-3333] propagating constant 1 across sequential element (grp_straightLineProjectorFromLayerIJtoK_fu_283/\icmp_ln160_1_reg_281_reg[0] )
INFO: [Synth 8-3333] propagating constant 0 across sequential element (grp_straightLineProjectorFromLayerIJtoK_fu_223/\sub_ln160_1_reg_269_reg[3] )
INFO: [Synth 8-3333] propagating constant 1 across sequential element (grp_straightLineProjectorFromLayerIJtoK_fu_223/\icmp_ln160_1_reg_281_reg[0] )
INFO: [Synth 8-3333] propagating constant 0 across sequential element (grp_straightLineProjectorFromLayerIJtoK_fu_343/\sub_ln160_1_reg_269_reg[3] )
INFO: [Synth 8-3333] propagating constant 1 across sequential element (grp_straightLineProjectorFromLayerIJtoK_fu_343/\icmp_ln160_1_reg_281_reg[0] )
INFO: [Synth 8-3333] propagating constant 0 across sequential element (grp_straightLineProjectorFromLayerIJtoK_fu_358/\sub_ln160_1_reg_269_reg[3] )
INFO: [Synth 8-3333] propagating constant 1 across sequential element (grp_straightLineProjectorFromLayerIJtoK_fu_358/\icmp_ln160_1_reg_281_reg[0] )
INFO: [Synth 8-3333] propagating constant 0 across sequential element (grp_straightLineProjectorFromLayerIJtoK_fu_373/\sub_ln160_1_reg_269_reg[3] )
INFO: [Synth 8-3333] propagating constant 1 across sequential element (grp_straightLineProjectorFromLayerIJtoK_fu_373/\icmp_ln160_1_reg_281_reg[0] )
INFO: [Synth 8-3333] propagating constant 0 across sequential element (grp_straightLineProjectorFromLayerIJtoK_fu_388/\sub_ln160_1_reg_269_reg[3] )
INFO: [Synth 8-3333] propagating constant 1 across sequential element (grp_straightLineProjectorFromLayerIJtoK_fu_388/\icmp_ln160_1_reg_281_reg[0] )
INFO: [Synth 8-3333] propagating constant 0 across sequential element (grp_straightLineProjectorFromLayerIJtoK_fu_208/\sub_ln160_1_reg_269_reg[3] )
INFO: [Synth 8-3333] propagating constant 1 across sequential element (grp_straightLineProjectorFromLayerIJtoK_fu_208/\icmp_ln160_1_reg_281_reg[0] )
INFO: [Synth 8-3333] propagating constant 0 across sequential element (grp_straightLineProjectorFromLayerIJtoK_fu_178/\sub_ln160_1_reg_269_reg[3] )
INFO: [Synth 8-3333] propagating constant 1 across sequential element (grp_straightLineProjectorFromLayerIJtoK_fu_178/\icmp_ln160_1_reg_281_reg[0] )
INFO: [Synth 8-3333] propagating constant 0 across sequential element (grp_straightLineProjectorFromLayerIJtoK_fu_193/\sub_ln160_1_reg_269_reg[3] )
INFO: [Synth 8-3333] propagating constant 1 across sequential element (grp_straightLineProjectorFromLayerIJtoK_fu_193/\icmp_ln160_1_reg_281_reg[0] )
INFO: [Synth 8-3333] propagating constant 0 across sequential element (grp_straightLineProjectorFromLayerIJtoK_fu_163/\sub_ln160_1_reg_269_reg[3] )
INFO: [Synth 8-3333] propagating constant 1 across sequential element (grp_straightLineProjectorFromLayerIJtoK_fu_163/\icmp_ln160_1_reg_281_reg[0] )
INFO: [Synth 8-3333] propagating constant 0 across sequential element (\ap_return_8_preg_reg[31] )
WARNING: [Synth 8-3332] Sequential element (mul_35ns_32s_64_3_1_U316/MPSQ_mul_35ns_32s_64_3_1_Multiplier_0_U/buff0_reg[47]) is unused and will be removed from module MPSQ_straightLineProjectorFromLayerIJtoK__1.
WARNING: [Synth 8-3332] Sequential element (mul_35ns_32s_64_3_1_U316/MPSQ_mul_35ns_32s_64_3_1_Multiplier_0_U/buff0_reg[46]) is unused and will be removed from module MPSQ_straightLineProjectorFromLayerIJtoK__1.
WARNING: [Synth 8-3332] Sequential element (mul_35ns_32s_64_3_1_U316/MPSQ_mul_35ns_32s_64_3_1_Multiplier_0_U/buff0_reg[45]) is unused and will be removed from module MPSQ_straightLineProjectorFromLayerIJtoK__1.
WARNING: [Synth 8-3332] Sequential element (mul_35ns_32s_64_3_1_U316/MPSQ_mul_35ns_32s_64_3_1_Multiplier_0_U/buff0_reg[44]) is unused and will be removed from module MPSQ_straightLineProjectorFromLayerIJtoK__1.
WARNING: [Synth 8-3332] Sequential element (mul_35ns_32s_64_3_1_U316/MPSQ_mul_35ns_32s_64_3_1_Multiplier_0_U/buff0_reg[43]) is unused and will be removed from module MPSQ_straightLineProjectorFromLayerIJtoK__1.
WARNING: [Synth 8-3332] Sequential element (mul_35ns_32s_64_3_1_U316/MPSQ_mul_35ns_32s_64_3_1_Multiplier_0_U/buff0_reg[42]) is unused and will be removed from module MPSQ_straightLineProjectorFromLayerIJtoK__1.
WARNING: [Synth 8-3332] Sequential element (mul_35ns_32s_64_3_1_U316/MPSQ_mul_35ns_32s_64_3_1_Multiplier_0_U/buff0_reg[41]) is unused and will be removed from module MPSQ_straightLineProjectorFromLayerIJtoK__1.
WARNING: [Synth 8-3332] Sequential element (mul_35ns_32s_64_3_1_U316/MPSQ_mul_35ns_32s_64_3_1_Multiplier_0_U/buff0_reg[40]) is unused and will be removed from module MPSQ_straightLineProjectorFromLayerIJtoK__1.
WARNING: [Synth 8-3332] Sequential element (mul_35ns_32s_64_3_1_U316/MPSQ_mul_35ns_32s_64_3_1_Multiplier_0_U/buff0_reg[39]) is unused and will be removed from module MPSQ_straightLineProjectorFromLayerIJtoK__1.
WARNING: [Synth 8-3332] Sequential element (mul_35ns_32s_64_3_1_U316/MPSQ_mul_35ns_32s_64_3_1_Multiplier_0_U/buff0_reg[38]) is unused and will be removed from module MPSQ_straightLineProjectorFromLayerIJtoK__1.
WARNING: [Synth 8-3332] Sequential element (mul_35ns_32s_64_3_1_U316/MPSQ_mul_35ns_32s_64_3_1_Multiplier_0_U/buff0_reg[37]) is unused and will be removed from module MPSQ_straightLineProjectorFromLayerIJtoK__1.
WARNING: [Synth 8-3332] Sequential element (mul_35ns_32s_64_3_1_U316/MPSQ_mul_35ns_32s_64_3_1_Multiplier_0_U/buff0_reg[36]) is unused and will be removed from module MPSQ_straightLineProjectorFromLayerIJtoK__1.
WARNING: [Synth 8-3332] Sequential element (mul_35ns_32s_64_3_1_U316/MPSQ_mul_35ns_32s_64_3_1_Multiplier_0_U/buff0_reg[35]) is unused and will be removed from module MPSQ_straightLineProjectorFromLayerIJtoK__1.
WARNING: [Synth 8-3332] Sequential element (mul_35ns_32s_64_3_1_U316/MPSQ_mul_35ns_32s_64_3_1_Multiplier_0_U/buff0_reg[34]) is unused and will be removed from module MPSQ_straightLineProjectorFromLayerIJtoK__1.
WARNING: [Synth 8-3332] Sequential element (mul_35ns_32s_64_3_1_U316/MPSQ_mul_35ns_32s_64_3_1_Multiplier_0_U/buff0_reg[33]) is unused and will be removed from module MPSQ_straightLineProjectorFromLayerIJtoK__1.
WARNING: [Synth 8-3332] Sequential element (mul_35ns_32s_64_3_1_U316/MPSQ_mul_35ns_32s_64_3_1_Multiplier_0_U/buff0_reg[32]) is unused and will be removed from module MPSQ_straightLineProjectorFromLayerIJtoK__1.
WARNING: [Synth 8-3332] Sequential element (mul_35ns_32s_64_3_1_U316/MPSQ_mul_35ns_32s_64_3_1_Multiplier_0_U/buff0_reg[31]) is unused and will be removed from module MPSQ_straightLineProjectorFromLayerIJtoK__1.
WARNING: [Synth 8-3332] Sequential element (mul_35ns_32s_64_3_1_U316/MPSQ_mul_35ns_32s_64_3_1_Multiplier_0_U/buff0_reg[30]) is unused and will be removed from module MPSQ_straightLineProjectorFromLayerIJtoK__1.
WARNING: [Synth 8-3332] Sequential element (mul_35ns_32s_64_3_1_U316/MPSQ_mul_35ns_32s_64_3_1_Multiplier_0_U/buff0_reg[29]) is unused and will be removed from module MPSQ_straightLineProjectorFromLayerIJtoK__1.
WARNING: [Synth 8-3332] Sequential element (mul_35ns_32s_64_3_1_U316/MPSQ_mul_35ns_32s_64_3_1_Multiplier_0_U/buff0_reg[28]) is unused and will be removed from module MPSQ_straightLineProjectorFromLayerIJtoK__1.
WARNING: [Synth 8-3332] Sequential element (mul_35ns_32s_64_3_1_U316/MPSQ_mul_35ns_32s_64_3_1_Multiplier_0_U/buff0_reg[27]) is unused and will be removed from module MPSQ_straightLineProjectorFromLayerIJtoK__1.
WARNING: [Synth 8-3332] Sequential element (mul_35ns_32s_64_3_1_U316/MPSQ_mul_35ns_32s_64_3_1_Multiplier_0_U/buff0_reg[26]) is unused and will be removed from module MPSQ_straightLineProjectorFromLayerIJtoK__1.
INFO: [Common 17-14] Message 'Synth 8-3332' appears 100 times and further instances of the messages will be disabled. Use the Tcl command set_msg_config to change the current settings.
