#-----------------------------------------------------------
# Vivado v2020.2 (64-bit)
# SW Build 3064766 on Wed Nov 18 09:12:45 MST 2020
# IP Build 3064653 on Wed Nov 18 14:17:31 MST 2020
# Start of session at: Thu Jul  1 19:11:45 2021
# Process ID: 10756
# Current directory: C:/Users/rapiduser/Desktop/tanishGitHub/tanishPatchMakerHLS/PatchMaker_tanishGit/solution1/impl/ip
# Command line: vivado.exe -notrace -mode batch -source run_ippack.tcl
# Log file: C:/Users/rapiduser/Desktop/tanishGitHub/tanishPatchMakerHLS/PatchMaker_tanishGit/solution1/impl/ip/vivado.log
# Journal file: C:/Users/rapiduser/Desktop/tanishGitHub/tanishPatchMakerHLS/PatchMaker_tanishGit/solution1/impl/ip\vivado.jou
#-----------------------------------------------------------
source run_ippack.tcl -notrace
INFO: [ProjectBase 1-489] The host OS only allows 260 characters in a normal path. The project is stored in a path with more than 80 characters. If you experience issues with IP, Block Designs, or files not being found, please consider moving the project to a location with a shorter path. Alternately consider using the OS subst command to map part of the path to a drive letter.
Current project path is 'C:/Users/rapiduser/Desktop/tanishGitHub/tanishPatchMakerHLS/PatchMaker_tanishGit/solution1/impl/ip'
INFO: [IP_Flow 19-234] Refreshing IP repositories
INFO: [IP_Flow 19-1704] No user IP repositories specified
INFO: [IP_Flow 19-2313] Loaded Vivado IP repository 'C:/Xilinx/Vivado/2020.2/data/ip'.
WARNING: [IP_Flow 19-4832] The IP name 'makePatches_ShadowQuilt_fromEdges_ap_dcmp_0_no_dsp_64' you have specified is long. The Windows operating system has path length limitations. It is recommended you use shorter names to reduce the likelihood of issues.
INFO: [IP_Flow 19-1686] Generating 'Synthesis' target for IP 'makePatches_ShadowQuilt_fromEdges_ap_dcmp_0_no_dsp_64'...
INFO: [IP_Flow 19-1686] Generating 'Simulation' target for IP 'makePatches_ShadowQuilt_fromEdges_ap_dcmp_0_no_dsp_64'...
WARNING: [IP_Flow 19-4832] The IP name 'makePatches_ShadowQuilt_fromEdges_ap_fadd_1_full_dsp_32' you have specified is long. The Windows operating system has path length limitations. It is recommended you use shorter names to reduce the likelihood of issues.
INFO: [IP_Flow 19-1686] Generating 'Synthesis' target for IP 'makePatches_ShadowQuilt_fromEdges_ap_fadd_1_full_dsp_32'...
INFO: [IP_Flow 19-1686] Generating 'Simulation' target for IP 'makePatches_ShadowQuilt_fromEdges_ap_fadd_1_full_dsp_32'...
WARNING: [IP_Flow 19-4832] The IP name 'makePatches_ShadowQuilt_fromEdges_ap_fcmp_0_no_dsp_32' you have specified is long. The Windows operating system has path length limitations. It is recommended you use shorter names to reduce the likelihood of issues.
INFO: [IP_Flow 19-1686] Generating 'Synthesis' target for IP 'makePatches_ShadowQuilt_fromEdges_ap_fcmp_0_no_dsp_32'...
INFO: [IP_Flow 19-1686] Generating 'Simulation' target for IP 'makePatches_ShadowQuilt_fromEdges_ap_fcmp_0_no_dsp_32'...
WARNING: [IP_Flow 19-4832] The IP name 'makePatches_ShadowQuilt_fromEdges_ap_fdiv_4_no_dsp_32' you have specified is long. The Windows operating system has path length limitations. It is recommended you use shorter names to reduce the likelihood of issues.
INFO: [IP_Flow 19-1686] Generating 'Synthesis' target for IP 'makePatches_ShadowQuilt_fromEdges_ap_fdiv_4_no_dsp_32'...
INFO: [IP_Flow 19-1686] Generating 'Simulation' target for IP 'makePatches_ShadowQuilt_fromEdges_ap_fdiv_4_no_dsp_32'...
WARNING: [IP_Flow 19-4832] The IP name 'makePatches_ShadowQuilt_fromEdges_ap_fmul_0_max_dsp_32' you have specified is long. The Windows operating system has path length limitations. It is recommended you use shorter names to reduce the likelihood of issues.
INFO: [IP_Flow 19-1686] Generating 'Synthesis' target for IP 'makePatches_ShadowQuilt_fromEdges_ap_fmul_0_max_dsp_32'...
INFO: [IP_Flow 19-1686] Generating 'Simulation' target for IP 'makePatches_ShadowQuilt_fromEdges_ap_fmul_0_max_dsp_32'...
WARNING: [IP_Flow 19-4832] The IP name 'makePatches_ShadowQuilt_fromEdges_ap_sitodp_0_no_dsp_64' you have specified is long. The Windows operating system has path length limitations. It is recommended you use shorter names to reduce the likelihood of issues.
INFO: [IP_Flow 19-1686] Generating 'Synthesis' target for IP 'makePatches_ShadowQuilt_fromEdges_ap_sitodp_0_no_dsp_64'...
INFO: [IP_Flow 19-1686] Generating 'Simulation' target for IP 'makePatches_ShadowQuilt_fromEdges_ap_sitodp_0_no_dsp_64'...
WARNING: [IP_Flow 19-4832] The IP name 'makePatches_ShadowQuilt_fromEdges_ap_sitofp_0_no_dsp_32' you have specified is long. The Windows operating system has path length limitations. It is recommended you use shorter names to reduce the likelihood of issues.
INFO: [IP_Flow 19-1686] Generating 'Synthesis' target for IP 'makePatches_ShadowQuilt_fromEdges_ap_sitofp_0_no_dsp_32'...
INFO: [IP_Flow 19-1686] Generating 'Simulation' target for IP 'makePatches_ShadowQuilt_fromEdges_ap_sitofp_0_no_dsp_32'...
WARNING: [IP_Flow 19-4832] The IP name 'makePatches_ShadowQuilt_fromEdges_ap_sitofp_0_no_dsp_64' you have specified is long. The Windows operating system has path length limitations. It is recommended you use shorter names to reduce the likelihood of issues.
INFO: [IP_Flow 19-1686] Generating 'Synthesis' target for IP 'makePatches_ShadowQuilt_fromEdges_ap_sitofp_0_no_dsp_64'...
INFO: [IP_Flow 19-1686] Generating 'Simulation' target for IP 'makePatches_ShadowQuilt_fromEdges_ap_sitofp_0_no_dsp_64'...
INFO: [IP_Flow 19-234] Refreshing IP repositories
INFO: [IP_Flow 19-1704] No user IP repositories specified
INFO: [IP_Flow 19-2313] Loaded Vivado IP repository 'C:/Xilinx/Vivado/2020.2/data/ip'.
INFO: [Common 17-206] Exiting Vivado at Thu Jul  1 19:12:03 2021...
