#
# An unexpected error has occurred (11)
#
Stack:
/lib64/libc.so.6(+0x363b0) [0x7fc3a7ae73b0]
/opt/vivado-2019/Vivado/2019.1/lib/lnx64.o/librdi_common.so(DD::DD(DD const&)+0x15) [0x7fc3a90eb4a5]
/opt/vivado-2019/Vivado/2019.1/lib/lnx64.o/librdi_common.so(ABDD::ABDD(ABDD const&)+0x9) [0x7fc3a90eb8d9]
/opt/vivado-2019/Vivado/2019.1/lib/lnx64.o/librdi_common.so(BDD::BDD(BDD const&)+0x9) [0x7fc3a90eba69]
/opt/vivado-2019/Vivado/2019.1/lib/lnx64.o/libhls_hwsyn.so(ssdm::Predicate::Predicate(ssdm::Predicate const&)+0x2f) [0x7fc38a318caf]
/opt/vivado-2019/Vivado/2019.1/lib/lnx64.o/libhls_hwsyn.so(ssdm::PredicateAnalyzer::createPredicate(ssdm::Predicate const&)+0x21) [0x7fc389a83bf1]
/opt/vivado-2019/Vivado/2019.1/lib/lnx64.o/libhls_hwsyn.so(opt::StgGenerator::createOperations()+0x77f) [0x7fc3899fbc9f]
/opt/vivado-2019/Vivado/2019.1/lib/lnx64.o/libhls_hwsyn.so(opt::StgGenerator::generate()+0x11) [0x7fc3899fc731]
/opt/vivado-2019/Vivado/2019.1/lib/lnx64.o/libhls_hwsyn.so(opt::LPScheduler::constructStg()+0xdb) [0x7fc38995565b]
/opt/vivado-2019/Vivado/2019.1/lib/lnx64.o/libhls_hwsyn.so(opt::LPScheduler::schedule()+0x72) [0x7fc3899540d2]
/opt/vivado-2019/Vivado/2019.1/lib/lnx64.o/libhls_main.so(+0x15ea00) [0x7fc390f0ca00]
/opt/vivado-2019/Vivado/2019.1/lib/lnx64.o/libhls_support.so(xpcl::TclCommand::callbackInternal(int, Tcl_Obj* const*)+0x24c) [0x7fc398eef71c]
/opt/vivado-2019/Vivado/2019.1/lib/lnx64.o/libhls_support.so(xpcl::TclCommand::callback(int, Tcl_Obj* const*)+0x2b) [0x7fc398ef4b5b]
/opt/vivado-2019/Vivado/2019.1/lib/lnx64.o/libtcl8.5.so(+0x334af) [0x7fc3a34ee4af]
/opt/vivado-2019/Vivado/2019.1/lib/lnx64.o/libtcl8.5.so(+0x34b38) [0x7fc3a34efb38]
/opt/vivado-2019/Vivado/2019.1/lib/lnx64.o/libtcl8.5.so(Tcl_EvalEx+0x13) [0x7fc3a34f00a3]
/opt/vivado-2019/Vivado/2019.1/lib/lnx64.o/libtcl8.5.so(TclEvalObjEx+0x1e0) [0x7fc3a34f02c0]
/opt/vivado-2019/Vivado/2019.1/lib/lnx64.o/libtcl8.5.so(+0x3b375) [0x7fc3a34f6375]
/opt/vivado-2019/Vivado/2019.1/lib/lnx64.o/libtcl8.5.so(+0x334af) [0x7fc3a34ee4af]
/opt/vivado-2019/Vivado/2019.1/lib/lnx64.o/libtcl8.5.so(+0x76875) [0x7fc3a3531875]
/opt/vivado-2019/Vivado/2019.1/lib/lnx64.o/libtcl8.5.so(TclObjInterpProcCore+0x420) [0x7fc3a3572df0]
/opt/vivado-2019/Vivado/2019.1/lib/lnx64.o/libtcl8.5.so(+0x334af) [0x7fc3a34ee4af]
/opt/vivado-2019/Vivado/2019.1/lib/lnx64.o/libtcl8.5.so(+0x76875) [0x7fc3a3531875]
/opt/vivado-2019/Vivado/2019.1/lib/lnx64.o/libtcl8.5.so(+0x7e029) [0x7fc3a3539029]
/opt/vivado-2019/Vivado/2019.1/lib/lnx64.o/libtcl8.5.so(TclEvalObjEx+0x76) [0x7fc3a34f0156]
/opt/vivado-2019/Vivado/2019.1/lib/lnx64.o/librdi_commontasks.so(+0x1eca82) [0x7fc391d85a82]
/opt/vivado-2019/Vivado/2019.1/lib/lnx64.o/libtcl8.5.so(+0x334af) [0x7fc3a34ee4af]
/opt/vivado-2019/Vivado/2019.1/lib/lnx64.o/libtcl8.5.so(+0x76875) [0x7fc3a3531875]
/opt/vivado-2019/Vivado/2019.1/lib/lnx64.o/libtcl8.5.so(+0x7e029) [0x7fc3a3539029]
/opt/vivado-2019/Vivado/2019.1/lib/lnx64.o/libtcl8.5.so(TclEvalObjEx+0x76) [0x7fc3a34f0156]
/opt/vivado-2019/Vivado/2019.1/lib/lnx64.o/librdi_commontasks.so(+0x1ebc27) [0x7fc391d84c27]
/opt/vivado-2019/Vivado/2019.1/lib/lnx64.o/libtcl8.5.so(+0x334af) [0x7fc3a34ee4af]
/opt/vivado-2019/Vivado/2019.1/lib/lnx64.o/libtcl8.5.so(+0x76875) [0x7fc3a3531875]
/opt/vivado-2019/Vivado/2019.1/lib/lnx64.o/libtcl8.5.so(TclObjInterpProcCore+0x420) [0x7fc3a3572df0]
/opt/vivado-2019/Vivado/2019.1/lib/lnx64.o/libtcl8.5.so(+0x334af) [0x7fc3a34ee4af]
/opt/vivado-2019/Vivado/2019.1/lib/lnx64.o/libtcl8.5.so(+0x76875) [0x7fc3a3531875]
/opt/vivado-2019/Vivado/2019.1/lib/lnx64.o/libtcl8.5.so(TclObjInterpProcCore+0x420) [0x7fc3a3572df0]
/opt/vivado-2019/Vivado/2019.1/lib/lnx64.o/libtcl8.5.so(+0x334af) [0x7fc3a34ee4af]
/opt/vivado-2019/Vivado/2019.1/lib/lnx64.o/libtcl8.5.so(+0x76875) [0x7fc3a3531875]
/opt/vivado-2019/Vivado/2019.1/lib/lnx64.o/libtcl8.5.so(TclObjInterpProcCore+0x420) [0x7fc3a3572df0]
/opt/vivado-2019/Vivado/2019.1/lib/lnx64.o/libtcl8.5.so(+0x334af) [0x7fc3a34ee4af]
/opt/vivado-2019/Vivado/2019.1/lib/lnx64.o/libtcl8.5.so(+0x76875) [0x7fc3a3531875]
/opt/vivado-2019/Vivado/2019.1/lib/lnx64.o/libtcl8.5.so(+0x7e029) [0x7fc3a3539029]
/opt/vivado-2019/Vivado/2019.1/lib/lnx64.o/libtcl8.5.so(TclEvalObjEx+0x76) [0x7fc3a34f0156]
/opt/vivado-2019/Vivado/2019.1/lib/lnx64.o/librdi_commontasks.so(+0x1ebc27) [0x7fc391d84c27]
/opt/vivado-2019/Vivado/2019.1/lib/lnx64.o/libtcl8.5.so(+0x334af) [0x7fc3a34ee4af]
/opt/vivado-2019/Vivado/2019.1/lib/lnx64.o/libtcl8.5.so(+0x76875) [0x7fc3a3531875]
/opt/vivado-2019/Vivado/2019.1/lib/lnx64.o/libtcl8.5.so(Tcl_ExprObj+0xf8) [0x7fc3a3538c08]
/opt/vivado-2019/Vivado/2019.1/lib/lnx64.o/libtcl8.5.so(Tcl_ExprBooleanObj+0x16) [0x7fc3a34eee96]
/opt/vivado-2019/Vivado/2019.1/lib/lnx64.o/libtcl8.5.so(+0x3e6de) [0x7fc3a34f96de]
/opt/vivado-2019/Vivado/2019.1/lib/lnx64.o/libtcl8.5.so(+0x334af) [0x7fc3a34ee4af]
/opt/vivado-2019/Vivado/2019.1/lib/lnx64.o/libtcl8.5.so(+0x34b38) [0x7fc3a34efb38]
/opt/vivado-2019/Vivado/2019.1/lib/lnx64.o/libtcl8.5.so(Tcl_EvalEx+0x13) [0x7fc3a34f00a3]
/opt/vivado-2019/Vivado/2019.1/lib/lnx64.o/libtcl8.5.so(Tcl_Eval+0x15) [0x7fc3a34f00c5]
/opt/vivado-2019/Vivado/2019.1/lib/lnx64.o/libhls_main.so(+0xab4d2) [0x7fc390e594d2]
/opt/vivado-2019/Vivado/2019.1/lib/lnx64.o/libhls_support.so(xpcl::TclCommand::callbackInternal(int, Tcl_Obj* const*)+0x24c) [0x7fc398eef71c]
/opt/vivado-2019/Vivado/2019.1/lib/lnx64.o/libhls_support.so(xpcl::TclCommand::callback(int, Tcl_Obj* const*)+0x2b) [0x7fc398ef4b5b]
/opt/vivado-2019/Vivado/2019.1/lib/lnx64.o/libtcl8.5.so(+0x334af) [0x7fc3a34ee4af]
/opt/vivado-2019/Vivado/2019.1/lib/lnx64.o/libtcl8.5.so(+0x76875) [0x7fc3a3531875]
/opt/vivado-2019/Vivado/2019.1/lib/lnx64.o/libtcl8.5.so(TclObjInterpProcCore+0x420) [0x7fc3a3572df0]
/opt/vivado-2019/Vivado/2019.1/lib/lnx64.o/libtcl8.5.so(+0x334af) [0x7fc3a34ee4af]
/opt/vivado-2019/Vivado/2019.1/lib/lnx64.o/libtcl8.5.so(+0x76875) [0x7fc3a3531875]
/opt/vivado-2019/Vivado/2019.1/lib/lnx64.o/libtcl8.5.so(+0x7e029) [0x7fc3a3539029]
/opt/vivado-2019/Vivado/2019.1/lib/lnx64.o/libtcl8.5.so(TclEvalObjEx+0x76) [0x7fc3a34f0156]
/opt/vivado-2019/Vivado/2019.1/lib/lnx64.o/librdi_commontasks.so(+0x1ebc27) [0x7fc391d84c27]
/opt/vivado-2019/Vivado/2019.1/lib/lnx64.o/libtcl8.5.so(+0x334af) [0x7fc3a34ee4af]
/opt/vivado-2019/Vivado/2019.1/lib/lnx64.o/libtcl8.5.so(+0x76875) [0x7fc3a3531875]
/opt/vivado-2019/Vivado/2019.1/lib/lnx64.o/libtcl8.5.so(Tcl_ExprObj+0xf8) [0x7fc3a3538c08]
/opt/vivado-2019/Vivado/2019.1/lib/lnx64.o/libtcl8.5.so(Tcl_ExprBooleanObj+0x16) [0x7fc3a34eee96]
/opt/vivado-2019/Vivado/2019.1/lib/lnx64.o/libtcl8.5.so(+0x3e6de) [0x7fc3a34f96de]
/opt/vivado-2019/Vivado/2019.1/lib/lnx64.o/libtcl8.5.so(+0x334af) [0x7fc3a34ee4af]
/opt/vivado-2019/Vivado/2019.1/lib/lnx64.o/libtcl8.5.so(+0x34b38) [0x7fc3a34efb38]
/opt/vivado-2019/Vivado/2019.1/lib/lnx64.o/libtcl8.5.so(Tcl_EvalEx+0x13) [0x7fc3a34f00a3]
/opt/vivado-2019/Vivado/2019.1/lib/lnx64.o/libtcl8.5.so(Tcl_Eval+0x15) [0x7fc3a34f00c5]
/opt/vivado-2019/Vivado/2019.1/lib/lnx64.o/libhls_main.so(+0xab4d2) [0x7fc390e594d2]
/opt/vivado-2019/Vivado/2019.1/lib/lnx64.o/libhls_support.so(xpcl::TclCommand::callbackInternal(int, Tcl_Obj* const*)+0x24c) [0x7fc398eef71c]
/opt/vivado-2019/Vivado/2019.1/lib/lnx64.o/libhls_support.so(xpcl::TclCommand::callback(int, Tcl_Obj* const*)+0x2b) [0x7fc398ef4b5b]
/opt/vivado-2019/Vivado/2019.1/lib/lnx64.o/libtcl8.5.so(+0x334af) [0x7fc3a34ee4af]
/opt/vivado-2019/Vivado/2019.1/lib/lnx64.o/libtcl8.5.so(+0x34b38) [0x7fc3a34efb38]
/opt/vivado-2019/Vivado/2019.1/lib/lnx64.o/libtcl8.5.so(Tcl_EvalEx+0x13) [0x7fc3a34f00a3]
/opt/vivado-2019/Vivado/2019.1/lib/lnx64.o/libtcl8.5.so(Tcl_FSEvalFileEx+0x1da) [0x7fc3a3554c5a]
/opt/vivado-2019/Vivado/2019.1/lib/lnx64.o/libhls_main.so(ApSourceTclFile(std::__cxx11::basic_string<char, std::char_traits<char>, std::allocator<char> > const&, char const*)+0x77) [0x7fc390e4d0a7]
/opt/vivado-2019/Vivado/2019.1/lib/lnx64.o/libhls_main.so(+0xa4ed9) [0x7fc390e52ed9]
/opt/vivado-2019/Vivado/2019.1/lib/lnx64.o/libhls_support.so(xpcl::TclCommand::callbackInternal(int, Tcl_Obj* const*)+0x24c) [0x7fc398eef71c]
/opt/vivado-2019/Vivado/2019.1/lib/lnx64.o/libhls_support.so(xpcl::TclCommand::callback(int, Tcl_Obj* const*)+0x2b) [0x7fc398ef4b5b]
/opt/vivado-2019/Vivado/2019.1/lib/lnx64.o/libtcl8.5.so(+0x334af) [0x7fc3a34ee4af]
/opt/vivado-2019/Vivado/2019.1/lib/lnx64.o/libtcl8.5.so(Tcl_EvalObjv+0x32) [0x7fc3a34ee5e2]
/opt/vivado-2019/Vivado/2019.1/lib/lnx64.o/libtcl8.5.so(TclEvalObjEx+0x322) [0x7fc3a34f0402]
/opt/vivado-2019/Vivado/2019.1/lib/lnx64.o/libtcl8.5.so(+0xb7557) [0x7fc3a3572557]
/opt/vivado-2019/Vivado/2019.1/lib/lnx64.o/libtcl8.5.so(+0x334af) [0x7fc3a34ee4af]
/opt/vivado-2019/Vivado/2019.1/lib/lnx64.o/libtcl8.5.so(+0x76875) [0x7fc3a3531875]
/opt/vivado-2019/Vivado/2019.1/lib/lnx64.o/libtcl8.5.so(+0x7e029) [0x7fc3a3539029]
/opt/vivado-2019/Vivado/2019.1/lib/lnx64.o/libtcl8.5.so(TclEvalObjEx+0x76) [0x7fc3a34f0156]
/opt/vivado-2019/Vivado/2019.1/lib/lnx64.o/librdi_commontasks.so(+0x1ebc27) [0x7fc391d84c27]
/opt/vivado-2019/Vivado/2019.1/lib/lnx64.o/libtcl8.5.so(+0x334af) [0x7fc3a34ee4af]
/opt/vivado-2019/Vivado/2019.1/lib/lnx64.o/libtcl8.5.so(+0x76875) [0x7fc3a3531875]
/opt/vivado-2019/Vivado/2019.1/lib/lnx64.o/libtcl8.5.so(+0x7e029) [0x7fc3a3539029]
/opt/vivado-2019/Vivado/2019.1/lib/lnx64.o/libtcl8.5.so(TclEvalObjEx+0x76) [0x7fc3a34f0156]
/opt/vivado-2019/Vivado/2019.1/lib/lnx64.o/librdi_commontasks.so(+0x1eca82) [0x7fc391d85a82]
/opt/vivado-2019/Vivado/2019.1/lib/lnx64.o/libtcl8.5.so(+0x334af) [0x7fc3a34ee4af]
/opt/vivado-2019/Vivado/2019.1/lib/lnx64.o/libtcl8.5.so(+0x76875) [0x7fc3a3531875]
/opt/vivado-2019/Vivado/2019.1/lib/lnx64.o/libtcl8.5.so(TclObjInterpProcCore+0x420) [0x7fc3a3572df0]
/opt/vivado-2019/Vivado/2019.1/lib/lnx64.o/libtcl8.5.so(+0x334af) [0x7fc3a34ee4af]
/opt/vivado-2019/Vivado/2019.1/lib/lnx64.o/libtcl8.5.so(+0x76875) [0x7fc3a3531875]
/opt/vivado-2019/Vivado/2019.1/lib/lnx64.o/libtcl8.5.so(TclObjInterpProcCore+0x420) [0x7fc3a3572df0]
/opt/vivado-2019/Vivado/2019.1/lib/lnx64.o/libtcl8.5.so(+0x334af) [0x7fc3a34ee4af]
/opt/vivado-2019/Vivado/2019.1/lib/lnx64.o/libtcl8.5.so(+0x76875) [0x7fc3a3531875]
/opt/vivado-2019/Vivado/2019.1/lib/lnx64.o/libtcl8.5.so(+0x7e029) [0x7fc3a3539029]
/opt/vivado-2019/Vivado/2019.1/lib/lnx64.o/libtcl8.5.so(TclEvalObjEx+0x76) [0x7fc3a34f0156]
/opt/vivado-2019/Vivado/2019.1/lib/lnx64.o/librdi_commontasks.so(+0x1ebc27) [0x7fc391d84c27]
/opt/vivado-2019/Vivado/2019.1/lib/lnx64.o/libtcl8.5.so(+0x334af) [0x7fc3a34ee4af]
/opt/vivado-2019/Vivado/2019.1/lib/lnx64.o/libtcl8.5.so(+0x76875) [0x7fc3a3531875]
/opt/vivado-2019/Vivado/2019.1/lib/lnx64.o/libtcl8.5.so(Tcl_ExprObj+0xf8) [0x7fc3a3538c08]
/opt/vivado-2019/Vivado/2019.1/lib/lnx64.o/libtcl8.5.so(Tcl_ExprBooleanObj+0x16) [0x7fc3a34eee96]
/opt/vivado-2019/Vivado/2019.1/lib/lnx64.o/libtcl8.5.so(+0x3e6de) [0x7fc3a34f96de]
/opt/vivado-2019/Vivado/2019.1/lib/lnx64.o/libtcl8.5.so(+0x334af) [0x7fc3a34ee4af]
/opt/vivado-2019/Vivado/2019.1/lib/lnx64.o/libtcl8.5.so(+0x34b38) [0x7fc3a34efb38]
/opt/vivado-2019/Vivado/2019.1/lib/lnx64.o/libtcl8.5.so(Tcl_EvalEx+0x13) [0x7fc3a34f00a3]
/opt/vivado-2019/Vivado/2019.1/lib/lnx64.o/libtcl8.5.so(Tcl_Eval+0x15) [0x7fc3a34f00c5]
/opt/vivado-2019/Vivado/2019.1/lib/lnx64.o/libhls_main.so(+0xab4d2) [0x7fc390e594d2]
/opt/vivado-2019/Vivado/2019.1/lib/lnx64.o/libhls_support.so(xpcl::TclCommand::callbackInternal(int, Tcl_Obj* const*)+0x24c) [0x7fc398eef71c]
/opt/vivado-2019/Vivado/2019.1/lib/lnx64.o/libhls_support.so(xpcl::TclCommand::callback(int, Tcl_Obj* const*)+0x2b) [0x7fc398ef4b5b]
/opt/vivado-2019/Vivado/2019.1/lib/lnx64.o/libtcl8.5.so(+0x334af) [0x7fc3a34ee4af]
/opt/vivado-2019/Vivado/2019.1/lib/lnx64.o/libtcl8.5.so(+0x34b38) [0x7fc3a34efb38]
/opt/vivado-2019/Vivado/2019.1/lib/lnx64.o/libtcl8.5.so(Tcl_EvalEx+0x13) [0x7fc3a34f00a3]
/opt/vivado-2019/Vivado/2019.1/lib/lnx64.o/libtcl8.5.so(TclEvalObjEx+0x1e0) [0x7fc3a34f02c0]
/opt/vivado-2019/Vivado/2019.1/lib/lnx64.o/libtcl8.5.so(+0x3b375) [0x7fc3a34f6375]
/opt/vivado-2019/Vivado/2019.1/lib/lnx64.o/libtcl8.5.so(+0x334af) [0x7fc3a34ee4af]
/opt/vivado-2019/Vivado/2019.1/lib/lnx64.o/libtcl8.5.so(+0x76875) [0x7fc3a3531875]
/opt/vivado-2019/Vivado/2019.1/lib/lnx64.o/libtcl8.5.so(+0x7e029) [0x7fc3a3539029]
/opt/vivado-2019/Vivado/2019.1/lib/lnx64.o/libtcl8.5.so(TclEvalObjEx+0x76) [0x7fc3a34f0156]
/opt/vivado-2019/Vivado/2019.1/lib/lnx64.o/librdi_commontasks.so(+0x1ebc27) [0x7fc391d84c27]
/opt/vivado-2019/Vivado/2019.1/lib/lnx64.o/libtcl8.5.so(+0x334af) [0x7fc3a34ee4af]
/opt/vivado-2019/Vivado/2019.1/lib/lnx64.o/libtcl8.5.so(+0x76875) [0x7fc3a3531875]
/opt/vivado-2019/Vivado/2019.1/lib/lnx64.o/libtcl8.5.so(TclObjInterpProcCore+0x420) [0x7fc3a3572df0]
/opt/vivado-2019/Vivado/2019.1/lib/lnx64.o/libtcl8.5.so(+0x334af) [0x7fc3a34ee4af]
/opt/vivado-2019/Vivado/2019.1/lib/lnx64.o/libtcl8.5.so(+0x76875) [0x7fc3a3531875]
/opt/vivado-2019/Vivado/2019.1/lib/lnx64.o/libtcl8.5.so(TclObjInterpProcCore+0x420) [0x7fc3a3572df0]
/opt/vivado-2019/Vivado/2019.1/lib/lnx64.o/libtcl8.5.so(+0x334af) [0x7fc3a34ee4af]
/opt/vivado-2019/Vivado/2019.1/lib/lnx64.o/libtcl8.5.so(+0x34b38) [0x7fc3a34efb38]
/opt/vivado-2019/Vivado/2019.1/lib/lnx64.o/libtcl8.5.so(Tcl_EvalEx+0x13) [0x7fc3a34f00a3]
/opt/vivado-2019/Vivado/2019.1/lib/lnx64.o/libtcl8.5.so(Tcl_Eval+0x15) [0x7fc3a34f00c5]
/opt/vivado-2019/Vivado/2019.1/lib/lnx64.o/libhls_support.so(+0x719e4) [0x7fc398eec9e4]
/opt/vivado-2019/Vivado/2019.1/lib/lnx64.o/libhls_support.so(xpcl::TclManager::tclMain(Tcl_Interp*)+0xc) [0x7fc398eecadc]
/opt/vivado-2019/Vivado/2019.1/lib/lnx64.o/librdi_hlstasks.so(+0xf15f) [0x7fc39913615f]
/opt/vivado-2019/Vivado/2019.1/lib/lnx64.o/librdi_common.so(+0x8068e2) [0x7fc3a8e268e2]
/opt/vivado-2019/Vivado/2019.1/lib/lnx64.o/libtcl8.5.so(+0x334af) [0x7fc3a34ee4af]
/opt/vivado-2019/Vivado/2019.1/lib/lnx64.o/libtcl8.5.so(+0x34b38) [0x7fc3a34efb38]
/opt/vivado-2019/Vivado/2019.1/lib/lnx64.o/libtcl8.5.so(Tcl_EvalEx+0x13) [0x7fc3a34f00a3]
/opt/vivado-2019/Vivado/2019.1/lib/lnx64.o/libtcl8.5.so(TclEvalObjEx+0x3cf) [0x7fc3a34f04af]
/opt/vivado-2019/Vivado/2019.1/lib/lnx64.o/libtcl8.5.so(+0xb74a9) [0x7fc3a35724a9]
/opt/vivado-2019/Vivado/2019.1/lib/lnx64.o/libtcl8.5.so(+0x334af) [0x7fc3a34ee4af]
/opt/vivado-2019/Vivado/2019.1/lib/lnx64.o/libtcl8.5.so(+0x76875) [0x7fc3a3531875]
/opt/vivado-2019/Vivado/2019.1/lib/lnx64.o/libtcl8.5.so(TclObjInterpProcCore+0x420) [0x7fc3a3572df0]
/opt/vivado-2019/Vivado/2019.1/lib/lnx64.o/libtcl8.5.so(+0x334af) [0x7fc3a34ee4af]
/opt/vivado-2019/Vivado/2019.1/lib/lnx64.o/libtcl8.5.so(+0x76875) [0x7fc3a3531875]
/opt/vivado-2019/Vivado/2019.1/lib/lnx64.o/libtcl8.5.so(+0x7e029) [0x7fc3a3539029]
/opt/vivado-2019/Vivado/2019.1/lib/lnx64.o/libtcl8.5.so(TclEvalObjEx+0x76) [0x7fc3a34f0156]
/opt/vivado-2019/Vivado/2019.1/lib/lnx64.o/librdi_commontasks.so(+0x1ebcc4) [0x7fc391d84cc4]
/opt/vivado-2019/Vivado/2019.1/lib/lnx64.o/libtcl8.5.so(+0x334af) [0x7fc3a34ee4af]
/opt/vivado-2019/Vivado/2019.1/lib/lnx64.o/libtcl8.5.so(+0x34b38) [0x7fc3a34efb38]
/opt/vivado-2019/Vivado/2019.1/lib/lnx64.o/libtcl8.5.so(+0xad486) [0x7fc3a3568486]
/opt/vivado-2019/Vivado/2019.1/lib/lnx64.o/libtcl8.5.so(+0x346c5) [0x7fc3a34ef6c5]
/opt/vivado-2019/Vivado/2019.1/lib/lnx64.o/libtcl8.5.so(Tcl_EvalEx+0x13) [0x7fc3a34f00a3]
/opt/vivado-2019/Vivado/2019.1/lib/lnx64.o/libtcl8.5.so(Tcl_FSEvalFileEx+0x1da) [0x7fc3a3554c5a]
/opt/vivado-2019/Vivado/2019.1/lib/lnx64.o/librdi_commontasks.so(+0x208e5d) [0x7fc391da1e5d]
/opt/vivado-2019/Vivado/2019.1/lib/lnx64.o/librdi_common.so(+0x8068e2) [0x7fc3a8e268e2]
/opt/vivado-2019/Vivado/2019.1/lib/lnx64.o/libtcl8.5.so(+0x334af) [0x7fc3a34ee4af]
/opt/vivado-2019/Vivado/2019.1/lib/lnx64.o/libtcl8.5.so(Tcl_EvalObjv+0x32) [0x7fc3a34ee5e2]
/opt/vivado-2019/Vivado/2019.1/lib/lnx64.o/libtcl8.5.so(TclEvalObjEx+0x322) [0x7fc3a34f0402]
/opt/vivado-2019/Vivado/2019.1/lib/lnx64.o/librdi_commontasks.so(+0x23ab2f) [0x7fc391dd3b2f]
/opt/vivado-2019/Vivado/2019.1/lib/lnx64.o/librdi_commontasks.so(+0x23c1fe) [0x7fc391dd51fe]
/opt/vivado-2019/Vivado/2019.1/lib/lnx64.o/librdi_common.so(+0x8068e2) [0x7fc3a8e268e2]
/opt/vivado-2019/Vivado/2019.1/lib/lnx64.o/libtcl8.5.so(+0x334af) [0x7fc3a34ee4af]
/opt/vivado-2019/Vivado/2019.1/lib/lnx64.o/libtcl8.5.so(Tcl_EvalObjv+0x32) [0x7fc3a34ee5e2]
/opt/vivado-2019/Vivado/2019.1/lib/lnx64.o/libtcl8.5.so(TclEvalObjEx+0x322) [0x7fc3a34f0402]
/opt/vivado-2019/Vivado/2019.1/lib/lnx64.o/librdi_commonmain.so(+0x7424) [0x7fc3a841c424]
/opt/vivado-2019/Vivado/2019.1/lib/lnx64.o/libtcl8.5.so(Tcl_Main+0x1d0) [0x7fc3a355b210]
/opt/vivado-2019/Vivado/2019.1/lib/lnx64.o/librdi_common.so(+0x84ac9b) [0x7fc3a8e6ac9b]
/lib64/libpthread.so.0(+0x7e65) [0x7fc3a1518e65]
/lib64/libc.so.6(clone+0x6d) [0x7fc3a7baf88d]
