INFO: [VRFC 10-2263] Analyzing Verilog file "C:/Users/zakkh/Dark_Matter/PartitionAcceleratorHLS/tanish_v3_vivado/tanish_v3_vivado.sim/sim_1/impl/timing/xsim/MPSQ_time_impl.v" into library xil_defaultlib
INFO: [VRFC 10-311] analyzing module DSP48E2_UNIQ_BASE_
INFO: [VRFC 10-311] analyzing module DSP48E2_HD161
INFO: [VRFC 10-311] analyzing module DSP48E2_HD162
INFO: [VRFC 10-311] analyzing module DSP48E2_HD163
INFO: [VRFC 10-311] analyzing module DSP48E2_HD164
INFO: [VRFC 10-311] analyzing module DSP48E2_HD165
INFO: [VRFC 10-311] analyzing module DSP48E2_HD166
INFO: [VRFC 10-311] analyzing module DSP48E2_HD167
INFO: [VRFC 10-311] analyzing module DSP48E2_HD168
INFO: [VRFC 10-311] analyzing module DSP48E2_HD169
INFO: [VRFC 10-311] analyzing module DSP48E2_HD170
INFO: [VRFC 10-311] analyzing module DSP48E2_HD171
INFO: [VRFC 10-311] analyzing module DSP48E2_HD172
INFO: [VRFC 10-311] analyzing module DSP48E2_HD173
INFO: [VRFC 10-311] analyzing module DSP48E2_HD174
INFO: [VRFC 10-311] analyzing module DSP48E2_HD175
INFO: [VRFC 10-311] analyzing module DSP48E2_HD176
INFO: [VRFC 10-311] analyzing module DSP48E2_HD177
INFO: [VRFC 10-311] analyzing module DSP48E2_HD178
INFO: [VRFC 10-311] analyzing module DSP48E2_HD179
INFO: [VRFC 10-311] analyzing module DSP48E2_HD242
INFO: [VRFC 10-311] analyzing module DSP48E2_HD243
INFO: [VRFC 10-311] analyzing module DSP48E2_HD244
INFO: [VRFC 10-311] analyzing module DSP48E2_HD245
INFO: [VRFC 10-311] analyzing module DSP48E2_HD310
INFO: [VRFC 10-311] analyzing module DSP48E2_HD311
INFO: [VRFC 10-311] analyzing module DSP48E2_HD312
INFO: [VRFC 10-311] analyzing module DSP48E2_HD313
INFO: [VRFC 10-311] analyzing module DSP48E2_HD314
INFO: [VRFC 10-311] analyzing module DSP48E2_HD315
INFO: [VRFC 10-311] analyzing module DSP48E2_HD316
INFO: [VRFC 10-311] analyzing module DSP48E2_HD317
INFO: [VRFC 10-311] analyzing module DSP48E2_HD318
INFO: [VRFC 10-311] analyzing module DSP48E2_HD319
INFO: [VRFC 10-311] analyzing module DSP48E2_HD320
INFO: [VRFC 10-311] analyzing module DSP48E2_HD321
INFO: [VRFC 10-311] analyzing module DSP48E2_HD322
INFO: [VRFC 10-311] analyzing module DSP48E2_HD323
INFO: [VRFC 10-311] analyzing module DSP48E2_HD324
INFO: [VRFC 10-311] analyzing module DSP48E2_HD325
INFO: [VRFC 10-311] analyzing module DSP48E2_HD326
INFO: [VRFC 10-311] analyzing module DSP48E2_HD327
INFO: [VRFC 10-311] analyzing module DSP48E2_HD328
INFO: [VRFC 10-311] analyzing module DSP48E2_HD329
INFO: [VRFC 10-311] analyzing module DSP48E2_HD466
INFO: [VRFC 10-311] analyzing module DSP48E2_HD467
INFO: [VRFC 10-311] analyzing module DSP48E2_HD468
INFO: [VRFC 10-311] analyzing module DSP48E2_HD469
INFO: [VRFC 10-311] analyzing module DSP48E2_HD470
INFO: [VRFC 10-311] analyzing module DSP48E2_HD471
INFO: [VRFC 10-311] analyzing module DSP48E2_HD472
INFO: [VRFC 10-311] analyzing module DSP48E2_HD473
INFO: [VRFC 10-311] analyzing module DSP48E2_HD474
INFO: [VRFC 10-311] analyzing module DSP48E2_HD475
INFO: [VRFC 10-311] analyzing module DSP48E2_HD476
INFO: [VRFC 10-311] analyzing module DSP48E2_HD477
INFO: [VRFC 10-311] analyzing module DSP48E2_HD478
INFO: [VRFC 10-311] analyzing module DSP48E2_HD479
INFO: [VRFC 10-311] analyzing module DSP48E2_HD480
INFO: [VRFC 10-311] analyzing module DSP48E2_HD481
INFO: [VRFC 10-311] analyzing module DSP48E2_HD482
INFO: [VRFC 10-311] analyzing module DSP48E2_HD483
INFO: [VRFC 10-311] analyzing module DSP48E2_HD484
INFO: [VRFC 10-311] analyzing module DSP48E2_HD485
INFO: [VRFC 10-311] analyzing module DSP48E2_HD582
INFO: [VRFC 10-311] analyzing module DSP48E2_HD583
INFO: [VRFC 10-311] analyzing module DSP48E2_HD584
INFO: [VRFC 10-311] analyzing module DSP48E2_HD585
INFO: [VRFC 10-311] analyzing module DSP48E2_HD586
INFO: [VRFC 10-311] analyzing module DSP48E2_HD587
INFO: [VRFC 10-311] analyzing module DSP48E2_HD588
INFO: [VRFC 10-311] analyzing module DSP48E2_HD589
INFO: [VRFC 10-311] analyzing module DSP48E2_HD590
INFO: [VRFC 10-311] analyzing module DSP48E2_HD591
INFO: [VRFC 10-311] analyzing module DSP48E2_HD592
INFO: [VRFC 10-311] analyzing module DSP48E2_HD593
INFO: [VRFC 10-311] analyzing module DSP48E2_HD594
INFO: [VRFC 10-311] analyzing module DSP48E2_HD595
INFO: [VRFC 10-311] analyzing module DSP48E2_HD596
INFO: [VRFC 10-311] analyzing module DSP48E2_HD597
INFO: [VRFC 10-311] analyzing module DSP48E2_HD598
INFO: [VRFC 10-311] analyzing module DSP48E2_HD599
INFO: [VRFC 10-311] analyzing module DSP48E2_HD600
INFO: [VRFC 10-311] analyzing module IBUF_UNIQ_BASE_
INFO: [VRFC 10-311] analyzing module IBUF_HD1
INFO: [VRFC 10-311] analyzing module IBUF_HD10
INFO: [VRFC 10-311] analyzing module IBUF_HD11
INFO: [VRFC 10-311] analyzing module IBUF_HD12
INFO: [VRFC 10-311] analyzing module IBUF_HD13
INFO: [VRFC 10-311] analyzing module IBUF_HD14
INFO: [VRFC 10-311] analyzing module IBUF_HD15
INFO: [VRFC 10-311] analyzing module IBUF_HD16
INFO: [VRFC 10-311] analyzing module IBUF_HD17
INFO: [VRFC 10-311] analyzing module IBUF_HD18
INFO: [VRFC 10-311] analyzing module IBUF_HD19
INFO: [VRFC 10-311] analyzing module IBUF_HD2
INFO: [VRFC 10-311] analyzing module IBUF_HD20
INFO: [VRFC 10-311] analyzing module IBUF_HD21
INFO: [VRFC 10-311] analyzing module IBUF_HD22
INFO: [VRFC 10-311] analyzing module IBUF_HD23
INFO: [VRFC 10-311] analyzing module IBUF_HD24
INFO: [VRFC 10-311] analyzing module IBUF_HD25
INFO: [VRFC 10-311] analyzing module IBUF_HD26
INFO: [VRFC 10-311] analyzing module IBUF_HD27
INFO: [VRFC 10-311] analyzing module IBUF_HD28
INFO: [VRFC 10-311] analyzing module IBUF_HD29
INFO: [VRFC 10-311] analyzing module IBUF_HD3
INFO: [VRFC 10-311] analyzing module IBUF_HD30
INFO: [VRFC 10-311] analyzing module IBUF_HD31
INFO: [VRFC 10-311] analyzing module IBUF_HD32
INFO: [VRFC 10-311] analyzing module IBUF_HD33
INFO: [VRFC 10-311] analyzing module IBUF_HD34
INFO: [VRFC 10-311] analyzing module IBUF_HD35
INFO: [VRFC 10-311] analyzing module IBUF_HD36
INFO: [VRFC 10-311] analyzing module IBUF_HD37
INFO: [VRFC 10-311] analyzing module IBUF_HD38
INFO: [VRFC 10-311] analyzing module IBUF_HD39
INFO: [VRFC 10-311] analyzing module IBUF_HD4
INFO: [VRFC 10-311] analyzing module IBUF_HD40
INFO: [VRFC 10-311] analyzing module IBUF_HD41
INFO: [VRFC 10-311] analyzing module IBUF_HD42
INFO: [VRFC 10-311] analyzing module IBUF_HD43
INFO: [VRFC 10-311] analyzing module IBUF_HD44
INFO: [VRFC 10-311] analyzing module IBUF_HD45
INFO: [VRFC 10-311] analyzing module IBUF_HD46
INFO: [VRFC 10-311] analyzing module IBUF_HD47
INFO: [VRFC 10-311] analyzing module IBUF_HD48
INFO: [VRFC 10-311] analyzing module IBUF_HD49
INFO: [VRFC 10-311] analyzing module IBUF_HD5
INFO: [VRFC 10-311] analyzing module IBUF_HD50
INFO: [VRFC 10-311] analyzing module IBUF_HD51
INFO: [VRFC 10-311] analyzing module IBUF_HD52
INFO: [VRFC 10-311] analyzing module IBUF_HD53
INFO: [VRFC 10-311] analyzing module IBUF_HD54
INFO: [VRFC 10-311] analyzing module IBUF_HD55
INFO: [VRFC 10-311] analyzing module IBUF_HD56
INFO: [VRFC 10-311] analyzing module IBUF_HD57
INFO: [VRFC 10-311] analyzing module IBUF_HD58
INFO: [VRFC 10-311] analyzing module IBUF_HD59
INFO: [VRFC 10-311] analyzing module IBUF_HD6
INFO: [VRFC 10-311] analyzing module IBUF_HD60
INFO: [VRFC 10-311] analyzing module IBUF_HD601
INFO: [VRFC 10-311] analyzing module IBUF_HD602
INFO: [VRFC 10-311] analyzing module IBUF_HD603
INFO: [VRFC 10-311] analyzing module IBUF_HD604
INFO: [VRFC 10-311] analyzing module IBUF_HD605
INFO: [VRFC 10-311] analyzing module IBUF_HD606
INFO: [VRFC 10-311] analyzing module IBUF_HD607
INFO: [VRFC 10-311] analyzing module IBUF_HD608
INFO: [VRFC 10-311] analyzing module IBUF_HD609
INFO: [VRFC 10-311] analyzing module IBUF_HD61
INFO: [VRFC 10-311] analyzing module IBUF_HD610
INFO: [VRFC 10-311] analyzing module IBUF_HD611
INFO: [VRFC 10-311] analyzing module IBUF_HD612
INFO: [VRFC 10-311] analyzing module IBUF_HD613
INFO: [VRFC 10-311] analyzing module IBUF_HD614
INFO: [VRFC 10-311] analyzing module IBUF_HD615
INFO: [VRFC 10-311] analyzing module IBUF_HD616
INFO: [VRFC 10-311] analyzing module IBUF_HD617
INFO: [VRFC 10-311] analyzing module IBUF_HD618
INFO: [VRFC 10-311] analyzing module IBUF_HD619
INFO: [VRFC 10-311] analyzing module IBUF_HD62
INFO: [VRFC 10-311] analyzing module IBUF_HD620
INFO: [VRFC 10-311] analyzing module IBUF_HD621
INFO: [VRFC 10-311] analyzing module IBUF_HD622
INFO: [VRFC 10-311] analyzing module IBUF_HD623
INFO: [VRFC 10-311] analyzing module IBUF_HD624
INFO: [VRFC 10-311] analyzing module IBUF_HD625
INFO: [VRFC 10-311] analyzing module IBUF_HD626
INFO: [VRFC 10-311] analyzing module IBUF_HD627
INFO: [VRFC 10-311] analyzing module IBUF_HD628
INFO: [VRFC 10-311] analyzing module IBUF_HD629
INFO: [VRFC 10-311] analyzing module IBUF_HD63
INFO: [VRFC 10-311] analyzing module IBUF_HD630
INFO: [VRFC 10-311] analyzing module IBUF_HD631
INFO: [VRFC 10-311] analyzing module IBUF_HD632
INFO: [VRFC 10-311] analyzing module IBUF_HD633
INFO: [VRFC 10-311] analyzing module IBUF_HD634
INFO: [VRFC 10-311] analyzing module IBUF_HD635
INFO: [VRFC 10-311] analyzing module IBUF_HD636
INFO: [VRFC 10-311] analyzing module IBUF_HD637
INFO: [VRFC 10-311] analyzing module IBUF_HD638
INFO: [VRFC 10-311] analyzing module IBUF_HD639
INFO: [VRFC 10-311] analyzing module IBUF_HD64
INFO: [VRFC 10-311] analyzing module IBUF_HD640
INFO: [VRFC 10-311] analyzing module IBUF_HD65
INFO: [VRFC 10-311] analyzing module IBUF_HD66
INFO: [VRFC 10-311] analyzing module IBUF_HD67
INFO: [VRFC 10-311] analyzing module IBUF_HD68
INFO: [VRFC 10-311] analyzing module IBUF_HD69
INFO: [VRFC 10-311] analyzing module IBUF_HD7
INFO: [VRFC 10-311] analyzing module IBUF_HD70
INFO: [VRFC 10-311] analyzing module IBUF_HD71
INFO: [VRFC 10-311] analyzing module IBUF_HD72
INFO: [VRFC 10-311] analyzing module IBUF_HD73
INFO: [VRFC 10-311] analyzing module IBUF_HD74
INFO: [VRFC 10-311] analyzing module IBUF_HD75
INFO: [VRFC 10-311] analyzing module IBUF_HD76
INFO: [VRFC 10-311] analyzing module IBUF_HD77
INFO: [VRFC 10-311] analyzing module IBUF_HD78
INFO: [VRFC 10-311] analyzing module IBUF_HD79
INFO: [VRFC 10-311] analyzing module IBUF_HD8
INFO: [VRFC 10-311] analyzing module IBUF_HD80
INFO: [VRFC 10-311] analyzing module IBUF_HD81
INFO: [VRFC 10-311] analyzing module IBUF_HD82
INFO: [VRFC 10-311] analyzing module IBUF_HD83
INFO: [VRFC 10-311] analyzing module IBUF_HD84
INFO: [VRFC 10-311] analyzing module IBUF_HD85
INFO: [VRFC 10-311] analyzing module IBUF_HD86
INFO: [VRFC 10-311] analyzing module IBUF_HD87
INFO: [VRFC 10-311] analyzing module IBUF_HD88
INFO: [VRFC 10-311] analyzing module IBUF_HD89
INFO: [VRFC 10-311] analyzing module IBUF_HD9
INFO: [VRFC 10-311] analyzing module IBUF_HD90
INFO: [VRFC 10-311] analyzing module IBUF_HD91
INFO: [VRFC 10-311] analyzing module IBUF_HD92
INFO: [VRFC 10-311] analyzing module IBUF_HD93
INFO: [VRFC 10-311] analyzing module IBUF_HD94
INFO: [VRFC 10-311] analyzing module IBUF_HD95
INFO: [VRFC 10-311] analyzing module IBUF_HD96
INFO: [VRFC 10-311] analyzing module IBUF_HD97
INFO: [VRFC 10-311] analyzing module IBUF_HD98
INFO: [VRFC 10-311] analyzing module RAM128X1D_UNIQ_BASE_
INFO: [VRFC 10-311] analyzing module RAM128X1D_HD100
INFO: [VRFC 10-311] analyzing module RAM128X1D_HD101
INFO: [VRFC 10-311] analyzing module RAM128X1D_HD102
INFO: [VRFC 10-311] analyzing module RAM128X1D_HD103
INFO: [VRFC 10-311] analyzing module RAM128X1D_HD104
INFO: [VRFC 10-311] analyzing module RAM128X1D_HD105
INFO: [VRFC 10-311] analyzing module RAM128X1D_HD106
INFO: [VRFC 10-311] analyzing module RAM128X1D_HD107
INFO: [VRFC 10-311] analyzing module RAM128X1D_HD108
INFO: [VRFC 10-311] analyzing module RAM128X1D_HD109
INFO: [VRFC 10-311] analyzing module RAM128X1D_HD110
INFO: [VRFC 10-311] analyzing module RAM128X1D_HD111
INFO: [VRFC 10-311] analyzing module RAM128X1D_HD112
INFO: [VRFC 10-311] analyzing module RAM128X1D_HD113
INFO: [VRFC 10-311] analyzing module RAM128X1D_HD114
INFO: [VRFC 10-311] analyzing module RAM128X1D_HD115
INFO: [VRFC 10-311] analyzing module RAM128X1D_HD116
INFO: [VRFC 10-311] analyzing module RAM128X1D_HD117
INFO: [VRFC 10-311] analyzing module RAM128X1D_HD118
INFO: [VRFC 10-311] analyzing module RAM128X1D_HD119
INFO: [VRFC 10-311] analyzing module RAM128X1D_HD120
INFO: [VRFC 10-311] analyzing module RAM128X1D_HD121
INFO: [VRFC 10-311] analyzing module RAM128X1D_HD122
INFO: [VRFC 10-311] analyzing module RAM128X1D_HD123
INFO: [VRFC 10-311] analyzing module RAM128X1D_HD124
INFO: [VRFC 10-311] analyzing module RAM128X1D_HD125
INFO: [VRFC 10-311] analyzing module RAM128X1D_HD126
INFO: [VRFC 10-311] analyzing module RAM128X1D_HD127
INFO: [VRFC 10-311] analyzing module RAM128X1D_HD128
INFO: [VRFC 10-311] analyzing module RAM128X1D_HD129
INFO: [VRFC 10-311] analyzing module RAM128X1D_HD246
INFO: [VRFC 10-311] analyzing module RAM128X1D_HD247
INFO: [VRFC 10-311] analyzing module RAM128X1D_HD248
INFO: [VRFC 10-311] analyzing module RAM128X1D_HD249
INFO: [VRFC 10-311] analyzing module RAM128X1D_HD250
INFO: [VRFC 10-311] analyzing module RAM128X1D_HD251
INFO: [VRFC 10-311] analyzing module RAM128X1D_HD252
INFO: [VRFC 10-311] analyzing module RAM128X1D_HD253
INFO: [VRFC 10-311] analyzing module RAM128X1D_HD254
INFO: [VRFC 10-311] analyzing module RAM128X1D_HD255
INFO: [VRFC 10-311] analyzing module RAM128X1D_HD256
INFO: [VRFC 10-311] analyzing module RAM128X1D_HD257
INFO: [VRFC 10-311] analyzing module RAM128X1D_HD258
INFO: [VRFC 10-311] analyzing module RAM128X1D_HD259
INFO: [VRFC 10-311] analyzing module RAM128X1D_HD260
INFO: [VRFC 10-311] analyzing module RAM128X1D_HD261
INFO: [VRFC 10-311] analyzing module RAM128X1D_HD262
INFO: [VRFC 10-311] analyzing module RAM128X1D_HD263
INFO: [VRFC 10-311] analyzing module RAM128X1D_HD264
INFO: [VRFC 10-311] analyzing module RAM128X1D_HD265
INFO: [VRFC 10-311] analyzing module RAM128X1D_HD266
INFO: [VRFC 10-311] analyzing module RAM128X1D_HD267
INFO: [VRFC 10-311] analyzing module RAM128X1D_HD268
INFO: [VRFC 10-311] analyzing module RAM128X1D_HD269
INFO: [VRFC 10-311] analyzing module RAM128X1D_HD270
INFO: [VRFC 10-311] analyzing module RAM128X1D_HD271
INFO: [VRFC 10-311] analyzing module RAM128X1D_HD272
INFO: [VRFC 10-311] analyzing module RAM128X1D_HD273
INFO: [VRFC 10-311] analyzing module RAM128X1D_HD274
INFO: [VRFC 10-311] analyzing module RAM128X1D_HD275
INFO: [VRFC 10-311] analyzing module RAM128X1D_HD276
INFO: [VRFC 10-311] analyzing module RAM128X1D_HD277
INFO: [VRFC 10-311] analyzing module RAM128X1D_HD402
INFO: [VRFC 10-311] analyzing module RAM128X1D_HD403
INFO: [VRFC 10-311] analyzing module RAM128X1D_HD404
INFO: [VRFC 10-311] analyzing module RAM128X1D_HD405
INFO: [VRFC 10-311] analyzing module RAM128X1D_HD406
INFO: [VRFC 10-311] analyzing module RAM128X1D_HD407
INFO: [VRFC 10-311] analyzing module RAM128X1D_HD408
INFO: [VRFC 10-311] analyzing module RAM128X1D_HD409
INFO: [VRFC 10-311] analyzing module RAM128X1D_HD410
INFO: [VRFC 10-311] analyzing module RAM128X1D_HD411
INFO: [VRFC 10-311] analyzing module RAM128X1D_HD412
INFO: [VRFC 10-311] analyzing module RAM128X1D_HD413
INFO: [VRFC 10-311] analyzing module RAM128X1D_HD414
INFO: [VRFC 10-311] analyzing module RAM128X1D_HD415
INFO: [VRFC 10-311] analyzing module RAM128X1D_HD416
INFO: [VRFC 10-311] analyzing module RAM128X1D_HD417
INFO: [VRFC 10-311] analyzing module RAM128X1D_HD418
INFO: [VRFC 10-311] analyzing module RAM128X1D_HD419
INFO: [VRFC 10-311] analyzing module RAM128X1D_HD420
INFO: [VRFC 10-311] analyzing module RAM128X1D_HD421
INFO: [VRFC 10-311] analyzing module RAM128X1D_HD422
INFO: [VRFC 10-311] analyzing module RAM128X1D_HD423
INFO: [VRFC 10-311] analyzing module RAM128X1D_HD424
INFO: [VRFC 10-311] analyzing module RAM128X1D_HD425
INFO: [VRFC 10-311] analyzing module RAM128X1D_HD426
INFO: [VRFC 10-311] analyzing module RAM128X1D_HD427
INFO: [VRFC 10-311] analyzing module RAM128X1D_HD428
INFO: [VRFC 10-311] analyzing module RAM128X1D_HD429
INFO: [VRFC 10-311] analyzing module RAM128X1D_HD430
INFO: [VRFC 10-311] analyzing module RAM128X1D_HD431
INFO: [VRFC 10-311] analyzing module RAM128X1D_HD432
INFO: [VRFC 10-311] analyzing module RAM128X1D_HD433
INFO: [VRFC 10-311] analyzing module RAM128X1D_HD99
INFO: [VRFC 10-311] analyzing module RAM128X1S_UNIQ_BASE_
INFO: [VRFC 10-311] analyzing module RAM128X1S_HD180
INFO: [VRFC 10-311] analyzing module RAM128X1S_HD181
INFO: [VRFC 10-311] analyzing module RAM128X1S_HD182
INFO: [VRFC 10-311] analyzing module RAM128X1S_HD183
INFO: [VRFC 10-311] analyzing module RAM128X1S_HD184
INFO: [VRFC 10-311] analyzing module RAM128X1S_HD185
INFO: [VRFC 10-311] analyzing module RAM128X1S_HD186
INFO: [VRFC 10-311] analyzing module RAM128X1S_HD187
INFO: [VRFC 10-311] analyzing module RAM128X1S_HD188
INFO: [VRFC 10-311] analyzing module RAM128X1S_HD189
INFO: [VRFC 10-311] analyzing module RAM128X1S_HD190
INFO: [VRFC 10-311] analyzing module RAM128X1S_HD191
INFO: [VRFC 10-311] analyzing module RAM128X1S_HD192
INFO: [VRFC 10-311] analyzing module RAM128X1S_HD193
INFO: [VRFC 10-311] analyzing module RAM128X1S_HD194
INFO: [VRFC 10-311] analyzing module RAM128X1S_HD195
INFO: [VRFC 10-311] analyzing module RAM128X1S_HD196
INFO: [VRFC 10-311] analyzing module RAM128X1S_HD197
INFO: [VRFC 10-311] analyzing module RAM128X1S_HD198
INFO: [VRFC 10-311] analyzing module RAM128X1S_HD199
INFO: [VRFC 10-311] analyzing module RAM128X1S_HD200
INFO: [VRFC 10-311] analyzing module RAM128X1S_HD201
INFO: [VRFC 10-311] analyzing module RAM128X1S_HD202
INFO: [VRFC 10-311] analyzing module RAM128X1S_HD203
INFO: [VRFC 10-311] analyzing module RAM128X1S_HD204
INFO: [VRFC 10-311] analyzing module RAM128X1S_HD205
INFO: [VRFC 10-311] analyzing module RAM128X1S_HD206
INFO: [VRFC 10-311] analyzing module RAM128X1S_HD207
INFO: [VRFC 10-311] analyzing module RAM128X1S_HD208
INFO: [VRFC 10-311] analyzing module RAM128X1S_HD209
INFO: [VRFC 10-311] analyzing module RAM128X1S_HD210
INFO: [VRFC 10-311] analyzing module RAM128X1S_HD330
INFO: [VRFC 10-311] analyzing module RAM128X1S_HD331
INFO: [VRFC 10-311] analyzing module RAM128X1S_HD332
INFO: [VRFC 10-311] analyzing module RAM128X1S_HD333
INFO: [VRFC 10-311] analyzing module RAM128X1S_HD334
INFO: [VRFC 10-311] analyzing module RAM128X1S_HD335
INFO: [VRFC 10-311] analyzing module RAM128X1S_HD336
INFO: [VRFC 10-311] analyzing module RAM128X1S_HD337
INFO: [VRFC 10-311] analyzing module RAM128X1S_HD338
INFO: [VRFC 10-311] analyzing module RAM128X1S_HD339
INFO: [VRFC 10-311] analyzing module RAM128X1S_HD340
INFO: [VRFC 10-311] analyzing module RAM128X1S_HD341
INFO: [VRFC 10-311] analyzing module RAM128X1S_HD342
INFO: [VRFC 10-311] analyzing module RAM128X1S_HD343
INFO: [VRFC 10-311] analyzing module RAM128X1S_HD344
INFO: [VRFC 10-311] analyzing module RAM128X1S_HD345
INFO: [VRFC 10-311] analyzing module RAM128X1S_HD346
INFO: [VRFC 10-311] analyzing module RAM128X1S_HD347
INFO: [VRFC 10-311] analyzing module RAM128X1S_HD348
INFO: [VRFC 10-311] analyzing module RAM128X1S_HD349
INFO: [VRFC 10-311] analyzing module RAM128X1S_HD350
INFO: [VRFC 10-311] analyzing module RAM128X1S_HD351
INFO: [VRFC 10-311] analyzing module RAM128X1S_HD352
INFO: [VRFC 10-311] analyzing module RAM128X1S_HD353
INFO: [VRFC 10-311] analyzing module RAM128X1S_HD354
INFO: [VRFC 10-311] analyzing module RAM128X1S_HD355
INFO: [VRFC 10-311] analyzing module RAM128X1S_HD356
INFO: [VRFC 10-311] analyzing module RAM128X1S_HD357
INFO: [VRFC 10-311] analyzing module RAM128X1S_HD358
INFO: [VRFC 10-311] analyzing module RAM128X1S_HD359
INFO: [VRFC 10-311] analyzing module RAM128X1S_HD360
INFO: [VRFC 10-311] analyzing module RAM128X1S_HD361
INFO: [VRFC 10-311] analyzing module RAM128X1S_HD486
INFO: [VRFC 10-311] analyzing module RAM128X1S_HD487
INFO: [VRFC 10-311] analyzing module RAM128X1S_HD488
INFO: [VRFC 10-311] analyzing module RAM128X1S_HD489
INFO: [VRFC 10-311] analyzing module RAM128X1S_HD490
INFO: [VRFC 10-311] analyzing module RAM128X1S_HD491
INFO: [VRFC 10-311] analyzing module RAM128X1S_HD492
INFO: [VRFC 10-311] analyzing module RAM128X1S_HD493
INFO: [VRFC 10-311] analyzing module RAM128X1S_HD494
INFO: [VRFC 10-311] analyzing module RAM128X1S_HD495
INFO: [VRFC 10-311] analyzing module RAM128X1S_HD496
INFO: [VRFC 10-311] analyzing module RAM128X1S_HD497
INFO: [VRFC 10-311] analyzing module RAM128X1S_HD498
INFO: [VRFC 10-311] analyzing module RAM128X1S_HD499
INFO: [VRFC 10-311] analyzing module RAM128X1S_HD500
INFO: [VRFC 10-311] analyzing module RAM128X1S_HD501
INFO: [VRFC 10-311] analyzing module RAM128X1S_HD502
INFO: [VRFC 10-311] analyzing module RAM128X1S_HD503
INFO: [VRFC 10-311] analyzing module RAM128X1S_HD504
INFO: [VRFC 10-311] analyzing module RAM128X1S_HD505
INFO: [VRFC 10-311] analyzing module RAM128X1S_HD506
INFO: [VRFC 10-311] analyzing module RAM128X1S_HD507
INFO: [VRFC 10-311] analyzing module RAM128X1S_HD508
INFO: [VRFC 10-311] analyzing module RAM128X1S_HD509
INFO: [VRFC 10-311] analyzing module RAM128X1S_HD510
INFO: [VRFC 10-311] analyzing module RAM128X1S_HD511
INFO: [VRFC 10-311] analyzing module RAM128X1S_HD512
INFO: [VRFC 10-311] analyzing module RAM128X1S_HD513
INFO: [VRFC 10-311] analyzing module RAM128X1S_HD514
INFO: [VRFC 10-311] analyzing module RAM128X1S_HD515
INFO: [VRFC 10-311] analyzing module RAM128X1S_HD516
INFO: [VRFC 10-311] analyzing module RAM128X1S_HD517
INFO: [VRFC 10-311] analyzing module RAM32M16_UNIQ_BASE_
INFO: [VRFC 10-311] analyzing module RAM32X1D_UNIQ_BASE_
INFO: [VRFC 10-311] analyzing module RAM32X1D_HD130
INFO: [VRFC 10-311] analyzing module RAM32X1D_HD131
INFO: [VRFC 10-311] analyzing module RAM32X1D_HD132
INFO: [VRFC 10-311] analyzing module RAM32X1D_HD133
INFO: [VRFC 10-311] analyzing module RAM32X1D_HD134
INFO: [VRFC 10-311] analyzing module RAM32X1D_HD135
INFO: [VRFC 10-311] analyzing module RAM32X1D_HD136
INFO: [VRFC 10-311] analyzing module RAM32X1D_HD137
INFO: [VRFC 10-311] analyzing module RAM32X1D_HD138
INFO: [VRFC 10-311] analyzing module RAM32X1D_HD139
INFO: [VRFC 10-311] analyzing module RAM32X1D_HD140
INFO: [VRFC 10-311] analyzing module RAM32X1D_HD141
INFO: [VRFC 10-311] analyzing module RAM32X1D_HD142
INFO: [VRFC 10-311] analyzing module RAM32X1D_HD143
INFO: [VRFC 10-311] analyzing module RAM32X1D_HD144
INFO: [VRFC 10-311] analyzing module RAM32X1D_HD145
INFO: [VRFC 10-311] analyzing module RAM32X1D_HD146
INFO: [VRFC 10-311] analyzing module RAM32X1D_HD147
INFO: [VRFC 10-311] analyzing module RAM32X1D_HD148
INFO: [VRFC 10-311] analyzing module RAM32X1D_HD149
INFO: [VRFC 10-311] analyzing module RAM32X1D_HD150
INFO: [VRFC 10-311] analyzing module RAM32X1D_HD151
INFO: [VRFC 10-311] analyzing module RAM32X1D_HD152
INFO: [VRFC 10-311] analyzing module RAM32X1D_HD153
INFO: [VRFC 10-311] analyzing module RAM32X1D_HD154
INFO: [VRFC 10-311] analyzing module RAM32X1D_HD155
INFO: [VRFC 10-311] analyzing module RAM32X1D_HD156
INFO: [VRFC 10-311] analyzing module RAM32X1D_HD157
INFO: [VRFC 10-311] analyzing module RAM32X1D_HD158
INFO: [VRFC 10-311] analyzing module RAM32X1D_HD159
INFO: [VRFC 10-311] analyzing module RAM32X1D_HD160
INFO: [VRFC 10-311] analyzing module RAM32X1D_HD278
INFO: [VRFC 10-311] analyzing module RAM32X1D_HD279
INFO: [VRFC 10-311] analyzing module RAM32X1D_HD280
INFO: [VRFC 10-311] analyzing module RAM32X1D_HD281
INFO: [VRFC 10-311] analyzing module RAM32X1D_HD282
INFO: [VRFC 10-311] analyzing module RAM32X1D_HD283
INFO: [VRFC 10-311] analyzing module RAM32X1D_HD284
INFO: [VRFC 10-311] analyzing module RAM32X1D_HD285
INFO: [VRFC 10-311] analyzing module RAM32X1D_HD286
INFO: [VRFC 10-311] analyzing module RAM32X1D_HD287
INFO: [VRFC 10-311] analyzing module RAM32X1D_HD288
INFO: [VRFC 10-311] analyzing module RAM32X1D_HD289
INFO: [VRFC 10-311] analyzing module RAM32X1D_HD290
INFO: [VRFC 10-311] analyzing module RAM32X1D_HD291
INFO: [VRFC 10-311] analyzing module RAM32X1D_HD292
INFO: [VRFC 10-311] analyzing module RAM32X1D_HD293
INFO: [VRFC 10-311] analyzing module RAM32X1D_HD294
INFO: [VRFC 10-311] analyzing module RAM32X1D_HD295
INFO: [VRFC 10-311] analyzing module RAM32X1D_HD296
INFO: [VRFC 10-311] analyzing module RAM32X1D_HD297
INFO: [VRFC 10-311] analyzing module RAM32X1D_HD298
INFO: [VRFC 10-311] analyzing module RAM32X1D_HD299
INFO: [VRFC 10-311] analyzing module RAM32X1D_HD300
INFO: [VRFC 10-311] analyzing module RAM32X1D_HD301
INFO: [VRFC 10-311] analyzing module RAM32X1D_HD302
INFO: [VRFC 10-311] analyzing module RAM32X1D_HD303
INFO: [VRFC 10-311] analyzing module RAM32X1D_HD304
INFO: [VRFC 10-311] analyzing module RAM32X1D_HD305
INFO: [VRFC 10-311] analyzing module RAM32X1D_HD306
INFO: [VRFC 10-311] analyzing module RAM32X1D_HD307
INFO: [VRFC 10-311] analyzing module RAM32X1D_HD308
INFO: [VRFC 10-311] analyzing module RAM32X1D_HD309
INFO: [VRFC 10-311] analyzing module RAM32X1D_HD434
INFO: [VRFC 10-311] analyzing module RAM32X1D_HD435
INFO: [VRFC 10-311] analyzing module RAM32X1D_HD436
INFO: [VRFC 10-311] analyzing module RAM32X1D_HD437
INFO: [VRFC 10-311] analyzing module RAM32X1D_HD438
INFO: [VRFC 10-311] analyzing module RAM32X1D_HD439
INFO: [VRFC 10-311] analyzing module RAM32X1D_HD440
INFO: [VRFC 10-311] analyzing module RAM32X1D_HD441
INFO: [VRFC 10-311] analyzing module RAM32X1D_HD442
INFO: [VRFC 10-311] analyzing module RAM32X1D_HD443
INFO: [VRFC 10-311] analyzing module RAM32X1D_HD444
INFO: [VRFC 10-311] analyzing module RAM32X1D_HD445
INFO: [VRFC 10-311] analyzing module RAM32X1D_HD446
INFO: [VRFC 10-311] analyzing module RAM32X1D_HD447
INFO: [VRFC 10-311] analyzing module RAM32X1D_HD448
INFO: [VRFC 10-311] analyzing module RAM32X1D_HD449
INFO: [VRFC 10-311] analyzing module RAM32X1D_HD450
INFO: [VRFC 10-311] analyzing module RAM32X1D_HD451
INFO: [VRFC 10-311] analyzing module RAM32X1D_HD452
INFO: [VRFC 10-311] analyzing module RAM32X1D_HD453
INFO: [VRFC 10-311] analyzing module RAM32X1D_HD454
INFO: [VRFC 10-311] analyzing module RAM32X1D_HD455
INFO: [VRFC 10-311] analyzing module RAM32X1D_HD456
INFO: [VRFC 10-311] analyzing module RAM32X1D_HD457
INFO: [VRFC 10-311] analyzing module RAM32X1D_HD458
INFO: [VRFC 10-311] analyzing module RAM32X1D_HD459
INFO: [VRFC 10-311] analyzing module RAM32X1D_HD460
INFO: [VRFC 10-311] analyzing module RAM32X1D_HD461
INFO: [VRFC 10-311] analyzing module RAM32X1D_HD462
INFO: [VRFC 10-311] analyzing module RAM32X1D_HD463
INFO: [VRFC 10-311] analyzing module RAM32X1D_HD464
INFO: [VRFC 10-311] analyzing module RAM32X1D_HD465
INFO: [VRFC 10-311] analyzing module RAM32X1S_UNIQ_BASE_
INFO: [VRFC 10-311] analyzing module RAM32X1S_HD211
INFO: [VRFC 10-311] analyzing module RAM32X1S_HD212
INFO: [VRFC 10-311] analyzing module RAM32X1S_HD213
INFO: [VRFC 10-311] analyzing module RAM32X1S_HD214
INFO: [VRFC 10-311] analyzing module RAM32X1S_HD215
INFO: [VRFC 10-311] analyzing module RAM32X1S_HD216
INFO: [VRFC 10-311] analyzing module RAM32X1S_HD217
INFO: [VRFC 10-311] analyzing module RAM32X1S_HD218
INFO: [VRFC 10-311] analyzing module RAM32X1S_HD219
INFO: [VRFC 10-311] analyzing module RAM32X1S_HD220
INFO: [VRFC 10-311] analyzing module RAM32X1S_HD221
INFO: [VRFC 10-311] analyzing module RAM32X1S_HD222
INFO: [VRFC 10-311] analyzing module RAM32X1S_HD223
INFO: [VRFC 10-311] analyzing module RAM32X1S_HD224
INFO: [VRFC 10-311] analyzing module RAM32X1S_HD225
INFO: [VRFC 10-311] analyzing module RAM32X1S_HD226
INFO: [VRFC 10-311] analyzing module RAM32X1S_HD227
INFO: [VRFC 10-311] analyzing module RAM32X1S_HD228
INFO: [VRFC 10-311] analyzing module RAM32X1S_HD229
INFO: [VRFC 10-311] analyzing module RAM32X1S_HD230
INFO: [VRFC 10-311] analyzing module RAM32X1S_HD231
INFO: [VRFC 10-311] analyzing module RAM32X1S_HD232
INFO: [VRFC 10-311] analyzing module RAM32X1S_HD233
INFO: [VRFC 10-311] analyzing module RAM32X1S_HD234
INFO: [VRFC 10-311] analyzing module RAM32X1S_HD235
INFO: [VRFC 10-311] analyzing module RAM32X1S_HD236
INFO: [VRFC 10-311] analyzing module RAM32X1S_HD237
INFO: [VRFC 10-311] analyzing module RAM32X1S_HD238
INFO: [VRFC 10-311] analyzing module RAM32X1S_HD239
INFO: [VRFC 10-311] analyzing module RAM32X1S_HD240
INFO: [VRFC 10-311] analyzing module RAM32X1S_HD241
INFO: [VRFC 10-311] analyzing module RAM32X1S_HD362
INFO: [VRFC 10-311] analyzing module RAM32X1S_HD363
INFO: [VRFC 10-311] analyzing module RAM32X1S_HD364
INFO: [VRFC 10-311] analyzing module RAM32X1S_HD365
INFO: [VRFC 10-311] analyzing module RAM32X1S_HD366
INFO: [VRFC 10-311] analyzing module RAM32X1S_HD367
INFO: [VRFC 10-311] analyzing module RAM32X1S_HD368
INFO: [VRFC 10-311] analyzing module RAM32X1S_HD369
INFO: [VRFC 10-311] analyzing module RAM32X1S_HD370
INFO: [VRFC 10-311] analyzing module RAM32X1S_HD371
INFO: [VRFC 10-311] analyzing module RAM32X1S_HD372
INFO: [VRFC 10-311] analyzing module RAM32X1S_HD373
INFO: [VRFC 10-311] analyzing module RAM32X1S_HD374
INFO: [VRFC 10-311] analyzing module RAM32X1S_HD375
INFO: [VRFC 10-311] analyzing module RAM32X1S_HD376
INFO: [VRFC 10-311] analyzing module RAM32X1S_HD377
INFO: [VRFC 10-311] analyzing module RAM32X1S_HD378
INFO: [VRFC 10-311] analyzing module RAM32X1S_HD379
INFO: [VRFC 10-311] analyzing module RAM32X1S_HD380
INFO: [VRFC 10-311] analyzing module RAM32X1S_HD381
INFO: [VRFC 10-311] analyzing module RAM32X1S_HD382
INFO: [VRFC 10-311] analyzing module RAM32X1S_HD383
INFO: [VRFC 10-311] analyzing module RAM32X1S_HD384
INFO: [VRFC 10-311] analyzing module RAM32X1S_HD385
INFO: [VRFC 10-311] analyzing module RAM32X1S_HD386
INFO: [VRFC 10-311] analyzing module RAM32X1S_HD387
INFO: [VRFC 10-311] analyzing module RAM32X1S_HD388
INFO: [VRFC 10-311] analyzing module RAM32X1S_HD389
INFO: [VRFC 10-311] analyzing module RAM32X1S_HD390
INFO: [VRFC 10-311] analyzing module RAM32X1S_HD391
INFO: [VRFC 10-311] analyzing module RAM32X1S_HD392
INFO: [VRFC 10-311] analyzing module RAM32X1S_HD393
INFO: [VRFC 10-311] analyzing module RAM32X1S_HD394
INFO: [VRFC 10-311] analyzing module RAM32X1S_HD395
INFO: [VRFC 10-311] analyzing module RAM32X1S_HD396
INFO: [VRFC 10-311] analyzing module RAM32X1S_HD397
INFO: [VRFC 10-311] analyzing module RAM32X1S_HD398
INFO: [VRFC 10-311] analyzing module RAM32X1S_HD399
INFO: [VRFC 10-311] analyzing module RAM32X1S_HD400
INFO: [VRFC 10-311] analyzing module RAM32X1S_HD401
INFO: [VRFC 10-311] analyzing module RAM32X1S_HD518
INFO: [VRFC 10-311] analyzing module RAM32X1S_HD519
INFO: [VRFC 10-311] analyzing module RAM32X1S_HD520
INFO: [VRFC 10-311] analyzing module RAM32X1S_HD521
INFO: [VRFC 10-311] analyzing module RAM32X1S_HD522
INFO: [VRFC 10-311] analyzing module RAM32X1S_HD523
INFO: [VRFC 10-311] analyzing module RAM32X1S_HD524
INFO: [VRFC 10-311] analyzing module RAM32X1S_HD525
INFO: [VRFC 10-311] analyzing module RAM32X1S_HD526
INFO: [VRFC 10-311] analyzing module RAM32X1S_HD527
INFO: [VRFC 10-311] analyzing module RAM32X1S_HD528
INFO: [VRFC 10-311] analyzing module RAM32X1S_HD529
INFO: [VRFC 10-311] analyzing module RAM32X1S_HD530
INFO: [VRFC 10-311] analyzing module RAM32X1S_HD531
INFO: [VRFC 10-311] analyzing module RAM32X1S_HD532
INFO: [VRFC 10-311] analyzing module RAM32X1S_HD533
INFO: [VRFC 10-311] analyzing module RAM32X1S_HD534
INFO: [VRFC 10-311] analyzing module RAM32X1S_HD535
INFO: [VRFC 10-311] analyzing module RAM32X1S_HD536
INFO: [VRFC 10-311] analyzing module RAM32X1S_HD537
INFO: [VRFC 10-311] analyzing module RAM32X1S_HD538
INFO: [VRFC 10-311] analyzing module RAM32X1S_HD539
INFO: [VRFC 10-311] analyzing module RAM32X1S_HD540
INFO: [VRFC 10-311] analyzing module RAM32X1S_HD541
INFO: [VRFC 10-311] analyzing module RAM32X1S_HD542
INFO: [VRFC 10-311] analyzing module RAM32X1S_HD543
INFO: [VRFC 10-311] analyzing module RAM32X1S_HD544
INFO: [VRFC 10-311] analyzing module RAM32X1S_HD545
INFO: [VRFC 10-311] analyzing module RAM32X1S_HD546
INFO: [VRFC 10-311] analyzing module RAM32X1S_HD547
INFO: [VRFC 10-311] analyzing module RAM32X1S_HD548
INFO: [VRFC 10-311] analyzing module RAM32X1S_HD549
INFO: [VRFC 10-311] analyzing module RAM32X1S_HD550
INFO: [VRFC 10-311] analyzing module RAM32X1S_HD551
INFO: [VRFC 10-311] analyzing module RAM32X1S_HD552
INFO: [VRFC 10-311] analyzing module RAM32X1S_HD553
INFO: [VRFC 10-311] analyzing module RAM32X1S_HD554
INFO: [VRFC 10-311] analyzing module RAM32X1S_HD555
INFO: [VRFC 10-311] analyzing module RAM32X1S_HD556
INFO: [VRFC 10-311] analyzing module RAM32X1S_HD557
INFO: [VRFC 10-311] analyzing module RAM32X1S_HD558
INFO: [VRFC 10-311] analyzing module RAM32X1S_HD559
INFO: [VRFC 10-311] analyzing module RAM32X1S_HD560
INFO: [VRFC 10-311] analyzing module RAM32X1S_HD561
INFO: [VRFC 10-311] analyzing module RAM32X1S_HD562
INFO: [VRFC 10-311] analyzing module RAM32X1S_HD563
INFO: [VRFC 10-311] analyzing module RAM32X1S_HD564
INFO: [VRFC 10-311] analyzing module RAM32X1S_HD565
INFO: [VRFC 10-311] analyzing module RAM32X1S_HD566
INFO: [VRFC 10-311] analyzing module RAM32X1S_HD567
INFO: [VRFC 10-311] analyzing module RAM32X1S_HD568
INFO: [VRFC 10-311] analyzing module RAM32X1S_HD569
INFO: [VRFC 10-311] analyzing module RAM32X1S_HD570
INFO: [VRFC 10-311] analyzing module RAM32X1S_HD571
INFO: [VRFC 10-311] analyzing module RAM32X1S_HD572
INFO: [VRFC 10-311] analyzing module RAM32X1S_HD573
INFO: [VRFC 10-311] analyzing module RAM32X1S_HD574
INFO: [VRFC 10-311] analyzing module RAM32X1S_HD575
INFO: [VRFC 10-311] analyzing module RAM32X1S_HD576
INFO: [VRFC 10-311] analyzing module RAM32X1S_HD577
INFO: [VRFC 10-311] analyzing module RAM32X1S_HD578
INFO: [VRFC 10-311] analyzing module RAM32X1S_HD579
INFO: [VRFC 10-311] analyzing module RAM32X1S_HD580
INFO: [VRFC 10-311] analyzing module RAM32X1S_HD581
INFO: [VRFC 10-311] analyzing module MPSQ
INFO: [VRFC 10-311] analyzing module MPSQ_GDarrayDecoded_V
INFO: [VRFC 10-311] analyzing module MPSQ_GDarrayDecoded_V_ram
INFO: [VRFC 10-311] analyzing module MPSQ_add_patch9
INFO: [VRFC 10-311] analyzing module MPSQ_add_patch9_24
INFO: [VRFC 10-311] analyzing module MPSQ_add_patch9_56
INFO: [VRFC 10-311] analyzing module MPSQ_areWedgeSuperPointsEqual
INFO: [VRFC 10-311] analyzing module MPSQ_areWedgeSuperPointsEqual_6
INFO: [VRFC 10-311] analyzing module MPSQ_delete_patch
INFO: [VRFC 10-311] analyzing module MPSQ_delete_patch_20
INFO: [VRFC 10-311] analyzing module MPSQ_getParallelograms
INFO: [VRFC 10-311] analyzing module MPSQ_getParallelograms_29
INFO: [VRFC 10-311] analyzing module MPSQ_getParallelograms_61
INFO: [VRFC 10-311] analyzing module MPSQ_getShadows
INFO: [VRFC 10-311] analyzing module MPSQ_getSolveNextColumnWhileConditional
INFO: [VRFC 10-311] analyzing module MPSQ_getSolveNextPatchPairWhileCondition
INFO: [VRFC 10-311] analyzing module MPSQ_get_acceptanceCorners
INFO: [VRFC 10-311] analyzing module MPSQ_get_acceptanceCorners_30
INFO: [VRFC 10-311] analyzing module MPSQ_get_acceptanceCorners_62
INFO: [VRFC 10-311] analyzing module MPSQ_get_index_from_z
INFO: [VRFC 10-311] analyzing module MPSQ_initializeArrays
INFO: [VRFC 10-311] analyzing module MPSQ_mSP_findLRBounds
INFO: [VRFC 10-311] analyzing module MPSQ_mSP_findLRBounds_43
INFO: [VRFC 10-311] analyzing module MPSQ_mSP_findLRBounds_75
INFO: [VRFC 10-311] analyzing module MPSQ_mSP_findStartIndex
INFO: [VRFC 10-311] analyzing module MPSQ_mSP_findStartIndex_44
INFO: [VRFC 10-311] analyzing module MPSQ_mSP_findStartIndex_76
INFO: [VRFC 10-311] analyzing module MPSQ_makePatch_alignedToLine
INFO: [VRFC 10-311] analyzing module MPSQ_makePatch_alignedToLine_21
INFO: [VRFC 10-311] analyzing module MPSQ_makePatch_alignedToLine_7
INFO: [VRFC 10-311] analyzing module MPSQ_makePatch_alignedToLine_NPpatches_parameters_V
INFO: [VRFC 10-311] analyzing module MPSQ_makePatch_alignedToLine_NPpatches_parameters_V_22
INFO: [VRFC 10-311] analyzing module MPSQ_makePatch_alignedToLine_NPpatches_parameters_V_54
INFO: [VRFC 10-311] analyzing module MPSQ_makePatch_alignedToLine_NPpatches_parameters_V_ram
INFO: [VRFC 10-311] analyzing module MPSQ_makePatch_alignedToLine_NPpatches_parameters_V_ram_50
INFO: [VRFC 10-311] analyzing module MPSQ_makePatch_alignedToLine_NPpatches_parameters_V_ram_82
INFO: [VRFC 10-311] analyzing module MPSQ_makePatch_alignedToLine_NPpatches_superpoints_V
INFO: [VRFC 10-311] analyzing module MPSQ_makePatch_alignedToLine_NPpatches_superpoints_V_23
INFO: [VRFC 10-311] analyzing module MPSQ_makePatch_alignedToLine_NPpatches_superpoints_V_55
INFO: [VRFC 10-311] analyzing module MPSQ_makePatch_alignedToLine_NPpatches_superpoints_V_ram
INFO: [VRFC 10-311] analyzing module MPSQ_makePatch_alignedToLine_NPpatches_superpoints_V_ram_49
INFO: [VRFC 10-311] analyzing module MPSQ_makePatch_alignedToLine_NPpatches_superpoints_V_ram_81
INFO: [VRFC 10-311] analyzing module MPSQ_makePatch_alignedToLine_init_patch_V
INFO: [VRFC 10-311] analyzing module MPSQ_makePatch_alignedToLine_init_patch_V_27
INFO: [VRFC 10-311] analyzing module MPSQ_makePatch_alignedToLine_init_patch_V_59
INFO: [VRFC 10-311] analyzing module MPSQ_makePatch_alignedToLine_init_patch_V_ram
INFO: [VRFC 10-311] analyzing module MPSQ_makePatch_alignedToLine_init_patch_V_ram_28
INFO: [VRFC 10-311] analyzing module MPSQ_makePatch_alignedToLine_init_patch_V_ram_60
INFO: [VRFC 10-311] analyzing module MPSQ_makeSuperPoint_alignedToLine11
INFO: [VRFC 10-311] analyzing module MPSQ_makeSuperPoint_alignedToLine11_25
INFO: [VRFC 10-311] analyzing module MPSQ_makeSuperPoint_alignedToLine11_57
INFO: [VRFC 10-311] analyzing module MPSQ_makeSuperPoint_alignedToLine11_row_list_V
INFO: [VRFC 10-311] analyzing module MPSQ_makeSuperPoint_alignedToLine11_row_list_V_46
INFO: [VRFC 10-311] analyzing module MPSQ_makeSuperPoint_alignedToLine11_row_list_V_78
INFO: [VRFC 10-311] analyzing module MPSQ_makeSuperPoint_alignedToLine11_row_list_V_ram
INFO: [VRFC 10-311] analyzing module MPSQ_makeSuperPoint_alignedToLine11_row_list_V_ram_47
INFO: [VRFC 10-311] analyzing module MPSQ_makeSuperPoint_alignedToLine11_row_list_V_ram_79
INFO: [VRFC 10-311] analyzing module MPSQ_makeThirdPatch
INFO: [VRFC 10-311] analyzing module MPSQ_mul_33s_64s_64_5_1
INFO: [VRFC 10-311] analyzing module MPSQ_mul_33s_64s_64_5_1_Multiplier_3
INFO: [VRFC 10-311] analyzing module MPSQ_mul_35ns_33s_64_3_1
INFO: [VRFC 10-311] analyzing module MPSQ_mul_35ns_33s_64_3_1_12
INFO: [VRFC 10-311] analyzing module MPSQ_mul_35ns_33s_64_3_1_14
INFO: [VRFC 10-311] analyzing module MPSQ_mul_35ns_33s_64_3_1_16
INFO: [VRFC 10-311] analyzing module MPSQ_mul_35ns_33s_64_3_1_18
INFO: [VRFC 10-311] analyzing module MPSQ_mul_35ns_33s_64_3_1_2
INFO: [VRFC 10-311] analyzing module MPSQ_mul_35ns_33s_64_3_1_35
INFO: [VRFC 10-311] analyzing module MPSQ_mul_35ns_33s_64_3_1_37
INFO: [VRFC 10-311] analyzing module MPSQ_mul_35ns_33s_64_3_1_39
INFO: [VRFC 10-311] analyzing module MPSQ_mul_35ns_33s_64_3_1_4
INFO: [VRFC 10-311] analyzing module MPSQ_mul_35ns_33s_64_3_1_41
INFO: [VRFC 10-311] analyzing module MPSQ_mul_35ns_33s_64_3_1_52
INFO: [VRFC 10-311] analyzing module MPSQ_mul_35ns_33s_64_3_1_67
INFO: [VRFC 10-311] analyzing module MPSQ_mul_35ns_33s_64_3_1_69
INFO: [VRFC 10-311] analyzing module MPSQ_mul_35ns_33s_64_3_1_71
INFO: [VRFC 10-311] analyzing module MPSQ_mul_35ns_33s_64_3_1_73
INFO: [VRFC 10-311] analyzing module MPSQ_mul_35ns_33s_64_3_1_Multiplier_1
INFO: [VRFC 10-311] analyzing module MPSQ_mul_35ns_33s_64_3_1_Multiplier_1_13
INFO: [VRFC 10-311] analyzing module MPSQ_mul_35ns_33s_64_3_1_Multiplier_1_15
INFO: [VRFC 10-311] analyzing module MPSQ_mul_35ns_33s_64_3_1_Multiplier_1_17
INFO: [VRFC 10-311] analyzing module MPSQ_mul_35ns_33s_64_3_1_Multiplier_1_19
INFO: [VRFC 10-311] analyzing module MPSQ_mul_35ns_33s_64_3_1_Multiplier_1_3
INFO: [VRFC 10-311] analyzing module MPSQ_mul_35ns_33s_64_3_1_Multiplier_1_36
INFO: [VRFC 10-311] analyzing module MPSQ_mul_35ns_33s_64_3_1_Multiplier_1_38
INFO: [VRFC 10-311] analyzing module MPSQ_mul_35ns_33s_64_3_1_Multiplier_1_40
INFO: [VRFC 10-311] analyzing module MPSQ_mul_35ns_33s_64_3_1_Multiplier_1_42
INFO: [VRFC 10-311] analyzing module MPSQ_mul_35ns_33s_64_3_1_Multiplier_1_5
INFO: [VRFC 10-311] analyzing module MPSQ_mul_35ns_33s_64_3_1_Multiplier_1_53
INFO: [VRFC 10-311] analyzing module MPSQ_mul_35ns_33s_64_3_1_Multiplier_1_68
INFO: [VRFC 10-311] analyzing module MPSQ_mul_35ns_33s_64_3_1_Multiplier_1_70
INFO: [VRFC 10-311] analyzing module MPSQ_mul_35ns_33s_64_3_1_Multiplier_1_72
INFO: [VRFC 10-311] analyzing module MPSQ_mul_35ns_33s_64_3_1_Multiplier_1_74
INFO: [VRFC 10-311] analyzing module MPSQ_mul_35ns_33s_68_3_1
INFO: [VRFC 10-311] analyzing module MPSQ_mul_35ns_33s_68_3_1_45
INFO: [VRFC 10-311] analyzing module MPSQ_mul_35ns_33s_68_3_1_77
INFO: [VRFC 10-311] analyzing module MPSQ_mul_35ns_33s_68_3_1_Multiplier_2
INFO: [VRFC 10-311] analyzing module MPSQ_mul_35ns_33s_68_3_1_Multiplier_2_48
INFO: [VRFC 10-311] analyzing module MPSQ_mul_35ns_33s_68_3_1_Multiplier_2_80
INFO: [VRFC 10-311] analyzing module MPSQ_patches_parameters_V
INFO: [VRFC 10-311] analyzing module MPSQ_patches_parameters_V_ram
INFO: [VRFC 10-311] analyzing module MPSQ_patches_superpoints_V
INFO: [VRFC 10-311] analyzing module MPSQ_patches_superpoints_V_ram
INFO: [VRFC 10-311] analyzing module MPSQ_solveComplmentaryPatch
INFO: [VRFC 10-311] analyzing module MPSQ_solveComplmentaryPatch_current_z_i_index
INFO: [VRFC 10-311] analyzing module MPSQ_solveComplmentaryPatch_current_z_i_index_ram
INFO: [VRFC 10-311] analyzing module MPSQ_solveComplmentaryPatch_new_z_i_V
INFO: [VRFC 10-311] analyzing module MPSQ_solveComplmentaryPatch_new_z_i_V_ram
INFO: [VRFC 10-311] analyzing module MPSQ_solveComplmentaryPatch_new_z_i_index
INFO: [VRFC 10-311] analyzing module MPSQ_solveComplmentaryPatch_new_z_i_index_ram
INFO: [VRFC 10-311] analyzing module MPSQ_solveNextColumn
INFO: [VRFC 10-311] analyzing module MPSQ_solveNextPatchPair
INFO: [VRFC 10-311] analyzing module MPSQ_straightLineProjectorFromLayerIJtoK
INFO: [VRFC 10-311] analyzing module MPSQ_straightLineProjectorFromLayerIJtoK_0
INFO: [VRFC 10-311] analyzing module MPSQ_straightLineProjectorFromLayerIJtoK_1
INFO: [VRFC 10-311] analyzing module MPSQ_straightLineProjectorFromLayerIJtoK_10
INFO: [VRFC 10-311] analyzing module MPSQ_straightLineProjectorFromLayerIJtoK_11
INFO: [VRFC 10-311] analyzing module MPSQ_straightLineProjectorFromLayerIJtoK_31
INFO: [VRFC 10-311] analyzing module MPSQ_straightLineProjectorFromLayerIJtoK_32
INFO: [VRFC 10-311] analyzing module MPSQ_straightLineProjectorFromLayerIJtoK_33
INFO: [VRFC 10-311] analyzing module MPSQ_straightLineProjectorFromLayerIJtoK_34
INFO: [VRFC 10-311] analyzing module MPSQ_straightLineProjectorFromLayerIJtoK_51
INFO: [VRFC 10-311] analyzing module MPSQ_straightLineProjectorFromLayerIJtoK_63
INFO: [VRFC 10-311] analyzing module MPSQ_straightLineProjectorFromLayerIJtoK_64
INFO: [VRFC 10-311] analyzing module MPSQ_straightLineProjectorFromLayerIJtoK_65
INFO: [VRFC 10-311] analyzing module MPSQ_straightLineProjectorFromLayerIJtoK_66
INFO: [VRFC 10-311] analyzing module MPSQ_straightLineProjectorFromLayerIJtoK_8
INFO: [VRFC 10-311] analyzing module MPSQ_straightLineProjectorFromLayerIJtoK_9
INFO: [VRFC 10-311] analyzing module MPSQ_wedgePatch_init
INFO: [VRFC 10-311] analyzing module MPSQ_wedgePatch_init_26
INFO: [VRFC 10-311] analyzing module MPSQ_wedgePatch_init_58
INFO: [VRFC 10-311] analyzing module glbl
