

================================================================
== Vivado HLS Report for 'simple_algo_hw'
================================================================
* Date:           Tue Nov 10 23:56:07 2020

* Version:        2019.1 (Build 2552052 on Fri May 24 15:28:33 MDT 2019)
* Project:        proj0
* Solution:       solution1
* Product family: virtex7
* Target device:  xc7vx690t-ffg1927-2


================================================================
== Performance Estimates
================================================================
+ Timing (ns): 
    * Summary: 
    +--------+-------+----------+------------+
    |  Clock | Target| Estimated| Uncertainty|
    +--------+-------+----------+------------+
    |ap_clk  |   5.00|     1.514|        0.62|
    +--------+-------+----------+------------+

+ Latency (clock cycles): 
    * Summary: 
    +-----+-----+-----+-----+---------+
    |  Latency  |  Interval | Pipeline|
    | min | max | min | max |   Type  |
    +-----+-----+-----+-----+---------+
    |    0|    0|    0|    0|   none  |
    +-----+-----+-----+-----+---------+

    + Detail: 
        * Instance: 
        N/A

        * Loop: 
        N/A



================================================================
== Utilization Estimates
================================================================
* Summary: 
+-----------------+---------+-------+--------+--------+-----+
|       Name      | BRAM_18K| DSP48E|   FF   |   LUT  | URAM|
+-----------------+---------+-------+--------+--------+-----+
|DSP              |        -|      -|       -|       -|    -|
|Expression       |        -|      -|       0|      39|    -|
|FIFO             |        -|      -|       -|       -|    -|
|Instance         |        -|      -|       -|       -|    -|
|Memory           |        -|      -|       -|       -|    -|
|Multiplexer      |        -|      -|       -|       -|    -|
|Register         |        -|      -|       -|       -|    -|
+-----------------+---------+-------+--------+--------+-----+
|Total            |        0|      0|       0|      39|    0|
+-----------------+---------+-------+--------+--------+-----+
|Available        |     2940|   3600|  866400|  433200|    0|
+-----------------+---------+-------+--------+--------+-----+
|Utilization (%)  |        0|      0|       0|   ~0   |    0|
+-----------------+---------+-------+--------+--------+-----+

+ Detail: 
    * Instance: 
    N/A

    * DSP48E: 
    N/A

    * Memory: 
    N/A

    * FIFO: 
    N/A

    * Expression: 
    +--------------+----------+-------+---+----+------------+------------+
    | Variable Name| Operation| DSP48E| FF| LUT| Bitwidth P0| Bitwidth P1|
    +--------------+----------+-------+---+----+------------+------------+
    |outA_V        |     +    |      0|  0|  39|          32|          32|
    +--------------+----------+-------+---+----+------------+------------+
    |Total         |          |      0|  0|  39|          32|          32|
    +--------------+----------+-------+---+----+------------+------------+

    * Multiplexer: 
    N/A

    * Register: 
    N/A



================================================================
== Interface
================================================================
* Summary: 
+---------------+-----+-----+------------+----------------+--------------+
|   RTL Ports   | Dir | Bits|  Protocol  |  Source Object |    C Type    |
+---------------+-----+-----+------------+----------------+--------------+
|ap_start       |  in |    1| ap_ctrl_hs | simple_algo_hw | return value |
|ap_done        | out |    1| ap_ctrl_hs | simple_algo_hw | return value |
|ap_idle        | out |    1| ap_ctrl_hs | simple_algo_hw | return value |
|ap_ready       | out |    1| ap_ctrl_hs | simple_algo_hw | return value |
|inA_V          |  in |   32|   ap_none  |      inA_V     |    scalar    |
|inB_V          |  in |   32|   ap_none  |      inB_V     |    scalar    |
|outA_V         | out |   32|   ap_vld   |     outA_V     |    pointer   |
|outA_V_ap_vld  | out |    1|   ap_vld   |     outA_V     |    pointer   |
+---------------+-----+-----+------------+----------------+--------------+

