

================================================================
== Vitis HLS Report for 'get_acceptanceCorners'
================================================================
* Date:           Sun Jul  7 14:41:58 2024

* Version:        2020.2 (Build 3064766 on Wed Nov 18 09:12:45 MST 2020)
* Project:        PatchMaker_tanishGit
* Solution:       solution1 (Vivado IP Flow Target)
* Product family: virtexuplus
* Target device:  xcvu19p-fsvb3824-2-e


================================================================
== Performance Estimates
================================================================
+ Timing: 
    * Summary: 
    +--------+----------+----------+------------+
    |  Clock |  Target  | Estimated| Uncertainty|
    +--------+----------+----------+------------+
    |ap_clk  |  10.00 ns|  3.465 ns|     2.70 ns|
    +--------+----------+----------+------------+

+ Latency: 
    * Summary: 
    +---------+---------+----------+----------+-----+-----+---------+
    |  Latency (cycles) |  Latency (absolute) |  Interval | Pipeline|
    |   min   |   max   |    min   |    max   | min | max |   Type  |
    +---------+---------+----------+----------+-----+-----+---------+
    |        ?|        ?|         ?|         ?|    ?|    ?|     none|
    +---------+---------+----------+----------+-----+-----+---------+

    + Detail: 
        * Instance: 
        N/A

        * Loop: 
        +--------------------------------+---------+---------+----------+-----------+-----------+------+----------+
        |                                |  Latency (cycles) | Iteration|  Initiation Interval  | Trip |          |
        |            Loop Name           |   min   |   max   |  Latency |  achieved |   target  | Count| Pipelined|
        +--------------------------------+---------+---------+----------+-----------+-----------+------+----------+
        |- minMaxAcceptanceCorners_loop  |        ?|        ?|         3|          2|          1|     ?|       yes|
        +--------------------------------+---------+---------+----------+-----------+-----------+------+----------+

============================================================
+ Verbose Summary: Synthesis Manager
============================================================
InlineROM: 1
ExposeGlobal: 0
============================================================
+ Verbose Summary: CDFG Model
============================================================
IsTopModel: 0
ResetActiveHigh: 1
IsCombinational: 0
IsDatapathOnly: 0
HasWiredReturn: 1
HasMFsm: 0
HasVarLatency: 1
IsPipeline: 0
IsRtlPipelined: 0
IsInstanceOverlapped: 0
IsDontTouch: 0
HasImplIP: 0
IsGatedGlobalClock: 0

+ Individual pipeline summary: 
  * Pipeline-0: initiation interval (II) = 2, depth = 3


============================================================
+ Verbose Summary: Schedule
============================================================
* Number of FSM states : 21
* Pipeline : 1
  Pipeline-0 : II = 2, D = 3, States = { 4 5 6 }
* Dataflow Pipeline: 0

* FSM state transitions: 
1 --> 2 
2 --> 3 
3 --> 4 
4 --> 7 5 
5 --> 6 
6 --> 4 
7 --> 8 
8 --> 9 
9 --> 10 
10 --> 11 
11 --> 12 
12 --> 13 
13 --> 14 
14 --> 15 
15 --> 16 
16 --> 17 
17 --> 18 
18 --> 19 20 
19 --> 20 
20 --> 21 
21 --> 

* FSM state operations: 

State 1 <SV = 0> <Delay = 1.20>
ST_1 : Operation 22 [1/1] (0.00ns)   --->   "%wp_parameters_addr_4 = getelementptr i64 %wp_parameters, i64 0, i64 108"   --->   Operation 22 'getelementptr' 'wp_parameters_addr_4' <Predicate = true> <Delay = 0.00>
ST_1 : Operation 23 [2/2] (1.20ns)   --->   "%wp_parameters_load = load i7 %wp_parameters_addr_4"   --->   Operation 23 'load' 'wp_parameters_load' <Predicate = true> <Delay = 1.20> <CoreInst = "RAM">   --->   Core 83 'RAM' <Latency = 1> <II = 1> <Delay = 1.20> <Storage> <Opcode : 'load' 'store'> <Ports = 2> <Width = 64> <Depth = 120> <RAM>

State 2 <SV = 1> <Delay = 1.20>
ST_2 : Operation 24 [1/1] (0.00ns)   --->   "%wp_parameters_addr = getelementptr i64 %wp_parameters, i64 0, i64 84" [patchMaker.cpp:210]   --->   Operation 24 'getelementptr' 'wp_parameters_addr' <Predicate = true> <Delay = 0.00>
ST_2 : Operation 25 [1/1] (0.00ns)   --->   "%wp_parameters_addr_1 = getelementptr i64 %wp_parameters, i64 0, i64 78" [patchMaker.cpp:211]   --->   Operation 25 'getelementptr' 'wp_parameters_addr_1' <Predicate = true> <Delay = 0.00>
ST_2 : Operation 26 [1/1] (1.20ns)   --->   "%store_ln210 = store i64 1, i7 %wp_parameters_addr" [patchMaker.cpp:210]   --->   Operation 26 'store' 'store_ln210' <Predicate = true> <Delay = 1.20> <CoreInst = "RAM">   --->   Core 83 'RAM' <Latency = 1> <II = 1> <Delay = 1.20> <Storage> <Opcode : 'load' 'store'> <Ports = 2> <Width = 64> <Depth = 120> <RAM>
ST_2 : Operation 27 [1/1] (1.20ns)   --->   "%store_ln211 = store i64 1, i7 %wp_parameters_addr_1" [patchMaker.cpp:211]   --->   Operation 27 'store' 'store_ln211' <Predicate = true> <Delay = 1.20> <CoreInst = "RAM">   --->   Core 83 'RAM' <Latency = 1> <II = 1> <Delay = 1.20> <Storage> <Opcode : 'load' 'store'> <Ports = 2> <Width = 64> <Depth = 120> <RAM>
ST_2 : Operation 28 [1/2] (1.20ns)   --->   "%wp_parameters_load = load i7 %wp_parameters_addr_4"   --->   Operation 28 'load' 'wp_parameters_load' <Predicate = true> <Delay = 1.20> <CoreInst = "RAM">   --->   Core 83 'RAM' <Latency = 1> <II = 1> <Delay = 1.20> <Storage> <Opcode : 'load' 'store'> <Ports = 2> <Width = 64> <Depth = 120> <RAM>
ST_2 : Operation 29 [1/1] (0.00ns)   --->   "%empty = trunc i64 %wp_parameters_load"   --->   Operation 29 'trunc' 'empty' <Predicate = true> <Delay = 0.00>

State 3 <SV = 2> <Delay = 1.20>
ST_3 : Operation 30 [1/1] (0.00ns)   --->   "%wp_parameters_addr_2 = getelementptr i64 %wp_parameters, i64 0, i64 72" [patchMaker.cpp:212]   --->   Operation 30 'getelementptr' 'wp_parameters_addr_2' <Predicate = true> <Delay = 0.00>
ST_3 : Operation 31 [1/1] (0.00ns)   --->   "%wp_parameters_addr_3 = getelementptr i64 %wp_parameters, i64 0, i64 90" [patchMaker.cpp:213]   --->   Operation 31 'getelementptr' 'wp_parameters_addr_3' <Predicate = true> <Delay = 0.00>
ST_3 : Operation 32 [1/1] (0.00ns)   --->   "%wp_parameters_addr_5 = getelementptr i64 %wp_parameters, i64 0, i64 4" [patchMaker.cpp:243]   --->   Operation 32 'getelementptr' 'wp_parameters_addr_5' <Predicate = true> <Delay = 0.00>
ST_3 : Operation 33 [1/1] (0.00ns)   --->   "%wp_parameters_addr_6 = getelementptr i64 %wp_parameters, i64 0, i64 48" [patchMaker.cpp:243]   --->   Operation 33 'getelementptr' 'wp_parameters_addr_6' <Predicate = true> <Delay = 0.00>
ST_3 : Operation 34 [1/1] (0.00ns)   --->   "%wp_parameters_addr_7 = getelementptr i64 %wp_parameters, i64 0, i64 49" [patchMaker.cpp:244]   --->   Operation 34 'getelementptr' 'wp_parameters_addr_7' <Predicate = true> <Delay = 0.00>
ST_3 : Operation 35 [1/1] (0.00ns)   --->   "%wp_parameters_addr_8 = getelementptr i64 %wp_parameters, i64 0, i64 5" [patchMaker.cpp:245]   --->   Operation 35 'getelementptr' 'wp_parameters_addr_8' <Predicate = true> <Delay = 0.00>
ST_3 : Operation 36 [1/1] (0.00ns)   --->   "%wp_parameters_addr_9 = getelementptr i64 %wp_parameters, i64 0, i64 54" [patchMaker.cpp:245]   --->   Operation 36 'getelementptr' 'wp_parameters_addr_9' <Predicate = true> <Delay = 0.00>
ST_3 : Operation 37 [1/1] (0.00ns)   --->   "%wp_parameters_addr_10 = getelementptr i64 %wp_parameters, i64 0, i64 55" [patchMaker.cpp:246]   --->   Operation 37 'getelementptr' 'wp_parameters_addr_10' <Predicate = true> <Delay = 0.00>
ST_3 : Operation 38 [1/1] (0.00ns)   --->   "%wp_parameters_addr_11 = getelementptr i64 %wp_parameters, i64 0, i64 60" [patchMaker.cpp:247]   --->   Operation 38 'getelementptr' 'wp_parameters_addr_11' <Predicate = true> <Delay = 0.00>
ST_3 : Operation 39 [1/1] (0.00ns)   --->   "%wp_parameters_addr_12 = getelementptr i64 %wp_parameters, i64 0, i64 61" [patchMaker.cpp:248]   --->   Operation 39 'getelementptr' 'wp_parameters_addr_12' <Predicate = true> <Delay = 0.00>
ST_3 : Operation 40 [1/1] (0.00ns)   --->   "%wp_parameters_addr_13 = getelementptr i64 %wp_parameters, i64 0, i64 66" [patchMaker.cpp:249]   --->   Operation 40 'getelementptr' 'wp_parameters_addr_13' <Predicate = true> <Delay = 0.00>
ST_3 : Operation 41 [1/1] (0.00ns)   --->   "%wp_parameters_addr_14 = getelementptr i64 %wp_parameters, i64 0, i64 67" [patchMaker.cpp:250]   --->   Operation 41 'getelementptr' 'wp_parameters_addr_14' <Predicate = true> <Delay = 0.00>
ST_3 : Operation 42 [1/1] (0.00ns)   --->   "%wp_parameters_addr_15 = getelementptr i64 %wp_parameters, i64 0, i64 18" [patchMaker.cpp:253]   --->   Operation 42 'getelementptr' 'wp_parameters_addr_15' <Predicate = true> <Delay = 0.00>
ST_3 : Operation 43 [1/1] (0.00ns)   --->   "%wp_parameters_addr_20 = getelementptr i64 %wp_parameters, i64 0, i64 19" [patchMaker.cpp:258]   --->   Operation 43 'getelementptr' 'wp_parameters_addr_20' <Predicate = true> <Delay = 0.00>
ST_3 : Operation 44 [1/1] (0.00ns)   --->   "%wp_parameters_addr_21 = getelementptr i64 %wp_parameters, i64 0, i64 20" [patchMaker.cpp:263]   --->   Operation 44 'getelementptr' 'wp_parameters_addr_21' <Predicate = true> <Delay = 0.00>
ST_3 : Operation 45 [1/1] (0.00ns)   --->   "%wp_parameters_addr_22 = getelementptr i64 %wp_parameters, i64 0, i64 21" [patchMaker.cpp:268]   --->   Operation 45 'getelementptr' 'wp_parameters_addr_22' <Predicate = true> <Delay = 0.00>
ST_3 : Operation 46 [1/1] (1.20ns)   --->   "%store_ln212 = store i64 1, i7 %wp_parameters_addr_2" [patchMaker.cpp:212]   --->   Operation 46 'store' 'store_ln212' <Predicate = true> <Delay = 1.20> <CoreInst = "RAM">   --->   Core 83 'RAM' <Latency = 1> <II = 1> <Delay = 1.20> <Storage> <Opcode : 'load' 'store'> <Ports = 2> <Width = 64> <Depth = 120> <RAM>
ST_3 : Operation 47 [1/1] (1.20ns)   --->   "%store_ln213 = store i64 0, i7 %wp_parameters_addr_3" [patchMaker.cpp:213]   --->   Operation 47 'store' 'store_ln213' <Predicate = true> <Delay = 1.20> <CoreInst = "RAM">   --->   Core 83 'RAM' <Latency = 1> <II = 1> <Delay = 1.20> <Storage> <Opcode : 'load' 'store'> <Ports = 2> <Width = 64> <Depth = 120> <RAM>
ST_3 : Operation 48 [1/1] (0.38ns)   --->   "%br_ln222 = br void" [patchMaker.cpp:222]   --->   Operation 48 'br' 'br_ln222' <Predicate = true> <Delay = 0.38>

State 4 <SV = 3> <Delay = 1.90>
ST_4 : Operation 49 [1/1] (0.00ns)   --->   "%i = phi i32 0, void %.lr.ph, i32 %add_ln222, void %.split" [patchMaker.cpp:222]   --->   Operation 49 'phi' 'i' <Predicate = true> <Delay = 0.00>
ST_4 : Operation 50 [1/1] (0.00ns)   --->   "%d_corner_max = phi i64 9223372036854775808, void %.lr.ph, i64 %d_corner_max_2, void %.split"   --->   Operation 50 'phi' 'd_corner_max' <Predicate = true> <Delay = 0.00>
ST_4 : Operation 51 [1/1] (0.00ns)   --->   "%a_corner_min = phi i64 9223372036854775807, void %.lr.ph, i64 %a_corner_min_1, void %.split"   --->   Operation 51 'phi' 'a_corner_min' <Predicate = true> <Delay = 0.00>
ST_4 : Operation 52 [1/1] (0.00ns)   --->   "%b_corner_min = phi i64 9223372036854775807, void %.lr.ph, i64 %b_corner_min_2, void %.split"   --->   Operation 52 'phi' 'b_corner_min' <Predicate = true> <Delay = 0.00>
ST_4 : Operation 53 [1/1] (0.00ns)   --->   "%c_corner_max = phi i64 9223372036854775808, void %.lr.ph, i64 %c_corner_max_1, void %.split"   --->   Operation 53 'phi' 'c_corner_max' <Predicate = true> <Delay = 0.00>
ST_4 : Operation 54 [1/1] (0.88ns)   --->   "%add_ln222 = add i32 %i, i32 1" [patchMaker.cpp:222]   --->   Operation 54 'add' 'add_ln222' <Predicate = true> <Delay = 0.88> <CoreInst = "Adder">   --->   Core 1 'Adder' <Latency = 0> <II = 1> <Delay = 0.70> <FuncUnit> <Opcode : 'add' 'sub'> <InPorts = 2> <OutPorts = 1>
ST_4 : Operation 55 [1/1] (0.00ns)   --->   "%specpipeline_ln0 = specpipeline void @_ssdm_op_SpecPipeline, i32 4294967295, i32 0, i32 1, i32 0, void @p_str"   --->   Operation 55 'specpipeline' 'specpipeline_ln0' <Predicate = true> <Delay = 0.00>
ST_4 : Operation 56 [1/1] (0.85ns)   --->   "%icmp_ln222 = icmp_eq  i32 %i, i32 %empty" [patchMaker.cpp:222]   --->   Operation 56 'icmp' 'icmp_ln222' <Predicate = true> <Delay = 0.85> <CoreInst = "Cmp">   --->   Core 9 'Cmp' <Latency = 0> <II = 1> <Delay = 1.06> <FuncUnit> <Opcode : 'icmp'> <InPorts = 2> <OutPorts = 1>
ST_4 : Operation 57 [1/1] (0.00ns)   --->   "%br_ln222 = br i1 %icmp_ln222, void %.split, void %._crit_edge.loopexit" [patchMaker.cpp:222]   --->   Operation 57 'br' 'br_ln222' <Predicate = true> <Delay = 0.00>
ST_4 : Operation 58 [1/1] (0.00ns)   --->   "%trunc_ln224 = trunc i32 %i" [patchMaker.cpp:224]   --->   Operation 58 'trunc' 'trunc_ln224' <Predicate = (!icmp_ln222)> <Delay = 0.00>
ST_4 : Operation 59 [1/1] (0.00ns)   --->   "%tmp_cast = bitconcatenate i7 @_ssdm_op_BitConcatenate.i7.i4.i3, i4 %trunc_ln224, i3 0" [patchMaker.cpp:224]   --->   Operation 59 'bitconcatenate' 'tmp_cast' <Predicate = (!icmp_ln222)> <Delay = 0.00>
ST_4 : Operation 60 [1/1] (0.00ns)   --->   "%trunc_ln224_1 = trunc i32 %i" [patchMaker.cpp:224]   --->   Operation 60 'trunc' 'trunc_ln224_1' <Predicate = (!icmp_ln222)> <Delay = 0.00>
ST_4 : Operation 61 [1/1] (0.00ns)   --->   "%tmp_159_cast = bitconcatenate i7 @_ssdm_op_BitConcatenate.i7.i6.i1, i6 %trunc_ln224_1, i1 0" [patchMaker.cpp:224]   --->   Operation 61 'bitconcatenate' 'tmp_159_cast' <Predicate = (!icmp_ln222)> <Delay = 0.00>
ST_4 : Operation 62 [1/1] (0.70ns)   --->   "%sub_ln224 = sub i7 %tmp_cast, i7 %tmp_159_cast" [patchMaker.cpp:224]   --->   Operation 62 'sub' 'sub_ln224' <Predicate = (!icmp_ln222)> <Delay = 0.70> <CoreInst = "Adder">   --->   Core 1 'Adder' <Latency = 0> <II = 1> <Delay = 0.70> <FuncUnit> <Opcode : 'add' 'sub'> <InPorts = 2> <OutPorts = 1>
ST_4 : Operation 63 [1/1] (0.00ns)   --->   "%zext_ln224 = zext i7 %sub_ln224" [patchMaker.cpp:224]   --->   Operation 63 'zext' 'zext_ln224' <Predicate = (!icmp_ln222)> <Delay = 0.00>
ST_4 : Operation 64 [1/1] (0.00ns)   --->   "%wp_parameters_addr_16 = getelementptr i64 %wp_parameters, i64 0, i64 %zext_ln224" [patchMaker.cpp:224]   --->   Operation 64 'getelementptr' 'wp_parameters_addr_16' <Predicate = (!icmp_ln222)> <Delay = 0.00>
ST_4 : Operation 65 [1/1] (0.00ns)   --->   "%or_ln228 = or i7 %sub_ln224, i7 1" [patchMaker.cpp:228]   --->   Operation 65 'or' 'or_ln228' <Predicate = (!icmp_ln222)> <Delay = 0.00>
ST_4 : Operation 66 [1/1] (0.00ns)   --->   "%zext_ln228 = zext i7 %or_ln228" [patchMaker.cpp:228]   --->   Operation 66 'zext' 'zext_ln228' <Predicate = (!icmp_ln222)> <Delay = 0.00>
ST_4 : Operation 67 [1/1] (0.00ns)   --->   "%wp_parameters_addr_17 = getelementptr i64 %wp_parameters, i64 0, i64 %zext_ln228" [patchMaker.cpp:228]   --->   Operation 67 'getelementptr' 'wp_parameters_addr_17' <Predicate = (!icmp_ln222)> <Delay = 0.00>
ST_4 : Operation 68 [2/2] (1.20ns)   --->   "%wp_parameters_load_4 = load i7 %wp_parameters_addr_16" [patchMaker.cpp:224]   --->   Operation 68 'load' 'wp_parameters_load_4' <Predicate = (!icmp_ln222)> <Delay = 1.20> <CoreInst = "RAM">   --->   Core 83 'RAM' <Latency = 1> <II = 1> <Delay = 1.20> <Storage> <Opcode : 'load' 'store'> <Ports = 2> <Width = 64> <Depth = 120> <RAM>
ST_4 : Operation 69 [2/2] (1.20ns)   --->   "%b_corner_min_1 = load i7 %wp_parameters_addr_17" [patchMaker.cpp:228]   --->   Operation 69 'load' 'b_corner_min_1' <Predicate = (!icmp_ln222)> <Delay = 1.20> <CoreInst = "RAM">   --->   Core 83 'RAM' <Latency = 1> <II = 1> <Delay = 1.20> <Storage> <Opcode : 'load' 'store'> <Ports = 2> <Width = 64> <Depth = 120> <RAM>

State 5 <SV = 4> <Delay = 2.67>
ST_5 : Operation 70 [1/1] (0.70ns)   --->   "%add_ln232 = add i7 %sub_ln224, i7 2" [patchMaker.cpp:232]   --->   Operation 70 'add' 'add_ln232' <Predicate = (!icmp_ln222)> <Delay = 0.70> <CoreInst = "Adder">   --->   Core 1 'Adder' <Latency = 0> <II = 1> <Delay = 0.70> <FuncUnit> <Opcode : 'add' 'sub'> <InPorts = 2> <OutPorts = 1>
ST_5 : Operation 71 [1/1] (0.00ns)   --->   "%zext_ln232 = zext i7 %add_ln232" [patchMaker.cpp:232]   --->   Operation 71 'zext' 'zext_ln232' <Predicate = (!icmp_ln222)> <Delay = 0.00>
ST_5 : Operation 72 [1/1] (0.00ns)   --->   "%wp_parameters_addr_18 = getelementptr i64 %wp_parameters, i64 0, i64 %zext_ln232" [patchMaker.cpp:232]   --->   Operation 72 'getelementptr' 'wp_parameters_addr_18' <Predicate = (!icmp_ln222)> <Delay = 0.00>
ST_5 : Operation 73 [1/1] (0.70ns)   --->   "%add_ln236 = add i7 %sub_ln224, i7 3" [patchMaker.cpp:236]   --->   Operation 73 'add' 'add_ln236' <Predicate = (!icmp_ln222)> <Delay = 0.70> <CoreInst = "Adder">   --->   Core 1 'Adder' <Latency = 0> <II = 1> <Delay = 0.70> <FuncUnit> <Opcode : 'add' 'sub'> <InPorts = 2> <OutPorts = 1>
ST_5 : Operation 74 [1/1] (0.00ns)   --->   "%zext_ln236 = zext i7 %add_ln236" [patchMaker.cpp:236]   --->   Operation 74 'zext' 'zext_ln236' <Predicate = (!icmp_ln222)> <Delay = 0.00>
ST_5 : Operation 75 [1/1] (0.00ns)   --->   "%wp_parameters_addr_19 = getelementptr i64 %wp_parameters, i64 0, i64 %zext_ln236" [patchMaker.cpp:236]   --->   Operation 75 'getelementptr' 'wp_parameters_addr_19' <Predicate = (!icmp_ln222)> <Delay = 0.00>
ST_5 : Operation 76 [1/2] (1.20ns)   --->   "%wp_parameters_load_4 = load i7 %wp_parameters_addr_16" [patchMaker.cpp:224]   --->   Operation 76 'load' 'wp_parameters_load_4' <Predicate = (!icmp_ln222)> <Delay = 1.20> <CoreInst = "RAM">   --->   Core 83 'RAM' <Latency = 1> <II = 1> <Delay = 1.20> <Storage> <Opcode : 'load' 'store'> <Ports = 2> <Width = 64> <Depth = 120> <RAM>
ST_5 : Operation 77 [1/1] (1.06ns)   --->   "%icmp_ln224 = icmp_slt  i64 %wp_parameters_load_4, i64 %a_corner_min" [patchMaker.cpp:224]   --->   Operation 77 'icmp' 'icmp_ln224' <Predicate = (!icmp_ln222)> <Delay = 1.06> <CoreInst = "Cmp">   --->   Core 9 'Cmp' <Latency = 0> <II = 1> <Delay = 1.06> <FuncUnit> <Opcode : 'icmp'> <InPorts = 2> <OutPorts = 1>
ST_5 : Operation 78 [1/1] (0.41ns)   --->   "%a_corner_min_1 = select i1 %icmp_ln224, i64 %wp_parameters_load_4, i64 %a_corner_min" [patchMaker.cpp:224]   --->   Operation 78 'select' 'a_corner_min_1' <Predicate = (!icmp_ln222)> <Delay = 0.41> <CoreInst = "Sel">   --->   Core 73 'Sel' <Latency = 0> <II = 1> <Delay = 0.41> <FuncUnit> <Opcode : 'select'> <InPorts = 3> <OutPorts = 1>
ST_5 : Operation 79 [1/2] (1.20ns)   --->   "%b_corner_min_1 = load i7 %wp_parameters_addr_17" [patchMaker.cpp:228]   --->   Operation 79 'load' 'b_corner_min_1' <Predicate = (!icmp_ln222)> <Delay = 1.20> <CoreInst = "RAM">   --->   Core 83 'RAM' <Latency = 1> <II = 1> <Delay = 1.20> <Storage> <Opcode : 'load' 'store'> <Ports = 2> <Width = 64> <Depth = 120> <RAM>
ST_5 : Operation 80 [1/1] (1.06ns)   --->   "%icmp_ln228 = icmp_slt  i64 %b_corner_min_1, i64 %b_corner_min" [patchMaker.cpp:228]   --->   Operation 80 'icmp' 'icmp_ln228' <Predicate = (!icmp_ln222)> <Delay = 1.06> <CoreInst = "Cmp">   --->   Core 9 'Cmp' <Latency = 0> <II = 1> <Delay = 1.06> <FuncUnit> <Opcode : 'icmp'> <InPorts = 2> <OutPorts = 1>
ST_5 : Operation 81 [1/1] (0.41ns)   --->   "%b_corner_min_2 = select i1 %icmp_ln228, i64 %b_corner_min_1, i64 %b_corner_min" [patchMaker.cpp:228]   --->   Operation 81 'select' 'b_corner_min_2' <Predicate = (!icmp_ln222)> <Delay = 0.41> <CoreInst = "Sel">   --->   Core 73 'Sel' <Latency = 0> <II = 1> <Delay = 0.41> <FuncUnit> <Opcode : 'select'> <InPorts = 3> <OutPorts = 1>
ST_5 : Operation 82 [2/2] (1.20ns)   --->   "%wp_parameters_load_6 = load i7 %wp_parameters_addr_18" [patchMaker.cpp:232]   --->   Operation 82 'load' 'wp_parameters_load_6' <Predicate = (!icmp_ln222)> <Delay = 1.20> <CoreInst = "RAM">   --->   Core 83 'RAM' <Latency = 1> <II = 1> <Delay = 1.20> <Storage> <Opcode : 'load' 'store'> <Ports = 2> <Width = 64> <Depth = 120> <RAM>
ST_5 : Operation 83 [2/2] (1.20ns)   --->   "%d_corner_max_1 = load i7 %wp_parameters_addr_19" [patchMaker.cpp:236]   --->   Operation 83 'load' 'd_corner_max_1' <Predicate = (!icmp_ln222)> <Delay = 1.20> <CoreInst = "RAM">   --->   Core 83 'RAM' <Latency = 1> <II = 1> <Delay = 1.20> <Storage> <Opcode : 'load' 'store'> <Ports = 2> <Width = 64> <Depth = 120> <RAM>

State 6 <SV = 5> <Delay = 2.67>
ST_6 : Operation 84 [1/1] (0.00ns)   --->   "%specloopname_ln217 = specloopname void @_ssdm_op_SpecLoopName, void @empty_5" [patchMaker.cpp:217]   --->   Operation 84 'specloopname' 'specloopname_ln217' <Predicate = (!icmp_ln222)> <Delay = 0.00>
ST_6 : Operation 85 [1/2] (1.20ns)   --->   "%wp_parameters_load_6 = load i7 %wp_parameters_addr_18" [patchMaker.cpp:232]   --->   Operation 85 'load' 'wp_parameters_load_6' <Predicate = (!icmp_ln222)> <Delay = 1.20> <CoreInst = "RAM">   --->   Core 83 'RAM' <Latency = 1> <II = 1> <Delay = 1.20> <Storage> <Opcode : 'load' 'store'> <Ports = 2> <Width = 64> <Depth = 120> <RAM>
ST_6 : Operation 86 [1/1] (1.06ns)   --->   "%icmp_ln232 = icmp_sgt  i64 %wp_parameters_load_6, i64 %c_corner_max" [patchMaker.cpp:232]   --->   Operation 86 'icmp' 'icmp_ln232' <Predicate = (!icmp_ln222)> <Delay = 1.06> <CoreInst = "Cmp">   --->   Core 9 'Cmp' <Latency = 0> <II = 1> <Delay = 1.06> <FuncUnit> <Opcode : 'icmp'> <InPorts = 2> <OutPorts = 1>
ST_6 : Operation 87 [1/1] (0.41ns)   --->   "%c_corner_max_1 = select i1 %icmp_ln232, i64 %wp_parameters_load_6, i64 %c_corner_max" [patchMaker.cpp:232]   --->   Operation 87 'select' 'c_corner_max_1' <Predicate = (!icmp_ln222)> <Delay = 0.41> <CoreInst = "Sel">   --->   Core 73 'Sel' <Latency = 0> <II = 1> <Delay = 0.41> <FuncUnit> <Opcode : 'select'> <InPorts = 3> <OutPorts = 1>
ST_6 : Operation 88 [1/2] (1.20ns)   --->   "%d_corner_max_1 = load i7 %wp_parameters_addr_19" [patchMaker.cpp:236]   --->   Operation 88 'load' 'd_corner_max_1' <Predicate = (!icmp_ln222)> <Delay = 1.20> <CoreInst = "RAM">   --->   Core 83 'RAM' <Latency = 1> <II = 1> <Delay = 1.20> <Storage> <Opcode : 'load' 'store'> <Ports = 2> <Width = 64> <Depth = 120> <RAM>
ST_6 : Operation 89 [1/1] (1.06ns)   --->   "%icmp_ln236 = icmp_sgt  i64 %d_corner_max_1, i64 %d_corner_max" [patchMaker.cpp:236]   --->   Operation 89 'icmp' 'icmp_ln236' <Predicate = (!icmp_ln222)> <Delay = 1.06> <CoreInst = "Cmp">   --->   Core 9 'Cmp' <Latency = 0> <II = 1> <Delay = 1.06> <FuncUnit> <Opcode : 'icmp'> <InPorts = 2> <OutPorts = 1>
ST_6 : Operation 90 [1/1] (0.41ns)   --->   "%d_corner_max_2 = select i1 %icmp_ln236, i64 %d_corner_max_1, i64 %d_corner_max" [patchMaker.cpp:236]   --->   Operation 90 'select' 'd_corner_max_2' <Predicate = (!icmp_ln222)> <Delay = 0.41> <CoreInst = "Sel">   --->   Core 73 'Sel' <Latency = 0> <II = 1> <Delay = 0.41> <FuncUnit> <Opcode : 'select'> <InPorts = 3> <OutPorts = 1>
ST_6 : Operation 91 [1/1] (0.00ns)   --->   "%br_ln0 = br void"   --->   Operation 91 'br' 'br_ln0' <Predicate = (!icmp_ln222)> <Delay = 0.00>

State 7 <SV = 4> <Delay = 1.20>
ST_7 : Operation 92 [2/2] (1.20ns)   --->   "%wp_parameters_load_1 = load i7 %wp_parameters_addr_5" [patchMaker.cpp:243]   --->   Operation 92 'load' 'wp_parameters_load_1' <Predicate = true> <Delay = 1.20> <CoreInst = "RAM">   --->   Core 83 'RAM' <Latency = 1> <II = 1> <Delay = 1.20> <Storage> <Opcode : 'load' 'store'> <Ports = 2> <Width = 64> <Depth = 120> <RAM>
ST_7 : Operation 93 [2/2] (1.20ns)   --->   "%wp_parameters_load_2 = load i7 %wp_parameters_addr_8" [patchMaker.cpp:245]   --->   Operation 93 'load' 'wp_parameters_load_2' <Predicate = true> <Delay = 1.20> <CoreInst = "RAM">   --->   Core 83 'RAM' <Latency = 1> <II = 1> <Delay = 1.20> <Storage> <Opcode : 'load' 'store'> <Ports = 2> <Width = 64> <Depth = 120> <RAM>

State 8 <SV = 5> <Delay = 1.20>
ST_8 : Operation 94 [1/2] (1.20ns)   --->   "%wp_parameters_load_1 = load i7 %wp_parameters_addr_5" [patchMaker.cpp:243]   --->   Operation 94 'load' 'wp_parameters_load_1' <Predicate = true> <Delay = 1.20> <CoreInst = "RAM">   --->   Core 83 'RAM' <Latency = 1> <II = 1> <Delay = 1.20> <Storage> <Opcode : 'load' 'store'> <Ports = 2> <Width = 64> <Depth = 120> <RAM>
ST_8 : Operation 95 [1/1] (1.20ns)   --->   "%store_ln244 = store i64 %a_corner_min, i7 %wp_parameters_addr_7" [patchMaker.cpp:244]   --->   Operation 95 'store' 'store_ln244' <Predicate = true> <Delay = 1.20> <CoreInst = "RAM">   --->   Core 83 'RAM' <Latency = 1> <II = 1> <Delay = 1.20> <Storage> <Opcode : 'load' 'store'> <Ports = 2> <Width = 64> <Depth = 120> <RAM>
ST_8 : Operation 96 [1/2] (1.20ns)   --->   "%wp_parameters_load_2 = load i7 %wp_parameters_addr_8" [patchMaker.cpp:245]   --->   Operation 96 'load' 'wp_parameters_load_2' <Predicate = true> <Delay = 1.20> <CoreInst = "RAM">   --->   Core 83 'RAM' <Latency = 1> <II = 1> <Delay = 1.20> <Storage> <Opcode : 'load' 'store'> <Ports = 2> <Width = 64> <Depth = 120> <RAM>
ST_8 : Operation 97 [2/2] (1.20ns)   --->   "%wp_parameters_load_3 = load i7 %wp_parameters_addr_15" [patchMaker.cpp:253]   --->   Operation 97 'load' 'wp_parameters_load_3' <Predicate = true> <Delay = 1.20> <CoreInst = "RAM">   --->   Core 83 'RAM' <Latency = 1> <II = 1> <Delay = 1.20> <Storage> <Opcode : 'load' 'store'> <Ports = 2> <Width = 64> <Depth = 120> <RAM>

State 9 <SV = 6> <Delay = 2.26>
ST_9 : Operation 98 [1/1] (1.20ns)   --->   "%store_ln246 = store i64 %b_corner_min, i7 %wp_parameters_addr_10" [patchMaker.cpp:246]   --->   Operation 98 'store' 'store_ln246' <Predicate = true> <Delay = 1.20> <CoreInst = "RAM">   --->   Core 83 'RAM' <Latency = 1> <II = 1> <Delay = 1.20> <Storage> <Opcode : 'load' 'store'> <Ports = 2> <Width = 64> <Depth = 120> <RAM>
ST_9 : Operation 99 [1/1] (1.20ns)   --->   "%store_ln248 = store i64 %c_corner_max, i7 %wp_parameters_addr_12" [patchMaker.cpp:248]   --->   Operation 99 'store' 'store_ln248' <Predicate = true> <Delay = 1.20> <CoreInst = "RAM">   --->   Core 83 'RAM' <Latency = 1> <II = 1> <Delay = 1.20> <Storage> <Opcode : 'load' 'store'> <Ports = 2> <Width = 64> <Depth = 120> <RAM>
ST_9 : Operation 100 [1/2] (1.20ns)   --->   "%wp_parameters_load_3 = load i7 %wp_parameters_addr_15" [patchMaker.cpp:253]   --->   Operation 100 'load' 'wp_parameters_load_3' <Predicate = true> <Delay = 1.20> <CoreInst = "RAM">   --->   Core 83 'RAM' <Latency = 1> <II = 1> <Delay = 1.20> <Storage> <Opcode : 'load' 'store'> <Ports = 2> <Width = 64> <Depth = 120> <RAM>
ST_9 : Operation 101 [1/1] (1.06ns)   --->   "%icmp_ln253 = icmp_eq  i64 %a_corner_min, i64 %wp_parameters_load_3" [patchMaker.cpp:253]   --->   Operation 101 'icmp' 'icmp_ln253' <Predicate = true> <Delay = 1.06> <CoreInst = "Cmp">   --->   Core 9 'Cmp' <Latency = 0> <II = 1> <Delay = 1.06> <FuncUnit> <Opcode : 'icmp'> <InPorts = 2> <OutPorts = 1>

State 10 <SV = 7> <Delay = 1.20>
ST_10 : Operation 102 [1/1] (1.20ns)   --->   "%store_ln243 = store i64 %wp_parameters_load_1, i7 %wp_parameters_addr_6" [patchMaker.cpp:243]   --->   Operation 102 'store' 'store_ln243' <Predicate = true> <Delay = 1.20> <CoreInst = "RAM">   --->   Core 83 'RAM' <Latency = 1> <II = 1> <Delay = 1.20> <Storage> <Opcode : 'load' 'store'> <Ports = 2> <Width = 64> <Depth = 120> <RAM>
ST_10 : Operation 103 [1/1] (1.20ns)   --->   "%store_ln250 = store i64 %d_corner_max, i7 %wp_parameters_addr_14" [patchMaker.cpp:250]   --->   Operation 103 'store' 'store_ln250' <Predicate = true> <Delay = 1.20> <CoreInst = "RAM">   --->   Core 83 'RAM' <Latency = 1> <II = 1> <Delay = 1.20> <Storage> <Opcode : 'load' 'store'> <Ports = 2> <Width = 64> <Depth = 120> <RAM>

State 11 <SV = 8> <Delay = 1.20>
ST_11 : Operation 104 [1/1] (1.20ns)   --->   "%store_ln245 = store i64 %wp_parameters_load_2, i7 %wp_parameters_addr_9" [patchMaker.cpp:245]   --->   Operation 104 'store' 'store_ln245' <Predicate = true> <Delay = 1.20> <CoreInst = "RAM">   --->   Core 83 'RAM' <Latency = 1> <II = 1> <Delay = 1.20> <Storage> <Opcode : 'load' 'store'> <Ports = 2> <Width = 64> <Depth = 120> <RAM>
ST_11 : Operation 105 [1/1] (1.20ns)   --->   "%store_ln247 = store i64 %wp_parameters_load_1, i7 %wp_parameters_addr_11" [patchMaker.cpp:247]   --->   Operation 105 'store' 'store_ln247' <Predicate = true> <Delay = 1.20> <CoreInst = "RAM">   --->   Core 83 'RAM' <Latency = 1> <II = 1> <Delay = 1.20> <Storage> <Opcode : 'load' 'store'> <Ports = 2> <Width = 64> <Depth = 120> <RAM>

State 12 <SV = 9> <Delay = 1.20>
ST_12 : Operation 106 [1/1] (1.20ns)   --->   "%store_ln249 = store i64 %wp_parameters_load_2, i7 %wp_parameters_addr_13" [patchMaker.cpp:249]   --->   Operation 106 'store' 'store_ln249' <Predicate = true> <Delay = 1.20> <CoreInst = "RAM">   --->   Core 83 'RAM' <Latency = 1> <II = 1> <Delay = 1.20> <Storage> <Opcode : 'load' 'store'> <Ports = 2> <Width = 64> <Depth = 120> <RAM>
ST_12 : Operation 107 [1/1] (0.00ns)   --->   "%br_ln253 = br i1 %icmp_ln253, void, void %._crit_edge.loopexit._crit_edge" [patchMaker.cpp:253]   --->   Operation 107 'br' 'br_ln253' <Predicate = true> <Delay = 0.00>
ST_12 : Operation 108 [1/1] (1.20ns)   --->   "%store_ln255 = store i64 0, i7 %wp_parameters_addr" [patchMaker.cpp:255]   --->   Operation 108 'store' 'store_ln255' <Predicate = (!icmp_ln253)> <Delay = 1.20> <CoreInst = "RAM">   --->   Core 83 'RAM' <Latency = 1> <II = 1> <Delay = 1.20> <Storage> <Opcode : 'load' 'store'> <Ports = 2> <Width = 64> <Depth = 120> <RAM>

State 13 <SV = 10> <Delay = 1.20>
ST_13 : Operation 109 [1/1] (1.20ns)   --->   "%store_ln256 = store i64 0, i7 %wp_parameters_addr_1" [patchMaker.cpp:256]   --->   Operation 109 'store' 'store_ln256' <Predicate = (!icmp_ln253)> <Delay = 1.20> <CoreInst = "RAM">   --->   Core 83 'RAM' <Latency = 1> <II = 1> <Delay = 1.20> <Storage> <Opcode : 'load' 'store'> <Ports = 2> <Width = 64> <Depth = 120> <RAM>
ST_13 : Operation 110 [1/1] (0.00ns)   --->   "%br_ln257 = br void %._crit_edge.loopexit._crit_edge" [patchMaker.cpp:257]   --->   Operation 110 'br' 'br_ln257' <Predicate = (!icmp_ln253)> <Delay = 0.00>
ST_13 : Operation 111 [2/2] (1.20ns)   --->   "%wp_parameters_load_8 = load i7 %wp_parameters_addr_20" [patchMaker.cpp:258]   --->   Operation 111 'load' 'wp_parameters_load_8' <Predicate = true> <Delay = 1.20> <CoreInst = "RAM">   --->   Core 83 'RAM' <Latency = 1> <II = 1> <Delay = 1.20> <Storage> <Opcode : 'load' 'store'> <Ports = 2> <Width = 64> <Depth = 120> <RAM>

State 14 <SV = 11> <Delay = 3.46>
ST_14 : Operation 112 [1/2] (1.20ns)   --->   "%wp_parameters_load_8 = load i7 %wp_parameters_addr_20" [patchMaker.cpp:258]   --->   Operation 112 'load' 'wp_parameters_load_8' <Predicate = true> <Delay = 1.20> <CoreInst = "RAM">   --->   Core 83 'RAM' <Latency = 1> <II = 1> <Delay = 1.20> <Storage> <Opcode : 'load' 'store'> <Ports = 2> <Width = 64> <Depth = 120> <RAM>
ST_14 : Operation 113 [1/1] (1.06ns)   --->   "%icmp_ln258 = icmp_eq  i64 %b_corner_min, i64 %wp_parameters_load_8" [patchMaker.cpp:258]   --->   Operation 113 'icmp' 'icmp_ln258' <Predicate = true> <Delay = 1.06> <CoreInst = "Cmp">   --->   Core 9 'Cmp' <Latency = 0> <II = 1> <Delay = 1.06> <FuncUnit> <Opcode : 'icmp'> <InPorts = 2> <OutPorts = 1>
ST_14 : Operation 114 [1/1] (0.00ns)   --->   "%br_ln258 = br i1 %icmp_ln258, void, void %._crit_edge" [patchMaker.cpp:258]   --->   Operation 114 'br' 'br_ln258' <Predicate = true> <Delay = 0.00>
ST_14 : Operation 115 [1/1] (1.20ns)   --->   "%store_ln260 = store i64 0, i7 %wp_parameters_addr" [patchMaker.cpp:260]   --->   Operation 115 'store' 'store_ln260' <Predicate = (!icmp_ln258)> <Delay = 1.20> <CoreInst = "RAM">   --->   Core 83 'RAM' <Latency = 1> <II = 1> <Delay = 1.20> <Storage> <Opcode : 'load' 'store'> <Ports = 2> <Width = 64> <Depth = 120> <RAM>
ST_14 : Operation 116 [1/1] (1.20ns)   --->   "%store_ln261 = store i64 0, i7 %wp_parameters_addr_1" [patchMaker.cpp:261]   --->   Operation 116 'store' 'store_ln261' <Predicate = (!icmp_ln258)> <Delay = 1.20> <CoreInst = "RAM">   --->   Core 83 'RAM' <Latency = 1> <II = 1> <Delay = 1.20> <Storage> <Opcode : 'load' 'store'> <Ports = 2> <Width = 64> <Depth = 120> <RAM>
ST_14 : Operation 117 [1/1] (0.00ns)   --->   "%br_ln262 = br void %._crit_edge" [patchMaker.cpp:262]   --->   Operation 117 'br' 'br_ln262' <Predicate = (!icmp_ln258)> <Delay = 0.00>

State 15 <SV = 12> <Delay = 1.20>
ST_15 : Operation 118 [2/2] (1.20ns)   --->   "%wp_parameters_load_9 = load i7 %wp_parameters_addr_21" [patchMaker.cpp:263]   --->   Operation 118 'load' 'wp_parameters_load_9' <Predicate = true> <Delay = 1.20> <CoreInst = "RAM">   --->   Core 83 'RAM' <Latency = 1> <II = 1> <Delay = 1.20> <Storage> <Opcode : 'load' 'store'> <Ports = 2> <Width = 64> <Depth = 120> <RAM>

State 16 <SV = 13> <Delay = 3.46>
ST_16 : Operation 119 [1/2] (1.20ns)   --->   "%wp_parameters_load_9 = load i7 %wp_parameters_addr_21" [patchMaker.cpp:263]   --->   Operation 119 'load' 'wp_parameters_load_9' <Predicate = true> <Delay = 1.20> <CoreInst = "RAM">   --->   Core 83 'RAM' <Latency = 1> <II = 1> <Delay = 1.20> <Storage> <Opcode : 'load' 'store'> <Ports = 2> <Width = 64> <Depth = 120> <RAM>
ST_16 : Operation 120 [1/1] (1.06ns)   --->   "%icmp_ln263 = icmp_eq  i64 %c_corner_max, i64 %wp_parameters_load_9" [patchMaker.cpp:263]   --->   Operation 120 'icmp' 'icmp_ln263' <Predicate = true> <Delay = 1.06> <CoreInst = "Cmp">   --->   Core 9 'Cmp' <Latency = 0> <II = 1> <Delay = 1.06> <FuncUnit> <Opcode : 'icmp'> <InPorts = 2> <OutPorts = 1>
ST_16 : Operation 121 [1/1] (0.00ns)   --->   "%br_ln263 = br i1 %icmp_ln263, void, void %._crit_edge1" [patchMaker.cpp:263]   --->   Operation 121 'br' 'br_ln263' <Predicate = true> <Delay = 0.00>
ST_16 : Operation 122 [1/1] (1.20ns)   --->   "%store_ln265 = store i64 0, i7 %wp_parameters_addr" [patchMaker.cpp:265]   --->   Operation 122 'store' 'store_ln265' <Predicate = (!icmp_ln263)> <Delay = 1.20> <CoreInst = "RAM">   --->   Core 83 'RAM' <Latency = 1> <II = 1> <Delay = 1.20> <Storage> <Opcode : 'load' 'store'> <Ports = 2> <Width = 64> <Depth = 120> <RAM>
ST_16 : Operation 123 [1/1] (1.20ns)   --->   "%store_ln266 = store i64 0, i7 %wp_parameters_addr_2" [patchMaker.cpp:266]   --->   Operation 123 'store' 'store_ln266' <Predicate = (!icmp_ln263)> <Delay = 1.20> <CoreInst = "RAM">   --->   Core 83 'RAM' <Latency = 1> <II = 1> <Delay = 1.20> <Storage> <Opcode : 'load' 'store'> <Ports = 2> <Width = 64> <Depth = 120> <RAM>
ST_16 : Operation 124 [1/1] (0.00ns)   --->   "%br_ln267 = br void %._crit_edge1" [patchMaker.cpp:267]   --->   Operation 124 'br' 'br_ln267' <Predicate = (!icmp_ln263)> <Delay = 0.00>

State 17 <SV = 14> <Delay = 1.20>
ST_17 : Operation 125 [2/2] (1.20ns)   --->   "%wp_parameters_load_10 = load i7 %wp_parameters_addr_22" [patchMaker.cpp:268]   --->   Operation 125 'load' 'wp_parameters_load_10' <Predicate = true> <Delay = 1.20> <CoreInst = "RAM">   --->   Core 83 'RAM' <Latency = 1> <II = 1> <Delay = 1.20> <Storage> <Opcode : 'load' 'store'> <Ports = 2> <Width = 64> <Depth = 120> <RAM>

State 18 <SV = 15> <Delay = 3.46>
ST_18 : Operation 126 [1/2] (1.20ns)   --->   "%wp_parameters_load_10 = load i7 %wp_parameters_addr_22" [patchMaker.cpp:268]   --->   Operation 126 'load' 'wp_parameters_load_10' <Predicate = true> <Delay = 1.20> <CoreInst = "RAM">   --->   Core 83 'RAM' <Latency = 1> <II = 1> <Delay = 1.20> <Storage> <Opcode : 'load' 'store'> <Ports = 2> <Width = 64> <Depth = 120> <RAM>
ST_18 : Operation 127 [1/1] (1.06ns)   --->   "%icmp_ln268 = icmp_eq  i64 %d_corner_max, i64 %wp_parameters_load_10" [patchMaker.cpp:268]   --->   Operation 127 'icmp' 'icmp_ln268' <Predicate = true> <Delay = 1.06> <CoreInst = "Cmp">   --->   Core 9 'Cmp' <Latency = 0> <II = 1> <Delay = 1.06> <FuncUnit> <Opcode : 'icmp'> <InPorts = 2> <OutPorts = 1>
ST_18 : Operation 128 [1/1] (0.00ns)   --->   "%br_ln268 = br i1 %icmp_ln268, void, void %._crit_edge2" [patchMaker.cpp:268]   --->   Operation 128 'br' 'br_ln268' <Predicate = true> <Delay = 0.00>
ST_18 : Operation 129 [1/1] (1.20ns)   --->   "%store_ln270 = store i64 0, i7 %wp_parameters_addr" [patchMaker.cpp:270]   --->   Operation 129 'store' 'store_ln270' <Predicate = (!icmp_ln268)> <Delay = 1.20> <CoreInst = "RAM">   --->   Core 83 'RAM' <Latency = 1> <II = 1> <Delay = 1.20> <Storage> <Opcode : 'load' 'store'> <Ports = 2> <Width = 64> <Depth = 120> <RAM>
ST_18 : Operation 130 [1/1] (1.20ns)   --->   "%store_ln271 = store i64 0, i7 %wp_parameters_addr_2" [patchMaker.cpp:271]   --->   Operation 130 'store' 'store_ln271' <Predicate = (!icmp_ln268)> <Delay = 1.20> <CoreInst = "RAM">   --->   Core 83 'RAM' <Latency = 1> <II = 1> <Delay = 1.20> <Storage> <Opcode : 'load' 'store'> <Ports = 2> <Width = 64> <Depth = 120> <RAM>
ST_18 : Operation 131 [1/1] (0.00ns)   --->   "%br_ln272 = br void %._crit_edge2" [patchMaker.cpp:272]   --->   Operation 131 'br' 'br_ln272' <Predicate = (!icmp_ln268)> <Delay = 0.00>
ST_18 : Operation 132 [1/1] (1.06ns)   --->   "%icmp_ln275 = icmp_sgt  i64 %c_corner_max, i64 %a_corner_min" [patchMaker.cpp:275]   --->   Operation 132 'icmp' 'icmp_ln275' <Predicate = true> <Delay = 1.06> <CoreInst = "Cmp">   --->   Core 9 'Cmp' <Latency = 0> <II = 1> <Delay = 1.06> <FuncUnit> <Opcode : 'icmp'> <InPorts = 2> <OutPorts = 1>
ST_18 : Operation 133 [1/1] (0.38ns)   --->   "%br_ln275 = br i1 %icmp_ln275, void %._crit_edge3, void" [patchMaker.cpp:275]   --->   Operation 133 'br' 'br_ln275' <Predicate = true> <Delay = 0.38>

State 19 <SV = 16> <Delay = 1.20>
ST_19 : Operation 134 [1/1] (1.20ns)   --->   "%store_ln277 = store i64 1, i7 %wp_parameters_addr_3" [patchMaker.cpp:277]   --->   Operation 134 'store' 'store_ln277' <Predicate = true> <Delay = 1.20> <CoreInst = "RAM">   --->   Core 83 'RAM' <Latency = 1> <II = 1> <Delay = 1.20> <Storage> <Opcode : 'load' 'store'> <Ports = 2> <Width = 64> <Depth = 120> <RAM>
ST_19 : Operation 135 [1/1] (1.20ns)   --->   "%store_ln278 = store i64 %b_corner_min, i7 %wp_parameters_addr_12" [patchMaker.cpp:278]   --->   Operation 135 'store' 'store_ln278' <Predicate = true> <Delay = 1.20> <CoreInst = "RAM">   --->   Core 83 'RAM' <Latency = 1> <II = 1> <Delay = 1.20> <Storage> <Opcode : 'load' 'store'> <Ports = 2> <Width = 64> <Depth = 120> <RAM>

State 20 <SV = 17> <Delay = 2.26>
ST_20 : Operation 136 [1/1] (1.20ns)   --->   "%store_ln279 = store i64 %b_corner_min, i7 %wp_parameters_addr_7" [patchMaker.cpp:279]   --->   Operation 136 'store' 'store_ln279' <Predicate = (icmp_ln275)> <Delay = 1.20> <CoreInst = "RAM">   --->   Core 83 'RAM' <Latency = 1> <II = 1> <Delay = 1.20> <Storage> <Opcode : 'load' 'store'> <Ports = 2> <Width = 64> <Depth = 120> <RAM>
ST_20 : Operation 137 [1/1] (0.38ns)   --->   "%br_ln280 = br void %._crit_edge3" [patchMaker.cpp:280]   --->   Operation 137 'br' 'br_ln280' <Predicate = (icmp_ln275)> <Delay = 0.38>
ST_20 : Operation 138 [1/1] (0.00ns)   --->   "%empty_98 = phi i64 %b_corner_min, void, i64 %c_corner_max, void %._crit_edge2"   --->   Operation 138 'phi' 'empty_98' <Predicate = true> <Delay = 0.00>
ST_20 : Operation 139 [1/1] (1.06ns)   --->   "%icmp_ln282 = icmp_slt  i64 %b_corner_min, i64 %d_corner_max" [patchMaker.cpp:282]   --->   Operation 139 'icmp' 'icmp_ln282' <Predicate = true> <Delay = 1.06> <CoreInst = "Cmp">   --->   Core 9 'Cmp' <Latency = 0> <II = 1> <Delay = 1.06> <FuncUnit> <Opcode : 'icmp'> <InPorts = 2> <OutPorts = 1>
ST_20 : Operation 140 [1/1] (0.00ns)   --->   "%br_ln282 = br i1 %icmp_ln282, void %._crit_edge4, void" [patchMaker.cpp:282]   --->   Operation 140 'br' 'br_ln282' <Predicate = true> <Delay = 0.00>
ST_20 : Operation 141 [1/1] (1.20ns)   --->   "%store_ln284 = store i64 1, i7 %wp_parameters_addr_3" [patchMaker.cpp:284]   --->   Operation 141 'store' 'store_ln284' <Predicate = (icmp_ln282)> <Delay = 1.20> <CoreInst = "RAM">   --->   Core 83 'RAM' <Latency = 1> <II = 1> <Delay = 1.20> <Storage> <Opcode : 'load' 'store'> <Ports = 2> <Width = 64> <Depth = 120> <RAM>

State 21 <SV = 18> <Delay = 1.20>
ST_21 : Operation 142 [1/1] (1.20ns)   --->   "%store_ln285 = store i64 %empty_98, i7 %wp_parameters_addr_10" [patchMaker.cpp:285]   --->   Operation 142 'store' 'store_ln285' <Predicate = (icmp_ln282)> <Delay = 1.20> <CoreInst = "RAM">   --->   Core 83 'RAM' <Latency = 1> <II = 1> <Delay = 1.20> <Storage> <Opcode : 'load' 'store'> <Ports = 2> <Width = 64> <Depth = 120> <RAM>
ST_21 : Operation 143 [1/1] (1.20ns)   --->   "%store_ln286 = store i64 %empty_98, i7 %wp_parameters_addr_14" [patchMaker.cpp:286]   --->   Operation 143 'store' 'store_ln286' <Predicate = (icmp_ln282)> <Delay = 1.20> <CoreInst = "RAM">   --->   Core 83 'RAM' <Latency = 1> <II = 1> <Delay = 1.20> <Storage> <Opcode : 'load' 'store'> <Ports = 2> <Width = 64> <Depth = 120> <RAM>
ST_21 : Operation 144 [1/1] (0.00ns)   --->   "%br_ln287 = br void %._crit_edge4" [patchMaker.cpp:287]   --->   Operation 144 'br' 'br_ln287' <Predicate = (icmp_ln282)> <Delay = 0.00>
ST_21 : Operation 145 [1/1] (0.00ns)   --->   "%ret_ln288 = ret" [patchMaker.cpp:288]   --->   Operation 145 'ret' 'ret_ln288' <Predicate = true> <Delay = 0.00>


============================================================
+ Verbose Summary: Timing violations
============================================================
Target clock period: 10ns, clock uncertainty: 2.7ns.

 <State 1>: 1.2ns
The critical path consists of the following:
	'getelementptr' operation ('wp_parameters_addr_4') [6]  (0 ns)
	'load' operation ('wp_parameters_load') on array 'wp_parameters' [25]  (1.2 ns)

 <State 2>: 1.2ns
The critical path consists of the following:
	'getelementptr' operation ('wp_parameters_addr', patchMaker.cpp:210) [2]  (0 ns)
	'store' operation ('store_ln210', patchMaker.cpp:210) of constant 1 on array 'wp_parameters' [21]  (1.2 ns)

 <State 3>: 1.2ns
The critical path consists of the following:
	'getelementptr' operation ('wp_parameters_addr_2', patchMaker.cpp:212) [4]  (0 ns)
	'store' operation ('store_ln212', patchMaker.cpp:212) of constant 1 on array 'wp_parameters' [23]  (1.2 ns)

 <State 4>: 1.91ns
The critical path consists of the following:
	'phi' operation ('i', patchMaker.cpp:222) with incoming values : ('add_ln222', patchMaker.cpp:222) [29]  (0 ns)
	'sub' operation ('sub_ln224', patchMaker.cpp:224) [43]  (0.706 ns)
	'getelementptr' operation ('wp_parameters_addr_16', patchMaker.cpp:224) [45]  (0 ns)
	'load' operation ('wp_parameters_load_4', patchMaker.cpp:224) on array 'wp_parameters' [56]  (1.2 ns)

 <State 5>: 2.68ns
The critical path consists of the following:
	'load' operation ('wp_parameters_load_4', patchMaker.cpp:224) on array 'wp_parameters' [56]  (1.2 ns)
	'icmp' operation ('icmp_ln224', patchMaker.cpp:224) [57]  (1.06 ns)
	'select' operation ('a_corner_min', patchMaker.cpp:224) [58]  (0.411 ns)

 <State 6>: 2.68ns
The critical path consists of the following:
	'load' operation ('wp_parameters_load_6', patchMaker.cpp:232) on array 'wp_parameters' [62]  (1.2 ns)
	'icmp' operation ('icmp_ln232', patchMaker.cpp:232) [63]  (1.06 ns)
	'select' operation ('c_corner_max', patchMaker.cpp:232) [64]  (0.411 ns)

 <State 7>: 1.2ns
The critical path consists of the following:
	'load' operation ('wp_parameters_load_1', patchMaker.cpp:243) on array 'wp_parameters' [70]  (1.2 ns)

 <State 8>: 1.2ns
The critical path consists of the following:
	'load' operation ('wp_parameters_load_1', patchMaker.cpp:243) on array 'wp_parameters' [70]  (1.2 ns)

 <State 9>: 2.26ns
The critical path consists of the following:
	'load' operation ('wp_parameters_load_3', patchMaker.cpp:253) on array 'wp_parameters' [80]  (1.2 ns)
	'icmp' operation ('icmp_ln253', patchMaker.cpp:253) [81]  (1.06 ns)

 <State 10>: 1.2ns
The critical path consists of the following:
	'store' operation ('store_ln243', patchMaker.cpp:243) of variable 'wp_parameters_load_1', patchMaker.cpp:243 on array 'wp_parameters' [71]  (1.2 ns)

 <State 11>: 1.2ns
The critical path consists of the following:
	'store' operation ('store_ln245', patchMaker.cpp:245) of variable 'wp_parameters_load_2', patchMaker.cpp:245 on array 'wp_parameters' [74]  (1.2 ns)

 <State 12>: 1.2ns
The critical path consists of the following:
	'store' operation ('store_ln255', patchMaker.cpp:255) of constant 0 on array 'wp_parameters' [84]  (1.2 ns)

 <State 13>: 1.2ns
The critical path consists of the following:
	'load' operation ('wp_parameters_load_8', patchMaker.cpp:258) on array 'wp_parameters' [88]  (1.2 ns)

 <State 14>: 3.46ns
The critical path consists of the following:
	'load' operation ('wp_parameters_load_8', patchMaker.cpp:258) on array 'wp_parameters' [88]  (1.2 ns)
	'icmp' operation ('icmp_ln258', patchMaker.cpp:258) [89]  (1.06 ns)
	blocking operation 1.2 ns on control path)

 <State 15>: 1.2ns
The critical path consists of the following:
	'load' operation ('wp_parameters_load_9', patchMaker.cpp:263) on array 'wp_parameters' [96]  (1.2 ns)

 <State 16>: 3.46ns
The critical path consists of the following:
	'load' operation ('wp_parameters_load_9', patchMaker.cpp:263) on array 'wp_parameters' [96]  (1.2 ns)
	'icmp' operation ('icmp_ln263', patchMaker.cpp:263) [97]  (1.06 ns)
	blocking operation 1.2 ns on control path)

 <State 17>: 1.2ns
The critical path consists of the following:
	'load' operation ('wp_parameters_load_10', patchMaker.cpp:268) on array 'wp_parameters' [104]  (1.2 ns)

 <State 18>: 3.46ns
The critical path consists of the following:
	'load' operation ('wp_parameters_load_10', patchMaker.cpp:268) on array 'wp_parameters' [104]  (1.2 ns)
	'icmp' operation ('icmp_ln268', patchMaker.cpp:268) [105]  (1.06 ns)
	blocking operation 1.2 ns on control path)

 <State 19>: 1.2ns
The critical path consists of the following:
	'store' operation ('store_ln277', patchMaker.cpp:277) of constant 1 on array 'wp_parameters' [115]  (1.2 ns)

 <State 20>: 2.26ns
The critical path consists of the following:
	'store' operation ('store_ln284', patchMaker.cpp:284) of constant 1 on array 'wp_parameters' [124]  (1.2 ns)
	blocking operation 1.06 ns on control path)

 <State 21>: 1.2ns
The critical path consists of the following:
	'store' operation ('store_ln285', patchMaker.cpp:285) of variable 'b_corner_min' on array 'wp_parameters' [125]  (1.2 ns)


============================================================
+ Verbose Summary: Binding
============================================================
N/A
* FSMD analyzer results:
  - Output states:
 - Input state : 
  - Chain level:
	State 1
	State 2
	State 3
	State 4
	State 5
	State 6
	State 7
	State 8
	State 9
	State 10
	State 11
	State 12
	State 13
	State 14
	State 15
	State 16
	State 17
	State 18
	State 19
	State 20
	State 21


============================================================
+ Verbose Summary: Datapath Resource usage 
============================================================
N/A
