

================================================================
== Vitis HLS Report for 'getShadows'
================================================================
* Date:           Mon Jul  1 18:53:27 2024

* Version:        2020.2 (Build 3064766 on Wed Nov 18 09:12:45 MST 2020)
* Project:        PatchMaker_tanishGit
* Solution:       solution1 (Vivado IP Flow Target)
* Product family: virtexuplus
* Target device:  xcvu19p-fsvb3824-2-e


================================================================
== Performance Estimates
================================================================
+ Timing: 
    * Summary: 
    +--------+----------+----------+------------+
    |  Clock |  Target  | Estimated| Uncertainty|
    +--------+----------+----------+------------+
    |ap_clk  |  10.00 ns|  7.300 ns|     2.70 ns|
    +--------+----------+----------+------------+

+ Latency: 
    * Summary: 
    +---------+---------+----------+----------+-----+-----+---------+
    |  Latency (cycles) |  Latency (absolute) |  Interval | Pipeline|
    |   min   |   max   |    min   |    max   | min | max |   Type  |
    +---------+---------+----------+----------+-----+-----+---------+
    |        ?|        ?|         ?|         ?|    ?|    ?|     none|
    +---------+---------+----------+----------+-----+-----+---------+

    + Detail: 
        * Instance: 
        N/A

        * Loop: 
        +---------------------+---------+---------+----------+-----------+-----------+------+----------+
        |                     |  Latency (cycles) | Iteration|  Initiation Interval  | Trip |          |
        |      Loop Name      |   min   |   max   |  Latency |  achieved |   target  | Count| Pipelined|
        +---------------------+---------+---------+----------+-----------+-----------+------+----------+
        |- getShadows_loop    |        ?|        ?|        14|          1|          1|     ?|       yes|
        |- GSmaxFinding_loop  |        ?|        ?|         2|          2|          1|     ?|       yes|
        +---------------------+---------+---------+----------+-----------+-----------+------+----------+

============================================================
+ Verbose Summary: Synthesis Manager
============================================================
InlineROM: 1
ExposeGlobal: 0
============================================================
+ Verbose Summary: CDFG Model
============================================================
IsTopModel: 0
ResetActiveHigh: 1
IsCombinational: 0
IsDatapathOnly: 0
HasWiredReturn: 1
HasMFsm: 0
HasVarLatency: 1
IsPipeline: 0
IsRtlPipelined: 0
IsInstanceOverlapped: 0
IsDontTouch: 0
HasImplIP: 0
IsGatedGlobalClock: 0

+ Individual pipeline summary: 
  * Pipeline-0: initiation interval (II) = 1, depth = 14
  * Pipeline-1: initiation interval (II) = 2, depth = 2


============================================================
+ Verbose Summary: Schedule
============================================================
* Number of FSM states : 21
* Pipeline : 2
  Pipeline-0 : II = 1, D = 14, States = { 3 4 5 6 7 8 9 10 11 12 13 14 15 16 }
  Pipeline-1 : II = 2, D = 2, States = { 19 20 }
* Dataflow Pipeline: 0

* FSM state transitions: 
1 --> 2 
2 --> 3 
3 --> 4 
4 --> 5 
5 --> 6 
6 --> 7 
7 --> 8 
8 --> 9 
9 --> 10 
10 --> 11 
11 --> 12 
12 --> 13 
13 --> 14 
14 --> 15 
15 --> 16 
16 --> 17 3 
17 --> 18 
18 --> 19 
19 --> 21 20 
20 --> 19 
21 --> 

* FSM state operations: 

State 1 <SV = 0> <Delay = 3.13>
ST_1 : Operation 22 [1/1] (0.00ns)   --->   "%topL_jL_3_1 = alloca i32 1"   --->   Operation 22 'alloca' 'topL_jL_3_1' <Predicate = true> <Delay = 0.00>
ST_1 : Operation 23 [1/1] (0.00ns)   --->   "%topL_jR_3 = alloca i32 1"   --->   Operation 23 'alloca' 'topL_jR_3' <Predicate = true> <Delay = 0.00>
ST_1 : Operation 24 [1/1] (0.00ns)   --->   "%topR_jL_3 = alloca i32 1"   --->   Operation 24 'alloca' 'topR_jL_3' <Predicate = true> <Delay = 0.00>
ST_1 : Operation 25 [1/1] (0.00ns)   --->   "%topR_jR_3 = alloca i32 1"   --->   Operation 25 'alloca' 'topR_jR_3' <Predicate = true> <Delay = 0.00>
ST_1 : Operation 26 [1/1] (0.00ns)   --->   "%topL_jL_3_2 = alloca i32 1"   --->   Operation 26 'alloca' 'topL_jL_3_2' <Predicate = true> <Delay = 0.00>
ST_1 : Operation 27 [1/1] (0.00ns)   --->   "%topL_jL_3_4 = alloca i32 1"   --->   Operation 27 'alloca' 'topL_jL_3_4' <Predicate = true> <Delay = 0.00>
ST_1 : Operation 28 [1/1] (0.00ns)   --->   "%topL_jL_3_5 = alloca i32 1"   --->   Operation 28 'alloca' 'topL_jL_3_5' <Predicate = true> <Delay = 0.00>
ST_1 : Operation 29 [1/1] (0.00ns)   --->   "%topL_jR_3_1 = alloca i32 1"   --->   Operation 29 'alloca' 'topL_jR_3_1' <Predicate = true> <Delay = 0.00>
ST_1 : Operation 30 [1/1] (0.00ns)   --->   "%topL_jR_3_2 = alloca i32 1"   --->   Operation 30 'alloca' 'topL_jR_3_2' <Predicate = true> <Delay = 0.00>
ST_1 : Operation 31 [1/1] (0.00ns)   --->   "%topL_jR_3_3 = alloca i32 1"   --->   Operation 31 'alloca' 'topL_jR_3_3' <Predicate = true> <Delay = 0.00>
ST_1 : Operation 32 [1/1] (0.00ns)   --->   "%topR_jL_3_1 = alloca i32 1"   --->   Operation 32 'alloca' 'topR_jL_3_1' <Predicate = true> <Delay = 0.00>
ST_1 : Operation 33 [1/1] (0.00ns)   --->   "%topR_jL_3_2 = alloca i32 1"   --->   Operation 33 'alloca' 'topR_jL_3_2' <Predicate = true> <Delay = 0.00>
ST_1 : Operation 34 [1/1] (0.00ns)   --->   "%topR_jL_3_3 = alloca i32 1"   --->   Operation 34 'alloca' 'topR_jL_3_3' <Predicate = true> <Delay = 0.00>
ST_1 : Operation 35 [1/1] (0.00ns)   --->   "%topR_jR_3_1 = alloca i32 1"   --->   Operation 35 'alloca' 'topR_jR_3_1' <Predicate = true> <Delay = 0.00>
ST_1 : Operation 36 [1/1] (0.00ns)   --->   "%topR_jR_3_2 = alloca i32 1"   --->   Operation 36 'alloca' 'topR_jR_3_2' <Predicate = true> <Delay = 0.00>
ST_1 : Operation 37 [1/1] (0.00ns)   --->   "%topR_jR_3_3 = alloca i32 1"   --->   Operation 37 'alloca' 'topR_jR_3_3' <Predicate = true> <Delay = 0.00>
ST_1 : Operation 38 [1/1] (0.00ns)   --->   "%wp_parameters_read = read i5 @_ssdm_op_Read.ap_auto.i5, i5 %wp_parameters"   --->   Operation 38 'read' 'wp_parameters_read' <Predicate = true> <Delay = 0.00>
ST_1 : Operation 39 [1/1] (0.00ns)   --->   "%tmp = bitconcatenate i12 @_ssdm_op_BitConcatenate.i12.i5.i7, i5 %wp_parameters_read, i7 0"   --->   Operation 39 'bitconcatenate' 'tmp' <Predicate = true> <Delay = 0.00>
ST_1 : Operation 40 [1/1] (0.00ns)   --->   "%tmp_s = bitconcatenate i8 @_ssdm_op_BitConcatenate.i8.i5.i3, i5 %wp_parameters_read, i3 0"   --->   Operation 40 'bitconcatenate' 'tmp_s' <Predicate = true> <Delay = 0.00>
ST_1 : Operation 41 [1/1] (0.00ns)   --->   "%tmp_160_cast = zext i8 %tmp_s"   --->   Operation 41 'zext' 'tmp_160_cast' <Predicate = true> <Delay = 0.00>
ST_1 : Operation 42 [1/1] (0.74ns)   --->   "%empty = sub i12 %tmp, i12 %tmp_160_cast"   --->   Operation 42 'sub' 'empty' <Predicate = true> <Delay = 0.74> <CoreInst = "Adder">   --->   Core 1 'Adder' <Latency = 0> <II = 1> <Delay = 0.88> <FuncUnit> <Opcode : 'add' 'sub'> <InPorts = 2> <OutPorts = 1>
ST_1 : Operation 43 [1/1] (0.74ns)   --->   "%empty_99 = add i12 %empty, i12 102"   --->   Operation 43 'add' 'empty_99' <Predicate = true> <Delay = 0.74> <CoreInst = "Adder">   --->   Core 1 'Adder' <Latency = 0> <II = 1> <Delay = 0.88> <FuncUnit> <Opcode : 'add' 'sub'> <InPorts = 2> <OutPorts = 1>
ST_1 : Operation 44 [1/1] (0.00ns)   --->   "%p_cast = zext i12 %empty_99"   --->   Operation 44 'zext' 'p_cast' <Predicate = true> <Delay = 0.00>
ST_1 : Operation 45 [1/1] (0.00ns)   --->   "%wp_parameters_2_addr = getelementptr i64 %wp_parameters_2, i64 0, i64 %p_cast"   --->   Operation 45 'getelementptr' 'wp_parameters_2_addr' <Predicate = true> <Delay = 0.00>
ST_1 : Operation 46 [2/2] (1.64ns)   --->   "%wp_parameters_2_load = load i12 %wp_parameters_2_addr"   --->   Operation 46 'load' 'wp_parameters_2_load' <Predicate = true> <Delay = 1.64> <CoreInst = "RAM">   --->   Core 83 'RAM' <Latency = 1> <II = 1> <Delay = 1.64> <Storage> <Opcode : 'load' 'store'> <Ports = 2> <Width = 64> <Depth = 3840> <RAM>

State 2 <SV = 1> <Delay = 2.52>
ST_2 : Operation 47 [1/1] (0.00ns)   --->   "%zTopMax_read = read i64 @_ssdm_op_Read.ap_auto.i64, i64 %zTopMax"   --->   Operation 47 'read' 'zTopMax_read' <Predicate = true> <Delay = 0.00>
ST_2 : Operation 48 [1/1] (0.00ns)   --->   "%zTopMin_read = read i64 @_ssdm_op_Read.ap_auto.i64, i64 %zTopMin"   --->   Operation 48 'read' 'zTopMin_read' <Predicate = true> <Delay = 0.00>
ST_2 : Operation 49 [1/1] (0.00ns)   --->   "%wp_superpoints_read = read i5 @_ssdm_op_Read.ap_auto.i5, i5 %wp_superpoints"   --->   Operation 49 'read' 'wp_superpoints_read' <Predicate = true> <Delay = 0.00>
ST_2 : Operation 50 [1/1] (0.74ns)   --->   "%add_ln180 = add i12 %empty, i12 24" [patchMaker.cpp:180]   --->   Operation 50 'add' 'add_ln180' <Predicate = true> <Delay = 0.74> <CoreInst = "Adder">   --->   Core 1 'Adder' <Latency = 0> <II = 1> <Delay = 0.88> <FuncUnit> <Opcode : 'add' 'sub'> <InPorts = 2> <OutPorts = 1>
ST_2 : Operation 51 [1/1] (0.00ns)   --->   "%zext_ln180 = zext i12 %add_ln180" [patchMaker.cpp:180]   --->   Operation 51 'zext' 'zext_ln180' <Predicate = true> <Delay = 0.00>
ST_2 : Operation 52 [1/1] (0.00ns)   --->   "%wp_parameters_2_addr_1 = getelementptr i64 %wp_parameters_2, i64 0, i64 %zext_ln180" [patchMaker.cpp:180]   --->   Operation 52 'getelementptr' 'wp_parameters_2_addr_1' <Predicate = true> <Delay = 0.00>
ST_2 : Operation 53 [1/1] (0.74ns)   --->   "%add_ln181 = add i12 %empty, i12 30" [patchMaker.cpp:181]   --->   Operation 53 'add' 'add_ln181' <Predicate = true> <Delay = 0.74> <CoreInst = "Adder">   --->   Core 1 'Adder' <Latency = 0> <II = 1> <Delay = 0.88> <FuncUnit> <Opcode : 'add' 'sub'> <InPorts = 2> <OutPorts = 1>
ST_2 : Operation 54 [1/1] (0.00ns)   --->   "%zext_ln181 = zext i12 %add_ln181" [patchMaker.cpp:181]   --->   Operation 54 'zext' 'zext_ln181' <Predicate = true> <Delay = 0.00>
ST_2 : Operation 55 [1/1] (0.00ns)   --->   "%wp_parameters_2_addr_2 = getelementptr i64 %wp_parameters_2, i64 0, i64 %zext_ln181" [patchMaker.cpp:181]   --->   Operation 55 'getelementptr' 'wp_parameters_2_addr_2' <Predicate = true> <Delay = 0.00>
ST_2 : Operation 56 [1/1] (0.74ns)   --->   "%add_ln182 = add i12 %empty, i12 36" [patchMaker.cpp:182]   --->   Operation 56 'add' 'add_ln182' <Predicate = true> <Delay = 0.74> <CoreInst = "Adder">   --->   Core 1 'Adder' <Latency = 0> <II = 1> <Delay = 0.88> <FuncUnit> <Opcode : 'add' 'sub'> <InPorts = 2> <OutPorts = 1>
ST_2 : Operation 57 [1/1] (0.00ns)   --->   "%zext_ln182 = zext i12 %add_ln182" [patchMaker.cpp:182]   --->   Operation 57 'zext' 'zext_ln182' <Predicate = true> <Delay = 0.00>
ST_2 : Operation 58 [1/1] (0.00ns)   --->   "%wp_parameters_2_addr_3 = getelementptr i64 %wp_parameters_2, i64 0, i64 %zext_ln182" [patchMaker.cpp:182]   --->   Operation 58 'getelementptr' 'wp_parameters_2_addr_3' <Predicate = true> <Delay = 0.00>
ST_2 : Operation 59 [1/1] (0.74ns)   --->   "%add_ln183 = add i12 %empty, i12 42" [patchMaker.cpp:183]   --->   Operation 59 'add' 'add_ln183' <Predicate = true> <Delay = 0.74> <CoreInst = "Adder">   --->   Core 1 'Adder' <Latency = 0> <II = 1> <Delay = 0.88> <FuncUnit> <Opcode : 'add' 'sub'> <InPorts = 2> <OutPorts = 1>
ST_2 : Operation 60 [1/1] (0.00ns)   --->   "%zext_ln183 = zext i12 %add_ln183" [patchMaker.cpp:183]   --->   Operation 60 'zext' 'zext_ln183' <Predicate = true> <Delay = 0.00>
ST_2 : Operation 61 [1/1] (0.00ns)   --->   "%wp_parameters_2_addr_4 = getelementptr i64 %wp_parameters_2, i64 0, i64 %zext_ln183" [patchMaker.cpp:183]   --->   Operation 61 'getelementptr' 'wp_parameters_2_addr_4' <Predicate = true> <Delay = 0.00>
ST_2 : Operation 62 [1/1] (0.00ns)   --->   "%zext_ln171 = zext i5 %wp_superpoints_read" [patchMaker.cpp:171]   --->   Operation 62 'zext' 'zext_ln171' <Predicate = true> <Delay = 0.00>
ST_2 : Operation 63 [1/1] (0.00ns)   --->   "%tmp_63 = bitconcatenate i7 @_ssdm_op_BitConcatenate.i7.i5.i2, i5 %wp_superpoints_read, i2 0" [patchMaker.cpp:171]   --->   Operation 63 'bitconcatenate' 'tmp_63' <Predicate = true> <Delay = 0.00>
ST_2 : Operation 64 [1/1] (0.00ns)   --->   "%zext_ln171_1 = zext i7 %tmp_63" [patchMaker.cpp:171]   --->   Operation 64 'zext' 'zext_ln171_1' <Predicate = true> <Delay = 0.00>
ST_2 : Operation 65 [1/1] (0.70ns)   --->   "%add_ln171 = add i8 %zext_ln171_1, i8 %zext_ln171" [patchMaker.cpp:171]   --->   Operation 65 'add' 'add_ln171' <Predicate = true> <Delay = 0.70> <CoreInst = "Adder">   --->   Core 1 'Adder' <Latency = 0> <II = 1> <Delay = 0.88> <FuncUnit> <Opcode : 'add' 'sub'> <InPorts = 2> <OutPorts = 1>
ST_2 : Operation 66 [1/1] (0.00ns)   --->   "%add_ln171_cast = zext i8 %add_ln171" [patchMaker.cpp:171]   --->   Operation 66 'zext' 'add_ln171_cast' <Predicate = true> <Delay = 0.00>
ST_2 : Operation 67 [1/1] (0.00ns)   --->   "%specinterface_ln0 = specinterface void @_ssdm_op_SpecInterface, i64 %wp_parameters_2, void @empty_34, i32 0, i32 0, void @empty_3, i32 4294967295, i32 0, void @empty_3, void @empty_3, void @empty_3, i32 0, i32 0, i32 0, i32 0, void @empty_3, void @empty_3"   --->   Operation 67 'specinterface' 'specinterface_ln0' <Predicate = true> <Delay = 0.00>
ST_2 : Operation 68 [1/1] (0.00ns)   --->   "%specinterface_ln0 = specinterface void @_ssdm_op_SpecInterface, i64 %wp_superpoints_2, void @empty_34, i32 0, i32 0, void @empty_3, i32 4294967295, i32 0, void @empty_3, void @empty_3, void @empty_3, i32 0, i32 0, i32 0, i32 0, void @empty_3, void @empty_3"   --->   Operation 68 'specinterface' 'specinterface_ln0' <Predicate = true> <Delay = 0.00>
ST_2 : Operation 69 [1/1] (1.06ns)   --->   "%icmp_ln159 = icmp_slt  i64 %zTopMin_read, i64 18446744073659551516" [patchMaker.cpp:159]   --->   Operation 69 'icmp' 'icmp_ln159' <Predicate = true> <Delay = 1.06> <CoreInst = "Cmp">   --->   Core 9 'Cmp' <Latency = 0> <II = 1> <Delay = 1.06> <FuncUnit> <Opcode : 'icmp'> <InPorts = 2> <OutPorts = 1>
ST_2 : Operation 70 [1/1] (0.41ns)   --->   "%zTop_min = select i1 %icmp_ln159, i64 18446744073659551516, i64 %zTopMin_read" [patchMaker.cpp:159]   --->   Operation 70 'select' 'zTop_min' <Predicate = true> <Delay = 0.41> <CoreInst = "Sel">   --->   Core 73 'Sel' <Latency = 0> <II = 1> <Delay = 0.41> <FuncUnit> <Opcode : 'select'> <InPorts = 3> <OutPorts = 1>
ST_2 : Operation 71 [1/1] (1.06ns)   --->   "%icmp_ln160 = icmp_slt  i64 %zTopMax_read, i64 50000100" [patchMaker.cpp:160]   --->   Operation 71 'icmp' 'icmp_ln160' <Predicate = true> <Delay = 1.06> <CoreInst = "Cmp">   --->   Core 9 'Cmp' <Latency = 0> <II = 1> <Delay = 1.06> <FuncUnit> <Opcode : 'icmp'> <InPorts = 2> <OutPorts = 1>
ST_2 : Operation 72 [1/1] (0.41ns)   --->   "%zTop_max = select i1 %icmp_ln160, i64 %zTopMax_read, i64 50000100" [patchMaker.cpp:160]   --->   Operation 72 'select' 'zTop_max' <Predicate = true> <Delay = 0.41> <CoreInst = "Sel">   --->   Core 73 'Sel' <Latency = 0> <II = 1> <Delay = 0.41> <FuncUnit> <Opcode : 'select'> <InPorts = 3> <OutPorts = 1>
ST_2 : Operation 73 [1/2] (1.64ns)   --->   "%wp_parameters_2_load = load i12 %wp_parameters_2_addr"   --->   Operation 73 'load' 'wp_parameters_2_load' <Predicate = true> <Delay = 1.64> <CoreInst = "RAM">   --->   Core 83 'RAM' <Latency = 1> <II = 1> <Delay = 1.64> <Storage> <Opcode : 'load' 'store'> <Ports = 2> <Width = 64> <Depth = 3840> <RAM>
ST_2 : Operation 74 [1/1] (0.00ns)   --->   "%empty_100 = trunc i64 %wp_parameters_2_load"   --->   Operation 74 'trunc' 'empty_100' <Predicate = true> <Delay = 0.00>
ST_2 : Operation 75 [1/1] (0.88ns)   --->   "%add_ln168 = add i32 %empty_100, i32 4294967295" [patchMaker.cpp:168]   --->   Operation 75 'add' 'add_ln168' <Predicate = true> <Delay = 0.88> <CoreInst = "Adder">   --->   Core 1 'Adder' <Latency = 0> <II = 1> <Delay = 0.88> <FuncUnit> <Opcode : 'add' 'sub'> <InPorts = 2> <OutPorts = 1>
ST_2 : Operation 76 [1/1] (0.38ns)   --->   "%br_ln168 = br void" [patchMaker.cpp:168]   --->   Operation 76 'br' 'br_ln168' <Predicate = true> <Delay = 0.38>

State 3 <SV = 2> <Delay = 5.41>
ST_3 : Operation 77 [1/1] (0.00ns)   --->   "%i = phi i32 0, void %.lr.ph44, i32 %add_ln170, void %.split918396081" [patchMaker.cpp:170]   --->   Operation 77 'phi' 'i' <Predicate = true> <Delay = 0.00>
ST_3 : Operation 78 [1/1] (0.88ns)   --->   "%add_ln170 = add i32 %i, i32 1" [patchMaker.cpp:170]   --->   Operation 78 'add' 'add_ln170' <Predicate = true> <Delay = 0.88> <CoreInst = "Adder">   --->   Core 1 'Adder' <Latency = 0> <II = 1> <Delay = 0.88> <FuncUnit> <Opcode : 'add' 'sub'> <InPorts = 2> <OutPorts = 1>
ST_3 : Operation 79 [1/1] (0.85ns)   --->   "%icmp_ln168 = icmp_eq  i32 %i, i32 %add_ln168" [patchMaker.cpp:168]   --->   Operation 79 'icmp' 'icmp_ln168' <Predicate = true> <Delay = 0.85> <CoreInst = "Cmp">   --->   Core 9 'Cmp' <Latency = 0> <II = 1> <Delay = 1.06> <FuncUnit> <Opcode : 'icmp'> <InPorts = 2> <OutPorts = 1>
ST_3 : Operation 80 [1/1] (0.00ns)   --->   "%br_ln168 = br i1 %icmp_ln168, void %.split9, void %._crit_edge45.loopexit" [patchMaker.cpp:168]   --->   Operation 80 'br' 'br_ln168' <Predicate = true> <Delay = 0.00>
ST_3 : Operation 81 [1/1] (0.00ns)   --->   "%zext_ln171_2 = zext i32 %i" [patchMaker.cpp:171]   --->   Operation 81 'zext' 'zext_ln171_2' <Predicate = (!icmp_ln168)> <Delay = 0.00>
ST_3 : Operation 82 [1/1] (0.88ns)   --->   "%add_ln171_1 = add i33 %add_ln171_cast, i33 %zext_ln171_2" [patchMaker.cpp:171]   --->   Operation 82 'add' 'add_ln171_1' <Predicate = (!icmp_ln168)> <Delay = 0.88> <CoreInst = "Adder">   --->   Core 1 'Adder' <Latency = 0> <II = 1> <Delay = 0.88> <FuncUnit> <Opcode : 'add' 'sub'> <InPorts = 2> <OutPorts = 1>
ST_3 : Operation 83 [1/1] (0.00ns)   --->   "%trunc_ln171 = trunc i33 %add_ln171_1" [patchMaker.cpp:171]   --->   Operation 83 'trunc' 'trunc_ln171' <Predicate = (!icmp_ln168)> <Delay = 0.00>
ST_3 : Operation 84 [1/1] (0.00ns)   --->   "%p_shl3_cast = bitconcatenate i15 @_ssdm_op_BitConcatenate.i15.i8.i7, i8 %trunc_ln171, i7 0" [patchMaker.cpp:171]   --->   Operation 84 'bitconcatenate' 'p_shl3_cast' <Predicate = (!icmp_ln168)> <Delay = 0.00>
ST_3 : Operation 85 [1/1] (0.00ns)   --->   "%trunc_ln171_1 = trunc i33 %add_ln171_1" [patchMaker.cpp:171]   --->   Operation 85 'trunc' 'trunc_ln171_1' <Predicate = (!icmp_ln168)> <Delay = 0.00>
ST_3 : Operation 86 [1/1] (0.00ns)   --->   "%p_shl4_cast = bitconcatenate i15 @_ssdm_op_BitConcatenate.i15.i11.i4, i11 %trunc_ln171_1, i4 0" [patchMaker.cpp:171]   --->   Operation 86 'bitconcatenate' 'p_shl4_cast' <Predicate = (!icmp_ln168)> <Delay = 0.00>
ST_3 : Operation 87 [1/1] (0.77ns)   --->   "%add_ln171_2 = add i15 %p_shl3_cast, i15 %p_shl4_cast" [patchMaker.cpp:171]   --->   Operation 87 'add' 'add_ln171_2' <Predicate = (!icmp_ln168)> <Delay = 0.77> <CoreInst = "Adder">   --->   Core 1 'Adder' <Latency = 0> <II = 1> <Delay = 0.88> <FuncUnit> <Opcode : 'add' 'sub'> <InPorts = 2> <OutPorts = 1>
ST_3 : Operation 88 [1/1] (0.77ns)   --->   "%add_ln171_3 = add i15 %add_ln171_2, i15 99" [patchMaker.cpp:171]   --->   Operation 88 'add' 'add_ln171_3' <Predicate = (!icmp_ln168)> <Delay = 0.77> <CoreInst = "Adder">   --->   Core 1 'Adder' <Latency = 0> <II = 1> <Delay = 0.88> <FuncUnit> <Opcode : 'add' 'sub'> <InPorts = 2> <OutPorts = 1>
ST_3 : Operation 89 [1/1] (0.00ns)   --->   "%zext_ln171_3 = zext i15 %add_ln171_3" [patchMaker.cpp:171]   --->   Operation 89 'zext' 'zext_ln171_3' <Predicate = (!icmp_ln168)> <Delay = 0.00>
ST_3 : Operation 90 [1/1] (0.00ns)   --->   "%wp_superpoints_1_addr = getelementptr i64 %wp_superpoints_2, i64 0, i64 %zext_ln171_3" [patchMaker.cpp:171]   --->   Operation 90 'getelementptr' 'wp_superpoints_1_addr' <Predicate = (!icmp_ln168)> <Delay = 0.00>
ST_3 : Operation 91 [1/1] (0.77ns)   --->   "%add_ln172 = add i15 %add_ln171_2, i15 102" [patchMaker.cpp:172]   --->   Operation 91 'add' 'add_ln172' <Predicate = (!icmp_ln168)> <Delay = 0.77> <CoreInst = "Adder">   --->   Core 1 'Adder' <Latency = 0> <II = 1> <Delay = 0.88> <FuncUnit> <Opcode : 'add' 'sub'> <InPorts = 2> <OutPorts = 1>
ST_3 : Operation 92 [1/1] (0.00ns)   --->   "%zext_ln172 = zext i15 %add_ln172" [patchMaker.cpp:172]   --->   Operation 92 'zext' 'zext_ln172' <Predicate = (!icmp_ln168)> <Delay = 0.00>
ST_3 : Operation 93 [1/1] (0.00ns)   --->   "%wp_superpoints_1_addr_1 = getelementptr i64 %wp_superpoints_2, i64 0, i64 %zext_ln172" [patchMaker.cpp:172]   --->   Operation 93 'getelementptr' 'wp_superpoints_1_addr_1' <Predicate = (!icmp_ln168)> <Delay = 0.00>
ST_3 : Operation 94 [2/2] (2.98ns)   --->   "%z_j_min = load i15 %wp_superpoints_1_addr" [patchMaker.cpp:171]   --->   Operation 94 'load' 'z_j_min' <Predicate = (!icmp_ln168)> <Delay = 2.98> <CoreInst = "RAM">   --->   Core 83 'RAM' <Latency = 1> <II = 1> <Delay = 2.98> <Storage> <Opcode : 'load' 'store'> <Ports = 2> <Width = 64> <Depth = 23040> <RAM>
ST_3 : Operation 95 [2/2] (2.98ns)   --->   "%z_j_max = load i15 %wp_superpoints_1_addr_1" [patchMaker.cpp:172]   --->   Operation 95 'load' 'z_j_max' <Predicate = (!icmp_ln168)> <Delay = 2.98> <CoreInst = "RAM">   --->   Core 83 'RAM' <Latency = 1> <II = 1> <Delay = 2.98> <Storage> <Opcode : 'load' 'store'> <Ports = 2> <Width = 64> <Depth = 23040> <RAM>
ST_3 : Operation 96 [1/1] (0.00ns)   --->   "%trunc_ln174 = trunc i32 %i" [patchMaker.cpp:174]   --->   Operation 96 'trunc' 'trunc_ln174' <Predicate = (!icmp_ln168)> <Delay = 0.00>
ST_3 : Operation 97 [1/1] (0.65ns)   --->   "%switch_ln174 = switch i2 %trunc_ln174, void %branch7, i2 0, void %.split9..split918_crit_edge, i2 1, void %branch5, i2 2, void %branch6" [patchMaker.cpp:174]   --->   Operation 97 'switch' 'switch_ln174' <Predicate = (!icmp_ln168)> <Delay = 0.65>
ST_3 : Operation 98 [1/1] (0.65ns)   --->   "%switch_ln175 = switch i2 %trunc_ln174, void %branch15, i2 0, void %.split918..split91839_crit_edge, i2 1, void %branch13, i2 2, void %branch14" [patchMaker.cpp:175]   --->   Operation 98 'switch' 'switch_ln175' <Predicate = (!icmp_ln168)> <Delay = 0.65>
ST_3 : Operation 99 [1/1] (0.65ns)   --->   "%switch_ln176 = switch i2 %trunc_ln174, void %branch23, i2 0, void %.split91839..split9183960_crit_edge, i2 1, void %branch21, i2 2, void %branch22" [patchMaker.cpp:176]   --->   Operation 99 'switch' 'switch_ln176' <Predicate = (!icmp_ln168)> <Delay = 0.65>
ST_3 : Operation 100 [1/1] (0.65ns)   --->   "%switch_ln177 = switch i2 %trunc_ln174, void %branch31, i2 0, void %.split9183960..split918396081_crit_edge, i2 1, void %branch29, i2 2, void %branch30" [patchMaker.cpp:177]   --->   Operation 100 'switch' 'switch_ln177' <Predicate = (!icmp_ln168)> <Delay = 0.65>
ST_3 : Operation 101 [1/1] (0.00ns)   --->   "%br_ln0 = br void"   --->   Operation 101 'br' 'br_ln0' <Predicate = (!icmp_ln168)> <Delay = 0.00>

State 4 <SV = 3> <Delay = 2.98>
ST_4 : Operation 102 [1/2] (2.98ns)   --->   "%z_j_min = load i15 %wp_superpoints_1_addr" [patchMaker.cpp:171]   --->   Operation 102 'load' 'z_j_min' <Predicate = (!icmp_ln168)> <Delay = 2.98> <CoreInst = "RAM">   --->   Core 83 'RAM' <Latency = 1> <II = 1> <Delay = 2.98> <Storage> <Opcode : 'load' 'store'> <Ports = 2> <Width = 64> <Depth = 23040> <RAM>
ST_4 : Operation 103 [1/2] (2.98ns)   --->   "%z_j_max = load i15 %wp_superpoints_1_addr_1" [patchMaker.cpp:172]   --->   Operation 103 'load' 'z_j_max' <Predicate = (!icmp_ln168)> <Delay = 2.98> <CoreInst = "RAM">   --->   Core 83 'RAM' <Latency = 1> <II = 1> <Delay = 2.98> <Storage> <Opcode : 'load' 'store'> <Ports = 2> <Width = 64> <Depth = 23040> <RAM>

State 5 <SV = 4> <Delay = 4.80>
ST_5 : Operation 104 [12/12] (4.80ns)   --->   "%topL_jL_0 = call i64 @straightLineProjectorFromLayerIJtoK, i64 %zTop_min, i64 %z_j_min, i3 5, i32 %add_ln170, i3 1, i25 %radii" [patchMaker.cpp:174]   --->   Operation 104 'call' 'topL_jL_0' <Predicate = (!icmp_ln168)> <Delay = 4.80> <CoreType = "Generic">   --->   Core 0 '' <Latency = 0> <II = 1> <Delay = 1.00> <Generic> <Opcode : >
ST_5 : Operation 105 [12/12] (4.80ns)   --->   "%topL_jR_0 = call i64 @straightLineProjectorFromLayerIJtoK, i64 %zTop_min, i64 %z_j_max, i3 5, i32 %add_ln170, i3 1, i25 %radii" [patchMaker.cpp:175]   --->   Operation 105 'call' 'topL_jR_0' <Predicate = (!icmp_ln168)> <Delay = 4.80> <CoreType = "Generic">   --->   Core 0 '' <Latency = 0> <II = 1> <Delay = 1.00> <Generic> <Opcode : >
ST_5 : Operation 106 [12/12] (4.80ns)   --->   "%topR_jL_0 = call i64 @straightLineProjectorFromLayerIJtoK, i64 %zTop_max, i64 %z_j_min, i3 5, i32 %add_ln170, i3 1, i25 %radii" [patchMaker.cpp:176]   --->   Operation 106 'call' 'topR_jL_0' <Predicate = (!icmp_ln168)> <Delay = 4.80> <CoreType = "Generic">   --->   Core 0 '' <Latency = 0> <II = 1> <Delay = 1.00> <Generic> <Opcode : >
ST_5 : Operation 107 [12/12] (4.80ns)   --->   "%topR_jR_0 = call i64 @straightLineProjectorFromLayerIJtoK, i64 %zTop_max, i64 %z_j_max, i3 5, i32 %add_ln170, i3 1, i25 %radii" [patchMaker.cpp:177]   --->   Operation 107 'call' 'topR_jR_0' <Predicate = (!icmp_ln168)> <Delay = 4.80> <CoreType = "Generic">   --->   Core 0 '' <Latency = 0> <II = 1> <Delay = 1.00> <Generic> <Opcode : >

State 6 <SV = 5> <Delay = 7.30>
ST_6 : Operation 108 [11/12] (7.30ns)   --->   "%topL_jL_0 = call i64 @straightLineProjectorFromLayerIJtoK, i64 %zTop_min, i64 %z_j_min, i3 5, i32 %add_ln170, i3 1, i25 %radii" [patchMaker.cpp:174]   --->   Operation 108 'call' 'topL_jL_0' <Predicate = (!icmp_ln168)> <Delay = 7.30> <CoreType = "Generic">   --->   Core 0 '' <Latency = 0> <II = 1> <Delay = 1.00> <Generic> <Opcode : >
ST_6 : Operation 109 [11/12] (7.30ns)   --->   "%topL_jR_0 = call i64 @straightLineProjectorFromLayerIJtoK, i64 %zTop_min, i64 %z_j_max, i3 5, i32 %add_ln170, i3 1, i25 %radii" [patchMaker.cpp:175]   --->   Operation 109 'call' 'topL_jR_0' <Predicate = (!icmp_ln168)> <Delay = 7.30> <CoreType = "Generic">   --->   Core 0 '' <Latency = 0> <II = 1> <Delay = 1.00> <Generic> <Opcode : >
ST_6 : Operation 110 [11/12] (7.30ns)   --->   "%topR_jL_0 = call i64 @straightLineProjectorFromLayerIJtoK, i64 %zTop_max, i64 %z_j_min, i3 5, i32 %add_ln170, i3 1, i25 %radii" [patchMaker.cpp:176]   --->   Operation 110 'call' 'topR_jL_0' <Predicate = (!icmp_ln168)> <Delay = 7.30> <CoreType = "Generic">   --->   Core 0 '' <Latency = 0> <II = 1> <Delay = 1.00> <Generic> <Opcode : >
ST_6 : Operation 111 [11/12] (7.30ns)   --->   "%topR_jR_0 = call i64 @straightLineProjectorFromLayerIJtoK, i64 %zTop_max, i64 %z_j_max, i3 5, i32 %add_ln170, i3 1, i25 %radii" [patchMaker.cpp:177]   --->   Operation 111 'call' 'topR_jR_0' <Predicate = (!icmp_ln168)> <Delay = 7.30> <CoreType = "Generic">   --->   Core 0 '' <Latency = 0> <II = 1> <Delay = 1.00> <Generic> <Opcode : >

State 7 <SV = 6> <Delay = 7.30>
ST_7 : Operation 112 [10/12] (7.30ns)   --->   "%topL_jL_0 = call i64 @straightLineProjectorFromLayerIJtoK, i64 %zTop_min, i64 %z_j_min, i3 5, i32 %add_ln170, i3 1, i25 %radii" [patchMaker.cpp:174]   --->   Operation 112 'call' 'topL_jL_0' <Predicate = (!icmp_ln168)> <Delay = 7.30> <CoreType = "Generic">   --->   Core 0 '' <Latency = 0> <II = 1> <Delay = 1.00> <Generic> <Opcode : >
ST_7 : Operation 113 [10/12] (7.30ns)   --->   "%topL_jR_0 = call i64 @straightLineProjectorFromLayerIJtoK, i64 %zTop_min, i64 %z_j_max, i3 5, i32 %add_ln170, i3 1, i25 %radii" [patchMaker.cpp:175]   --->   Operation 113 'call' 'topL_jR_0' <Predicate = (!icmp_ln168)> <Delay = 7.30> <CoreType = "Generic">   --->   Core 0 '' <Latency = 0> <II = 1> <Delay = 1.00> <Generic> <Opcode : >
ST_7 : Operation 114 [10/12] (7.30ns)   --->   "%topR_jL_0 = call i64 @straightLineProjectorFromLayerIJtoK, i64 %zTop_max, i64 %z_j_min, i3 5, i32 %add_ln170, i3 1, i25 %radii" [patchMaker.cpp:176]   --->   Operation 114 'call' 'topR_jL_0' <Predicate = (!icmp_ln168)> <Delay = 7.30> <CoreType = "Generic">   --->   Core 0 '' <Latency = 0> <II = 1> <Delay = 1.00> <Generic> <Opcode : >
ST_7 : Operation 115 [10/12] (7.30ns)   --->   "%topR_jR_0 = call i64 @straightLineProjectorFromLayerIJtoK, i64 %zTop_max, i64 %z_j_max, i3 5, i32 %add_ln170, i3 1, i25 %radii" [patchMaker.cpp:177]   --->   Operation 115 'call' 'topR_jR_0' <Predicate = (!icmp_ln168)> <Delay = 7.30> <CoreType = "Generic">   --->   Core 0 '' <Latency = 0> <II = 1> <Delay = 1.00> <Generic> <Opcode : >

State 8 <SV = 7> <Delay = 7.30>
ST_8 : Operation 116 [9/12] (7.30ns)   --->   "%topL_jL_0 = call i64 @straightLineProjectorFromLayerIJtoK, i64 %zTop_min, i64 %z_j_min, i3 5, i32 %add_ln170, i3 1, i25 %radii" [patchMaker.cpp:174]   --->   Operation 116 'call' 'topL_jL_0' <Predicate = (!icmp_ln168)> <Delay = 7.30> <CoreType = "Generic">   --->   Core 0 '' <Latency = 0> <II = 1> <Delay = 1.00> <Generic> <Opcode : >
ST_8 : Operation 117 [9/12] (7.30ns)   --->   "%topL_jR_0 = call i64 @straightLineProjectorFromLayerIJtoK, i64 %zTop_min, i64 %z_j_max, i3 5, i32 %add_ln170, i3 1, i25 %radii" [patchMaker.cpp:175]   --->   Operation 117 'call' 'topL_jR_0' <Predicate = (!icmp_ln168)> <Delay = 7.30> <CoreType = "Generic">   --->   Core 0 '' <Latency = 0> <II = 1> <Delay = 1.00> <Generic> <Opcode : >
ST_8 : Operation 118 [9/12] (7.30ns)   --->   "%topR_jL_0 = call i64 @straightLineProjectorFromLayerIJtoK, i64 %zTop_max, i64 %z_j_min, i3 5, i32 %add_ln170, i3 1, i25 %radii" [patchMaker.cpp:176]   --->   Operation 118 'call' 'topR_jL_0' <Predicate = (!icmp_ln168)> <Delay = 7.30> <CoreType = "Generic">   --->   Core 0 '' <Latency = 0> <II = 1> <Delay = 1.00> <Generic> <Opcode : >
ST_8 : Operation 119 [9/12] (7.30ns)   --->   "%topR_jR_0 = call i64 @straightLineProjectorFromLayerIJtoK, i64 %zTop_max, i64 %z_j_max, i3 5, i32 %add_ln170, i3 1, i25 %radii" [patchMaker.cpp:177]   --->   Operation 119 'call' 'topR_jR_0' <Predicate = (!icmp_ln168)> <Delay = 7.30> <CoreType = "Generic">   --->   Core 0 '' <Latency = 0> <II = 1> <Delay = 1.00> <Generic> <Opcode : >

State 9 <SV = 8> <Delay = 7.30>
ST_9 : Operation 120 [8/12] (7.30ns)   --->   "%topL_jL_0 = call i64 @straightLineProjectorFromLayerIJtoK, i64 %zTop_min, i64 %z_j_min, i3 5, i32 %add_ln170, i3 1, i25 %radii" [patchMaker.cpp:174]   --->   Operation 120 'call' 'topL_jL_0' <Predicate = (!icmp_ln168)> <Delay = 7.30> <CoreType = "Generic">   --->   Core 0 '' <Latency = 0> <II = 1> <Delay = 1.00> <Generic> <Opcode : >
ST_9 : Operation 121 [8/12] (7.30ns)   --->   "%topL_jR_0 = call i64 @straightLineProjectorFromLayerIJtoK, i64 %zTop_min, i64 %z_j_max, i3 5, i32 %add_ln170, i3 1, i25 %radii" [patchMaker.cpp:175]   --->   Operation 121 'call' 'topL_jR_0' <Predicate = (!icmp_ln168)> <Delay = 7.30> <CoreType = "Generic">   --->   Core 0 '' <Latency = 0> <II = 1> <Delay = 1.00> <Generic> <Opcode : >
ST_9 : Operation 122 [8/12] (7.30ns)   --->   "%topR_jL_0 = call i64 @straightLineProjectorFromLayerIJtoK, i64 %zTop_max, i64 %z_j_min, i3 5, i32 %add_ln170, i3 1, i25 %radii" [patchMaker.cpp:176]   --->   Operation 122 'call' 'topR_jL_0' <Predicate = (!icmp_ln168)> <Delay = 7.30> <CoreType = "Generic">   --->   Core 0 '' <Latency = 0> <II = 1> <Delay = 1.00> <Generic> <Opcode : >
ST_9 : Operation 123 [8/12] (7.30ns)   --->   "%topR_jR_0 = call i64 @straightLineProjectorFromLayerIJtoK, i64 %zTop_max, i64 %z_j_max, i3 5, i32 %add_ln170, i3 1, i25 %radii" [patchMaker.cpp:177]   --->   Operation 123 'call' 'topR_jR_0' <Predicate = (!icmp_ln168)> <Delay = 7.30> <CoreType = "Generic">   --->   Core 0 '' <Latency = 0> <II = 1> <Delay = 1.00> <Generic> <Opcode : >

State 10 <SV = 9> <Delay = 7.30>
ST_10 : Operation 124 [7/12] (7.30ns)   --->   "%topL_jL_0 = call i64 @straightLineProjectorFromLayerIJtoK, i64 %zTop_min, i64 %z_j_min, i3 5, i32 %add_ln170, i3 1, i25 %radii" [patchMaker.cpp:174]   --->   Operation 124 'call' 'topL_jL_0' <Predicate = (!icmp_ln168)> <Delay = 7.30> <CoreType = "Generic">   --->   Core 0 '' <Latency = 0> <II = 1> <Delay = 1.00> <Generic> <Opcode : >
ST_10 : Operation 125 [7/12] (7.30ns)   --->   "%topL_jR_0 = call i64 @straightLineProjectorFromLayerIJtoK, i64 %zTop_min, i64 %z_j_max, i3 5, i32 %add_ln170, i3 1, i25 %radii" [patchMaker.cpp:175]   --->   Operation 125 'call' 'topL_jR_0' <Predicate = (!icmp_ln168)> <Delay = 7.30> <CoreType = "Generic">   --->   Core 0 '' <Latency = 0> <II = 1> <Delay = 1.00> <Generic> <Opcode : >
ST_10 : Operation 126 [7/12] (7.30ns)   --->   "%topR_jL_0 = call i64 @straightLineProjectorFromLayerIJtoK, i64 %zTop_max, i64 %z_j_min, i3 5, i32 %add_ln170, i3 1, i25 %radii" [patchMaker.cpp:176]   --->   Operation 126 'call' 'topR_jL_0' <Predicate = (!icmp_ln168)> <Delay = 7.30> <CoreType = "Generic">   --->   Core 0 '' <Latency = 0> <II = 1> <Delay = 1.00> <Generic> <Opcode : >
ST_10 : Operation 127 [7/12] (7.30ns)   --->   "%topR_jR_0 = call i64 @straightLineProjectorFromLayerIJtoK, i64 %zTop_max, i64 %z_j_max, i3 5, i32 %add_ln170, i3 1, i25 %radii" [patchMaker.cpp:177]   --->   Operation 127 'call' 'topR_jR_0' <Predicate = (!icmp_ln168)> <Delay = 7.30> <CoreType = "Generic">   --->   Core 0 '' <Latency = 0> <II = 1> <Delay = 1.00> <Generic> <Opcode : >

State 11 <SV = 10> <Delay = 7.30>
ST_11 : Operation 128 [6/12] (7.30ns)   --->   "%topL_jL_0 = call i64 @straightLineProjectorFromLayerIJtoK, i64 %zTop_min, i64 %z_j_min, i3 5, i32 %add_ln170, i3 1, i25 %radii" [patchMaker.cpp:174]   --->   Operation 128 'call' 'topL_jL_0' <Predicate = (!icmp_ln168)> <Delay = 7.30> <CoreType = "Generic">   --->   Core 0 '' <Latency = 0> <II = 1> <Delay = 1.00> <Generic> <Opcode : >
ST_11 : Operation 129 [6/12] (7.30ns)   --->   "%topL_jR_0 = call i64 @straightLineProjectorFromLayerIJtoK, i64 %zTop_min, i64 %z_j_max, i3 5, i32 %add_ln170, i3 1, i25 %radii" [patchMaker.cpp:175]   --->   Operation 129 'call' 'topL_jR_0' <Predicate = (!icmp_ln168)> <Delay = 7.30> <CoreType = "Generic">   --->   Core 0 '' <Latency = 0> <II = 1> <Delay = 1.00> <Generic> <Opcode : >
ST_11 : Operation 130 [6/12] (7.30ns)   --->   "%topR_jL_0 = call i64 @straightLineProjectorFromLayerIJtoK, i64 %zTop_max, i64 %z_j_min, i3 5, i32 %add_ln170, i3 1, i25 %radii" [patchMaker.cpp:176]   --->   Operation 130 'call' 'topR_jL_0' <Predicate = (!icmp_ln168)> <Delay = 7.30> <CoreType = "Generic">   --->   Core 0 '' <Latency = 0> <II = 1> <Delay = 1.00> <Generic> <Opcode : >
ST_11 : Operation 131 [6/12] (7.30ns)   --->   "%topR_jR_0 = call i64 @straightLineProjectorFromLayerIJtoK, i64 %zTop_max, i64 %z_j_max, i3 5, i32 %add_ln170, i3 1, i25 %radii" [patchMaker.cpp:177]   --->   Operation 131 'call' 'topR_jR_0' <Predicate = (!icmp_ln168)> <Delay = 7.30> <CoreType = "Generic">   --->   Core 0 '' <Latency = 0> <II = 1> <Delay = 1.00> <Generic> <Opcode : >

State 12 <SV = 11> <Delay = 7.30>
ST_12 : Operation 132 [5/12] (7.30ns)   --->   "%topL_jL_0 = call i64 @straightLineProjectorFromLayerIJtoK, i64 %zTop_min, i64 %z_j_min, i3 5, i32 %add_ln170, i3 1, i25 %radii" [patchMaker.cpp:174]   --->   Operation 132 'call' 'topL_jL_0' <Predicate = (!icmp_ln168)> <Delay = 7.30> <CoreType = "Generic">   --->   Core 0 '' <Latency = 0> <II = 1> <Delay = 1.00> <Generic> <Opcode : >
ST_12 : Operation 133 [5/12] (7.30ns)   --->   "%topL_jR_0 = call i64 @straightLineProjectorFromLayerIJtoK, i64 %zTop_min, i64 %z_j_max, i3 5, i32 %add_ln170, i3 1, i25 %radii" [patchMaker.cpp:175]   --->   Operation 133 'call' 'topL_jR_0' <Predicate = (!icmp_ln168)> <Delay = 7.30> <CoreType = "Generic">   --->   Core 0 '' <Latency = 0> <II = 1> <Delay = 1.00> <Generic> <Opcode : >
ST_12 : Operation 134 [5/12] (7.30ns)   --->   "%topR_jL_0 = call i64 @straightLineProjectorFromLayerIJtoK, i64 %zTop_max, i64 %z_j_min, i3 5, i32 %add_ln170, i3 1, i25 %radii" [patchMaker.cpp:176]   --->   Operation 134 'call' 'topR_jL_0' <Predicate = (!icmp_ln168)> <Delay = 7.30> <CoreType = "Generic">   --->   Core 0 '' <Latency = 0> <II = 1> <Delay = 1.00> <Generic> <Opcode : >
ST_12 : Operation 135 [5/12] (7.30ns)   --->   "%topR_jR_0 = call i64 @straightLineProjectorFromLayerIJtoK, i64 %zTop_max, i64 %z_j_max, i3 5, i32 %add_ln170, i3 1, i25 %radii" [patchMaker.cpp:177]   --->   Operation 135 'call' 'topR_jR_0' <Predicate = (!icmp_ln168)> <Delay = 7.30> <CoreType = "Generic">   --->   Core 0 '' <Latency = 0> <II = 1> <Delay = 1.00> <Generic> <Opcode : >

State 13 <SV = 12> <Delay = 7.30>
ST_13 : Operation 136 [4/12] (7.30ns)   --->   "%topL_jL_0 = call i64 @straightLineProjectorFromLayerIJtoK, i64 %zTop_min, i64 %z_j_min, i3 5, i32 %add_ln170, i3 1, i25 %radii" [patchMaker.cpp:174]   --->   Operation 136 'call' 'topL_jL_0' <Predicate = (!icmp_ln168)> <Delay = 7.30> <CoreType = "Generic">   --->   Core 0 '' <Latency = 0> <II = 1> <Delay = 1.00> <Generic> <Opcode : >
ST_13 : Operation 137 [4/12] (7.30ns)   --->   "%topL_jR_0 = call i64 @straightLineProjectorFromLayerIJtoK, i64 %zTop_min, i64 %z_j_max, i3 5, i32 %add_ln170, i3 1, i25 %radii" [patchMaker.cpp:175]   --->   Operation 137 'call' 'topL_jR_0' <Predicate = (!icmp_ln168)> <Delay = 7.30> <CoreType = "Generic">   --->   Core 0 '' <Latency = 0> <II = 1> <Delay = 1.00> <Generic> <Opcode : >
ST_13 : Operation 138 [4/12] (7.30ns)   --->   "%topR_jL_0 = call i64 @straightLineProjectorFromLayerIJtoK, i64 %zTop_max, i64 %z_j_min, i3 5, i32 %add_ln170, i3 1, i25 %radii" [patchMaker.cpp:176]   --->   Operation 138 'call' 'topR_jL_0' <Predicate = (!icmp_ln168)> <Delay = 7.30> <CoreType = "Generic">   --->   Core 0 '' <Latency = 0> <II = 1> <Delay = 1.00> <Generic> <Opcode : >
ST_13 : Operation 139 [4/12] (7.30ns)   --->   "%topR_jR_0 = call i64 @straightLineProjectorFromLayerIJtoK, i64 %zTop_max, i64 %z_j_max, i3 5, i32 %add_ln170, i3 1, i25 %radii" [patchMaker.cpp:177]   --->   Operation 139 'call' 'topR_jR_0' <Predicate = (!icmp_ln168)> <Delay = 7.30> <CoreType = "Generic">   --->   Core 0 '' <Latency = 0> <II = 1> <Delay = 1.00> <Generic> <Opcode : >

State 14 <SV = 13> <Delay = 7.30>
ST_14 : Operation 140 [3/12] (7.30ns)   --->   "%topL_jL_0 = call i64 @straightLineProjectorFromLayerIJtoK, i64 %zTop_min, i64 %z_j_min, i3 5, i32 %add_ln170, i3 1, i25 %radii" [patchMaker.cpp:174]   --->   Operation 140 'call' 'topL_jL_0' <Predicate = (!icmp_ln168)> <Delay = 7.30> <CoreType = "Generic">   --->   Core 0 '' <Latency = 0> <II = 1> <Delay = 1.00> <Generic> <Opcode : >
ST_14 : Operation 141 [3/12] (7.30ns)   --->   "%topL_jR_0 = call i64 @straightLineProjectorFromLayerIJtoK, i64 %zTop_min, i64 %z_j_max, i3 5, i32 %add_ln170, i3 1, i25 %radii" [patchMaker.cpp:175]   --->   Operation 141 'call' 'topL_jR_0' <Predicate = (!icmp_ln168)> <Delay = 7.30> <CoreType = "Generic">   --->   Core 0 '' <Latency = 0> <II = 1> <Delay = 1.00> <Generic> <Opcode : >
ST_14 : Operation 142 [3/12] (7.30ns)   --->   "%topR_jL_0 = call i64 @straightLineProjectorFromLayerIJtoK, i64 %zTop_max, i64 %z_j_min, i3 5, i32 %add_ln170, i3 1, i25 %radii" [patchMaker.cpp:176]   --->   Operation 142 'call' 'topR_jL_0' <Predicate = (!icmp_ln168)> <Delay = 7.30> <CoreType = "Generic">   --->   Core 0 '' <Latency = 0> <II = 1> <Delay = 1.00> <Generic> <Opcode : >
ST_14 : Operation 143 [3/12] (7.30ns)   --->   "%topR_jR_0 = call i64 @straightLineProjectorFromLayerIJtoK, i64 %zTop_max, i64 %z_j_max, i3 5, i32 %add_ln170, i3 1, i25 %radii" [patchMaker.cpp:177]   --->   Operation 143 'call' 'topR_jR_0' <Predicate = (!icmp_ln168)> <Delay = 7.30> <CoreType = "Generic">   --->   Core 0 '' <Latency = 0> <II = 1> <Delay = 1.00> <Generic> <Opcode : >

State 15 <SV = 14> <Delay = 7.30>
ST_15 : Operation 144 [2/12] (7.30ns)   --->   "%topL_jL_0 = call i64 @straightLineProjectorFromLayerIJtoK, i64 %zTop_min, i64 %z_j_min, i3 5, i32 %add_ln170, i3 1, i25 %radii" [patchMaker.cpp:174]   --->   Operation 144 'call' 'topL_jL_0' <Predicate = (!icmp_ln168)> <Delay = 7.30> <CoreType = "Generic">   --->   Core 0 '' <Latency = 0> <II = 1> <Delay = 1.00> <Generic> <Opcode : >
ST_15 : Operation 145 [2/12] (7.30ns)   --->   "%topL_jR_0 = call i64 @straightLineProjectorFromLayerIJtoK, i64 %zTop_min, i64 %z_j_max, i3 5, i32 %add_ln170, i3 1, i25 %radii" [patchMaker.cpp:175]   --->   Operation 145 'call' 'topL_jR_0' <Predicate = (!icmp_ln168)> <Delay = 7.30> <CoreType = "Generic">   --->   Core 0 '' <Latency = 0> <II = 1> <Delay = 1.00> <Generic> <Opcode : >
ST_15 : Operation 146 [2/12] (7.30ns)   --->   "%topR_jL_0 = call i64 @straightLineProjectorFromLayerIJtoK, i64 %zTop_max, i64 %z_j_min, i3 5, i32 %add_ln170, i3 1, i25 %radii" [patchMaker.cpp:176]   --->   Operation 146 'call' 'topR_jL_0' <Predicate = (!icmp_ln168)> <Delay = 7.30> <CoreType = "Generic">   --->   Core 0 '' <Latency = 0> <II = 1> <Delay = 1.00> <Generic> <Opcode : >
ST_15 : Operation 147 [2/12] (7.30ns)   --->   "%topR_jR_0 = call i64 @straightLineProjectorFromLayerIJtoK, i64 %zTop_max, i64 %z_j_max, i3 5, i32 %add_ln170, i3 1, i25 %radii" [patchMaker.cpp:177]   --->   Operation 147 'call' 'topR_jR_0' <Predicate = (!icmp_ln168)> <Delay = 7.30> <CoreType = "Generic">   --->   Core 0 '' <Latency = 0> <II = 1> <Delay = 1.00> <Generic> <Opcode : >

State 16 <SV = 15> <Delay = 4.46>
ST_16 : Operation 148 [1/1] (0.00ns)   --->   "%topL_jL_3_1_load = load i64 %topL_jL_3_1"   --->   Operation 148 'load' 'topL_jL_3_1_load' <Predicate = true> <Delay = 0.00>
ST_16 : Operation 149 [1/1] (0.00ns)   --->   "%topL_jR_3_load = load i64 %topL_jR_3"   --->   Operation 149 'load' 'topL_jR_3_load' <Predicate = true> <Delay = 0.00>
ST_16 : Operation 150 [1/1] (0.00ns)   --->   "%topR_jL_3_load = load i64 %topR_jL_3"   --->   Operation 150 'load' 'topR_jL_3_load' <Predicate = true> <Delay = 0.00>
ST_16 : Operation 151 [1/1] (0.00ns)   --->   "%topR_jR_3_load = load i64 %topR_jR_3"   --->   Operation 151 'load' 'topR_jR_3_load' <Predicate = true> <Delay = 0.00>
ST_16 : Operation 152 [1/1] (0.00ns)   --->   "%specpipeline_ln0 = specpipeline void @_ssdm_op_SpecPipeline, i32 4294967295, i32 0, i32 1, i32 0, void @p_str"   --->   Operation 152 'specpipeline' 'specpipeline_ln0' <Predicate = true> <Delay = 0.00>
ST_16 : Operation 153 [1/1] (0.00ns)   --->   "%specloopname_ln168 = specloopname void @_ssdm_op_SpecLoopName, void @empty_15" [patchMaker.cpp:168]   --->   Operation 153 'specloopname' 'specloopname_ln168' <Predicate = (!icmp_ln168)> <Delay = 0.00>
ST_16 : Operation 154 [1/12] (4.46ns)   --->   "%topL_jL_0 = call i64 @straightLineProjectorFromLayerIJtoK, i64 %zTop_min, i64 %z_j_min, i3 5, i32 %add_ln170, i3 1, i25 %radii" [patchMaker.cpp:174]   --->   Operation 154 'call' 'topL_jL_0' <Predicate = (!icmp_ln168)> <Delay = 4.46> <CoreType = "Generic">   --->   Core 0 '' <Latency = 0> <II = 1> <Delay = 1.00> <Generic> <Opcode : >
ST_16 : Operation 155 [1/1] (0.00ns)   --->   "%store_ln174 = store i64 %topL_jL_0, i64 %topL_jL_3_4" [patchMaker.cpp:174]   --->   Operation 155 'store' 'store_ln174' <Predicate = (!icmp_ln168 & trunc_ln174 == 2)> <Delay = 0.00>
ST_16 : Operation 156 [1/1] (0.00ns)   --->   "%br_ln174 = br void %.split918" [patchMaker.cpp:174]   --->   Operation 156 'br' 'br_ln174' <Predicate = (!icmp_ln168 & trunc_ln174 == 2)> <Delay = 0.00>
ST_16 : Operation 157 [1/1] (0.00ns)   --->   "%store_ln174 = store i64 %topL_jL_0, i64 %topL_jL_3_2" [patchMaker.cpp:174]   --->   Operation 157 'store' 'store_ln174' <Predicate = (!icmp_ln168 & trunc_ln174 == 1)> <Delay = 0.00>
ST_16 : Operation 158 [1/1] (0.00ns)   --->   "%br_ln174 = br void %.split918" [patchMaker.cpp:174]   --->   Operation 158 'br' 'br_ln174' <Predicate = (!icmp_ln168 & trunc_ln174 == 1)> <Delay = 0.00>
ST_16 : Operation 159 [1/1] (0.00ns)   --->   "%store_ln174 = store i64 %topL_jL_0, i64 %topL_jL_3_1" [patchMaker.cpp:174]   --->   Operation 159 'store' 'store_ln174' <Predicate = (!icmp_ln168 & trunc_ln174 == 0)> <Delay = 0.00>
ST_16 : Operation 160 [1/1] (0.00ns)   --->   "%br_ln174 = br void %.split918" [patchMaker.cpp:174]   --->   Operation 160 'br' 'br_ln174' <Predicate = (!icmp_ln168 & trunc_ln174 == 0)> <Delay = 0.00>
ST_16 : Operation 161 [1/1] (0.00ns)   --->   "%store_ln174 = store i64 %topL_jL_0, i64 %topL_jL_3_5" [patchMaker.cpp:174]   --->   Operation 161 'store' 'store_ln174' <Predicate = (!icmp_ln168 & trunc_ln174 == 3)> <Delay = 0.00>
ST_16 : Operation 162 [1/1] (0.00ns)   --->   "%br_ln174 = br void %.split918" [patchMaker.cpp:174]   --->   Operation 162 'br' 'br_ln174' <Predicate = (!icmp_ln168 & trunc_ln174 == 3)> <Delay = 0.00>
ST_16 : Operation 163 [1/12] (4.46ns)   --->   "%topL_jR_0 = call i64 @straightLineProjectorFromLayerIJtoK, i64 %zTop_min, i64 %z_j_max, i3 5, i32 %add_ln170, i3 1, i25 %radii" [patchMaker.cpp:175]   --->   Operation 163 'call' 'topL_jR_0' <Predicate = (!icmp_ln168)> <Delay = 4.46> <CoreType = "Generic">   --->   Core 0 '' <Latency = 0> <II = 1> <Delay = 1.00> <Generic> <Opcode : >
ST_16 : Operation 164 [1/1] (0.00ns)   --->   "%store_ln175 = store i64 %topL_jR_0, i64 %topL_jR_3_2" [patchMaker.cpp:175]   --->   Operation 164 'store' 'store_ln175' <Predicate = (!icmp_ln168 & trunc_ln174 == 2)> <Delay = 0.00>
ST_16 : Operation 165 [1/1] (0.00ns)   --->   "%br_ln175 = br void %.split91839" [patchMaker.cpp:175]   --->   Operation 165 'br' 'br_ln175' <Predicate = (!icmp_ln168 & trunc_ln174 == 2)> <Delay = 0.00>
ST_16 : Operation 166 [1/1] (0.00ns)   --->   "%store_ln175 = store i64 %topL_jR_0, i64 %topL_jR_3_1" [patchMaker.cpp:175]   --->   Operation 166 'store' 'store_ln175' <Predicate = (!icmp_ln168 & trunc_ln174 == 1)> <Delay = 0.00>
ST_16 : Operation 167 [1/1] (0.00ns)   --->   "%br_ln175 = br void %.split91839" [patchMaker.cpp:175]   --->   Operation 167 'br' 'br_ln175' <Predicate = (!icmp_ln168 & trunc_ln174 == 1)> <Delay = 0.00>
ST_16 : Operation 168 [1/1] (0.00ns)   --->   "%store_ln175 = store i64 %topL_jR_0, i64 %topL_jR_3" [patchMaker.cpp:175]   --->   Operation 168 'store' 'store_ln175' <Predicate = (!icmp_ln168 & trunc_ln174 == 0)> <Delay = 0.00>
ST_16 : Operation 169 [1/1] (0.00ns)   --->   "%br_ln175 = br void %.split91839" [patchMaker.cpp:175]   --->   Operation 169 'br' 'br_ln175' <Predicate = (!icmp_ln168 & trunc_ln174 == 0)> <Delay = 0.00>
ST_16 : Operation 170 [1/1] (0.00ns)   --->   "%store_ln175 = store i64 %topL_jR_0, i64 %topL_jR_3_3" [patchMaker.cpp:175]   --->   Operation 170 'store' 'store_ln175' <Predicate = (!icmp_ln168 & trunc_ln174 == 3)> <Delay = 0.00>
ST_16 : Operation 171 [1/1] (0.00ns)   --->   "%br_ln175 = br void %.split91839" [patchMaker.cpp:175]   --->   Operation 171 'br' 'br_ln175' <Predicate = (!icmp_ln168 & trunc_ln174 == 3)> <Delay = 0.00>
ST_16 : Operation 172 [1/12] (4.46ns)   --->   "%topR_jL_0 = call i64 @straightLineProjectorFromLayerIJtoK, i64 %zTop_max, i64 %z_j_min, i3 5, i32 %add_ln170, i3 1, i25 %radii" [patchMaker.cpp:176]   --->   Operation 172 'call' 'topR_jL_0' <Predicate = (!icmp_ln168)> <Delay = 4.46> <CoreType = "Generic">   --->   Core 0 '' <Latency = 0> <II = 1> <Delay = 1.00> <Generic> <Opcode : >
ST_16 : Operation 173 [1/1] (0.00ns)   --->   "%store_ln176 = store i64 %topR_jL_0, i64 %topR_jL_3_2" [patchMaker.cpp:176]   --->   Operation 173 'store' 'store_ln176' <Predicate = (!icmp_ln168 & trunc_ln174 == 2)> <Delay = 0.00>
ST_16 : Operation 174 [1/1] (0.00ns)   --->   "%br_ln176 = br void %.split9183960" [patchMaker.cpp:176]   --->   Operation 174 'br' 'br_ln176' <Predicate = (!icmp_ln168 & trunc_ln174 == 2)> <Delay = 0.00>
ST_16 : Operation 175 [1/1] (0.00ns)   --->   "%store_ln176 = store i64 %topR_jL_0, i64 %topR_jL_3_1" [patchMaker.cpp:176]   --->   Operation 175 'store' 'store_ln176' <Predicate = (!icmp_ln168 & trunc_ln174 == 1)> <Delay = 0.00>
ST_16 : Operation 176 [1/1] (0.00ns)   --->   "%br_ln176 = br void %.split9183960" [patchMaker.cpp:176]   --->   Operation 176 'br' 'br_ln176' <Predicate = (!icmp_ln168 & trunc_ln174 == 1)> <Delay = 0.00>
ST_16 : Operation 177 [1/1] (0.00ns)   --->   "%store_ln176 = store i64 %topR_jL_0, i64 %topR_jL_3" [patchMaker.cpp:176]   --->   Operation 177 'store' 'store_ln176' <Predicate = (!icmp_ln168 & trunc_ln174 == 0)> <Delay = 0.00>
ST_16 : Operation 178 [1/1] (0.00ns)   --->   "%br_ln176 = br void %.split9183960" [patchMaker.cpp:176]   --->   Operation 178 'br' 'br_ln176' <Predicate = (!icmp_ln168 & trunc_ln174 == 0)> <Delay = 0.00>
ST_16 : Operation 179 [1/1] (0.00ns)   --->   "%store_ln176 = store i64 %topR_jL_0, i64 %topR_jL_3_3" [patchMaker.cpp:176]   --->   Operation 179 'store' 'store_ln176' <Predicate = (!icmp_ln168 & trunc_ln174 == 3)> <Delay = 0.00>
ST_16 : Operation 180 [1/1] (0.00ns)   --->   "%br_ln176 = br void %.split9183960" [patchMaker.cpp:176]   --->   Operation 180 'br' 'br_ln176' <Predicate = (!icmp_ln168 & trunc_ln174 == 3)> <Delay = 0.00>
ST_16 : Operation 181 [1/12] (4.46ns)   --->   "%topR_jR_0 = call i64 @straightLineProjectorFromLayerIJtoK, i64 %zTop_max, i64 %z_j_max, i3 5, i32 %add_ln170, i3 1, i25 %radii" [patchMaker.cpp:177]   --->   Operation 181 'call' 'topR_jR_0' <Predicate = (!icmp_ln168)> <Delay = 4.46> <CoreType = "Generic">   --->   Core 0 '' <Latency = 0> <II = 1> <Delay = 1.00> <Generic> <Opcode : >
ST_16 : Operation 182 [1/1] (0.00ns)   --->   "%store_ln177 = store i64 %topR_jR_0, i64 %topR_jR_3_2" [patchMaker.cpp:177]   --->   Operation 182 'store' 'store_ln177' <Predicate = (!icmp_ln168 & trunc_ln174 == 2)> <Delay = 0.00>
ST_16 : Operation 183 [1/1] (0.00ns)   --->   "%br_ln177 = br void %.split918396081" [patchMaker.cpp:177]   --->   Operation 183 'br' 'br_ln177' <Predicate = (!icmp_ln168 & trunc_ln174 == 2)> <Delay = 0.00>
ST_16 : Operation 184 [1/1] (0.00ns)   --->   "%store_ln177 = store i64 %topR_jR_0, i64 %topR_jR_3_1" [patchMaker.cpp:177]   --->   Operation 184 'store' 'store_ln177' <Predicate = (!icmp_ln168 & trunc_ln174 == 1)> <Delay = 0.00>
ST_16 : Operation 185 [1/1] (0.00ns)   --->   "%br_ln177 = br void %.split918396081" [patchMaker.cpp:177]   --->   Operation 185 'br' 'br_ln177' <Predicate = (!icmp_ln168 & trunc_ln174 == 1)> <Delay = 0.00>
ST_16 : Operation 186 [1/1] (0.00ns)   --->   "%store_ln177 = store i64 %topR_jR_0, i64 %topR_jR_3" [patchMaker.cpp:177]   --->   Operation 186 'store' 'store_ln177' <Predicate = (!icmp_ln168 & trunc_ln174 == 0)> <Delay = 0.00>
ST_16 : Operation 187 [1/1] (0.00ns)   --->   "%br_ln177 = br void %.split918396081" [patchMaker.cpp:177]   --->   Operation 187 'br' 'br_ln177' <Predicate = (!icmp_ln168 & trunc_ln174 == 0)> <Delay = 0.00>
ST_16 : Operation 188 [1/1] (0.00ns)   --->   "%store_ln177 = store i64 %topR_jR_0, i64 %topR_jR_3_3" [patchMaker.cpp:177]   --->   Operation 188 'store' 'store_ln177' <Predicate = (!icmp_ln168 & trunc_ln174 == 3)> <Delay = 0.00>
ST_16 : Operation 189 [1/1] (0.00ns)   --->   "%br_ln177 = br void %.split918396081" [patchMaker.cpp:177]   --->   Operation 189 'br' 'br_ln177' <Predicate = (!icmp_ln168 & trunc_ln174 == 3)> <Delay = 0.00>

State 17 <SV = 16> <Delay = 1.64>
ST_17 : Operation 190 [1/1] (0.00ns)   --->   "%topL_jL_3_6 = alloca i32 1"   --->   Operation 190 'alloca' 'topL_jL_3_6' <Predicate = true> <Delay = 0.00>
ST_17 : Operation 191 [1/1] (0.00ns)   --->   "%empty_101 = alloca i32 1"   --->   Operation 191 'alloca' 'empty_101' <Predicate = true> <Delay = 0.00>
ST_17 : Operation 192 [1/1] (0.00ns)   --->   "%empty_102 = alloca i32 1"   --->   Operation 192 'alloca' 'empty_102' <Predicate = true> <Delay = 0.00>
ST_17 : Operation 193 [1/1] (0.00ns)   --->   "%empty_103 = alloca i32 1"   --->   Operation 193 'alloca' 'empty_103' <Predicate = true> <Delay = 0.00>
ST_17 : Operation 194 [1/1] (1.64ns)   --->   "%store_ln180 = store i64 %topL_jL_3_1_load, i12 %wp_parameters_2_addr_1" [patchMaker.cpp:180]   --->   Operation 194 'store' 'store_ln180' <Predicate = true> <Delay = 1.64> <CoreInst = "RAM">   --->   Core 83 'RAM' <Latency = 1> <II = 1> <Delay = 1.64> <Storage> <Opcode : 'load' 'store'> <Ports = 2> <Width = 64> <Depth = 3840> <RAM>
ST_17 : Operation 195 [1/1] (1.64ns)   --->   "%store_ln181 = store i64 %topL_jR_3_load, i12 %wp_parameters_2_addr_2" [patchMaker.cpp:181]   --->   Operation 195 'store' 'store_ln181' <Predicate = true> <Delay = 1.64> <CoreInst = "RAM">   --->   Core 83 'RAM' <Latency = 1> <II = 1> <Delay = 1.64> <Storage> <Opcode : 'load' 'store'> <Ports = 2> <Width = 64> <Depth = 3840> <RAM>
ST_17 : Operation 196 [1/1] (0.38ns)   --->   "%store_ln187 = store i64 %topR_jR_3_load, i64 %empty_103" [patchMaker.cpp:187]   --->   Operation 196 'store' 'store_ln187' <Predicate = true> <Delay = 0.38>
ST_17 : Operation 197 [1/1] (0.38ns)   --->   "%store_ln187 = store i64 %topR_jL_3_load, i64 %empty_102" [patchMaker.cpp:187]   --->   Operation 197 'store' 'store_ln187' <Predicate = true> <Delay = 0.38>
ST_17 : Operation 198 [1/1] (0.38ns)   --->   "%store_ln187 = store i64 %topL_jR_3_load, i64 %empty_101" [patchMaker.cpp:187]   --->   Operation 198 'store' 'store_ln187' <Predicate = true> <Delay = 0.38>
ST_17 : Operation 199 [1/1] (0.38ns)   --->   "%store_ln187 = store i64 %topL_jL_3_1_load, i64 %topL_jL_3_6" [patchMaker.cpp:187]   --->   Operation 199 'store' 'store_ln187' <Predicate = true> <Delay = 0.38>

State 18 <SV = 17> <Delay = 1.64>
ST_18 : Operation 200 [1/1] (1.64ns)   --->   "%store_ln182 = store i64 %topR_jL_3_load, i12 %wp_parameters_2_addr_3" [patchMaker.cpp:182]   --->   Operation 200 'store' 'store_ln182' <Predicate = true> <Delay = 1.64> <CoreInst = "RAM">   --->   Core 83 'RAM' <Latency = 1> <II = 1> <Delay = 1.64> <Storage> <Opcode : 'load' 'store'> <Ports = 2> <Width = 64> <Depth = 3840> <RAM>
ST_18 : Operation 201 [1/1] (1.64ns)   --->   "%store_ln183 = store i64 %topR_jR_3_load, i12 %wp_parameters_2_addr_4" [patchMaker.cpp:183]   --->   Operation 201 'store' 'store_ln183' <Predicate = true> <Delay = 1.64> <CoreInst = "RAM">   --->   Core 83 'RAM' <Latency = 1> <II = 1> <Delay = 1.64> <Storage> <Opcode : 'load' 'store'> <Ports = 2> <Width = 64> <Depth = 3840> <RAM>
ST_18 : Operation 202 [1/1] (0.38ns)   --->   "%br_ln187 = br void" [patchMaker.cpp:187]   --->   Operation 202 'br' 'br_ln187' <Predicate = true> <Delay = 0.38>

State 19 <SV = 18> <Delay = 3.58>
ST_19 : Operation 203 [1/1] (0.00ns)   --->   "%i_15 = phi i32 1, void %._crit_edge45.loopexit, i32 %add_ln187, void %._crit_edge2" [patchMaker.cpp:187]   --->   Operation 203 'phi' 'i_15' <Predicate = true> <Delay = 0.00>
ST_19 : Operation 204 [1/1] (0.00ns)   --->   "%specpipeline_ln0 = specpipeline void @_ssdm_op_SpecPipeline, i32 4294967295, i32 0, i32 1, i32 0, void @p_str"   --->   Operation 204 'specpipeline' 'specpipeline_ln0' <Predicate = true> <Delay = 0.00>
ST_19 : Operation 205 [1/1] (0.85ns)   --->   "%icmp_ln187 = icmp_ult  i32 %i_15, i32 %add_ln168" [patchMaker.cpp:187]   --->   Operation 205 'icmp' 'icmp_ln187' <Predicate = true> <Delay = 0.85> <CoreInst = "Cmp">   --->   Core 9 'Cmp' <Latency = 0> <II = 1> <Delay = 1.06> <FuncUnit> <Opcode : 'icmp'> <InPorts = 2> <OutPorts = 1>
ST_19 : Operation 206 [1/1] (0.00ns)   --->   "%br_ln187 = br i1 %icmp_ln187, void %._crit_edge.loopexit, void %.split_ifconv" [patchMaker.cpp:187]   --->   Operation 206 'br' 'br_ln187' <Predicate = true> <Delay = 0.00>
ST_19 : Operation 207 [1/1] (0.00ns)   --->   "%topL_jL_3_6_load = load i64 %topL_jL_3_6" [patchMaker.cpp:189]   --->   Operation 207 'load' 'topL_jL_3_6_load' <Predicate = (icmp_ln187)> <Delay = 0.00>
ST_19 : Operation 208 [1/1] (0.00ns)   --->   "%topL_jL_3_2_load = load i64 %topL_jL_3_2" [patchMaker.cpp:189]   --->   Operation 208 'load' 'topL_jL_3_2_load' <Predicate = (icmp_ln187)> <Delay = 0.00>
ST_19 : Operation 209 [1/1] (0.00ns)   --->   "%topL_jL_3_4_load = load i64 %topL_jL_3_4" [patchMaker.cpp:189]   --->   Operation 209 'load' 'topL_jL_3_4_load' <Predicate = (icmp_ln187)> <Delay = 0.00>
ST_19 : Operation 210 [1/1] (0.00ns)   --->   "%topL_jL_3_5_load = load i64 %topL_jL_3_5" [patchMaker.cpp:189]   --->   Operation 210 'load' 'topL_jL_3_5_load' <Predicate = (icmp_ln187)> <Delay = 0.00>
ST_19 : Operation 211 [1/1] (0.00ns)   --->   "%specloopname_ln187 = specloopname void @_ssdm_op_SpecLoopName, void @empty_1" [patchMaker.cpp:187]   --->   Operation 211 'specloopname' 'specloopname_ln187' <Predicate = (icmp_ln187)> <Delay = 0.00>
ST_19 : Operation 212 [1/1] (0.00ns)   --->   "%trunc_ln189 = trunc i32 %i_15" [patchMaker.cpp:189]   --->   Operation 212 'trunc' 'trunc_ln189' <Predicate = (icmp_ln187)> <Delay = 0.00>
ST_19 : Operation 213 [1/1] (0.34ns)   --->   "%icmp_ln189_1 = icmp_eq  i2 %trunc_ln189, i2 2" [patchMaker.cpp:189]   --->   Operation 213 'icmp' 'icmp_ln189_1' <Predicate = (icmp_ln187)> <Delay = 0.34> <CoreInst = "Cmp">   --->   Core 9 'Cmp' <Latency = 0> <II = 1> <Delay = 1.06> <FuncUnit> <Opcode : 'icmp'> <InPorts = 2> <OutPorts = 1>
ST_19 : Operation 214 [1/1] (0.00ns) (grouped into LUT with out node topL_jL_3_8)   --->   "%topL_jL_3 = select i1 %icmp_ln189_1, i64 %topL_jL_3_4_load, i64 %topL_jL_3_5_load" [patchMaker.cpp:189]   --->   Operation 214 'select' 'topL_jL_3' <Predicate = (icmp_ln187)> <Delay = 0.00> <CoreInst = "Sel">   --->   Core 73 'Sel' <Latency = 0> <II = 1> <Delay = 0.41> <FuncUnit> <Opcode : 'select'> <InPorts = 3> <OutPorts = 1>
ST_19 : Operation 215 [1/1] (0.34ns)   --->   "%icmp_ln189_2 = icmp_eq  i2 %trunc_ln189, i2 1" [patchMaker.cpp:189]   --->   Operation 215 'icmp' 'icmp_ln189_2' <Predicate = (icmp_ln187)> <Delay = 0.34> <CoreInst = "Cmp">   --->   Core 9 'Cmp' <Latency = 0> <II = 1> <Delay = 1.06> <FuncUnit> <Opcode : 'icmp'> <InPorts = 2> <OutPorts = 1>
ST_19 : Operation 216 [1/1] (0.41ns) (out node of the LUT)   --->   "%topL_jL_3_8 = select i1 %icmp_ln189_2, i64 %topL_jL_3_2_load, i64 %topL_jL_3" [patchMaker.cpp:189]   --->   Operation 216 'select' 'topL_jL_3_8' <Predicate = (icmp_ln187)> <Delay = 0.41> <CoreInst = "Sel">   --->   Core 73 'Sel' <Latency = 0> <II = 1> <Delay = 0.41> <FuncUnit> <Opcode : 'select'> <InPorts = 3> <OutPorts = 1>
ST_19 : Operation 217 [1/1] (1.06ns)   --->   "%icmp_ln189 = icmp_sgt  i64 %topL_jL_3_8, i64 %topL_jL_3_6_load" [patchMaker.cpp:189]   --->   Operation 217 'icmp' 'icmp_ln189' <Predicate = (icmp_ln187)> <Delay = 1.06> <CoreInst = "Cmp">   --->   Core 9 'Cmp' <Latency = 0> <II = 1> <Delay = 1.06> <FuncUnit> <Opcode : 'icmp'> <InPorts = 2> <OutPorts = 1>
ST_19 : Operation 218 [1/1] (0.00ns)   --->   "%br_ln189 = br i1 %icmp_ln189, void %.split._crit_edge, void" [patchMaker.cpp:189]   --->   Operation 218 'br' 'br_ln189' <Predicate = (icmp_ln187)> <Delay = 0.00>
ST_19 : Operation 219 [1/1] (1.64ns)   --->   "%store_ln191 = store i64 %topL_jL_3_8, i12 %wp_parameters_2_addr_1" [patchMaker.cpp:191]   --->   Operation 219 'store' 'store_ln191' <Predicate = (icmp_ln187 & icmp_ln189)> <Delay = 1.64> <CoreInst = "RAM">   --->   Core 83 'RAM' <Latency = 1> <II = 1> <Delay = 1.64> <Storage> <Opcode : 'load' 'store'> <Ports = 2> <Width = 64> <Depth = 3840> <RAM>
ST_19 : Operation 220 [1/1] (0.38ns)   --->   "%store_ln192 = store i64 %topL_jL_3_8, i64 %topL_jL_3_6" [patchMaker.cpp:192]   --->   Operation 220 'store' 'store_ln192' <Predicate = (icmp_ln187 & icmp_ln189)> <Delay = 0.38>
ST_19 : Operation 221 [1/1] (0.00ns)   --->   "%br_ln192 = br void %.split._crit_edge" [patchMaker.cpp:192]   --->   Operation 221 'br' 'br_ln192' <Predicate = (icmp_ln187 & icmp_ln189)> <Delay = 0.00>
ST_19 : Operation 222 [1/1] (0.00ns)   --->   "%p_load63 = load i64 %empty_101" [patchMaker.cpp:193]   --->   Operation 222 'load' 'p_load63' <Predicate = (icmp_ln187)> <Delay = 0.00>
ST_19 : Operation 223 [1/1] (0.00ns)   --->   "%topL_jR_3_1_load = load i64 %topL_jR_3_1" [patchMaker.cpp:193]   --->   Operation 223 'load' 'topL_jR_3_1_load' <Predicate = (icmp_ln187)> <Delay = 0.00>
ST_19 : Operation 224 [1/1] (0.00ns)   --->   "%topL_jR_3_2_load = load i64 %topL_jR_3_2" [patchMaker.cpp:193]   --->   Operation 224 'load' 'topL_jR_3_2_load' <Predicate = (icmp_ln187)> <Delay = 0.00>
ST_19 : Operation 225 [1/1] (0.00ns)   --->   "%topL_jR_3_3_load = load i64 %topL_jR_3_3" [patchMaker.cpp:193]   --->   Operation 225 'load' 'topL_jR_3_3_load' <Predicate = (icmp_ln187)> <Delay = 0.00>
ST_19 : Operation 226 [1/1] (0.45ns)   --->   "%phi_ln = mux i64 @_ssdm_op_Mux.ap_auto.4i64.i2, i64 %topL_jR_3_3_load, i64 %topL_jR_3_1_load, i64 %topL_jR_3_2_load, i64 %topL_jR_3_3_load, i2 %trunc_ln189" [patchMaker.cpp:193]   --->   Operation 226 'mux' 'phi_ln' <Predicate = (icmp_ln187)> <Delay = 0.45> <CoreInst = "Multiplexer">   --->   Core 76 'Multiplexer' <Latency = 0> <II = 1> <Delay = 0.45> <FuncUnit> <Opcode : 'mux'> <InPorts = 2> <OutPorts = 1>
ST_19 : Operation 227 [1/1] (1.06ns)   --->   "%icmp_ln193 = icmp_slt  i64 %phi_ln, i64 %p_load63" [patchMaker.cpp:193]   --->   Operation 227 'icmp' 'icmp_ln193' <Predicate = (icmp_ln187)> <Delay = 1.06> <CoreInst = "Cmp">   --->   Core 9 'Cmp' <Latency = 0> <II = 1> <Delay = 1.06> <FuncUnit> <Opcode : 'icmp'> <InPorts = 2> <OutPorts = 1>
ST_19 : Operation 228 [1/1] (0.00ns)   --->   "%br_ln193 = br i1 %icmp_ln193, void %._crit_edge, void" [patchMaker.cpp:193]   --->   Operation 228 'br' 'br_ln193' <Predicate = (icmp_ln187)> <Delay = 0.00>
ST_19 : Operation 229 [1/1] (1.64ns)   --->   "%store_ln195 = store i64 %phi_ln, i12 %wp_parameters_2_addr_2" [patchMaker.cpp:195]   --->   Operation 229 'store' 'store_ln195' <Predicate = (icmp_ln187 & icmp_ln193)> <Delay = 1.64> <CoreInst = "RAM">   --->   Core 83 'RAM' <Latency = 1> <II = 1> <Delay = 1.64> <Storage> <Opcode : 'load' 'store'> <Ports = 2> <Width = 64> <Depth = 3840> <RAM>
ST_19 : Operation 230 [1/1] (0.38ns)   --->   "%store_ln196 = store i64 %phi_ln, i64 %empty_101" [patchMaker.cpp:196]   --->   Operation 230 'store' 'store_ln196' <Predicate = (icmp_ln187 & icmp_ln193)> <Delay = 0.38>
ST_19 : Operation 231 [1/1] (0.00ns)   --->   "%br_ln196 = br void %._crit_edge" [patchMaker.cpp:196]   --->   Operation 231 'br' 'br_ln196' <Predicate = (icmp_ln187 & icmp_ln193)> <Delay = 0.00>

State 20 <SV = 19> <Delay = 3.16>
ST_20 : Operation 232 [1/1] (0.00ns)   --->   "%p_load62 = load i64 %empty_102" [patchMaker.cpp:197]   --->   Operation 232 'load' 'p_load62' <Predicate = true> <Delay = 0.00>
ST_20 : Operation 233 [1/1] (0.00ns)   --->   "%topR_jL_3_1_load = load i64 %topR_jL_3_1" [patchMaker.cpp:197]   --->   Operation 233 'load' 'topR_jL_3_1_load' <Predicate = true> <Delay = 0.00>
ST_20 : Operation 234 [1/1] (0.00ns)   --->   "%topR_jL_3_2_load = load i64 %topR_jL_3_2" [patchMaker.cpp:197]   --->   Operation 234 'load' 'topR_jL_3_2_load' <Predicate = true> <Delay = 0.00>
ST_20 : Operation 235 [1/1] (0.00ns)   --->   "%topR_jL_3_3_load = load i64 %topR_jL_3_3" [patchMaker.cpp:197]   --->   Operation 235 'load' 'topR_jL_3_3_load' <Predicate = true> <Delay = 0.00>
ST_20 : Operation 236 [1/1] (0.45ns)   --->   "%phi_ln1 = mux i64 @_ssdm_op_Mux.ap_auto.4i64.i2, i64 %topR_jL_3_3_load, i64 %topR_jL_3_1_load, i64 %topR_jL_3_2_load, i64 %topR_jL_3_3_load, i2 %trunc_ln189" [patchMaker.cpp:197]   --->   Operation 236 'mux' 'phi_ln1' <Predicate = true> <Delay = 0.45> <CoreInst = "Multiplexer">   --->   Core 76 'Multiplexer' <Latency = 0> <II = 1> <Delay = 0.45> <FuncUnit> <Opcode : 'mux'> <InPorts = 2> <OutPorts = 1>
ST_20 : Operation 237 [1/1] (1.06ns)   --->   "%icmp_ln197 = icmp_sgt  i64 %phi_ln1, i64 %p_load62" [patchMaker.cpp:197]   --->   Operation 237 'icmp' 'icmp_ln197' <Predicate = true> <Delay = 1.06> <CoreInst = "Cmp">   --->   Core 9 'Cmp' <Latency = 0> <II = 1> <Delay = 1.06> <FuncUnit> <Opcode : 'icmp'> <InPorts = 2> <OutPorts = 1>
ST_20 : Operation 238 [1/1] (0.00ns)   --->   "%br_ln197 = br i1 %icmp_ln197, void %._crit_edge1, void" [patchMaker.cpp:197]   --->   Operation 238 'br' 'br_ln197' <Predicate = true> <Delay = 0.00>
ST_20 : Operation 239 [1/1] (1.64ns)   --->   "%store_ln199 = store i64 %phi_ln1, i12 %wp_parameters_2_addr_3" [patchMaker.cpp:199]   --->   Operation 239 'store' 'store_ln199' <Predicate = (icmp_ln197)> <Delay = 1.64> <CoreInst = "RAM">   --->   Core 83 'RAM' <Latency = 1> <II = 1> <Delay = 1.64> <Storage> <Opcode : 'load' 'store'> <Ports = 2> <Width = 64> <Depth = 3840> <RAM>
ST_20 : Operation 240 [1/1] (0.38ns)   --->   "%store_ln200 = store i64 %phi_ln1, i64 %empty_102" [patchMaker.cpp:200]   --->   Operation 240 'store' 'store_ln200' <Predicate = (icmp_ln197)> <Delay = 0.38>
ST_20 : Operation 241 [1/1] (0.00ns)   --->   "%br_ln200 = br void %._crit_edge1" [patchMaker.cpp:200]   --->   Operation 241 'br' 'br_ln200' <Predicate = (icmp_ln197)> <Delay = 0.00>
ST_20 : Operation 242 [1/1] (0.00ns)   --->   "%p_load = load i64 %empty_103" [patchMaker.cpp:201]   --->   Operation 242 'load' 'p_load' <Predicate = true> <Delay = 0.00>
ST_20 : Operation 243 [1/1] (0.00ns)   --->   "%topR_jR_3_1_load = load i64 %topR_jR_3_1" [patchMaker.cpp:201]   --->   Operation 243 'load' 'topR_jR_3_1_load' <Predicate = true> <Delay = 0.00>
ST_20 : Operation 244 [1/1] (0.00ns)   --->   "%topR_jR_3_2_load = load i64 %topR_jR_3_2" [patchMaker.cpp:201]   --->   Operation 244 'load' 'topR_jR_3_2_load' <Predicate = true> <Delay = 0.00>
ST_20 : Operation 245 [1/1] (0.00ns)   --->   "%topR_jR_3_3_load = load i64 %topR_jR_3_3" [patchMaker.cpp:201]   --->   Operation 245 'load' 'topR_jR_3_3_load' <Predicate = true> <Delay = 0.00>
ST_20 : Operation 246 [1/1] (0.45ns)   --->   "%phi_ln2 = mux i64 @_ssdm_op_Mux.ap_auto.4i64.i2, i64 %topR_jR_3_3_load, i64 %topR_jR_3_1_load, i64 %topR_jR_3_2_load, i64 %topR_jR_3_3_load, i2 %trunc_ln189" [patchMaker.cpp:201]   --->   Operation 246 'mux' 'phi_ln2' <Predicate = true> <Delay = 0.45> <CoreInst = "Multiplexer">   --->   Core 76 'Multiplexer' <Latency = 0> <II = 1> <Delay = 0.45> <FuncUnit> <Opcode : 'mux'> <InPorts = 2> <OutPorts = 1>
ST_20 : Operation 247 [1/1] (1.06ns)   --->   "%icmp_ln201 = icmp_slt  i64 %phi_ln2, i64 %p_load" [patchMaker.cpp:201]   --->   Operation 247 'icmp' 'icmp_ln201' <Predicate = true> <Delay = 1.06> <CoreInst = "Cmp">   --->   Core 9 'Cmp' <Latency = 0> <II = 1> <Delay = 1.06> <FuncUnit> <Opcode : 'icmp'> <InPorts = 2> <OutPorts = 1>
ST_20 : Operation 248 [1/1] (0.00ns)   --->   "%br_ln201 = br i1 %icmp_ln201, void %._crit_edge2, void" [patchMaker.cpp:201]   --->   Operation 248 'br' 'br_ln201' <Predicate = true> <Delay = 0.00>
ST_20 : Operation 249 [1/1] (1.64ns)   --->   "%store_ln203 = store i64 %phi_ln2, i12 %wp_parameters_2_addr_4" [patchMaker.cpp:203]   --->   Operation 249 'store' 'store_ln203' <Predicate = (icmp_ln201)> <Delay = 1.64> <CoreInst = "RAM">   --->   Core 83 'RAM' <Latency = 1> <II = 1> <Delay = 1.64> <Storage> <Opcode : 'load' 'store'> <Ports = 2> <Width = 64> <Depth = 3840> <RAM>
ST_20 : Operation 250 [1/1] (0.38ns)   --->   "%store_ln204 = store i64 %phi_ln2, i64 %empty_103" [patchMaker.cpp:204]   --->   Operation 250 'store' 'store_ln204' <Predicate = (icmp_ln201)> <Delay = 0.38>
ST_20 : Operation 251 [1/1] (0.00ns)   --->   "%br_ln204 = br void %._crit_edge2" [patchMaker.cpp:204]   --->   Operation 251 'br' 'br_ln204' <Predicate = (icmp_ln201)> <Delay = 0.00>
ST_20 : Operation 252 [1/1] (0.88ns)   --->   "%add_ln187 = add i32 %i_15, i32 1" [patchMaker.cpp:187]   --->   Operation 252 'add' 'add_ln187' <Predicate = true> <Delay = 0.88> <CoreInst = "Adder">   --->   Core 1 'Adder' <Latency = 0> <II = 1> <Delay = 0.88> <FuncUnit> <Opcode : 'add' 'sub'> <InPorts = 2> <OutPorts = 1>
ST_20 : Operation 253 [1/1] (0.00ns)   --->   "%br_ln0 = br void"   --->   Operation 253 'br' 'br_ln0' <Predicate = true> <Delay = 0.00>

State 21 <SV = 19> <Delay = 0.00>
ST_21 : Operation 254 [1/1] (0.00ns)   --->   "%ret_ln206 = ret" [patchMaker.cpp:206]   --->   Operation 254 'ret' 'ret_ln206' <Predicate = true> <Delay = 0.00>


============================================================
+ Verbose Summary: Timing violations
============================================================
Target clock period: 10ns, clock uncertainty: 2.7ns.

 <State 1>: 3.13ns
The critical path consists of the following:
	wire read on port 'wp_parameters' [27]  (0 ns)
	'sub' operation ('empty') [32]  (0.745 ns)
	'add' operation ('empty_99') [33]  (0.745 ns)
	'getelementptr' operation ('wp_parameters_2_addr') [35]  (0 ns)
	'load' operation ('wp_parameters_2_load') on array 'wp_parameters_2' [59]  (1.65 ns)

 <State 2>: 2.52ns
The critical path consists of the following:
	'load' operation ('wp_parameters_2_load') on array 'wp_parameters_2' [59]  (1.65 ns)
	'add' operation ('add_ln168', patchMaker.cpp:168) [61]  (0.88 ns)

 <State 3>: 5.41ns
The critical path consists of the following:
	'phi' operation ('i', patchMaker.cpp:170) with incoming values : ('add_ln170', patchMaker.cpp:170) [64]  (0 ns)
	'add' operation ('add_ln171_1', patchMaker.cpp:171) [75]  (0.88 ns)
	'add' operation ('add_ln171_2', patchMaker.cpp:171) [80]  (0.775 ns)
	'add' operation ('add_ln171_3', patchMaker.cpp:171) [81]  (0.775 ns)
	'getelementptr' operation ('wp_superpoints_1_addr', patchMaker.cpp:171) [83]  (0 ns)
	'load' operation ('z_j_min', patchMaker.cpp:171) on array 'wp_superpoints_2' [88]  (2.98 ns)

 <State 4>: 2.98ns
The critical path consists of the following:
	'load' operation ('z_j_min', patchMaker.cpp:171) on array 'wp_superpoints_2' [88]  (2.98 ns)

 <State 5>: 4.8ns
The critical path consists of the following:
	'call' operation ('topL_jR[0]', patchMaker.cpp:175) to 'straightLineProjectorFromLayerIJtoK' [106]  (4.8 ns)

 <State 6>: 7.3ns
The critical path consists of the following:
	'call' operation ('topR_jL[0]', patchMaker.cpp:176) to 'straightLineProjectorFromLayerIJtoK' [121]  (7.3 ns)

 <State 7>: 7.3ns
The critical path consists of the following:
	'call' operation ('topL_jR[0]', patchMaker.cpp:175) to 'straightLineProjectorFromLayerIJtoK' [106]  (7.3 ns)

 <State 8>: 7.3ns
The critical path consists of the following:
	'call' operation ('topL_jR[0]', patchMaker.cpp:175) to 'straightLineProjectorFromLayerIJtoK' [106]  (7.3 ns)

 <State 9>: 7.3ns
The critical path consists of the following:
	'call' operation ('topL_jR[0]', patchMaker.cpp:175) to 'straightLineProjectorFromLayerIJtoK' [106]  (7.3 ns)

 <State 10>: 7.3ns
The critical path consists of the following:
	'call' operation ('topL_jR[0]', patchMaker.cpp:175) to 'straightLineProjectorFromLayerIJtoK' [106]  (7.3 ns)

 <State 11>: 7.3ns
The critical path consists of the following:
	'call' operation ('topR_jL[0]', patchMaker.cpp:176) to 'straightLineProjectorFromLayerIJtoK' [121]  (7.3 ns)

 <State 12>: 7.3ns
The critical path consists of the following:
	'call' operation ('topL_jR[0]', patchMaker.cpp:175) to 'straightLineProjectorFromLayerIJtoK' [106]  (7.3 ns)

 <State 13>: 7.3ns
The critical path consists of the following:
	'call' operation ('topR_jL[0]', patchMaker.cpp:176) to 'straightLineProjectorFromLayerIJtoK' [121]  (7.3 ns)

 <State 14>: 7.3ns
The critical path consists of the following:
	'call' operation ('topR_jR[0]', patchMaker.cpp:177) to 'straightLineProjectorFromLayerIJtoK' [136]  (7.3 ns)

 <State 15>: 7.3ns
The critical path consists of the following:
	'call' operation ('topR_jR[0]', patchMaker.cpp:177) to 'straightLineProjectorFromLayerIJtoK' [136]  (7.3 ns)

 <State 16>: 4.46ns
The critical path consists of the following:
	'call' operation ('topR_jR[0]', patchMaker.cpp:177) to 'straightLineProjectorFromLayerIJtoK' [136]  (4.46 ns)

 <State 17>: 1.65ns
The critical path consists of the following:
	'store' operation ('store_ln180', patchMaker.cpp:180) of variable 'topL_jL_3_1_load' on array 'wp_parameters_2' [157]  (1.65 ns)

 <State 18>: 1.65ns
The critical path consists of the following:
	'store' operation ('store_ln182', patchMaker.cpp:182) of variable 'topR_jL_3_load' on array 'wp_parameters_2' [159]  (1.65 ns)

 <State 19>: 3.59ns
The critical path consists of the following:
	'phi' operation ('i', patchMaker.cpp:187) with incoming values : ('add_ln187', patchMaker.cpp:187) [167]  (0 ns)
	'icmp' operation ('icmp_ln189_1', patchMaker.cpp:189) [178]  (0.343 ns)
	'select' operation ('topL_jL[3]', patchMaker.cpp:189) [179]  (0 ns)
	'select' operation ('topL_jL[3]', patchMaker.cpp:189) [181]  (0.411 ns)
	'store' operation ('store_ln191', patchMaker.cpp:191) of variable 'topL_jL[3]', patchMaker.cpp:189 on array 'wp_parameters_2' [185]  (1.65 ns)
	blocking operation 1.19 ns on control path)

 <State 20>: 3.16ns
The critical path consists of the following:
	'load' operation ('topR_jR_3_1_load', patchMaker.cpp:201) on local variable 'topR_jR[3]' [214]  (0 ns)
	'mux' operation ('phi_ln2', patchMaker.cpp:201) [217]  (0.453 ns)
	'store' operation ('store_ln203', patchMaker.cpp:203) of variable 'phi_ln2', patchMaker.cpp:201 on array 'wp_parameters_2' [221]  (1.65 ns)
	blocking operation 1.06 ns on control path)

 <State 21>: 0ns
The critical path consists of the following:


============================================================
+ Verbose Summary: Binding
============================================================
N/A
* FSMD analyzer results:
  - Output states:
 - Input state : 
  - Chain level:
	State 1
	State 2
	State 3
	State 4
	State 5
	State 6
	State 7
	State 8
	State 9
	State 10
	State 11
	State 12
	State 13
	State 14
	State 15
	State 16
	State 17
	State 18
	State 19
	State 20
	State 21


============================================================
+ Verbose Summary: Datapath Resource usage 
============================================================
N/A
