INFO-FLOW: Workspace /home/ss567/MUSER/HLSIPs/proj0/solution1 opened at Tue Nov 10 23:55:47 EST 2020
Execute     set_part xc7vx690tffg1927-2 
Execute       ap_part_info -name xc7vx690tffg1927-2 -data single -quiet 
Command       ap_part_info done; 1.21 sec.
Execute       ap_part_info -name xc7vx690tffg1927-2 -data info 
Execute       add_library xilinx/virtex7/virtex7:xc7vx690t:-ffg1927:-2 
Execute         get_default_platform 
Execute         license_isbetapart xc7vx690t 
Command         license_isbetapart done; error code: 1; 
Execute         open_platform DefaultPlatform 
Execute         import_lib /opt/vivado-2019/Vivado/2019.1/common/technology/xilinx/virtex7/virtex7 
Execute           source /opt/vivado-2019/Vivado/2019.1/common/technology/xilinx/common/xilinx.lib 
Execute             source /opt/vivado-2019/Vivado/2019.1/common/technology/xilinx/interface/xilinx_interface.lib 
Execute               source /opt/vivado-2019/Vivado/2019.1/common/technology/xilinx/interface/plb46.lib 
Execute               source /opt/vivado-2019/Vivado/2019.1/common/technology/xilinx/interface/fsl.lib 
Execute               source /opt/vivado-2019/Vivado/2019.1/common/technology/xilinx/interface/axi4.lib 
Execute               source /opt/vivado-2019/Vivado/2019.1/common/technology/xilinx/interface/maxi.lib 
Execute               source /opt/vivado-2019/Vivado/2019.1/common/technology/xilinx/interface/saxilite.lib 
Execute             source /opt/vivado-2019/Vivado/2019.1/common/technology/xilinx/common/dsp48.lib 
Execute             source /opt/vivado-2019/Vivado/2019.1/common/technology/xilinx/ip/dds_compiler.lib 
Execute             source /opt/vivado-2019/Vivado/2019.1/common/technology/xilinx/ip/xfft.lib 
Execute             source /opt/vivado-2019/Vivado/2019.1/common/technology/xilinx/ip/xfir.lib 
Execute           source /opt/vivado-2019/Vivado/2019.1/common/technology/xilinx/common/xilinx.hlp 
Execute             source /opt/vivado-2019/Vivado/2019.1/common/technology/xilinx/common/target_info.tcl 
Execute             source /opt/vivado-2019/Vivado/2019.1/common/technology/xilinx/interface/xilinx_interface.hlp 
Execute               source /opt/vivado-2019/Vivado/2019.1/common/technology/xilinx/interface/maxi.hlp 
Execute               source /opt/vivado-2019/Vivado/2019.1/common/technology/xilinx/interface/saxilite.hlp 
Execute             source /opt/vivado-2019/Vivado/2019.1/common/technology/xilinx/common/dsp48.hlp 
Execute           source /opt/vivado-2019/Vivado/2019.1/common/technology/xilinx/virtex7/dsp48e1.hlp 
Execute           source /opt/vivado-2019/Vivado/2019.1/common/technology/xilinx/common/xilinx.hlp 
Execute             source /opt/vivado-2019/Vivado/2019.1/common/technology/xilinx/common/target_info.tcl 
Execute             source /opt/vivado-2019/Vivado/2019.1/common/technology/xilinx/interface/xilinx_interface.hlp 
Execute               source /opt/vivado-2019/Vivado/2019.1/common/technology/xilinx/interface/maxi.hlp 
Execute               source /opt/vivado-2019/Vivado/2019.1/common/technology/xilinx/interface/saxilite.hlp 
Execute             source /opt/vivado-2019/Vivado/2019.1/common/technology/xilinx/common/dsp48.hlp 
Execute         source /opt/vivado-2019/Vivado/2019.1/common/technology/xilinx/virtex7/virtex7.gen 
Execute           source /opt/vivado-2019/Vivado/2019.1/common/technology/xilinx/common/xilinx.gen 
Execute             source /opt/vivado-2019/Vivado/2019.1/common/technology/xilinx/interface/plb46.gen 
Execute             source /opt/vivado-2019/Vivado/2019.1/common/technology/xilinx/interface/fsl.gen 
Execute             source /opt/vivado-2019/Vivado/2019.1/common/technology/xilinx/interface/axi4.gen 
Execute             source /opt/vivado-2019/Vivado/2019.1/common/technology/xilinx/interface/nativeAXI4.gen 
Execute               source /opt/vivado-2019/Vivado/2019.1/common/technology/xilinx/interface/saxilite.gen 
Execute               source /opt/vivado-2019/Vivado/2019.1/common/technology/xilinx/interface/maxi.gen 
Execute             source /opt/vivado-2019/Vivado/2019.1/common/technology/xilinx/scripts/xilinxcoregen.gen 
Execute             source /opt/vivado-2019/Vivado/2019.1/common/technology/xilinx/interface/XilEDKCoreGen.gen 
Execute             source /opt/vivado-2019/Vivado/2019.1/common/technology/xilinx/ip/dds_compiler.gen 
Execute             source /opt/vivado-2019/Vivado/2019.1/common/technology/xilinx/ip/util.gen 
Execute             source /opt/vivado-2019/Vivado/2019.1/common/technology/xilinx/ip/xfft.gen 
Execute             source /opt/vivado-2019/Vivado/2019.1/common/technology/xilinx/ip/xfir.gen 
Execute             source /opt/vivado-2019/Vivado/2019.1/common/technology/xilinx/common/dsp48.gen 
Command           ap_source done; 0.12 sec.
Command         ap_source done; 0.12 sec.
Execute         ap_part_info -data single -name xc7vx690t-ffg1927-2 
Execute         ap_part_info -name xc7vx690t-ffg1927-2 -data resources 
Execute         ap_part_info -name xc7vx690t-ffg1927-2 -data info 
Execute         ap_part_info -name xc7vx690t-ffg1927-2 -data info 
Execute         config_chip_info -quiet -resource {SLICE 108300} {LUT 433200} {FF 866400} {DSP48E 3600} {BRAM 2940} {URAM 0} 
Execute         ap_part_info -name xc7vx690t-ffg1927-2 -data info 
Execute         config_chip_info -quiet -speed medium 
Command       add_library done; 0.16 sec.
Execute       add_library xilinx/virtex7/virtex7_fpv6 
Execute         get_default_platform 
Execute         open_platform DefaultPlatform 
Execute         import_lib /opt/vivado-2019/Vivado/2019.1/common/technology/xilinx/virtex7/virtex7_fpv6 
Execute           source /opt/vivado-2019/Vivado/2019.1/common/technology/xilinx/common/xilinx_fp.lib 
Execute           source /opt/vivado-2019/Vivado/2019.1/common/technology/xilinx/common/xilinx_fp.hlp 
Execute             source /opt/vivado-2019/Vivado/2019.1/common/technology/xilinx/common/xilinx.hlp 
Execute               source /opt/vivado-2019/Vivado/2019.1/common/technology/xilinx/common/target_info.tcl 
Execute               source /opt/vivado-2019/Vivado/2019.1/common/technology/xilinx/interface/xilinx_interface.hlp 
Execute                 source /opt/vivado-2019/Vivado/2019.1/common/technology/xilinx/interface/maxi.hlp 
Execute                 source /opt/vivado-2019/Vivado/2019.1/common/technology/xilinx/interface/saxilite.hlp 
Execute               source /opt/vivado-2019/Vivado/2019.1/common/technology/xilinx/common/dsp48.hlp 
Execute         source /opt/vivado-2019/Vivado/2019.1/common/technology/xilinx/virtex7/virtex7_fpv6.gen 
Execute           source /opt/vivado-2019/Vivado/2019.1/common/technology/xilinx/common/xilinx_fp.gen 
INFO: [HLS 200-10] Setting target device to 'xc7vx690t-ffg1927-2'
Execute       ap_part_info -name xc7vx690t-ffg1927-2 -data info 
Execute       get_default_platform 
Command     set_part done; 1.47 sec.
Execute     create_clock -period 5 -name default 
Execute       config_clock -quiet -name default -period 5 -default=false 
INFO: [SYN 201-201] Setting up clock 'default' with a period of 5ns.
Execute     csim_design 
INFO: [SIM 211-2] *************** CSIM start ***************
INFO: [SIM 211-4] CSIM will launch GCC as the compiler.
Execute       is_encrypted /home/ss567/MUSER/HLSIPs/simple_algo_ref.cpp 
Execute       is_xip /home/ss567/MUSER/HLSIPs/simple_algo_ref.cpp 
Execute       is_encrypted /home/ss567/MUSER/HLSIPs/simple_algo_test.cpp 
Execute       is_xip /home/ss567/MUSER/HLSIPs/simple_algo_test.cpp 
Execute       is_encrypted /home/ss567/MUSER/HLSIPs/src/simple_algo.cpp 
Execute       is_xip /home/ss567/MUSER/HLSIPs/src/simple_algo.cpp 
Execute       ap_part_info -name xc7vx690t-ffg1927-2 -data info 
Execute       source run_sim.tcl 
INFO: [SIM 211-1] CSim done with 0 errors.
INFO: [SIM 211-3] *************** CSIM finish ***************
Command     csim_design done; 4.28 sec.
Execute     csynth_design 
Execute       get_config_compile -dump_cfg 
Execute       get_config_compile -effort 
Execute       get_config_compile -enable_clang39 
Execute       get_config_compile -g 
Execute       get_config_compile -ng 
Execute       get_config_compile -opt_fp 
Execute       get_config_compile -skip_cdt 
Execute       get_config_compile -skip_syncheck 
Execute       get_config_compile -skip_transform 
Execute       get_config_compile -keep_printf 
Execute       elaborate -effort=medium -skip_syncheck=0 -keep_printf=0 -skip_cdt=0 -skip_transform=0 -ng=0 -g=0 -opt_fp=0 -from_csynth_design=1 
Execute         get_config_schedule -relax_ii_for_timing 
INFO: [SCHED 204-61] Option 'relax_ii_for_timing' is enabled, will increase II to preserve clock frequency constraints.
Execute         get_config_schedule -suppress_dependence_error_break 
INFO: [HLS 200-10] Analyzing design file 'src/simple_algo.cpp' ... 
INFO-FLOW: Compiling one TU...
Execute         is_m_axi_addr64 
INFO-FLOW: Handling src/simple_algo.cpp as C++
Execute         ap_part_info -name xc7vx690t-ffg1927-2 -data info 
Execute         is_encrypted src/simple_algo.cpp 
Execute         ap_part_info -name xc7vx690t-ffg1927-2 -data info 
INFO-FLOW: Running: GCC PP
INFO-FLOW: Source preprocessing
Execute         clang  -fno-limit-debug-info -gcc-toolchain "/opt/vivado-2019/Vivado/2019.1/lnx64/tools/gcc" -hls  -fno-exceptions  -D__llvm__  -E "src/simple_algo.cpp"     -fno-math-errno -c -emit-llvm -O0  -mllvm -disable-llvm-optzns -fno-threadsafe-statics  -fno-use-cxa-atexit  -fno-threadsafe-statics -fno-use-cxa-atexit -D__CLANG_3_1__ -DAESL_SYN -D__SYNTHESIS__ -D__HLS_SYN__ -I "/opt/vivado-2019/Vivado/2019.1/common/technology/autopilot" -I "/opt/vivado-2019/Vivado/2019.1/common/technology/autopilot/ap_sysc" -include etc/autopilot_ssdm_op.h -D__DSP48E1__  -o "/home/ss567/MUSER/HLSIPs/proj0/solution1/.autopilot/db/simple_algo.pp.0.cpp" 
INFO-FLOW: exec /opt/vivado-2019/Vivado/2019.1/lnx64/tools/clang/bin/clang -fno-limit-debug-info -gcc-toolchain /opt/vivado-2019/Vivado/2019.1/lnx64/tools/gcc -hls -fno-exceptions -D__llvm__ -E src/simple_algo.cpp -fno-math-errno -c -emit-llvm -O0 -mllvm -disable-llvm-optzns -fno-threadsafe-statics -fno-use-cxa-atexit -fno-threadsafe-statics -fno-use-cxa-atexit -D__CLANG_3_1__ -DAESL_SYN -D__SYNTHESIS__ -D__HLS_SYN__ -I /opt/vivado-2019/Vivado/2019.1/common/technology/autopilot -I /opt/vivado-2019/Vivado/2019.1/common/technology/autopilot/ap_sysc -include etc/autopilot_ssdm_op.h -D__DSP48E1__ -o /home/ss567/MUSER/HLSIPs/proj0/solution1/.autopilot/db/simple_algo.pp.0.cpp
Command         clang done; 2.06 sec.
Execute         tidy_31 xilinx-xfmat-array-geometry /home/ss567/MUSER/HLSIPs/proj0/solution1/.autopilot/db/simple_algo.pp.0.cpp std=gnu++98 
INFO-FLOW: exec /opt/vivado-2019/Vivado/2019.1/lnx64/tools/clang-3.9-csynth/bin/tidy-3.1 -header-filter=.* -checks=-*,xilinx-xfmat-array-geometry -quiet -fix /home/ss567/MUSER/HLSIPs/proj0/solution1/.autopilot/db/simple_algo.pp.0.cpp -- -std=gnu++98 -fhls -ferror-limit=0
Command         tidy_31 done; 0.83 sec.
INFO-FLOW: Syntax Checking before pre-processing...
Execute         clang -syntaxcheck -src /home/ss567/MUSER/HLSIPs/proj0/solution1/.autopilot/db/simple_algo.pp.0.cpp  -fno-limit-debug-info -gcc-toolchain "/opt/vivado-2019/Vivado/2019.1/lnx64/tools/gcc" -hls    -fno-math-errno -c -emit-llvm -O0  -mllvm -disable-llvm-optzns -fno-threadsafe-statics  -fno-use-cxa-atexit  -fno-threadsafe-statics -fno-use-cxa-atexit -D__CLANG_3_1__ -DAESL_SYN -D__SYNTHESIS__ -D__HLS_SYN__ -I "/opt/vivado-2019/Vivado/2019.1/common/technology/autopilot" -I "/opt/vivado-2019/Vivado/2019.1/common/technology/autopilot/ap_sysc" -include etc/autopilot_ssdm_op.h -D__DSP48E1__  "/home/ss567/MUSER/HLSIPs/proj0/solution1/.autopilot/db/simple_algo.pp.0.cpp"  -o "/home/ss567/MUSER/HLSIPs/proj0/solution1/.autopilot/db/useless.bc"  
INFO-FLOW: exec /opt/vivado-2019/Vivado/2019.1/lnx64/tools/clang/bin/clang -fno-limit-debug-info -gcc-toolchain /opt/vivado-2019/Vivado/2019.1/lnx64/tools/gcc -hls -fno-math-errno -c -emit-llvm -O0 -mllvm -disable-llvm-optzns -fno-threadsafe-statics -fno-use-cxa-atexit -fno-threadsafe-statics -fno-use-cxa-atexit -D__CLANG_3_1__ -DAESL_SYN -D__SYNTHESIS__ -D__HLS_SYN__ -I /opt/vivado-2019/Vivado/2019.1/common/technology/autopilot -I /opt/vivado-2019/Vivado/2019.1/common/technology/autopilot/ap_sysc -include etc/autopilot_ssdm_op.h -D__DSP48E1__ /home/ss567/MUSER/HLSIPs/proj0/solution1/.autopilot/db/simple_algo.pp.0.cpp -o /home/ss567/MUSER/HLSIPs/proj0/solution1/.autopilot/db/useless.bc
Command         clang done; 2.5 sec.
INFO-FLOW: Done: GCC PP time: 5.4 seconds per iteration
Execute         source /opt/vivado-2019/Vivado/2019.1/tps/tcl/tcllib1.11.1/yaml/huddle.tcl 
Execute         source /opt/vivado-2019/Vivado/2019.1/tps/tcl/tcllib1.11.1/yaml/json2huddle.tcl 
Execute           source /opt/vivado-2019/Vivado/2019.1/tps/tcl/tcllib1.11.1/try/try.tcl 
Execute         list_core -type functional_unit 
Execute         tidy_31 xilinx-systemc-detector /home/ss567/MUSER/HLSIPs/proj0/solution1/.autopilot/db/simple_algo.pp.0.cpp std=gnu++98 -directive=/home/ss567/MUSER/HLSIPs/proj0/solution1/.autopilot/db/.systemc_flag 
INFO-FLOW: exec /opt/vivado-2019/Vivado/2019.1/lnx64/tools/clang-3.9-csynth/bin/tidy-3.1 -header-filter=.* -checks=-*,xilinx-systemc-detector -import-directive=/home/ss567/MUSER/HLSIPs/proj0/solution1/.autopilot/db/.systemc_flag -quiet -fix-errors /home/ss567/MUSER/HLSIPs/proj0/solution1/.autopilot/db/simple_algo.pp.0.cpp -- -std=gnu++98 -fhls -ferror-limit=0
Command         tidy_31 done; 0.77 sec.
INFO-FLOW: Running: tidy-3.1 CDT preprocess
Execute         tidy_31 xilinx-directive2pragma /home/ss567/MUSER/HLSIPs/proj0/solution1/.autopilot/db/simple_algo.pp.0.cpp std=gnu++98 -directive=/home/ss567/MUSER/HLSIPs/proj0/solution1/.autopilot/db/all.directive.json 
INFO-FLOW: exec /opt/vivado-2019/Vivado/2019.1/lnx64/tools/clang-3.9-csynth/bin/tidy-3.1 -header-filter=.* -checks=-*,xilinx-directive2pragma -import-directive=/home/ss567/MUSER/HLSIPs/proj0/solution1/.autopilot/db/all.directive.json -quiet -fix-errors /home/ss567/MUSER/HLSIPs/proj0/solution1/.autopilot/db/simple_algo.pp.0.cpp -- -std=gnu++98 -fhls -ferror-limit=0
Command         tidy_31 done; 0.77 sec.
Execute         get_config_dataflow -strict_mode 
Execute         ap_eval exec -ignorestderr /opt/vivado-2019/Vivado/2019.1/lnx64/tools/clang-3.9-csynth/bin/xilinx-dataflow-lawyer -export-fixes=/home/ss567/MUSER/HLSIPs/proj0/solution1/.autopilot/db/xilinx-dataflow-lawyer.simple_algo.pp.0.cpp.diag.yml /home/ss567/MUSER/HLSIPs/proj0/solution1/.autopilot/db/simple_algo.pp.0.cpp -- -std=gnu++98 -fhls -ferror-limit=0 -fstrict-dataflow > /home/ss567/MUSER/HLSIPs/proj0/solution1/.autopilot/db/xilinx-dataflow-lawyer.simple_algo.pp.0.cpp.out.log 2> /home/ss567/MUSER/HLSIPs/proj0/solution1/.autopilot/db/xilinx-dataflow-lawyer.simple_algo.pp.0.cpp.err.log 
Command         ap_eval done; 0.66 sec.
Execute         tidy_31 -errorcheck xilinx-constantarray-param,xilinx-resource-pragma-transformer,xilinx-xfmat-array-geometry /home/ss567/MUSER/HLSIPs/proj0/solution1/.autopilot/db/simple_algo.pp.0.cpp std=gnu++98 
Execute           ap_eval exec -ignorestderr /opt/vivado-2019/Vivado/2019.1/lnx64/tools/clang-3.9-csynth/bin/tidy-3.1 -export-fixes=/home/ss567/MUSER/HLSIPs/proj0/solution1/.autopilot/db/tidy-3.1.simple_algo.pp.0.cpp.diag.yml -header-filter=.* -checks=-*,xilinx-constantarray-param,xilinx-resource-pragma-transformer,xilinx-xfmat-array-geometry -quiet -fix-errors /home/ss567/MUSER/HLSIPs/proj0/solution1/.autopilot/db/simple_algo.pp.0.cpp -- -std=gnu++98 -fhls -ferror-limit=0 > /home/ss567/MUSER/HLSIPs/proj0/solution1/.autopilot/db/tidy-3.1.simple_algo.pp.0.cpp.out.log 2> /home/ss567/MUSER/HLSIPs/proj0/solution1/.autopilot/db/tidy-3.1.simple_algo.pp.0.cpp.err.log 
Command           ap_eval done; 0.93 sec.
Execute           ap_eval exec -ignorestderr /opt/vivado-2019/Vivado/2019.1/lnx64/tools/clang-3.9-csynth/bin/xilinx-legacy-rewriter /home/ss567/MUSER/HLSIPs/proj0/solution1/.autopilot/db/simple_algo.pp.0.cpp -- -std=gnu++98 -fhls -ferror-limit=0 > /home/ss567/MUSER/HLSIPs/proj0/solution1/.autopilot/db/xilinx-legacy-rewriter.simple_algo.pp.0.cpp.out.log 2> /home/ss567/MUSER/HLSIPs/proj0/solution1/.autopilot/db/xilinx-legacy-rewriter.simple_algo.pp.0.cpp.err.log 
Command           ap_eval done; 0.64 sec.
Command         tidy_31 done; 1.58 sec.
INFO-FLOW: Done: tidy-3.1 CDT preprocess time: 3 seconds per iteration
INFO-FLOW: Pragma Handling...
Execute         tidy_31 xilinx-ssdm-intrinsics-arguments /home/ss567/MUSER/HLSIPs/proj0/solution1/.autopilot/db/simple_algo.pragma.1.cpp std=gnu++98 
INFO-FLOW: exec /opt/vivado-2019/Vivado/2019.1/lnx64/tools/clang-3.9-csynth/bin/tidy-3.1 -header-filter=.* -checks=-*,xilinx-ssdm-intrinsics-arguments -quiet -fix-errors /home/ss567/MUSER/HLSIPs/proj0/solution1/.autopilot/db/simple_algo.pragma.1.cpp -- -std=gnu++98 -fhls -ferror-limit=0
Command         tidy_31 done; 0.92 sec.
Execute         ap_part_info -name xc7vx690t-ffg1927-2 -data info 
INFO-FLOW: Processing labels
Execute         clang -src /home/ss567/MUSER/HLSIPs/proj0/solution1/.autopilot/db/simple_algo.pragma.2.cpp  -fno-limit-debug-info -gcc-toolchain /opt/vivado-2019/Vivado/2019.1/lnx64/tools/gcc -hls -hls-analyze-label -hls-analyze-pragma -fno-exceptions  -D__llvm__  -w  "/home/ss567/MUSER/HLSIPs/proj0/solution1/.autopilot/db/simple_algo.pragma.2.cpp"    -fno-math-errno -c -emit-llvm -O0  -mllvm -disable-llvm-optzns -fno-threadsafe-statics  -fno-use-cxa-atexit -DAESL_SYN -D__SYNTHESIS__ -D__HLS_SYN__ -I "/opt/vivado-2019/Vivado/2019.1/common/technology/autopilot" -I "/opt/vivado-2019/Vivado/2019.1/common/technology/autopilot/ap_sysc" -include etc/autopilot_ssdm_op.h -D__DSP48E1__ -g -o "/home/ss567/MUSER/HLSIPs/proj0/solution1/.autopilot/db/simple_algo.bc" 
INFO-FLOW: exec /opt/vivado-2019/Vivado/2019.1/lnx64/tools/clang/bin/clang -fno-limit-debug-info -gcc-toolchain /opt/vivado-2019/Vivado/2019.1/lnx64/tools/gcc -hls -hls-analyze-label -hls-analyze-pragma -fno-exceptions -D__llvm__ -w /home/ss567/MUSER/HLSIPs/proj0/solution1/.autopilot/db/simple_algo.pragma.2.cpp -fno-math-errno -c -emit-llvm -O0 -mllvm -disable-llvm-optzns -fno-threadsafe-statics -fno-use-cxa-atexit -DAESL_SYN -D__SYNTHESIS__ -D__HLS_SYN__ -I /opt/vivado-2019/Vivado/2019.1/common/technology/autopilot -I /opt/vivado-2019/Vivado/2019.1/common/technology/autopilot/ap_sysc -include etc/autopilot_ssdm_op.h -D__DSP48E1__ -g -o /home/ss567/MUSER/HLSIPs/proj0/solution1/.autopilot/db/simple_algo.bc
Command         clang done; 2.52 sec.
INFO-FLOW: Linking Debug ...
Execute         llvm-ld /home/ss567/MUSER/HLSIPs/proj0/solution1/.autopilot/db/simple_algo.g.bc -hls-opt -except-internalize simple_algo_hw -L/opt/vivado-2019/Vivado/2019.1/lnx64/lib -lhlsm -lhlsmc++ -o /home/ss567/MUSER/HLSIPs/proj0/solution1/.autopilot/db/a.g 
Command         llvm-ld done; 1.02 sec.
INFO: [HLS 200-111] Finished Linking Time (s): cpu = 00:00:18 ; elapsed = 00:00:20 . Memory (MB): peak = 930.621 ; gain = 132.125 ; free physical = 1820 ; free virtual = 35677
INFO: [HLS 200-111] Finished Checking Pragmas Time (s): cpu = 00:00:18 ; elapsed = 00:00:20 . Memory (MB): peak = 930.621 ; gain = 132.125 ; free physical = 1821 ; free virtual = 35677
Execute         get_config_sdx -target 
Execute         opt_and_import_c a -opt_level=2 -skip_syncheck=0 -ng=0 -keep_printf=0 
Execute           cleanup_all_models 
INFO: [HLS 200-10] Starting code transformations ...
Execute           transform -promote-dbg-pointer /home/ss567/MUSER/HLSIPs/proj0/solution1/.autopilot/db/a.pp.bc -o /home/ss567/MUSER/HLSIPs/proj0/solution1/.autopilot/db/a.pp.0.bc -f 
Execute           llvm-ld /home/ss567/MUSER/HLSIPs/proj0/solution1/.autopilot/db/a.pp.0.bc -disable-opt -L/opt/vivado-2019/Vivado/2019.1/lnx64/lib -lfloatconversion -o /home/ss567/MUSER/HLSIPs/proj0/solution1/.autopilot/db/a.g.0 
Command           llvm-ld done; 1.03 sec.
INFO-FLOW: Running Standard Transforms...
Execute           transform -hls -share-std-xform -demangle-name -inline-byval-memcpy -always-inline -promote-dbg-pointer -interface-preproc -mem2reg -scalarrepl -mem2reg -keep-read-access -instcombine -dce -promote-dbg-pointer -bitop-raise -loop-simplify -indvarspre -indvars -loop-simplify -xunroll -constprop -instcombine -simplifycfg -indvars -simplifycfg -dce -globaldce -basicaa -simplifycfg -mem2reg -globalopt -global-constprop -deadargelim -instcombine -simplifycfg -prune-eh -simplifycfg -scalarrepl -instcombine -reassociate -licm -simplifycfg -loop-simplify -indvars -instcombine -simplifycfg -mem2reg -loop-simplify -indvars -instcombine -gvn -gvn -instcombine -adce -break-crit-edges -simplifycfg -loop-delete -global-array-opt -dce -dse -adce -find-syn-modules -top simple_algo_hw -deadargelim -mem2reg -instcombine -dce -presyn-prepare -auto-rom-infer -interface-preproc -syn-check -check-rec-only -find-region -simplifycfg -func-extr -function-inline -globaldce -mem2reg -instcombine -dce -gvn -globaldce -adce -adse -constprop -instcombine -bit-constprop -instcombine -dce -simplifycfg -bitop-raise -simplifycfg -dce -loop-delete -reassociate -globalopt -global-privatize -mem2reg -dce -global-constprop -pointer-simplify -constprop -dce -func-inst -deadargelim -auto-shift-reg-idiom -promote-dbg-pointer -norm-name /home/ss567/MUSER/HLSIPs/proj0/solution1/.autopilot/db/a.g.0.bc -o /home/ss567/MUSER/HLSIPs/proj0/solution1/.autopilot/db/a.g.1.bc -f -phase std-opt 
INFO: [HLS 200-111] Finished Standard Transforms Time (s): cpu = 00:00:19 ; elapsed = 00:00:21 . Memory (MB): peak = 930.621 ; gain = 132.125 ; free physical = 1818 ; free virtual = 35675
INFO: [HLS 200-10] Checking synthesizability ...
INFO-FLOW: Checking Synthesizability 1/2..
Execute           transform -hls -syn-check -check-rec-only -disaggr -scalarrepl -norm-name -dce -mem2reg -instcombine -function-uniquify -directive-preproc -mem2reg -dse -dce -auto-rom-infer -dce -pag -array-normalize -instcombine -dce -warn-fifo-pointer -array-seg-normalize -instcombine -dce -array-flatten -instcombine -dce -array-burst -dce -deadargelim -promote-global-argument -simplifycfg -mem2reg -globaldce -dce -deadargelim -dce -instcombine -function-inline -globaldce -dce -doublePtrSimplify -doublePtrElim -dce -doublePtrSimplify -promote-dbg-pointer -dce -scalarrepl -dse -adse -instcombine -ptrLegalization -simplifycfg -dce -instcombine -pointer-simplify -ptrArgReplace -dce -instcombine -resolve-double-ptr -disaggr -scalarrepl -norm-name -dce -mem2reg -instcombine -ptrLegalization -simplifycfg -deadargelim -instcombine -dce -inst-simplify -function-uniquify -directive-preproc -mem2reg -dse -dce -globaldce -check-dspbuiltin /home/ss567/MUSER/HLSIPs/proj0/solution1/.autopilot/db/a.g.1.bc -o /home/ss567/MUSER/HLSIPs/proj0/solution1/.autopilot/db/a.g.2.prechk.bc -f 
INFO-FLOW: Checking Synthesizability 2/2..
Execute           transform -syn-check /home/ss567/MUSER/HLSIPs/proj0/solution1/.autopilot/db/a.g.2.prechk.bc -o /home/ss567/MUSER/HLSIPs/proj0/solution1/.autopilot/db/a.g.2.bc -f -phase syn-check 
INFO: [HLS 200-111] Finished Checking Synthesizability Time (s): cpu = 00:00:19 ; elapsed = 00:00:21 . Memory (MB): peak = 930.621 ; gain = 132.125 ; free physical = 1817 ; free virtual = 35674
INFO-FLOW: Compiler optimizing ...
INFO-FLOW: Share syncheck's 1.bc for syn flow: copy /home/ss567/MUSER/HLSIPs/proj0/solution1/.autopilot/db/a.g.1.bc to /home/ss567/MUSER/HLSIPs/proj0/solution1/.autopilot/db/a.o.1.bc
INFO-FLOW: Presyn 1...
Execute           transform -hls -tmp /home/ss567/MUSER/HLSIPs/proj0/solution1/.autopilot/db -interface-port-rename -type-info -function-uniquify -directive-preproc -mem2reg -dse -dce -disaggr -scalarrepl -norm-name -deadargelim -mem2reg -instcombine -dce -simplifycfg -auto-rom-infer -dce -function-uniquify -resource-proc -clib-intrinsic-prepare -dce -func-buffer -dce -pag -array-normalize -func-legal -instcombine -gvn -constprop -dce -simplifycfg -mem2reg -globaldce -resolve-double-ptr -dce -deadargelim -dce -instcombine -ptrArgReplace -mem2reg -dce -array-seg-normalize -deadargelim -instcombine -dce -pointer-simplify -dce -port-alignment -dce -interface-preproc -data-pack -instcombine -dce -basicaa -aggr-aa -aggrmodref-aa -aggr-aa -gvn -gvn -basicaa -aggr-aa -aggrmodref-aa -aggr-aa -dse -adse -adce -loop-simplify -indvars -instcombine -gvn -loop-simplify -mem2reg -dce -find-region -instcombine -auto-loop-pipeline -inst-simplify -interface-preproc -cfgopt -instcombine -indvars -auto-loop-unroll -loop-simplify -loop-bound -xunroll -constprop -instcombine -simplifycfg -indvars -simplifycfg -dce -globaldce -clean-region -attach-range -gvn -inst-simplify -constprop -simplifycfg -dce -pointer-simplify -dce -globalopt -constprop -dce -array-promote -constprop -dce -ptrArgReplace -mem2reg -simplifycfg -dce -auto-par -instcombine -dce -array-transform-check -array-reshape -instcombine -simplifycfg -dce -ptrArgReplace -deadargelim -mem2reg -instcombine -simplifycfg -dce -indvars -loop-simplify -loop-bound -xunroll -constprop -instcombine -simplifycfg -indvars -simplifycfg -dce -globaldce -basicaa -aggr-aa -aggrmodref-aa -aggr-aa -dse -duplicate-dataflow-processes -globaldce -instcombine -array-partition -instcombine -simplifycfg -dce -ptrArgReplace -global-constprop -deadargelim -mem2reg -func-legal -dce -global-constprop -deadargelim -mem2reg -simplifycfg -dce -merge-param -deadargelim -globalopt -constprop -dce -array-promote -constprop -dce -ptrArgReplace -mem2reg -simplifycfg -dce -mem-intrinsic-preproc -dce -global-internalize -global-privatize -mem2reg -globaldce -promote-global-argument -ptrArgReplace -mem2reg -dce -globalopt -mergereturn -simplify-global-access -mem2reg -dce -pointer-simplify -dce -functionattrs -basicaa -aggr-aa -aggrmodref-aa -aggr-aa -gvn -gvn -basicaa -aggr-aa -aggrmodref-aa -aggr-aa -dse -adse -adce -dce -norm-name -function-inline -complex-op-raise -inst-simplify -globaldce -func-inst -constprop -instcombine -simplifycfg -dce -func-legal -dce -loop-bound -arraycheck -bitwidthmin -on-by-dataflow -loop-delete -instcombine -simplifycfg -globaldce -dce -gvn -deadargelim -dce -loop-simplify -clean-region -simplifycfg -propagate-stable-arguments -loop-stream -instcombine -simplifycfg -dce -globaldce -duplicate-dataflow-processes -stream-intrinsic-preproc -dce -check-ap-stream -loop-simplify -eliminate-keepreads -extract-dataflow-in-loop -loop-simplify -dce -gvn -deadargelim -dse -check-dataflow-syntax -legalize-stream-variable -legalize-global -extract-subproc -dce -dead-channel-elimination -canonicalize-gep -globaldce -dce -gvn -deadargelim -annotate-dataflow-channels -scalar-propagation -deadargelim -globaldce -mem2reg -check-dataflow-channels -function-stream -dce -globaldce -prop-fifo-spec -internal-stream-gen -canonicalize-gep -globaldce -dce -gvn -deadargelim -mergereturn -indvars -loop-simplify -instcombine -array-stream -array-seg-normalize -array-partition -func-legal -instcombine -simplifycfg -dce -bundle-memfifo-ops -deadargelim -function-uniquify -directive-preproc -mem2reg -dse -dce -group-axi-access -licm -simplifycfg -dce -loop-delete -norm-name /home/ss567/MUSER/HLSIPs/proj0/solution1/.autopilot/db/a.o.1.bc -o /home/ss567/MUSER/HLSIPs/proj0/solution1/.autopilot/db/a.o.1.tmp.bc -f 
INFO-FLOW: Presyn 2...
Execute           transform -hls -keep-callgraph -scalarrepl -mem2reg -port-alignment -attach-range -dce -pipe-mux-gen -indvars -loop-bound -inst-simplify -instcombine -dce -merge-array-access -mem2reg -dce -clean-region -mergereturn -if-conv -instcombine -dce -constprop -basicaa -aggr-aa -aggrmodref-aa -aggr-aa -gvn -gvn -basicaa -aggr-aa -aggrmodref-aa -aggr-aa -dse -adse -adce -scalarrepl -mem2reg -global-constprop -deadargelim -deadargelim -instcombine -dce -simplifycfg -ptrArgReplace -mem2reg -function-inline -globaldce -mem2reg -instcombine -dce -expr-balance -instcombine -dce -bitwidthmin -interface-preproc -directive-preproc -inst-rectify -instcombine -dce -functionattrs -constprop -instcombine -bit-constprop -simplify-global-access -globalopt -globaldce -inst-simplify -instcombine -elimdeaddata -dce -loop-delete -simplifycfg -loop-simplify -auto-burst -norm-name /home/ss567/MUSER/HLSIPs/proj0/solution1/.autopilot/db/a.o.1.tmp.bc -o /home/ss567/MUSER/HLSIPs/proj0/solution1/.autopilot/db/a.o.2.bc -f -phase presyn 
INFO: [HLS 200-111] Finished Pre-synthesis Time (s): cpu = 00:00:19 ; elapsed = 00:00:21 . Memory (MB): peak = 930.621 ; gain = 132.125 ; free physical = 1799 ; free virtual = 35656
INFO-FLOW: Building ssdm...
Execute           transform -hls -function-uniquify -auto-function-inline -globaldce -ptrArgReplace -mem2reg -dce -reset-lda -loop-simplify -indvars -licm -loop-dep -loop-bound -licm -loop-simplify -flattenloopnest -array-flatten -gvn -instcombine -dce -array-map -dce -func-legal -gvn -adce -instcombine -cfgopt -simplifycfg -loop-simplify -array-burst -promote-global-argument -dce -ptrLegalization -axi4-lower -array-seg-normalize -basicaa -aggrmodref-aa -globalsmodref-aa -aggr-aa -gvn -gvn -basicaa -aggrmodref-aa -globalsmodref-aa -aggr-aa -dse -adse -adce -licm -inst-simplify -dce -globaldce -instcombine -array-stream -eliminate-keepreads -instcombine -dce -deadargelim -doublePtrSimplify -doublePtrElim -dce -doublePtrSimplify -promote-dbg-pointer -dce -scalarrepl -mem2reg -disaggr -norm-name -mem2reg -instcombine -dse -adse -adce -ptrLegalization -dce -auto-rom-infer -array-flatten -dce -instcombine -check-doubleptr -loop-rot -constprop -cfgopt -simplifycfg -loop-simplify -indvars -pointer-simplify -dce -loop-bound -loop-simplify -loop-preproc -constprop -global-constprop -gvn -mem2reg -instcombine -dce -loop-bound -loop-merge -dce -bitwidthmin -deadargelim -dce -canonicalize-dataflow -dce -scalar-propagation -deadargelim -globaldce -mem2reg -read-loop-dep -interface-preproc -directive-preproc -interface-gen -bram-byte-enable -deadargelim -inst-simplify -dce -gvn -mem2reg -instcombine -dce -adse -loop-bound -instcombine -cfgopt -simplifycfg -loop-simplify -clean-region -io-protocol -find-region -mem2reg -bitop-raise -complex-op-raise -inst-simplify -inst-rectify -instcombine -adce -deadargelim -loop-simplify -phi-opt -bitop-raise -cfgopt -simplifycfg -strip-dead-prototypes -interface-lower -bitop-lower -intrinsic-lower -auto-function-inline -basicaa -aggrmodref-aa -globalsmodref-aa -aggr-aa -inst-simplify -simplifycfg -loop-simplify -mergereturn -inst-simplify -inst-rectify -dce -load-elim -bitop-lower -loop-rewind -pointer-simplify -dce -cfgopt -dce -loop-bound -loop-dep -read-loop-dep -dce -check-stream -norm-name -legalize -validate-dataflow -inst-clarity -bitwidth -dump-loop-dep-to-ir -check-all-ssdm -cdfg-build /home/ss567/MUSER/HLSIPs/proj0/solution1/.autopilot/db/a.o.2.bc -o /home/ss567/MUSER/HLSIPs/proj0/solution1/.autopilot/db/a.o.3.bc -f -phase build-ssdm 
INFO: [HLS 200-111] Finished Architecture Synthesis Time (s): cpu = 00:00:19 ; elapsed = 00:00:21 . Memory (MB): peak = 930.621 ; gain = 132.125 ; free physical = 1798 ; free virtual = 35655
INFO-FLOW: Finish building internal data model.
Command         opt_and_import_c done; 1.17 sec.
Command       elaborate done; 15 sec.
Execute       autosyn -from_csynth_design=1 
INFO: [HLS 200-10] Starting hardware synthesis ...
INFO-FLOW: Synthesizing C/C++ design ...
INFO: [HLS 200-10] Synthesizing 'simple_algo_hw' ...
Execute         ap_set_top_model simple_algo_hw 
Execute         get_model_list simple_algo_hw -filter all-wo-channel -topdown 
Execute         preproc_iomode -model simple_algo_hw 
Execute         get_model_list simple_algo_hw -filter all-wo-channel 
INFO-FLOW: Model list for configure: simple_algo_hw
INFO-FLOW: Configuring Module : simple_algo_hw ...
Execute         set_default_model simple_algo_hw 
Execute         apply_spec_resource_limit simple_algo_hw 
INFO-FLOW: Model list for preprocess: simple_algo_hw
INFO-FLOW: Preprocessing Module: simple_algo_hw ...
Execute         set_default_model simple_algo_hw 
Execute         cdfg_preprocess -model simple_algo_hw 
Execute         rtl_gen_preprocess simple_algo_hw 
INFO-FLOW: Model list for synthesis: simple_algo_hw
INFO: [HLS 200-10] ----------------------------------------------------------------
INFO: [HLS 200-42] -- Implementing module 'simple_algo_hw' 
INFO: [HLS 200-10] ----------------------------------------------------------------
Execute         set_default_model simple_algo_hw 
Execute         schedule -model simple_algo_hw 
INFO: [SCHED 204-11] Starting scheduling ...
INFO: [SCHED 204-11] Finished scheduling.
INFO: [HLS 200-111]  Elapsed time: 21.16 seconds; current allocated memory: 103.696 MB.
Execute         syn_report -verbosereport -o /home/ss567/MUSER/HLSIPs/proj0/solution1/.autopilot/db/simple_algo_hw.verbose.sched.rpt 
Execute         db_write -o /home/ss567/MUSER/HLSIPs/proj0/solution1/.autopilot/db/simple_algo_hw.sched.adb -f 
INFO-FLOW: Finish scheduling simple_algo_hw.
Execute         set_default_model simple_algo_hw 
Execute         bind -model simple_algo_hw 
BIND OPTION: model=simple_algo_hw
INFO: [BIND 205-100] Starting micro-architecture generation ...
INFO: [BIND 205-101] Performing variable lifetime analysis.
INFO: [BIND 205-101] Exploring resource sharing.
INFO: [BIND 205-101] Binding ...
INFO: [BIND 205-100] Finished micro-architecture generation.
INFO: [HLS 200-111]  Elapsed time: 0.03 seconds; current allocated memory: 103.769 MB.
Execute         syn_report -verbosereport -o /home/ss567/MUSER/HLSIPs/proj0/solution1/.autopilot/db/simple_algo_hw.verbose.bind.rpt 
Execute         db_write -o /home/ss567/MUSER/HLSIPs/proj0/solution1/.autopilot/db/simple_algo_hw.bind.adb -f 
INFO-FLOW: Finish binding simple_algo_hw.
Execute         get_model_list simple_algo_hw -filter all-wo-channel 
INFO-FLOW: Preprocessing for RTLGen ...
Execute         rtl_gen_preprocess simple_algo_hw 
INFO-FLOW: Model list for RTL generation: simple_algo_hw
INFO: [HLS 200-10] ----------------------------------------------------------------
INFO: [HLS 200-10] -- Generating RTL for module 'simple_algo_hw' 
INFO: [HLS 200-10] ----------------------------------------------------------------
Execute         get_config_rtl -module_prefix 
Execute         get_config_rtl -module_auto_prefix 
Execute         create_rtl_model simple_algo_hw -vendor xilinx -mg_file /home/ss567/MUSER/HLSIPs/proj0/solution1/.autopilot/db/simple_algo_hw.compgen.tcl 
INFO: [RTGEN 206-500] Setting interface mode on port 'simple_algo_hw/inA_V' to 'ap_none'.
INFO: [RTGEN 206-500] Setting interface mode on port 'simple_algo_hw/inB_V' to 'ap_none'.
INFO: [RTGEN 206-500] Setting interface mode on port 'simple_algo_hw/outA_V' to 'ap_vld'.
INFO: [RTGEN 206-500] Setting interface mode on function 'simple_algo_hw' to 'ap_ctrl_hs'.
INFO: [RTGEN 206-100] Finished creating RTL model for 'simple_algo_hw'.
INFO: [HLS 200-111]  Elapsed time: 0.04 seconds; current allocated memory: 103.883 MB.
Execute         source /home/ss567/MUSER/HLSIPs/proj0/solution1/.autopilot/db/simple_algo_hw.rtl_wrap.cfg.tcl 
Execute         gen_rtl simple_algo_hw -istop -style xilinx -tracefl mytrace -tracefmt vcd -traceopt all -f -lang sc -o /home/ss567/MUSER/HLSIPs/proj0/solution1/syn/systemc/simple_algo_hw -synmodules simple_algo_hw 
Execute         gen_rtl simple_algo_hw -istop -style xilinx -f -lang vhdl -o /home/ss567/MUSER/HLSIPs/proj0/solution1/syn/vhdl/simple_algo_hw 
Execute         gen_rtl simple_algo_hw -istop -style xilinx -f -lang vlog -o /home/ss567/MUSER/HLSIPs/proj0/solution1/syn/verilog/simple_algo_hw 
Execute         syn_report -csynth -model simple_algo_hw -o /home/ss567/MUSER/HLSIPs/proj0/solution1/syn/report/simple_algo_hw_csynth.rpt 
Execute         syn_report -rtlxml -model simple_algo_hw -o /home/ss567/MUSER/HLSIPs/proj0/solution1/syn/report/simple_algo_hw_csynth.xml 
Execute         syn_report -verbosereport -model simple_algo_hw -o /home/ss567/MUSER/HLSIPs/proj0/solution1/.autopilot/db/simple_algo_hw.verbose.rpt 
Execute         db_write -model simple_algo_hw -f -o /home/ss567/MUSER/HLSIPs/proj0/solution1/.autopilot/db/simple_algo_hw.adb 
Execute         gen_tb_info simple_algo_hw -p /home/ss567/MUSER/HLSIPs/proj0/solution1/.autopilot/db -o /home/ss567/MUSER/HLSIPs/proj0/solution1/.autopilot/db/simple_algo_hw 
Execute         export_constraint_db -f -tool general -o /home/ss567/MUSER/HLSIPs/proj0/solution1/.autopilot/db/simple_algo_hw.constraint.tcl 
Execute         syn_report -designview -model simple_algo_hw -o /home/ss567/MUSER/HLSIPs/proj0/solution1/.autopilot/db/simple_algo_hw.design.xml 
Execute         get_config_rtl -disable_wave_debug 
Execute         syn_report -wcfg -model simple_algo_hw -o /home/ss567/MUSER/HLSIPs/proj0/solution1/.autopilot/db/simple_algo_hw_dataflow_ana.wcfg 
Execute         syn_report -protoinst -model simple_algo_hw -o /home/ss567/MUSER/HLSIPs/proj0/solution1/.autopilot/db/simple_algo_hw.protoinst 
Execute         get_config_debug -directory 
Execute         sc_get_clocks simple_algo_hw 
Execute         get_config_export -vivado_clock 
Execute         sc_get_portdomain simple_algo_hw 
INFO-FLOW: Model list for RTL component generation: simple_algo_hw
INFO-FLOW: Handling components in module [simple_algo_hw] ... 
Execute         source /home/ss567/MUSER/HLSIPs/proj0/solution1/.autopilot/db/simple_algo_hw.compgen.tcl 
INFO-FLOW: Append model simple_algo_hw
INFO-FLOW: Generating RTL model list ...
INFO-FLOW: All models in this session: simple_algo_hw
INFO-FLOW: To file: write model simple_algo_hw
INFO-FLOW: Finished generating RTL model list.


INFO-FLOW: RTL Generation done.
INFO-FLOW: CAS Generation done.
INFO-FLOW: CBC Generation done.
INFO-FLOW: DBG:CMD: auto_generate_csynth_design
INFO-FLOW: DBG:CMD:     auto_generate --sim-model -phase csynth_design -d /home/ss567/MUSER/HLSIPs/proj0/solution1
Execute         source /home/ss567/MUSER/HLSIPs/proj0/solution1/.autopilot/db/global.setting.tcl 
INFO-FLOW: DBG:CMD: read_platform_lib /home/ss567/MUSER/HLSIPs/proj0/solution1/.autopilot/db/global.setting.tcl
Execute         source /opt/vivado-2019/Vivado/2019.1/common/technology/generic/autopilot/common.gen 
Execute           source /opt/vivado-2019/Vivado/2019.1/common/technology/generic/autopilot/APCoreGen.gen 
Execute         source /opt/vivado-2019/Vivado/2019.1/common/technology/generic/autopilot/op.gen 
Execute         source /opt/vivado-2019/Vivado/2019.1/common/technology/generic/autopilot/op_simcore.gen 
Execute         source /opt/vivado-2019/Vivado/2019.1/common/technology/generic/autopilot/interface.gen 
Execute         source /home/ss567/MUSER/HLSIPs/proj0/solution1/.autopilot/db/global.setting.tcl 
Execute         source /opt/vivado-2019/Vivado/2019.1/common/technology/xilinx/virtex7/virtex7.gen 
Execute           source /opt/vivado-2019/Vivado/2019.1/common/technology/xilinx/common/xilinx.gen 
Execute             source /opt/vivado-2019/Vivado/2019.1/common/technology/xilinx/interface/plb46.gen 
Execute             source /opt/vivado-2019/Vivado/2019.1/common/technology/xilinx/interface/fsl.gen 
Execute             source /opt/vivado-2019/Vivado/2019.1/common/technology/xilinx/interface/axi4.gen 
Execute             source /opt/vivado-2019/Vivado/2019.1/common/technology/xilinx/interface/nativeAXI4.gen 
Execute               source /opt/vivado-2019/Vivado/2019.1/common/technology/xilinx/interface/saxilite.gen 
Execute               source /opt/vivado-2019/Vivado/2019.1/common/technology/xilinx/interface/maxi.gen 
Execute             source /opt/vivado-2019/Vivado/2019.1/common/technology/xilinx/scripts/xilinxcoregen.gen 
Execute             source /opt/vivado-2019/Vivado/2019.1/common/technology/xilinx/interface/XilEDKCoreGen.gen 
Execute             source /opt/vivado-2019/Vivado/2019.1/common/technology/xilinx/ip/dds_compiler.gen 
Execute             source /opt/vivado-2019/Vivado/2019.1/common/technology/xilinx/ip/util.gen 
Execute             source /opt/vivado-2019/Vivado/2019.1/common/technology/xilinx/ip/xfft.gen 
Execute             source /opt/vivado-2019/Vivado/2019.1/common/technology/xilinx/ip/xfir.gen 
Execute             source /opt/vivado-2019/Vivado/2019.1/common/technology/xilinx/common/dsp48.gen 
Command           ap_source done; 0.11 sec.
Command         ap_source done; 0.11 sec.
Execute         source /opt/vivado-2019/Vivado/2019.1/common/technology/xilinx/virtex7/virtex7_fpv6.gen 
Execute           source /opt/vivado-2019/Vivado/2019.1/common/technology/xilinx/common/xilinx_fp.gen 
INFO-FLOW: DBG:CMD:   using AESL_AUTOCG::g_clock_period=5.000 (was NA)
INFO-FLOW: DBG:CMD:       generate_ip_cores sim=1 export=0 expOnly=0 dstVlogDir=syn/verilog
Execute         source /home/ss567/MUSER/HLSIPs/proj0/solution1/.autopilot/db/global.setting.tcl 
Execute         ap_part_info -name xc7vx690t-ffg1927-2 -data names -quiet 
Execute         ap_part_info -name xc7vx690t-ffg1927-2 -data info -quiet 
Execute         source /home/ss567/MUSER/HLSIPs/proj0/solution1/.autopilot/db/global.setting.tcl 
Execute         source /home/ss567/MUSER/HLSIPs/proj0/solution1/.autopilot/db/global.setting.tcl 
Execute         source /home/ss567/MUSER/HLSIPs/proj0/solution1/.autopilot/db/simple_algo_hw.compgen.tcl 
INFO-FLOW: DBG:CMD:     auto_generate -export -impltomg_flag -rtl both -tool Vivado -pcore_version 1.00.a -phase csynth_design -d /home/ss567/MUSER/HLSIPs/proj0/solution1
Execute         source /home/ss567/MUSER/HLSIPs/proj0/solution1/.autopilot/db/global.setting.tcl 
INFO-FLOW: DBG:CMD: read_platform_lib /home/ss567/MUSER/HLSIPs/proj0/solution1/.autopilot/db/global.setting.tcl
Execute         source /opt/vivado-2019/Vivado/2019.1/common/technology/generic/autopilot/common.gen 
Execute           source /opt/vivado-2019/Vivado/2019.1/common/technology/generic/autopilot/APCoreGen.gen 
Execute         source /opt/vivado-2019/Vivado/2019.1/common/technology/generic/autopilot/op.gen 
Execute         source /opt/vivado-2019/Vivado/2019.1/common/technology/generic/autopilot/op_simcore.gen 
Execute         source /opt/vivado-2019/Vivado/2019.1/common/technology/generic/autopilot/interface.gen 
Execute         source /home/ss567/MUSER/HLSIPs/proj0/solution1/.autopilot/db/global.setting.tcl 
Execute         source /opt/vivado-2019/Vivado/2019.1/common/technology/xilinx/virtex7/virtex7.gen 
Execute           source /opt/vivado-2019/Vivado/2019.1/common/technology/xilinx/common/xilinx.gen 
Execute             source /opt/vivado-2019/Vivado/2019.1/common/technology/xilinx/interface/plb46.gen 
Execute             source /opt/vivado-2019/Vivado/2019.1/common/technology/xilinx/interface/fsl.gen 
Execute             source /opt/vivado-2019/Vivado/2019.1/common/technology/xilinx/interface/axi4.gen 
Execute             source /opt/vivado-2019/Vivado/2019.1/common/technology/xilinx/interface/nativeAXI4.gen 
Execute               source /opt/vivado-2019/Vivado/2019.1/common/technology/xilinx/interface/saxilite.gen 
Execute               source /opt/vivado-2019/Vivado/2019.1/common/technology/xilinx/interface/maxi.gen 
Execute             source /opt/vivado-2019/Vivado/2019.1/common/technology/xilinx/scripts/xilinxcoregen.gen 
Execute             source /opt/vivado-2019/Vivado/2019.1/common/technology/xilinx/interface/XilEDKCoreGen.gen 
Execute             source /opt/vivado-2019/Vivado/2019.1/common/technology/xilinx/ip/dds_compiler.gen 
Execute             source /opt/vivado-2019/Vivado/2019.1/common/technology/xilinx/ip/util.gen 
Execute             source /opt/vivado-2019/Vivado/2019.1/common/technology/xilinx/ip/xfft.gen 
Execute             source /opt/vivado-2019/Vivado/2019.1/common/technology/xilinx/ip/xfir.gen 
Execute             source /opt/vivado-2019/Vivado/2019.1/common/technology/xilinx/common/dsp48.gen 
Execute         source /opt/vivado-2019/Vivado/2019.1/common/technology/xilinx/virtex7/virtex7_fpv6.gen 
Execute           source /opt/vivado-2019/Vivado/2019.1/common/technology/xilinx/common/xilinx_fp.gen 
INFO-FLOW: DBG:CMD:       initCTypeInfo top_module=simple_algo_hw xml_exists=0
Execute         source /home/ss567/MUSER/HLSIPs/proj0/solution1/.autopilot/db/simple_algo_hw.rtl_wrap.cfg.tcl 
Execute         source /home/ss567/MUSER/HLSIPs/proj0/solution1/.autopilot/db/simple_algo_hw.rtl_wrap.cfg.tcl 
Execute         source /home/ss567/MUSER/HLSIPs/proj0/solution1/.autopilot/db/simple_algo_hw.rtl_wrap.cfg.tcl 
Execute         source /home/ss567/MUSER/HLSIPs/proj0/solution1/.autopilot/db/simple_algo_hw.tbgen.tcl 
Execute         source /home/ss567/MUSER/HLSIPs/proj0/solution1/.autopilot/db/simple_algo_hw.tbgen.tcl 
INFO-FLOW: DBG:CMD:       export_impl_rtl
INFO-FLOW: DBG:CMD:       generate_ip_cores sim=0 export=0 expOnly=0 dstVlogDir=impl/.verilog
Execute         source /home/ss567/MUSER/HLSIPs/proj0/solution1/.autopilot/db/global.setting.tcl 
Execute         source /home/ss567/MUSER/HLSIPs/proj0/solution1/.autopilot/db/simple_algo_hw.compgen.tcl 
INFO-FLOW: DBG:CMD:       generate_ip_cores sim=0 export=1 expOnly=1 dstVlogDir=impl/.pcores/verilog
Execute         source /home/ss567/MUSER/HLSIPs/proj0/solution1/.autopilot/db/global.setting.tcl 
Execute         source /home/ss567/MUSER/HLSIPs/proj0/solution1/.autopilot/db/simple_algo_hw.compgen.tcl 
Execute           ap_part_info -name xc7vx690t-ffg1927-2 -data names -quiet 
Execute           ap_part_info -name xc7vx690t-ffg1927-2 -data info -quiet 
Execute           ap_part_info -name xc7vx690t-ffg1927-2 -data names -quiet 
Execute           ap_part_info -name xc7vx690t-ffg1927-2 -data info -quiet 
Execute           ap_part_info -name xc7vx690t-ffg1927-2 -data names -quiet 
Execute           ap_part_info -name xc7vx690t-ffg1927-2 -data info -quiet 
Execute           ap_part_info -name xc7vx690t-ffg1927-2 -data names -quiet 
Execute           ap_part_info -name xc7vx690t-ffg1927-2 -data info -quiet 
Execute           ap_part_info -name xc7vx690t-ffg1927-2 -data names -quiet 
Execute           ap_part_info -name xc7vx690t-ffg1927-2 -data info -quiet 
Execute           ap_part_info -name xc7vx690t-ffg1927-2 -data names -quiet 
Execute           ap_part_info -name xc7vx690t-ffg1927-2 -data info -quiet 
Execute           ap_part_info -name xc7vx690t-ffg1927-2 -data names -quiet 
Execute           ap_part_info -name xc7vx690t-ffg1927-2 -data info -quiet 
Execute           ap_part_info -name xc7vx690t-ffg1927-2 -data names -quiet 
Execute           ap_part_info -name xc7vx690t-ffg1927-2 -data info -quiet 
Execute         ap_part_info -name xc7vx690t-ffg1927-2 -data names -quiet 
Execute         ap_part_info -name xc7vx690t-ffg1927-2 -data info -quiet 
INFO-FLOW: DBG:CMD:       generate_ip_cores sim=0 export=0 expOnly=0 dstVlogDir=impl/.pcores/verilog_sim
Execute         source /home/ss567/MUSER/HLSIPs/proj0/solution1/.autopilot/db/global.setting.tcl 
Execute         source /home/ss567/MUSER/HLSIPs/proj0/solution1/.autopilot/db/simple_algo_hw.compgen.tcl 
Execute         ap_part_info -name xc7vx690t-ffg1927-2 -data names -quiet 
Execute         ap_part_info -name xc7vx690t-ffg1927-2 -data info -quiet 
Execute         ap_part_info -name xc7vx690t-ffg1927-2 -data names -quiet 
Execute         ap_part_info -name xc7vx690t-ffg1927-2 -data info -quiet 
Execute         source /home/ss567/MUSER/HLSIPs/proj0/solution1/.autopilot/db/global.setting.tcl 
Execute         ap_part_info -name xc7vx690t-ffg1927-2 -data names -quiet 
Execute         ap_part_info -name xc7vx690t-ffg1927-2 -data info -quiet 
Execute         source /home/ss567/MUSER/HLSIPs/proj0/solution1/.autopilot/db/simple_algo_hw.constraint.tcl 
INFO-FLOW: DBG:CMD:       hasPcoreIpAdapter=false #gSsdmPorts=8
INFO-FLOW: DBG:CMD: Skipping loadAnalyze_DB, #g_database=3
INFO-FLOW: DBG:CMD:       generate_json is_phase_csynth=1 g_has_adaptors=false generate_bd_files=0 #modelList=1 #gSsdmPorts=8
Execute         source /opt/vivado-2019/Vivado/2019.1/tps/tcl/tcllib1.11.1/fileutil/fileutil.tcl 
Execute           source /opt/vivado-2019/Vivado/2019.1/tps/tcl/tcllib1.11.1/cmdline/cmdline.tcl 
Execute         source /home/ss567/MUSER/HLSIPs/proj0/solution1/.autopilot/db/global.setting.tcl 
Execute         source /home/ss567/MUSER/HLSIPs/proj0/solution1/.autopilot/db/global.setting.tcl 
Execute         get_config_export -xo 
Execute         source /home/ss567/MUSER/HLSIPs/proj0/solution1/.autopilot/db/simple_algo_hw.tbgen.tcl 
Execute         source /home/ss567/MUSER/HLSIPs/proj0/solution1/.autopilot/db/simple_algo_hw.tbgen.tcl 
Execute         source /home/ss567/MUSER/HLSIPs/proj0/solution1/.autopilot/db/simple_algo_hw.tbgen.tcl 
Execute         source /home/ss567/MUSER/HLSIPs/proj0/solution1/.autopilot/db/global.setting.tcl 
Execute         get_config_sdx -target 
Execute         source /home/ss567/MUSER/HLSIPs/proj0/solution1/.autopilot/db/simple_algo_hw.rtl_wrap.cfg.tcl 
Execute         source /home/ss567/MUSER/HLSIPs/proj0/solution1/.autopilot/db/simple_algo_hw.compgen.dataonly.tcl 
Execute         source /home/ss567/MUSER/HLSIPs/proj0/solution1/.autopilot/db/global.setting.tcl 
Execute         ap_part_info -name xc7vx690t-ffg1927-2 -data names -quiet 
Execute         ap_part_info -name xc7vx690t-ffg1927-2 -data info -quiet 
Execute         source /home/ss567/MUSER/HLSIPs/proj0/solution1/.autopilot/db/simple_algo_hw.constraint.tcl 
Execute         ap_part_info -name xc7vx690t-ffg1927-2 -data names -quiet 
Execute         ap_part_info -name xc7vx690t-ffg1927-2 -data info -quiet 
Execute         source /home/ss567/MUSER/HLSIPs/proj0/solution1/.autopilot/db/global.setting.tcl 
Execute         get_config_debug -directory 
Execute         source /home/ss567/MUSER/HLSIPs/proj0/solution1/.autopilot/db/simple_algo_hw.tbgen.tcl 
Execute         get_config_sdx -target 
Execute         get_config_sdx -profile 
Execute         get_config_rtl -kernel_profile 
Execute         get_config_rtl -stall_sig_gen 
Execute         get_config_rtl -profile 
INFO-FLOW: DBG:CMD: add_json_sdx_info kernel file does not exist, skipping opencl info: /home/ss567/MUSER/HLSIPs/proj0/solution1/.autopilot/db/kernel.internal.xml
INFO-FLOW: DBG:CMD:       delete-temp-dirs (skipped for debug)
INFO: [HLS 200-111] Finished generating all RTL models Time (s): cpu = 00:00:19 ; elapsed = 00:00:22 . Memory (MB): peak = 930.621 ; gain = 132.125 ; free physical = 1798 ; free virtual = 35655
INFO: [VHDL 208-304] Generating VHDL RTL for simple_algo_hw.
INFO: [VLOG 209-307] Generating Verilog RTL for simple_algo_hw.
Command       autosyn done; 0.73 sec.
Command     csynth_design done; 15.74 sec.
Execute     cleanup_all 
