
*** Running vivado
    with args -log laplacianCalculator.vds -m64 -product Vivado -mode batch -messageDb vivado.pb -notrace -source laplacianCalculator.tcl



****** Vivado v2020.2 (64-bit)
  **** SW Build 3064766 on Wed Nov 18 09:12:45 MST 2020
  **** IP Build 3064653 on Wed Nov 18 14:17:31 MST 2020
    ** Copyright 1986-2020 Xilinx, Inc. All Rights Reserved.

source laplacianCalculator.tcl -notrace
create_project: Time (s): cpu = 00:00:01 ; elapsed = 00:00:11 . Memory (MB): peak = 1105.371 ; gain = 0.000
Command: synth_design -top laplacianCalculator -part xc7vx485tffg1157-1
Starting synth_design
Attempting to get a license for feature 'Synthesis' and/or device 'xc7vx485t'
INFO: [Common 17-349] Got license for feature 'Synthesis' and/or device 'xc7vx485t'
INFO: [Common 17-86] Your Synthesis license expires in 18 day(s)
INFO: [Device 21-403] Loading part xc7vx485tffg1157-1
INFO: [Synth 8-7079] Multithreading enabled for synth_design using a maximum of 2 processes.
INFO: [Synth 8-7078] Launching helper process for spawning children vivado processes
INFO: [Synth 8-7075] Helper process launched with PID 29152
---------------------------------------------------------------------------------
Starting RTL Elaboration : Time (s): cpu = 00:00:03 ; elapsed = 00:00:08 . Memory (MB): peak = 1312.316 ; gain = 206.945
---------------------------------------------------------------------------------
INFO: [Synth 8-6157] synthesizing module 'laplacianCalculator' [C:/Users/zakkh/Dark_Matter/PartitionAcceleratorHLS/Zakk/Vivado/Laplacian Calculator RTL/hdl/verilog/laplacianCalculator.v:12]
	Parameter ap_ST_fsm_state1 bound to: 97'b0000000000000000000000000000000000000000000000000000000000000000000000000000000000000000000000001 
	Parameter ap_ST_fsm_state2 bound to: 97'b0000000000000000000000000000000000000000000000000000000000000000000000000000000000000000000000010 
	Parameter ap_ST_fsm_state3 bound to: 97'b0000000000000000000000000000000000000000000000000000000000000000000000000000000000000000000000100 
	Parameter ap_ST_fsm_state4 bound to: 97'b0000000000000000000000000000000000000000000000000000000000000000000000000000000000000000000001000 
	Parameter ap_ST_fsm_state5 bound to: 97'b0000000000000000000000000000000000000000000000000000000000000000000000000000000000000000000010000 
	Parameter ap_ST_fsm_state6 bound to: 97'b0000000000000000000000000000000000000000000000000000000000000000000000000000000000000000000100000 
	Parameter ap_ST_fsm_state7 bound to: 97'b0000000000000000000000000000000000000000000000000000000000000000000000000000000000000000001000000 
	Parameter ap_ST_fsm_state8 bound to: 97'b0000000000000000000000000000000000000000000000000000000000000000000000000000000000000000010000000 
	Parameter ap_ST_fsm_state9 bound to: 97'b0000000000000000000000000000000000000000000000000000000000000000000000000000000000000000100000000 
	Parameter ap_ST_fsm_state10 bound to: 97'b0000000000000000000000000000000000000000000000000000000000000000000000000000000000000001000000000 
	Parameter ap_ST_fsm_state11 bound to: 97'b0000000000000000000000000000000000000000000000000000000000000000000000000000000000000010000000000 
	Parameter ap_ST_fsm_state12 bound to: 97'b0000000000000000000000000000000000000000000000000000000000000000000000000000000000000100000000000 
	Parameter ap_ST_fsm_state13 bound to: 97'b0000000000000000000000000000000000000000000000000000000000000000000000000000000000001000000000000 
	Parameter ap_ST_fsm_state14 bound to: 97'b0000000000000000000000000000000000000000000000000000000000000000000000000000000000010000000000000 
	Parameter ap_ST_fsm_state15 bound to: 97'b0000000000000000000000000000000000000000000000000000000000000000000000000000000000100000000000000 
	Parameter ap_ST_fsm_state16 bound to: 97'b0000000000000000000000000000000000000000000000000000000000000000000000000000000001000000000000000 
	Parameter ap_ST_fsm_state17 bound to: 97'b0000000000000000000000000000000000000000000000000000000000000000000000000000000010000000000000000 
	Parameter ap_ST_fsm_state18 bound to: 97'b0000000000000000000000000000000000000000000000000000000000000000000000000000000100000000000000000 
	Parameter ap_ST_fsm_state19 bound to: 97'b0000000000000000000000000000000000000000000000000000000000000000000000000000001000000000000000000 
	Parameter ap_ST_fsm_state20 bound to: 97'b0000000000000000000000000000000000000000000000000000000000000000000000000000010000000000000000000 
	Parameter ap_ST_fsm_state21 bound to: 97'b0000000000000000000000000000000000000000000000000000000000000000000000000000100000000000000000000 
	Parameter ap_ST_fsm_state22 bound to: 97'b0000000000000000000000000000000000000000000000000000000000000000000000000001000000000000000000000 
	Parameter ap_ST_fsm_state23 bound to: 97'b0000000000000000000000000000000000000000000000000000000000000000000000000010000000000000000000000 
	Parameter ap_ST_fsm_state24 bound to: 97'b0000000000000000000000000000000000000000000000000000000000000000000000000100000000000000000000000 
	Parameter ap_ST_fsm_state25 bound to: 97'b0000000000000000000000000000000000000000000000000000000000000000000000001000000000000000000000000 
	Parameter ap_ST_fsm_state26 bound to: 97'b0000000000000000000000000000000000000000000000000000000000000000000000010000000000000000000000000 
	Parameter ap_ST_fsm_state27 bound to: 97'b0000000000000000000000000000000000000000000000000000000000000000000000100000000000000000000000000 
	Parameter ap_ST_fsm_state28 bound to: 97'b0000000000000000000000000000000000000000000000000000000000000000000001000000000000000000000000000 
	Parameter ap_ST_fsm_state29 bound to: 97'b0000000000000000000000000000000000000000000000000000000000000000000010000000000000000000000000000 
	Parameter ap_ST_fsm_state30 bound to: 97'b0000000000000000000000000000000000000000000000000000000000000000000100000000000000000000000000000 
	Parameter ap_ST_fsm_state31 bound to: 97'b0000000000000000000000000000000000000000000000000000000000000000001000000000000000000000000000000 
	Parameter ap_ST_fsm_state32 bound to: 97'b0000000000000000000000000000000000000000000000000000000000000000010000000000000000000000000000000 
	Parameter ap_ST_fsm_state33 bound to: 97'b0000000000000000000000000000000000000000000000000000000000000000100000000000000000000000000000000 
	Parameter ap_ST_fsm_state34 bound to: 97'b0000000000000000000000000000000000000000000000000000000000000001000000000000000000000000000000000 
	Parameter ap_ST_fsm_state35 bound to: 97'b0000000000000000000000000000000000000000000000000000000000000010000000000000000000000000000000000 
	Parameter ap_ST_fsm_state36 bound to: 97'b0000000000000000000000000000000000000000000000000000000000000100000000000000000000000000000000000 
	Parameter ap_ST_fsm_state37 bound to: 97'b0000000000000000000000000000000000000000000000000000000000001000000000000000000000000000000000000 
	Parameter ap_ST_fsm_state38 bound to: 97'b0000000000000000000000000000000000000000000000000000000000010000000000000000000000000000000000000 
	Parameter ap_ST_fsm_state39 bound to: 97'b0000000000000000000000000000000000000000000000000000000000100000000000000000000000000000000000000 
	Parameter ap_ST_fsm_state40 bound to: 97'b0000000000000000000000000000000000000000000000000000000001000000000000000000000000000000000000000 
	Parameter ap_ST_fsm_state41 bound to: 97'b0000000000000000000000000000000000000000000000000000000010000000000000000000000000000000000000000 
	Parameter ap_ST_fsm_state42 bound to: 97'b0000000000000000000000000000000000000000000000000000000100000000000000000000000000000000000000000 
	Parameter ap_ST_fsm_state43 bound to: 97'b0000000000000000000000000000000000000000000000000000001000000000000000000000000000000000000000000 
	Parameter ap_ST_fsm_state44 bound to: 97'b0000000000000000000000000000000000000000000000000000010000000000000000000000000000000000000000000 
	Parameter ap_ST_fsm_state45 bound to: 97'b0000000000000000000000000000000000000000000000000000100000000000000000000000000000000000000000000 
	Parameter ap_ST_fsm_state46 bound to: 97'b0000000000000000000000000000000000000000000000000001000000000000000000000000000000000000000000000 
	Parameter ap_ST_fsm_state47 bound to: 97'b0000000000000000000000000000000000000000000000000010000000000000000000000000000000000000000000000 
	Parameter ap_ST_fsm_state48 bound to: 97'b0000000000000000000000000000000000000000000000000100000000000000000000000000000000000000000000000 
	Parameter ap_ST_fsm_state49 bound to: 97'b0000000000000000000000000000000000000000000000001000000000000000000000000000000000000000000000000 
	Parameter ap_ST_fsm_state50 bound to: 97'b0000000000000000000000000000000000000000000000010000000000000000000000000000000000000000000000000 
	Parameter ap_ST_fsm_state51 bound to: 97'b0000000000000000000000000000000000000000000000100000000000000000000000000000000000000000000000000 
	Parameter ap_ST_fsm_state52 bound to: 97'b0000000000000000000000000000000000000000000001000000000000000000000000000000000000000000000000000 
	Parameter ap_ST_fsm_state53 bound to: 97'b0000000000000000000000000000000000000000000010000000000000000000000000000000000000000000000000000 
	Parameter ap_ST_fsm_state54 bound to: 97'b0000000000000000000000000000000000000000000100000000000000000000000000000000000000000000000000000 
	Parameter ap_ST_fsm_state55 bound to: 97'b0000000000000000000000000000000000000000001000000000000000000000000000000000000000000000000000000 
	Parameter ap_ST_fsm_state56 bound to: 97'b0000000000000000000000000000000000000000010000000000000000000000000000000000000000000000000000000 
	Parameter ap_ST_fsm_state57 bound to: 97'b0000000000000000000000000000000000000000100000000000000000000000000000000000000000000000000000000 
	Parameter ap_ST_fsm_state58 bound to: 97'b0000000000000000000000000000000000000001000000000000000000000000000000000000000000000000000000000 
	Parameter ap_ST_fsm_state59 bound to: 97'b0000000000000000000000000000000000000010000000000000000000000000000000000000000000000000000000000 
	Parameter ap_ST_fsm_state60 bound to: 97'b0000000000000000000000000000000000000100000000000000000000000000000000000000000000000000000000000 
	Parameter ap_ST_fsm_state61 bound to: 97'b0000000000000000000000000000000000001000000000000000000000000000000000000000000000000000000000000 
	Parameter ap_ST_fsm_state62 bound to: 97'b0000000000000000000000000000000000010000000000000000000000000000000000000000000000000000000000000 
	Parameter ap_ST_fsm_state63 bound to: 97'b0000000000000000000000000000000000100000000000000000000000000000000000000000000000000000000000000 
	Parameter ap_ST_fsm_state64 bound to: 97'b0000000000000000000000000000000001000000000000000000000000000000000000000000000000000000000000000 
	Parameter ap_ST_fsm_state65 bound to: 97'b0000000000000000000000000000000010000000000000000000000000000000000000000000000000000000000000000 
	Parameter ap_ST_fsm_state66 bound to: 97'b0000000000000000000000000000000100000000000000000000000000000000000000000000000000000000000000000 
	Parameter ap_ST_fsm_state67 bound to: 97'b0000000000000000000000000000001000000000000000000000000000000000000000000000000000000000000000000 
	Parameter ap_ST_fsm_state68 bound to: 97'b0000000000000000000000000000010000000000000000000000000000000000000000000000000000000000000000000 
	Parameter ap_ST_fsm_state69 bound to: 97'b0000000000000000000000000000100000000000000000000000000000000000000000000000000000000000000000000 
	Parameter ap_ST_fsm_state70 bound to: 97'b0000000000000000000000000001000000000000000000000000000000000000000000000000000000000000000000000 
	Parameter ap_ST_fsm_state71 bound to: 97'b0000000000000000000000000010000000000000000000000000000000000000000000000000000000000000000000000 
	Parameter ap_ST_fsm_state72 bound to: 97'b0000000000000000000000000100000000000000000000000000000000000000000000000000000000000000000000000 
	Parameter ap_ST_fsm_state73 bound to: 97'b0000000000000000000000001000000000000000000000000000000000000000000000000000000000000000000000000 
	Parameter ap_ST_fsm_state74 bound to: 97'b0000000000000000000000010000000000000000000000000000000000000000000000000000000000000000000000000 
	Parameter ap_ST_fsm_state75 bound to: 97'b0000000000000000000000100000000000000000000000000000000000000000000000000000000000000000000000000 
	Parameter ap_ST_fsm_state76 bound to: 97'b0000000000000000000001000000000000000000000000000000000000000000000000000000000000000000000000000 
	Parameter ap_ST_fsm_state77 bound to: 97'b0000000000000000000010000000000000000000000000000000000000000000000000000000000000000000000000000 
	Parameter ap_ST_fsm_state78 bound to: 97'b0000000000000000000100000000000000000000000000000000000000000000000000000000000000000000000000000 
	Parameter ap_ST_fsm_state79 bound to: 97'b0000000000000000001000000000000000000000000000000000000000000000000000000000000000000000000000000 
	Parameter ap_ST_fsm_state80 bound to: 97'b0000000000000000010000000000000000000000000000000000000000000000000000000000000000000000000000000 
	Parameter ap_ST_fsm_state81 bound to: 97'b0000000000000000100000000000000000000000000000000000000000000000000000000000000000000000000000000 
	Parameter ap_ST_fsm_state82 bound to: 97'b0000000000000001000000000000000000000000000000000000000000000000000000000000000000000000000000000 
	Parameter ap_ST_fsm_state83 bound to: 97'b0000000000000010000000000000000000000000000000000000000000000000000000000000000000000000000000000 
	Parameter ap_ST_fsm_state84 bound to: 97'b0000000000000100000000000000000000000000000000000000000000000000000000000000000000000000000000000 
	Parameter ap_ST_fsm_state85 bound to: 97'b0000000000001000000000000000000000000000000000000000000000000000000000000000000000000000000000000 
	Parameter ap_ST_fsm_state86 bound to: 97'b0000000000010000000000000000000000000000000000000000000000000000000000000000000000000000000000000 
	Parameter ap_ST_fsm_state87 bound to: 97'b0000000000100000000000000000000000000000000000000000000000000000000000000000000000000000000000000 
	Parameter ap_ST_fsm_state88 bound to: 97'b0000000001000000000000000000000000000000000000000000000000000000000000000000000000000000000000000 
	Parameter ap_ST_fsm_state89 bound to: 97'b0000000010000000000000000000000000000000000000000000000000000000000000000000000000000000000000000 
	Parameter ap_ST_fsm_state90 bound to: 97'b0000000100000000000000000000000000000000000000000000000000000000000000000000000000000000000000000 
	Parameter ap_ST_fsm_state91 bound to: 97'b0000001000000000000000000000000000000000000000000000000000000000000000000000000000000000000000000 
	Parameter ap_ST_fsm_state92 bound to: 97'b0000010000000000000000000000000000000000000000000000000000000000000000000000000000000000000000000 
	Parameter ap_ST_fsm_state93 bound to: 97'b0000100000000000000000000000000000000000000000000000000000000000000000000000000000000000000000000 
	Parameter ap_ST_fsm_state94 bound to: 97'b0001000000000000000000000000000000000000000000000000000000000000000000000000000000000000000000000 
	Parameter ap_ST_fsm_state95 bound to: 97'b0010000000000000000000000000000000000000000000000000000000000000000000000000000000000000000000000 
	Parameter ap_ST_fsm_state96 bound to: 97'b0100000000000000000000000000000000000000000000000000000000000000000000000000000000000000000000000 
	Parameter ap_ST_fsm_state97 bound to: 97'b1000000000000000000000000000000000000000000000000000000000000000000000000000000000000000000000000 
INFO: [Synth 8-6157] synthesizing module 'laplacianCalculator_singleNodeLaplacianCalculator' [C:/Users/zakkh/Dark_Matter/PartitionAcceleratorHLS/Zakk/Vivado/Laplacian Calculator RTL/hdl/verilog/laplacianCalculator_singleNodeLaplacianCalculator.v:10]
	Parameter ap_ST_fsm_state1 bound to: 130'b0000000000000000000000000000000000000000000000000000000000000000000000000000000000000000000000000000000000000000000000000000000001 
	Parameter ap_ST_fsm_pp0_stage0 bound to: 130'b0000000000000000000000000000000000000000000000000000000000000000000000000000000000000000000000000000000000000000000000000000000010 
	Parameter ap_ST_fsm_state4 bound to: 130'b0000000000000000000000000000000000000000000000000000000000000000000000000000000000000000000000000000000000000000000000000000000100 
	Parameter ap_ST_fsm_state5 bound to: 130'b0000000000000000000000000000000000000000000000000000000000000000000000000000000000000000000000000000000000000000000000000000001000 
	Parameter ap_ST_fsm_state6 bound to: 130'b0000000000000000000000000000000000000000000000000000000000000000000000000000000000000000000000000000000000000000000000000000010000 
	Parameter ap_ST_fsm_state7 bound to: 130'b0000000000000000000000000000000000000000000000000000000000000000000000000000000000000000000000000000000000000000000000000000100000 
	Parameter ap_ST_fsm_state8 bound to: 130'b0000000000000000000000000000000000000000000000000000000000000000000000000000000000000000000000000000000000000000000000000001000000 
	Parameter ap_ST_fsm_state9 bound to: 130'b0000000000000000000000000000000000000000000000000000000000000000000000000000000000000000000000000000000000000000000000000010000000 
	Parameter ap_ST_fsm_state10 bound to: 130'b0000000000000000000000000000000000000000000000000000000000000000000000000000000000000000000000000000000000000000000000000100000000 
	Parameter ap_ST_fsm_state11 bound to: 130'b0000000000000000000000000000000000000000000000000000000000000000000000000000000000000000000000000000000000000000000000001000000000 
	Parameter ap_ST_fsm_state12 bound to: 130'b0000000000000000000000000000000000000000000000000000000000000000000000000000000000000000000000000000000000000000000000010000000000 
	Parameter ap_ST_fsm_state13 bound to: 130'b0000000000000000000000000000000000000000000000000000000000000000000000000000000000000000000000000000000000000000000000100000000000 
	Parameter ap_ST_fsm_state14 bound to: 130'b0000000000000000000000000000000000000000000000000000000000000000000000000000000000000000000000000000000000000000000001000000000000 
	Parameter ap_ST_fsm_state15 bound to: 130'b0000000000000000000000000000000000000000000000000000000000000000000000000000000000000000000000000000000000000000000010000000000000 
	Parameter ap_ST_fsm_state16 bound to: 130'b0000000000000000000000000000000000000000000000000000000000000000000000000000000000000000000000000000000000000000000100000000000000 
	Parameter ap_ST_fsm_state17 bound to: 130'b0000000000000000000000000000000000000000000000000000000000000000000000000000000000000000000000000000000000000000001000000000000000 
	Parameter ap_ST_fsm_state18 bound to: 130'b0000000000000000000000000000000000000000000000000000000000000000000000000000000000000000000000000000000000000000010000000000000000 
	Parameter ap_ST_fsm_state19 bound to: 130'b0000000000000000000000000000000000000000000000000000000000000000000000000000000000000000000000000000000000000000100000000000000000 
	Parameter ap_ST_fsm_state20 bound to: 130'b0000000000000000000000000000000000000000000000000000000000000000000000000000000000000000000000000000000000000001000000000000000000 
	Parameter ap_ST_fsm_state21 bound to: 130'b0000000000000000000000000000000000000000000000000000000000000000000000000000000000000000000000000000000000000010000000000000000000 
	Parameter ap_ST_fsm_state22 bound to: 130'b0000000000000000000000000000000000000000000000000000000000000000000000000000000000000000000000000000000000000100000000000000000000 
	Parameter ap_ST_fsm_state23 bound to: 130'b0000000000000000000000000000000000000000000000000000000000000000000000000000000000000000000000000000000000001000000000000000000000 
	Parameter ap_ST_fsm_state24 bound to: 130'b0000000000000000000000000000000000000000000000000000000000000000000000000000000000000000000000000000000000010000000000000000000000 
	Parameter ap_ST_fsm_state25 bound to: 130'b0000000000000000000000000000000000000000000000000000000000000000000000000000000000000000000000000000000000100000000000000000000000 
	Parameter ap_ST_fsm_state26 bound to: 130'b0000000000000000000000000000000000000000000000000000000000000000000000000000000000000000000000000000000001000000000000000000000000 
	Parameter ap_ST_fsm_state27 bound to: 130'b0000000000000000000000000000000000000000000000000000000000000000000000000000000000000000000000000000000010000000000000000000000000 
	Parameter ap_ST_fsm_state28 bound to: 130'b0000000000000000000000000000000000000000000000000000000000000000000000000000000000000000000000000000000100000000000000000000000000 
	Parameter ap_ST_fsm_state29 bound to: 130'b0000000000000000000000000000000000000000000000000000000000000000000000000000000000000000000000000000001000000000000000000000000000 
	Parameter ap_ST_fsm_state30 bound to: 130'b0000000000000000000000000000000000000000000000000000000000000000000000000000000000000000000000000000010000000000000000000000000000 
	Parameter ap_ST_fsm_state31 bound to: 130'b0000000000000000000000000000000000000000000000000000000000000000000000000000000000000000000000000000100000000000000000000000000000 
	Parameter ap_ST_fsm_state32 bound to: 130'b0000000000000000000000000000000000000000000000000000000000000000000000000000000000000000000000000001000000000000000000000000000000 
	Parameter ap_ST_fsm_state33 bound to: 130'b0000000000000000000000000000000000000000000000000000000000000000000000000000000000000000000000000010000000000000000000000000000000 
	Parameter ap_ST_fsm_state34 bound to: 130'b0000000000000000000000000000000000000000000000000000000000000000000000000000000000000000000000000100000000000000000000000000000000 
	Parameter ap_ST_fsm_state35 bound to: 130'b0000000000000000000000000000000000000000000000000000000000000000000000000000000000000000000000001000000000000000000000000000000000 
	Parameter ap_ST_fsm_state36 bound to: 130'b0000000000000000000000000000000000000000000000000000000000000000000000000000000000000000000000010000000000000000000000000000000000 
	Parameter ap_ST_fsm_state37 bound to: 130'b0000000000000000000000000000000000000000000000000000000000000000000000000000000000000000000000100000000000000000000000000000000000 
	Parameter ap_ST_fsm_state38 bound to: 130'b0000000000000000000000000000000000000000000000000000000000000000000000000000000000000000000001000000000000000000000000000000000000 
	Parameter ap_ST_fsm_state39 bound to: 130'b0000000000000000000000000000000000000000000000000000000000000000000000000000000000000000000010000000000000000000000000000000000000 
	Parameter ap_ST_fsm_state40 bound to: 130'b0000000000000000000000000000000000000000000000000000000000000000000000000000000000000000000100000000000000000000000000000000000000 
	Parameter ap_ST_fsm_state41 bound to: 130'b0000000000000000000000000000000000000000000000000000000000000000000000000000000000000000001000000000000000000000000000000000000000 
	Parameter ap_ST_fsm_state42 bound to: 130'b0000000000000000000000000000000000000000000000000000000000000000000000000000000000000000010000000000000000000000000000000000000000 
	Parameter ap_ST_fsm_state43 bound to: 130'b0000000000000000000000000000000000000000000000000000000000000000000000000000000000000000100000000000000000000000000000000000000000 
	Parameter ap_ST_fsm_state44 bound to: 130'b0000000000000000000000000000000000000000000000000000000000000000000000000000000000000001000000000000000000000000000000000000000000 
	Parameter ap_ST_fsm_state45 bound to: 130'b0000000000000000000000000000000000000000000000000000000000000000000000000000000000000010000000000000000000000000000000000000000000 
	Parameter ap_ST_fsm_state46 bound to: 130'b0000000000000000000000000000000000000000000000000000000000000000000000000000000000000100000000000000000000000000000000000000000000 
	Parameter ap_ST_fsm_state47 bound to: 130'b0000000000000000000000000000000000000000000000000000000000000000000000000000000000001000000000000000000000000000000000000000000000 
	Parameter ap_ST_fsm_state48 bound to: 130'b0000000000000000000000000000000000000000000000000000000000000000000000000000000000010000000000000000000000000000000000000000000000 
	Parameter ap_ST_fsm_state49 bound to: 130'b0000000000000000000000000000000000000000000000000000000000000000000000000000000000100000000000000000000000000000000000000000000000 
	Parameter ap_ST_fsm_state50 bound to: 130'b0000000000000000000000000000000000000000000000000000000000000000000000000000000001000000000000000000000000000000000000000000000000 
	Parameter ap_ST_fsm_state51 bound to: 130'b0000000000000000000000000000000000000000000000000000000000000000000000000000000010000000000000000000000000000000000000000000000000 
	Parameter ap_ST_fsm_state52 bound to: 130'b0000000000000000000000000000000000000000000000000000000000000000000000000000000100000000000000000000000000000000000000000000000000 
	Parameter ap_ST_fsm_state53 bound to: 130'b0000000000000000000000000000000000000000000000000000000000000000000000000000001000000000000000000000000000000000000000000000000000 
	Parameter ap_ST_fsm_state54 bound to: 130'b0000000000000000000000000000000000000000000000000000000000000000000000000000010000000000000000000000000000000000000000000000000000 
	Parameter ap_ST_fsm_state55 bound to: 130'b0000000000000000000000000000000000000000000000000000000000000000000000000000100000000000000000000000000000000000000000000000000000 
	Parameter ap_ST_fsm_state56 bound to: 130'b0000000000000000000000000000000000000000000000000000000000000000000000000001000000000000000000000000000000000000000000000000000000 
	Parameter ap_ST_fsm_state57 bound to: 130'b0000000000000000000000000000000000000000000000000000000000000000000000000010000000000000000000000000000000000000000000000000000000 
	Parameter ap_ST_fsm_state58 bound to: 130'b0000000000000000000000000000000000000000000000000000000000000000000000000100000000000000000000000000000000000000000000000000000000 
	Parameter ap_ST_fsm_state59 bound to: 130'b0000000000000000000000000000000000000000000000000000000000000000000000001000000000000000000000000000000000000000000000000000000000 
	Parameter ap_ST_fsm_state60 bound to: 130'b0000000000000000000000000000000000000000000000000000000000000000000000010000000000000000000000000000000000000000000000000000000000 
	Parameter ap_ST_fsm_state61 bound to: 130'b0000000000000000000000000000000000000000000000000000000000000000000000100000000000000000000000000000000000000000000000000000000000 
	Parameter ap_ST_fsm_state62 bound to: 130'b0000000000000000000000000000000000000000000000000000000000000000000001000000000000000000000000000000000000000000000000000000000000 
	Parameter ap_ST_fsm_state63 bound to: 130'b0000000000000000000000000000000000000000000000000000000000000000000010000000000000000000000000000000000000000000000000000000000000 
	Parameter ap_ST_fsm_state64 bound to: 130'b0000000000000000000000000000000000000000000000000000000000000000000100000000000000000000000000000000000000000000000000000000000000 
	Parameter ap_ST_fsm_state65 bound to: 130'b0000000000000000000000000000000000000000000000000000000000000000001000000000000000000000000000000000000000000000000000000000000000 
	Parameter ap_ST_fsm_state66 bound to: 130'b0000000000000000000000000000000000000000000000000000000000000000010000000000000000000000000000000000000000000000000000000000000000 
	Parameter ap_ST_fsm_state67 bound to: 130'b0000000000000000000000000000000000000000000000000000000000000000100000000000000000000000000000000000000000000000000000000000000000 
	Parameter ap_ST_fsm_state68 bound to: 130'b0000000000000000000000000000000000000000000000000000000000000001000000000000000000000000000000000000000000000000000000000000000000 
	Parameter ap_ST_fsm_state69 bound to: 130'b0000000000000000000000000000000000000000000000000000000000000010000000000000000000000000000000000000000000000000000000000000000000 
	Parameter ap_ST_fsm_state70 bound to: 130'b0000000000000000000000000000000000000000000000000000000000000100000000000000000000000000000000000000000000000000000000000000000000 
	Parameter ap_ST_fsm_state71 bound to: 130'b0000000000000000000000000000000000000000000000000000000000001000000000000000000000000000000000000000000000000000000000000000000000 
	Parameter ap_ST_fsm_state72 bound to: 130'b0000000000000000000000000000000000000000000000000000000000010000000000000000000000000000000000000000000000000000000000000000000000 
	Parameter ap_ST_fsm_state73 bound to: 130'b0000000000000000000000000000000000000000000000000000000000100000000000000000000000000000000000000000000000000000000000000000000000 
	Parameter ap_ST_fsm_state74 bound to: 130'b0000000000000000000000000000000000000000000000000000000001000000000000000000000000000000000000000000000000000000000000000000000000 
	Parameter ap_ST_fsm_state75 bound to: 130'b0000000000000000000000000000000000000000000000000000000010000000000000000000000000000000000000000000000000000000000000000000000000 
	Parameter ap_ST_fsm_state76 bound to: 130'b0000000000000000000000000000000000000000000000000000000100000000000000000000000000000000000000000000000000000000000000000000000000 
	Parameter ap_ST_fsm_state77 bound to: 130'b0000000000000000000000000000000000000000000000000000001000000000000000000000000000000000000000000000000000000000000000000000000000 
	Parameter ap_ST_fsm_state78 bound to: 130'b0000000000000000000000000000000000000000000000000000010000000000000000000000000000000000000000000000000000000000000000000000000000 
	Parameter ap_ST_fsm_state79 bound to: 130'b0000000000000000000000000000000000000000000000000000100000000000000000000000000000000000000000000000000000000000000000000000000000 
	Parameter ap_ST_fsm_state80 bound to: 130'b0000000000000000000000000000000000000000000000000001000000000000000000000000000000000000000000000000000000000000000000000000000000 
	Parameter ap_ST_fsm_state81 bound to: 130'b0000000000000000000000000000000000000000000000000010000000000000000000000000000000000000000000000000000000000000000000000000000000 
	Parameter ap_ST_fsm_state82 bound to: 130'b0000000000000000000000000000000000000000000000000100000000000000000000000000000000000000000000000000000000000000000000000000000000 
	Parameter ap_ST_fsm_state83 bound to: 130'b0000000000000000000000000000000000000000000000001000000000000000000000000000000000000000000000000000000000000000000000000000000000 
	Parameter ap_ST_fsm_state84 bound to: 130'b0000000000000000000000000000000000000000000000010000000000000000000000000000000000000000000000000000000000000000000000000000000000 
	Parameter ap_ST_fsm_state85 bound to: 130'b0000000000000000000000000000000000000000000000100000000000000000000000000000000000000000000000000000000000000000000000000000000000 
	Parameter ap_ST_fsm_state86 bound to: 130'b0000000000000000000000000000000000000000000001000000000000000000000000000000000000000000000000000000000000000000000000000000000000 
	Parameter ap_ST_fsm_state87 bound to: 130'b0000000000000000000000000000000000000000000010000000000000000000000000000000000000000000000000000000000000000000000000000000000000 
	Parameter ap_ST_fsm_state88 bound to: 130'b0000000000000000000000000000000000000000000100000000000000000000000000000000000000000000000000000000000000000000000000000000000000 
	Parameter ap_ST_fsm_state89 bound to: 130'b0000000000000000000000000000000000000000001000000000000000000000000000000000000000000000000000000000000000000000000000000000000000 
	Parameter ap_ST_fsm_state90 bound to: 130'b0000000000000000000000000000000000000000010000000000000000000000000000000000000000000000000000000000000000000000000000000000000000 
	Parameter ap_ST_fsm_state91 bound to: 130'b0000000000000000000000000000000000000000100000000000000000000000000000000000000000000000000000000000000000000000000000000000000000 
	Parameter ap_ST_fsm_state92 bound to: 130'b0000000000000000000000000000000000000001000000000000000000000000000000000000000000000000000000000000000000000000000000000000000000 
	Parameter ap_ST_fsm_state93 bound to: 130'b0000000000000000000000000000000000000010000000000000000000000000000000000000000000000000000000000000000000000000000000000000000000 
	Parameter ap_ST_fsm_state94 bound to: 130'b0000000000000000000000000000000000000100000000000000000000000000000000000000000000000000000000000000000000000000000000000000000000 
	Parameter ap_ST_fsm_state95 bound to: 130'b0000000000000000000000000000000000001000000000000000000000000000000000000000000000000000000000000000000000000000000000000000000000 
	Parameter ap_ST_fsm_state96 bound to: 130'b0000000000000000000000000000000000010000000000000000000000000000000000000000000000000000000000000000000000000000000000000000000000 
	Parameter ap_ST_fsm_state97 bound to: 130'b0000000000000000000000000000000000100000000000000000000000000000000000000000000000000000000000000000000000000000000000000000000000 
	Parameter ap_ST_fsm_state98 bound to: 130'b0000000000000000000000000000000001000000000000000000000000000000000000000000000000000000000000000000000000000000000000000000000000 
	Parameter ap_ST_fsm_state99 bound to: 130'b0000000000000000000000000000000010000000000000000000000000000000000000000000000000000000000000000000000000000000000000000000000000 
	Parameter ap_ST_fsm_state100 bound to: 130'b0000000000000000000000000000000100000000000000000000000000000000000000000000000000000000000000000000000000000000000000000000000000 
	Parameter ap_ST_fsm_state101 bound to: 130'b0000000000000000000000000000001000000000000000000000000000000000000000000000000000000000000000000000000000000000000000000000000000 
	Parameter ap_ST_fsm_state102 bound to: 130'b0000000000000000000000000000010000000000000000000000000000000000000000000000000000000000000000000000000000000000000000000000000000 
	Parameter ap_ST_fsm_state103 bound to: 130'b0000000000000000000000000000100000000000000000000000000000000000000000000000000000000000000000000000000000000000000000000000000000 
	Parameter ap_ST_fsm_state104 bound to: 130'b0000000000000000000000000001000000000000000000000000000000000000000000000000000000000000000000000000000000000000000000000000000000 
	Parameter ap_ST_fsm_state105 bound to: 130'b0000000000000000000000000010000000000000000000000000000000000000000000000000000000000000000000000000000000000000000000000000000000 
	Parameter ap_ST_fsm_state106 bound to: 130'b0000000000000000000000000100000000000000000000000000000000000000000000000000000000000000000000000000000000000000000000000000000000 
	Parameter ap_ST_fsm_state107 bound to: 130'b0000000000000000000000001000000000000000000000000000000000000000000000000000000000000000000000000000000000000000000000000000000000 
	Parameter ap_ST_fsm_state108 bound to: 130'b0000000000000000000000010000000000000000000000000000000000000000000000000000000000000000000000000000000000000000000000000000000000 
	Parameter ap_ST_fsm_state109 bound to: 130'b0000000000000000000000100000000000000000000000000000000000000000000000000000000000000000000000000000000000000000000000000000000000 
	Parameter ap_ST_fsm_state110 bound to: 130'b0000000000000000000001000000000000000000000000000000000000000000000000000000000000000000000000000000000000000000000000000000000000 
	Parameter ap_ST_fsm_state111 bound to: 130'b0000000000000000000010000000000000000000000000000000000000000000000000000000000000000000000000000000000000000000000000000000000000 
	Parameter ap_ST_fsm_state112 bound to: 130'b0000000000000000000100000000000000000000000000000000000000000000000000000000000000000000000000000000000000000000000000000000000000 
	Parameter ap_ST_fsm_state113 bound to: 130'b0000000000000000001000000000000000000000000000000000000000000000000000000000000000000000000000000000000000000000000000000000000000 
	Parameter ap_ST_fsm_state114 bound to: 130'b0000000000000000010000000000000000000000000000000000000000000000000000000000000000000000000000000000000000000000000000000000000000 
	Parameter ap_ST_fsm_state115 bound to: 130'b0000000000000000100000000000000000000000000000000000000000000000000000000000000000000000000000000000000000000000000000000000000000 
	Parameter ap_ST_fsm_state116 bound to: 130'b0000000000000001000000000000000000000000000000000000000000000000000000000000000000000000000000000000000000000000000000000000000000 
	Parameter ap_ST_fsm_state117 bound to: 130'b0000000000000010000000000000000000000000000000000000000000000000000000000000000000000000000000000000000000000000000000000000000000 
	Parameter ap_ST_fsm_state118 bound to: 130'b0000000000000100000000000000000000000000000000000000000000000000000000000000000000000000000000000000000000000000000000000000000000 
	Parameter ap_ST_fsm_state119 bound to: 130'b0000000000001000000000000000000000000000000000000000000000000000000000000000000000000000000000000000000000000000000000000000000000 
	Parameter ap_ST_fsm_state120 bound to: 130'b0000000000010000000000000000000000000000000000000000000000000000000000000000000000000000000000000000000000000000000000000000000000 
	Parameter ap_ST_fsm_state121 bound to: 130'b0000000000100000000000000000000000000000000000000000000000000000000000000000000000000000000000000000000000000000000000000000000000 
	Parameter ap_ST_fsm_state122 bound to: 130'b0000000001000000000000000000000000000000000000000000000000000000000000000000000000000000000000000000000000000000000000000000000000 
	Parameter ap_ST_fsm_state123 bound to: 130'b0000000010000000000000000000000000000000000000000000000000000000000000000000000000000000000000000000000000000000000000000000000000 
	Parameter ap_ST_fsm_state124 bound to: 130'b0000000100000000000000000000000000000000000000000000000000000000000000000000000000000000000000000000000000000000000000000000000000 
	Parameter ap_ST_fsm_state125 bound to: 130'b0000001000000000000000000000000000000000000000000000000000000000000000000000000000000000000000000000000000000000000000000000000000 
	Parameter ap_ST_fsm_state126 bound to: 130'b0000010000000000000000000000000000000000000000000000000000000000000000000000000000000000000000000000000000000000000000000000000000 
	Parameter ap_ST_fsm_state127 bound to: 130'b0000100000000000000000000000000000000000000000000000000000000000000000000000000000000000000000000000000000000000000000000000000000 
	Parameter ap_ST_fsm_state128 bound to: 130'b0001000000000000000000000000000000000000000000000000000000000000000000000000000000000000000000000000000000000000000000000000000000 
	Parameter ap_ST_fsm_state129 bound to: 130'b0010000000000000000000000000000000000000000000000000000000000000000000000000000000000000000000000000000000000000000000000000000000 
	Parameter ap_ST_fsm_state130 bound to: 130'b0100000000000000000000000000000000000000000000000000000000000000000000000000000000000000000000000000000000000000000000000000000000 
	Parameter ap_ST_fsm_state131 bound to: 130'b1000000000000000000000000000000000000000000000000000000000000000000000000000000000000000000000000000000000000000000000000000000000 
INFO: [Synth 8-6157] synthesizing module 'laplacianCalculator_makeHalfLaplacian' [C:/Users/zakkh/Dark_Matter/PartitionAcceleratorHLS/Zakk/Vivado/Laplacian Calculator RTL/hdl/verilog/laplacianCalculator_makeHalfLaplacian.v:10]
INFO: [Synth 8-6157] synthesizing module 'laplacianCalculator_mux_326_32_1_1' [C:/Users/zakkh/Dark_Matter/PartitionAcceleratorHLS/Zakk/Vivado/Laplacian Calculator RTL/hdl/verilog/laplacianCalculator_mux_326_32_1_1.v:8]
	Parameter ID bound to: 1 - type: integer 
	Parameter NUM_STAGE bound to: 1 - type: integer 
	Parameter din0_WIDTH bound to: 32 - type: integer 
	Parameter din1_WIDTH bound to: 32 - type: integer 
	Parameter din2_WIDTH bound to: 32 - type: integer 
	Parameter din3_WIDTH bound to: 32 - type: integer 
	Parameter din4_WIDTH bound to: 32 - type: integer 
	Parameter din5_WIDTH bound to: 32 - type: integer 
	Parameter din6_WIDTH bound to: 32 - type: integer 
	Parameter din7_WIDTH bound to: 32 - type: integer 
	Parameter din8_WIDTH bound to: 32 - type: integer 
	Parameter din9_WIDTH bound to: 32 - type: integer 
	Parameter din10_WIDTH bound to: 32 - type: integer 
	Parameter din11_WIDTH bound to: 32 - type: integer 
	Parameter din12_WIDTH bound to: 32 - type: integer 
	Parameter din13_WIDTH bound to: 32 - type: integer 
	Parameter din14_WIDTH bound to: 32 - type: integer 
	Parameter din15_WIDTH bound to: 32 - type: integer 
	Parameter din16_WIDTH bound to: 32 - type: integer 
	Parameter din17_WIDTH bound to: 32 - type: integer 
	Parameter din18_WIDTH bound to: 32 - type: integer 
	Parameter din19_WIDTH bound to: 32 - type: integer 
	Parameter din20_WIDTH bound to: 32 - type: integer 
	Parameter din21_WIDTH bound to: 32 - type: integer 
	Parameter din22_WIDTH bound to: 32 - type: integer 
	Parameter din23_WIDTH bound to: 32 - type: integer 
	Parameter din24_WIDTH bound to: 32 - type: integer 
	Parameter din25_WIDTH bound to: 32 - type: integer 
	Parameter din26_WIDTH bound to: 32 - type: integer 
	Parameter din27_WIDTH bound to: 32 - type: integer 
	Parameter din28_WIDTH bound to: 32 - type: integer 
	Parameter din29_WIDTH bound to: 32 - type: integer 
	Parameter din30_WIDTH bound to: 32 - type: integer 
	Parameter din31_WIDTH bound to: 32 - type: integer 
	Parameter din32_WIDTH bound to: 6 - type: integer 
	Parameter dout_WIDTH bound to: 32 - type: integer 
INFO: [Synth 8-6155] done synthesizing module 'laplacianCalculator_mux_326_32_1_1' (1#1) [C:/Users/zakkh/Dark_Matter/PartitionAcceleratorHLS/Zakk/Vivado/Laplacian Calculator RTL/hdl/verilog/laplacianCalculator_mux_326_32_1_1.v:8]
INFO: [Synth 8-6155] done synthesizing module 'laplacianCalculator_makeHalfLaplacian' (2#1) [C:/Users/zakkh/Dark_Matter/PartitionAcceleratorHLS/Zakk/Vivado/Laplacian Calculator RTL/hdl/verilog/laplacianCalculator_makeHalfLaplacian.v:10]
INFO: [Synth 8-6157] synthesizing module 'laplacianCalculator_mux_164_32_1_1' [C:/Users/zakkh/Dark_Matter/PartitionAcceleratorHLS/Zakk/Vivado/Laplacian Calculator RTL/hdl/verilog/laplacianCalculator_mux_164_32_1_1.v:8]
	Parameter ID bound to: 1 - type: integer 
	Parameter NUM_STAGE bound to: 1 - type: integer 
	Parameter din0_WIDTH bound to: 32 - type: integer 
	Parameter din1_WIDTH bound to: 32 - type: integer 
	Parameter din2_WIDTH bound to: 32 - type: integer 
	Parameter din3_WIDTH bound to: 32 - type: integer 
	Parameter din4_WIDTH bound to: 32 - type: integer 
	Parameter din5_WIDTH bound to: 32 - type: integer 
	Parameter din6_WIDTH bound to: 32 - type: integer 
	Parameter din7_WIDTH bound to: 32 - type: integer 
	Parameter din8_WIDTH bound to: 32 - type: integer 
	Parameter din9_WIDTH bound to: 32 - type: integer 
	Parameter din10_WIDTH bound to: 32 - type: integer 
	Parameter din11_WIDTH bound to: 32 - type: integer 
	Parameter din12_WIDTH bound to: 32 - type: integer 
	Parameter din13_WIDTH bound to: 32 - type: integer 
	Parameter din14_WIDTH bound to: 32 - type: integer 
	Parameter din15_WIDTH bound to: 32 - type: integer 
	Parameter din16_WIDTH bound to: 4 - type: integer 
	Parameter dout_WIDTH bound to: 32 - type: integer 
INFO: [Synth 8-6155] done synthesizing module 'laplacianCalculator_mux_164_32_1_1' (3#1) [C:/Users/zakkh/Dark_Matter/PartitionAcceleratorHLS/Zakk/Vivado/Laplacian Calculator RTL/hdl/verilog/laplacianCalculator_mux_164_32_1_1.v:8]
INFO: [Synth 8-6155] done synthesizing module 'laplacianCalculator_singleNodeLaplacianCalculator' (4#1) [C:/Users/zakkh/Dark_Matter/PartitionAcceleratorHLS/Zakk/Vivado/Laplacian Calculator RTL/hdl/verilog/laplacianCalculator_singleNodeLaplacianCalculator.v:10]
INFO: [Synth 8-6157] synthesizing module 'laplacianCalculator_decodeCoordinates_3ul_s' [C:/Users/zakkh/Dark_Matter/PartitionAcceleratorHLS/Zakk/Vivado/Laplacian Calculator RTL/hdl/verilog/laplacianCalculator_decodeCoordinates_3ul_s.v:10]
	Parameter ap_ST_fsm_state1 bound to: 73'b0000000000000000000000000000000000000000000000000000000000000000000000001 
	Parameter ap_ST_fsm_state2 bound to: 73'b0000000000000000000000000000000000000000000000000000000000000000000000010 
	Parameter ap_ST_fsm_state3 bound to: 73'b0000000000000000000000000000000000000000000000000000000000000000000000100 
	Parameter ap_ST_fsm_state4 bound to: 73'b0000000000000000000000000000000000000000000000000000000000000000000001000 
	Parameter ap_ST_fsm_state5 bound to: 73'b0000000000000000000000000000000000000000000000000000000000000000000010000 
	Parameter ap_ST_fsm_state6 bound to: 73'b0000000000000000000000000000000000000000000000000000000000000000000100000 
	Parameter ap_ST_fsm_state7 bound to: 73'b0000000000000000000000000000000000000000000000000000000000000000001000000 
	Parameter ap_ST_fsm_state8 bound to: 73'b0000000000000000000000000000000000000000000000000000000000000000010000000 
	Parameter ap_ST_fsm_state9 bound to: 73'b0000000000000000000000000000000000000000000000000000000000000000100000000 
	Parameter ap_ST_fsm_state10 bound to: 73'b0000000000000000000000000000000000000000000000000000000000000001000000000 
	Parameter ap_ST_fsm_state11 bound to: 73'b0000000000000000000000000000000000000000000000000000000000000010000000000 
	Parameter ap_ST_fsm_state12 bound to: 73'b0000000000000000000000000000000000000000000000000000000000000100000000000 
	Parameter ap_ST_fsm_state13 bound to: 73'b0000000000000000000000000000000000000000000000000000000000001000000000000 
	Parameter ap_ST_fsm_state14 bound to: 73'b0000000000000000000000000000000000000000000000000000000000010000000000000 
	Parameter ap_ST_fsm_state15 bound to: 73'b0000000000000000000000000000000000000000000000000000000000100000000000000 
	Parameter ap_ST_fsm_state16 bound to: 73'b0000000000000000000000000000000000000000000000000000000001000000000000000 
	Parameter ap_ST_fsm_state17 bound to: 73'b0000000000000000000000000000000000000000000000000000000010000000000000000 
	Parameter ap_ST_fsm_state18 bound to: 73'b0000000000000000000000000000000000000000000000000000000100000000000000000 
	Parameter ap_ST_fsm_state19 bound to: 73'b0000000000000000000000000000000000000000000000000000001000000000000000000 
	Parameter ap_ST_fsm_state20 bound to: 73'b0000000000000000000000000000000000000000000000000000010000000000000000000 
	Parameter ap_ST_fsm_state21 bound to: 73'b0000000000000000000000000000000000000000000000000000100000000000000000000 
	Parameter ap_ST_fsm_state22 bound to: 73'b0000000000000000000000000000000000000000000000000001000000000000000000000 
	Parameter ap_ST_fsm_state23 bound to: 73'b0000000000000000000000000000000000000000000000000010000000000000000000000 
	Parameter ap_ST_fsm_state24 bound to: 73'b0000000000000000000000000000000000000000000000000100000000000000000000000 
	Parameter ap_ST_fsm_state25 bound to: 73'b0000000000000000000000000000000000000000000000001000000000000000000000000 
	Parameter ap_ST_fsm_state26 bound to: 73'b0000000000000000000000000000000000000000000000010000000000000000000000000 
	Parameter ap_ST_fsm_state27 bound to: 73'b0000000000000000000000000000000000000000000000100000000000000000000000000 
	Parameter ap_ST_fsm_state28 bound to: 73'b0000000000000000000000000000000000000000000001000000000000000000000000000 
	Parameter ap_ST_fsm_state29 bound to: 73'b0000000000000000000000000000000000000000000010000000000000000000000000000 
	Parameter ap_ST_fsm_state30 bound to: 73'b0000000000000000000000000000000000000000000100000000000000000000000000000 
	Parameter ap_ST_fsm_state31 bound to: 73'b0000000000000000000000000000000000000000001000000000000000000000000000000 
	Parameter ap_ST_fsm_state32 bound to: 73'b0000000000000000000000000000000000000000010000000000000000000000000000000 
	Parameter ap_ST_fsm_state33 bound to: 73'b0000000000000000000000000000000000000000100000000000000000000000000000000 
	Parameter ap_ST_fsm_state34 bound to: 73'b0000000000000000000000000000000000000001000000000000000000000000000000000 
	Parameter ap_ST_fsm_state35 bound to: 73'b0000000000000000000000000000000000000010000000000000000000000000000000000 
	Parameter ap_ST_fsm_state36 bound to: 73'b0000000000000000000000000000000000000100000000000000000000000000000000000 
	Parameter ap_ST_fsm_state37 bound to: 73'b0000000000000000000000000000000000001000000000000000000000000000000000000 
	Parameter ap_ST_fsm_state38 bound to: 73'b0000000000000000000000000000000000010000000000000000000000000000000000000 
	Parameter ap_ST_fsm_state39 bound to: 73'b0000000000000000000000000000000000100000000000000000000000000000000000000 
	Parameter ap_ST_fsm_state40 bound to: 73'b0000000000000000000000000000000001000000000000000000000000000000000000000 
	Parameter ap_ST_fsm_state41 bound to: 73'b0000000000000000000000000000000010000000000000000000000000000000000000000 
	Parameter ap_ST_fsm_state42 bound to: 73'b0000000000000000000000000000000100000000000000000000000000000000000000000 
	Parameter ap_ST_fsm_state43 bound to: 73'b0000000000000000000000000000001000000000000000000000000000000000000000000 
	Parameter ap_ST_fsm_state44 bound to: 73'b0000000000000000000000000000010000000000000000000000000000000000000000000 
	Parameter ap_ST_fsm_state45 bound to: 73'b0000000000000000000000000000100000000000000000000000000000000000000000000 
	Parameter ap_ST_fsm_state46 bound to: 73'b0000000000000000000000000001000000000000000000000000000000000000000000000 
	Parameter ap_ST_fsm_state47 bound to: 73'b0000000000000000000000000010000000000000000000000000000000000000000000000 
	Parameter ap_ST_fsm_state48 bound to: 73'b0000000000000000000000000100000000000000000000000000000000000000000000000 
	Parameter ap_ST_fsm_state49 bound to: 73'b0000000000000000000000001000000000000000000000000000000000000000000000000 
	Parameter ap_ST_fsm_state50 bound to: 73'b0000000000000000000000010000000000000000000000000000000000000000000000000 
	Parameter ap_ST_fsm_state51 bound to: 73'b0000000000000000000000100000000000000000000000000000000000000000000000000 
	Parameter ap_ST_fsm_state52 bound to: 73'b0000000000000000000001000000000000000000000000000000000000000000000000000 
	Parameter ap_ST_fsm_state53 bound to: 73'b0000000000000000000010000000000000000000000000000000000000000000000000000 
	Parameter ap_ST_fsm_state54 bound to: 73'b0000000000000000000100000000000000000000000000000000000000000000000000000 
	Parameter ap_ST_fsm_state55 bound to: 73'b0000000000000000001000000000000000000000000000000000000000000000000000000 
	Parameter ap_ST_fsm_state56 bound to: 73'b0000000000000000010000000000000000000000000000000000000000000000000000000 
	Parameter ap_ST_fsm_state57 bound to: 73'b0000000000000000100000000000000000000000000000000000000000000000000000000 
	Parameter ap_ST_fsm_state58 bound to: 73'b0000000000000001000000000000000000000000000000000000000000000000000000000 
	Parameter ap_ST_fsm_state59 bound to: 73'b0000000000000010000000000000000000000000000000000000000000000000000000000 
	Parameter ap_ST_fsm_state60 bound to: 73'b0000000000000100000000000000000000000000000000000000000000000000000000000 
	Parameter ap_ST_fsm_state61 bound to: 73'b0000000000001000000000000000000000000000000000000000000000000000000000000 
	Parameter ap_ST_fsm_state62 bound to: 73'b0000000000010000000000000000000000000000000000000000000000000000000000000 
	Parameter ap_ST_fsm_state63 bound to: 73'b0000000000100000000000000000000000000000000000000000000000000000000000000 
	Parameter ap_ST_fsm_state64 bound to: 73'b0000000001000000000000000000000000000000000000000000000000000000000000000 
	Parameter ap_ST_fsm_state65 bound to: 73'b0000000010000000000000000000000000000000000000000000000000000000000000000 
	Parameter ap_ST_fsm_state66 bound to: 73'b0000000100000000000000000000000000000000000000000000000000000000000000000 
	Parameter ap_ST_fsm_state67 bound to: 73'b0000001000000000000000000000000000000000000000000000000000000000000000000 
	Parameter ap_ST_fsm_state68 bound to: 73'b0000010000000000000000000000000000000000000000000000000000000000000000000 
	Parameter ap_ST_fsm_state69 bound to: 73'b0000100000000000000000000000000000000000000000000000000000000000000000000 
	Parameter ap_ST_fsm_state70 bound to: 73'b0001000000000000000000000000000000000000000000000000000000000000000000000 
	Parameter ap_ST_fsm_state71 bound to: 73'b0010000000000000000000000000000000000000000000000000000000000000000000000 
	Parameter ap_ST_fsm_state72 bound to: 73'b0100000000000000000000000000000000000000000000000000000000000000000000000 
	Parameter ap_ST_fsm_state73 bound to: 73'b1000000000000000000000000000000000000000000000000000000000000000000000000 
INFO: [Synth 8-6155] done synthesizing module 'laplacianCalculator_decodeCoordinates_3ul_s' (5#1) [C:/Users/zakkh/Dark_Matter/PartitionAcceleratorHLS/Zakk/Vivado/Laplacian Calculator RTL/hdl/verilog/laplacianCalculator_decodeCoordinates_3ul_s.v:10]
INFO: [Synth 8-6155] done synthesizing module 'laplacianCalculator' (6#1) [C:/Users/zakkh/Dark_Matter/PartitionAcceleratorHLS/Zakk/Vivado/Laplacian Calculator RTL/hdl/verilog/laplacianCalculator.v:12]
---------------------------------------------------------------------------------
Finished RTL Elaboration : Time (s): cpu = 00:00:07 ; elapsed = 00:00:20 . Memory (MB): peak = 1505.098 ; gain = 399.727
---------------------------------------------------------------------------------
---------------------------------------------------------------------------------
Start Handling Custom Attributes
---------------------------------------------------------------------------------
---------------------------------------------------------------------------------
Finished Handling Custom Attributes : Time (s): cpu = 00:00:08 ; elapsed = 00:00:23 . Memory (MB): peak = 1505.098 ; gain = 399.727
---------------------------------------------------------------------------------
---------------------------------------------------------------------------------
Finished RTL Optimization Phase 1 : Time (s): cpu = 00:00:08 ; elapsed = 00:00:23 . Memory (MB): peak = 1505.098 ; gain = 399.727
---------------------------------------------------------------------------------
Netlist sorting complete. Time (s): cpu = 00:00:00 ; elapsed = 00:00:01 . Memory (MB): peak = 1505.098 ; gain = 0.000
INFO: [Project 1-570] Preparing netlist for logic optimization

Processing XDC Constraints
Initializing timing engine
Parsing XDC File [C:/Users/zakkh/Dark_Matter/PartitionAcceleratorHLS/Zakk/Vivado/Laplacian Calculator RTL/constraints/laplacianCalculator_ooc.xdc]
Finished Parsing XDC File [C:/Users/zakkh/Dark_Matter/PartitionAcceleratorHLS/Zakk/Vivado/Laplacian Calculator RTL/constraints/laplacianCalculator_ooc.xdc]
Completed Processing XDC Constraints

Netlist sorting complete. Time (s): cpu = 00:00:00 ; elapsed = 00:00:00.020 . Memory (MB): peak = 1710.922 ; gain = 0.000
INFO: [Project 1-111] Unisim Transformation Summary:
No Unisim elements were transformed.

Constraint Validation Runtime : Time (s): cpu = 00:00:01 ; elapsed = 00:00:00.671 . Memory (MB): peak = 1710.922 ; gain = 0.000
---------------------------------------------------------------------------------
Finished Constraint Validation : Time (s): cpu = 00:00:21 ; elapsed = 00:00:49 . Memory (MB): peak = 1710.922 ; gain = 605.551
---------------------------------------------------------------------------------
---------------------------------------------------------------------------------
Start Loading Part and Timing Information
---------------------------------------------------------------------------------
Loading part: xc7vx485tffg1157-1
---------------------------------------------------------------------------------
Finished Loading Part and Timing Information : Time (s): cpu = 00:00:21 ; elapsed = 00:00:49 . Memory (MB): peak = 1710.922 ; gain = 605.551
---------------------------------------------------------------------------------
---------------------------------------------------------------------------------
Start Applying 'set_property' XDC Constraints
---------------------------------------------------------------------------------
---------------------------------------------------------------------------------
Finished applying 'set_property' XDC Constraints : Time (s): cpu = 00:00:21 ; elapsed = 00:00:49 . Memory (MB): peak = 1710.922 ; gain = 605.551
---------------------------------------------------------------------------------
INFO: [Synth 8-4490] FSM extraction disabled for register 'ap_CS_fsm_reg' through user attribute
INFO: [Synth 8-4490] FSM extraction disabled for register 'ap_CS_fsm_reg' through user attribute
INFO: [Synth 8-4490] FSM extraction disabled for register 'ap_CS_fsm_reg' through user attribute
---------------------------------------------------------------------------------
Finished RTL Optimization Phase 2 : Time (s): cpu = 00:00:26 ; elapsed = 00:01:00 . Memory (MB): peak = 1710.922 ; gain = 605.551
---------------------------------------------------------------------------------
---------------------------------------------------------------------------------
Start RTL Component Statistics 
---------------------------------------------------------------------------------
Detailed RTL Component Info : 
+---Adders : 
	   2 Input   32 Bit       Adders := 34    
	   4 Input    8 Bit       Adders := 16    
	   2 Input    5 Bit       Adders := 1     
+---XORs : 
	   2 Input      1 Bit         XORs := 1     
+---Registers : 
	               97 Bit    Registers := 1     
	               73 Bit    Registers := 1     
	               32 Bit    Registers := 320   
	               16 Bit    Registers := 572   
	                8 Bit    Registers := 512   
	                6 Bit    Registers := 256   
	                5 Bit    Registers := 1     
	                4 Bit    Registers := 1     
	                1 Bit    Registers := 4     
+---Muxes : 
	 131 Input  130 Bit        Muxes := 1     
	   2 Input   97 Bit        Muxes := 1     
	   2 Input   96 Bit        Muxes := 1     
	   2 Input   94 Bit        Muxes := 1     
	   2 Input   92 Bit        Muxes := 1     
	   2 Input   90 Bit        Muxes := 1     
	   2 Input   88 Bit        Muxes := 1     
	   2 Input   86 Bit        Muxes := 1     
	   2 Input   84 Bit        Muxes := 1     
	   2 Input   82 Bit        Muxes := 1     
	   2 Input   80 Bit        Muxes := 1     
	   2 Input   78 Bit        Muxes := 1     
	   2 Input   76 Bit        Muxes := 1     
	   2 Input   74 Bit        Muxes := 1     
	  74 Input   73 Bit        Muxes := 1     
	   2 Input   72 Bit        Muxes := 1     
	   2 Input   70 Bit        Muxes := 1     
	   2 Input   68 Bit        Muxes := 1     
	   2 Input   66 Bit        Muxes := 1     
	   2 Input   64 Bit        Muxes := 1     
	   2 Input   62 Bit        Muxes := 1     
	   2 Input   60 Bit        Muxes := 1     
	   2 Input   58 Bit        Muxes := 1     
	   2 Input   56 Bit        Muxes := 1     
	   2 Input   54 Bit        Muxes := 1     
	   2 Input   52 Bit        Muxes := 1     
	   2 Input   50 Bit        Muxes := 1     
	   2 Input   48 Bit        Muxes := 1     
	   2 Input   46 Bit        Muxes := 1     
	   2 Input   44 Bit        Muxes := 1     
	   2 Input   42 Bit        Muxes := 1     
	   2 Input   40 Bit        Muxes := 1     
	   2 Input   38 Bit        Muxes := 1     
	   2 Input   36 Bit        Muxes := 1     
	   2 Input   34 Bit        Muxes := 1     
	   2 Input   32 Bit        Muxes := 509   
	   2 Input   30 Bit        Muxes := 1     
	   2 Input   28 Bit        Muxes := 1     
	   2 Input   26 Bit        Muxes := 1     
	   2 Input   24 Bit        Muxes := 1     
	   2 Input   22 Bit        Muxes := 1     
	   2 Input   20 Bit        Muxes := 1     
	   2 Input   18 Bit        Muxes := 1     
	   2 Input   16 Bit        Muxes := 1     
	   2 Input   14 Bit        Muxes := 1     
	   2 Input   12 Bit        Muxes := 1     
	   2 Input   10 Bit        Muxes := 1     
	  72 Input    9 Bit        Muxes := 1     
	   2 Input    8 Bit        Muxes := 33    
	   2 Input    6 Bit        Muxes := 1     
	   2 Input    4 Bit        Muxes := 1     
	  16 Input    4 Bit        Muxes := 1     
	   3 Input    3 Bit        Muxes := 1     
	   2 Input    3 Bit        Muxes := 1     
	   2 Input    2 Bit        Muxes := 4     
	   2 Input    1 Bit        Muxes := 7     
---------------------------------------------------------------------------------
Finished RTL Component Statistics 
---------------------------------------------------------------------------------
---------------------------------------------------------------------------------
Start Part Resource Summary
---------------------------------------------------------------------------------
Part Resources:
DSPs: 2800 (col length:140)
BRAMs: 2060 (col length: RAMB18 140 RAMB36 70)
---------------------------------------------------------------------------------
Finished Part Resource Summary
---------------------------------------------------------------------------------
---------------------------------------------------------------------------------
Start Cross Boundary and Area Optimization
---------------------------------------------------------------------------------
---------------------------------------------------------------------------------
Finished Cross Boundary and Area Optimization : Time (s): cpu = 00:01:03 ; elapsed = 00:02:37 . Memory (MB): peak = 1721.512 ; gain = 616.141
---------------------------------------------------------------------------------
---------------------------------------------------------------------------------
Start Applying XDC Timing Constraints
---------------------------------------------------------------------------------
---------------------------------------------------------------------------------
Finished Applying XDC Timing Constraints : Time (s): cpu = 00:01:05 ; elapsed = 00:02:42 . Memory (MB): peak = 1721.512 ; gain = 616.141
---------------------------------------------------------------------------------
---------------------------------------------------------------------------------
Start Timing Optimization
---------------------------------------------------------------------------------
---------------------------------------------------------------------------------
Finished Timing Optimization : Time (s): cpu = 00:01:24 ; elapsed = 00:03:35 . Memory (MB): peak = 1949.398 ; gain = 844.027
---------------------------------------------------------------------------------
---------------------------------------------------------------------------------
Start Technology Mapping
---------------------------------------------------------------------------------
---------------------------------------------------------------------------------
Finished Technology Mapping : Time (s): cpu = 00:01:27 ; elapsed = 00:03:46 . Memory (MB): peak = 1949.398 ; gain = 844.027
---------------------------------------------------------------------------------
---------------------------------------------------------------------------------
Start IO Insertion
---------------------------------------------------------------------------------
---------------------------------------------------------------------------------
Start Flattening Before IO Insertion
---------------------------------------------------------------------------------
---------------------------------------------------------------------------------
Finished Flattening Before IO Insertion
---------------------------------------------------------------------------------
---------------------------------------------------------------------------------
Start Final Netlist Cleanup
---------------------------------------------------------------------------------
---------------------------------------------------------------------------------
Finished Final Netlist Cleanup
---------------------------------------------------------------------------------
---------------------------------------------------------------------------------
Finished IO Insertion : Time (s): cpu = 00:01:29 ; elapsed = 00:03:50 . Memory (MB): peak = 1949.398 ; gain = 844.027
---------------------------------------------------------------------------------
---------------------------------------------------------------------------------
Start Renaming Generated Instances
---------------------------------------------------------------------------------
---------------------------------------------------------------------------------
Finished Renaming Generated Instances : Time (s): cpu = 00:01:29 ; elapsed = 00:03:50 . Memory (MB): peak = 1949.398 ; gain = 844.027
---------------------------------------------------------------------------------
---------------------------------------------------------------------------------
Start Rebuilding User Hierarchy
---------------------------------------------------------------------------------
---------------------------------------------------------------------------------
Finished Rebuilding User Hierarchy : Time (s): cpu = 00:01:30 ; elapsed = 00:03:52 . Memory (MB): peak = 1949.398 ; gain = 844.027
---------------------------------------------------------------------------------
---------------------------------------------------------------------------------
Start Renaming Generated Ports
---------------------------------------------------------------------------------
---------------------------------------------------------------------------------
Finished Renaming Generated Ports : Time (s): cpu = 00:01:30 ; elapsed = 00:03:52 . Memory (MB): peak = 1949.398 ; gain = 844.027
---------------------------------------------------------------------------------
---------------------------------------------------------------------------------
Start Handling Custom Attributes
---------------------------------------------------------------------------------
---------------------------------------------------------------------------------
Finished Handling Custom Attributes : Time (s): cpu = 00:01:31 ; elapsed = 00:03:53 . Memory (MB): peak = 1949.398 ; gain = 844.027
---------------------------------------------------------------------------------
---------------------------------------------------------------------------------
Start Renaming Generated Nets
---------------------------------------------------------------------------------
---------------------------------------------------------------------------------
Finished Renaming Generated Nets : Time (s): cpu = 00:01:31 ; elapsed = 00:03:53 . Memory (MB): peak = 1949.398 ; gain = 844.027
---------------------------------------------------------------------------------
---------------------------------------------------------------------------------
Start Writing Synthesis Report
---------------------------------------------------------------------------------

Report BlackBoxes: 
+-+--------------+----------+
| |BlackBox name |Instances |
+-+--------------+----------+
+-+--------------+----------+

Report Cell Usage: 
+------+-------+------+
|      |Cell   |Count |
+------+-------+------+
|1     |BUFG   |     1|
|2     |CARRY4 |   298|
|3     |LUT1   |     1|
|4     |LUT2   |   650|
|5     |LUT3   |  4711|
|6     |LUT4   |   237|
|7     |LUT5   |  1479|
|8     |LUT6   |  2627|
|9     |MUXF7  |   337|
|10    |MUXF8  |   160|
|11    |FDRE   | 16668|
|12    |FDSE   |     3|
|13    |IBUF   |    67|
|14    |OBUF   |    87|
+------+-------+------+
---------------------------------------------------------------------------------
Finished Writing Synthesis Report : Time (s): cpu = 00:01:31 ; elapsed = 00:03:53 . Memory (MB): peak = 1949.398 ; gain = 844.027
---------------------------------------------------------------------------------
Synthesis finished with 0 errors, 0 critical warnings and 0 warnings.
Synthesis Optimization Runtime : Time (s): cpu = 00:01:13 ; elapsed = 00:03:36 . Memory (MB): peak = 1949.398 ; gain = 638.203
Synthesis Optimization Complete : Time (s): cpu = 00:01:31 ; elapsed = 00:03:53 . Memory (MB): peak = 1949.398 ; gain = 844.027
INFO: [Project 1-571] Translating synthesized netlist
Netlist sorting complete. Time (s): cpu = 00:00:00 ; elapsed = 00:00:00.540 . Memory (MB): peak = 1949.398 ; gain = 0.000
INFO: [Netlist 29-17] Analyzing 795 Unisim elements for replacement
INFO: [Netlist 29-28] Unisim Transformation completed in 0 CPU seconds
INFO: [Project 1-570] Preparing netlist for logic optimization
INFO: [Opt 31-138] Pushed 0 inverter(s) to 0 load pin(s).
Netlist sorting complete. Time (s): cpu = 00:00:00 ; elapsed = 00:00:00.007 . Memory (MB): peak = 1949.398 ; gain = 0.000
INFO: [Project 1-111] Unisim Transformation Summary:
No Unisim elements were transformed.

INFO: [Common 17-83] Releasing license: Synthesis
30 Infos, 0 Warnings, 0 Critical Warnings and 0 Errors encountered.
synth_design completed successfully
synth_design: Time (s): cpu = 00:01:39 ; elapsed = 00:04:35 . Memory (MB): peak = 1949.398 ; gain = 844.027
INFO: [Common 17-1381] The checkpoint 'C:/Users/zakkh/Dark_Matter/PartitionAcceleratorHLS/Zakk/Vivado/Small Trackfinder/Small Trackfinder.runs/synth_1/laplacianCalculator.dcp' has been generated.
INFO: [runtcl-4] Executing : report_utilization -file laplacianCalculator_utilization_synth.rpt -pb laplacianCalculator_utilization_synth.pb
INFO: [Common 17-206] Exiting Vivado at Sun Jul 21 10:17:17 2024...
