

================================================================
== Vitis HLS Report for 'laplacianCalculator'
================================================================
* Date:           Fri Jul 19 16:47:50 2024

* Version:        2020.2 (Build 3064766 on Wed Nov 18 09:12:45 MST 2020)
* Project:        SimplifiedTrackFinder
* Solution:       solution1 (Vivado IP Flow Target)
* Product family: virtexuplus
* Target device:  xcvu11p-flga2577-1-e


================================================================
== Performance Estimates
================================================================
+ Timing: 
    * Summary: 
    +--------+----------+----------+------------+
    |  Clock |  Target  | Estimated| Uncertainty|
    +--------+----------+----------+------------+
    |ap_clk  |  10.00 ns|  4.249 ns|     2.70 ns|
    +--------+----------+----------+------------+

+ Latency: 
    * Summary: 
    +---------+---------+-----------+-----------+------+------+---------+
    |  Latency (cycles) |   Latency (absolute)  |   Interval  | Pipeline|
    |   min   |   max   |    min    |    max    |  min |  max |   Type  |
    +---------+---------+-----------+-----------+------+------+---------+
    |     7128|     7128|  71.280 us|  71.280 us|  7129|  7129|     none|
    +---------+---------+-----------+-----------+------+------+---------+

    + Detail: 
        * Instance: 
        +-----------------------------------------+-------------------------------+---------+---------+----------+----------+-----+-----+---------+
        |                                         |                               |  Latency (cycles) |  Latency (absolute) |  Interval | Pipeline|
        |                 Instance                |             Module            |   min   |   max   |    min   |    max   | min | max |   Type  |
        +-----------------------------------------+-------------------------------+---------+---------+----------+----------+-----+-----+---------+
        |grp_singleNodeLaplacianCalculator_fu_62  |singleNodeLaplacianCalculator  |      145|      145|  1.450 us|  1.450 us|  145|  145|     none|
        |grp_decodeCoordinates_3ul_s_fu_155       |decodeCoordinates_3ul_s        |       72|       72|  0.720 us|  0.720 us|   72|   72|     none|
        +-----------------------------------------+-------------------------------+---------+---------+----------+----------+-----+-----+---------+

        * Loop: 
        N/A



================================================================
== Utilization Estimates
================================================================
* Summary: 
+---------------------+---------+------+---------+---------+-----+
|         Name        | BRAM_18K|  DSP |    FF   |   LUT   | URAM|
+---------------------+---------+------+---------+---------+-----+
|DSP                  |        -|     -|        -|        -|    -|
|Expression           |        -|     -|        -|        -|    -|
|FIFO                 |        -|     -|        -|        -|    -|
|Instance             |        -|     -|    20118|    19981|    -|
|Memory               |        -|     -|        -|        -|    -|
|Multiplexer          |        -|     -|        -|     2333|    -|
|Register             |        -|     -|     9315|        -|    -|
+---------------------+---------+------+---------+---------+-----+
|Total                |        0|     0|    29433|    22314|    0|
+---------------------+---------+------+---------+---------+-----+
|Available SLR        |     1344|  3072|   864000|   432000|  320|
+---------------------+---------+------+---------+---------+-----+
|Utilization SLR (%)  |        0|     0|        3|        5|    0|
+---------------------+---------+------+---------+---------+-----+
|Available            |     4032|  9216|  2592000|  1296000|  960|
+---------------------+---------+------+---------+---------+-----+
|Utilization (%)      |        0|     0|        1|        1|    0|
+---------------------+---------+------+---------+---------+-----+

+ Detail: 
    * Instance: 
    +-----------------------------------------+-------------------------------+---------+----+-------+-------+-----+
    |                 Instance                |             Module            | BRAM_18K| DSP|   FF  |  LUT  | URAM|
    +-----------------------------------------+-------------------------------+---------+----+-------+-------+-----+
    |grp_decodeCoordinates_3ul_s_fu_155       |decodeCoordinates_3ul_s        |        0|   0|   9225|   3592|    0|
    |grp_singleNodeLaplacianCalculator_fu_62  |singleNodeLaplacianCalculator  |        0|   0|  10893|  16389|    0|
    +-----------------------------------------+-------------------------------+---------+----+-------+-------+-----+
    |Total                                    |                               |        0|   0|  20118|  19981|    0|
    +-----------------------------------------+-------------------------------+---------+----+-------+-------+-----+

    * DSP: 
    N/A

    * Memory: 
    N/A

    * FIFO: 
    N/A

    * Expression: 
    N/A

    * Multiplexer: 
    +-----------------------------------------------------------------+-----+-----------+-----+-----------+
    |                               Name                              | LUT | Input Size| Bits| Total Bits|
    +-----------------------------------------------------------------+-----+-----------+-----+-----------+
    |ap_NS_fsm                                                        |  490|         98|    1|         98|
    |grp_singleNodeLaplacianCalculator_fu_62_aboveNodeList_0_0_read   |   20|          4|   32|        128|
    |grp_singleNodeLaplacianCalculator_fu_62_aboveNodeList_0_1_read   |   20|          4|   32|        128|
    |grp_singleNodeLaplacianCalculator_fu_62_aboveNodeList_10_0_read  |   20|          4|   32|        128|
    |grp_singleNodeLaplacianCalculator_fu_62_aboveNodeList_10_1_read  |   20|          4|   32|        128|
    |grp_singleNodeLaplacianCalculator_fu_62_aboveNodeList_11_0_read  |   20|          4|   32|        128|
    |grp_singleNodeLaplacianCalculator_fu_62_aboveNodeList_11_1_read  |   20|          4|   32|        128|
    |grp_singleNodeLaplacianCalculator_fu_62_aboveNodeList_12_0_read  |   20|          4|   32|        128|
    |grp_singleNodeLaplacianCalculator_fu_62_aboveNodeList_12_1_read  |   20|          4|   32|        128|
    |grp_singleNodeLaplacianCalculator_fu_62_aboveNodeList_13_0_read  |   20|          4|   32|        128|
    |grp_singleNodeLaplacianCalculator_fu_62_aboveNodeList_13_1_read  |   20|          4|   32|        128|
    |grp_singleNodeLaplacianCalculator_fu_62_aboveNodeList_14_0_read  |   20|          4|   32|        128|
    |grp_singleNodeLaplacianCalculator_fu_62_aboveNodeList_14_1_read  |   20|          4|   32|        128|
    |grp_singleNodeLaplacianCalculator_fu_62_aboveNodeList_15_0_read  |   20|          4|   32|        128|
    |grp_singleNodeLaplacianCalculator_fu_62_aboveNodeList_15_1_read  |   20|          4|   32|        128|
    |grp_singleNodeLaplacianCalculator_fu_62_aboveNodeList_1_0_read   |   20|          4|   32|        128|
    |grp_singleNodeLaplacianCalculator_fu_62_aboveNodeList_1_1_read   |   20|          4|   32|        128|
    |grp_singleNodeLaplacianCalculator_fu_62_aboveNodeList_2_0_read   |   20|          4|   32|        128|
    |grp_singleNodeLaplacianCalculator_fu_62_aboveNodeList_2_1_read   |   20|          4|   32|        128|
    |grp_singleNodeLaplacianCalculator_fu_62_aboveNodeList_3_0_read   |   20|          4|   32|        128|
    |grp_singleNodeLaplacianCalculator_fu_62_aboveNodeList_3_1_read   |   20|          4|   32|        128|
    |grp_singleNodeLaplacianCalculator_fu_62_aboveNodeList_4_0_read   |   20|          4|   32|        128|
    |grp_singleNodeLaplacianCalculator_fu_62_aboveNodeList_4_1_read   |   20|          4|   32|        128|
    |grp_singleNodeLaplacianCalculator_fu_62_aboveNodeList_5_0_read   |   20|          4|   32|        128|
    |grp_singleNodeLaplacianCalculator_fu_62_aboveNodeList_5_1_read   |   20|          4|   32|        128|
    |grp_singleNodeLaplacianCalculator_fu_62_aboveNodeList_6_0_read   |   20|          4|   32|        128|
    |grp_singleNodeLaplacianCalculator_fu_62_aboveNodeList_6_1_read   |   20|          4|   32|        128|
    |grp_singleNodeLaplacianCalculator_fu_62_aboveNodeList_7_0_read   |   20|          4|   32|        128|
    |grp_singleNodeLaplacianCalculator_fu_62_aboveNodeList_7_1_read   |   20|          4|   32|        128|
    |grp_singleNodeLaplacianCalculator_fu_62_aboveNodeList_8_0_read   |   20|          4|   32|        128|
    |grp_singleNodeLaplacianCalculator_fu_62_aboveNodeList_8_1_read   |   20|          4|   32|        128|
    |grp_singleNodeLaplacianCalculator_fu_62_aboveNodeList_9_0_read   |   20|          4|   32|        128|
    |grp_singleNodeLaplacianCalculator_fu_62_aboveNodeList_9_1_read   |   20|          4|   32|        128|
    |grp_singleNodeLaplacianCalculator_fu_62_belowNodeList_0_0_read   |   20|          4|   32|        128|
    |grp_singleNodeLaplacianCalculator_fu_62_belowNodeList_0_1_read   |   20|          4|   32|        128|
    |grp_singleNodeLaplacianCalculator_fu_62_belowNodeList_10_0_read  |   20|          4|   32|        128|
    |grp_singleNodeLaplacianCalculator_fu_62_belowNodeList_10_1_read  |   20|          4|   32|        128|
    |grp_singleNodeLaplacianCalculator_fu_62_belowNodeList_11_0_read  |   20|          4|   32|        128|
    |grp_singleNodeLaplacianCalculator_fu_62_belowNodeList_11_1_read  |   20|          4|   32|        128|
    |grp_singleNodeLaplacianCalculator_fu_62_belowNodeList_12_0_read  |   20|          4|   32|        128|
    |grp_singleNodeLaplacianCalculator_fu_62_belowNodeList_12_1_read  |   20|          4|   32|        128|
    |grp_singleNodeLaplacianCalculator_fu_62_belowNodeList_13_0_read  |   20|          4|   32|        128|
    |grp_singleNodeLaplacianCalculator_fu_62_belowNodeList_13_1_read  |   20|          4|   32|        128|
    |grp_singleNodeLaplacianCalculator_fu_62_belowNodeList_14_0_read  |   20|          4|   32|        128|
    |grp_singleNodeLaplacianCalculator_fu_62_belowNodeList_14_1_read  |   20|          4|   32|        128|
    |grp_singleNodeLaplacianCalculator_fu_62_belowNodeList_15_0_read  |   20|          4|   32|        128|
    |grp_singleNodeLaplacianCalculator_fu_62_belowNodeList_15_1_read  |   20|          4|   32|        128|
    |grp_singleNodeLaplacianCalculator_fu_62_belowNodeList_1_0_read   |   20|          4|   32|        128|
    |grp_singleNodeLaplacianCalculator_fu_62_belowNodeList_1_1_read   |   20|          4|   32|        128|
    |grp_singleNodeLaplacianCalculator_fu_62_belowNodeList_2_0_read   |   20|          4|   32|        128|
    |grp_singleNodeLaplacianCalculator_fu_62_belowNodeList_2_1_read   |   20|          4|   32|        128|
    |grp_singleNodeLaplacianCalculator_fu_62_belowNodeList_3_0_read   |   20|          4|   32|        128|
    |grp_singleNodeLaplacianCalculator_fu_62_belowNodeList_3_1_read   |   20|          4|   32|        128|
    |grp_singleNodeLaplacianCalculator_fu_62_belowNodeList_4_0_read   |   20|          4|   32|        128|
    |grp_singleNodeLaplacianCalculator_fu_62_belowNodeList_4_1_read   |   20|          4|   32|        128|
    |grp_singleNodeLaplacianCalculator_fu_62_belowNodeList_5_0_read   |   20|          4|   32|        128|
    |grp_singleNodeLaplacianCalculator_fu_62_belowNodeList_5_1_read   |   20|          4|   32|        128|
    |grp_singleNodeLaplacianCalculator_fu_62_belowNodeList_6_0_read   |   20|          4|   32|        128|
    |grp_singleNodeLaplacianCalculator_fu_62_belowNodeList_6_1_read   |   20|          4|   32|        128|
    |grp_singleNodeLaplacianCalculator_fu_62_belowNodeList_7_0_read   |   20|          4|   32|        128|
    |grp_singleNodeLaplacianCalculator_fu_62_belowNodeList_7_1_read   |   20|          4|   32|        128|
    |grp_singleNodeLaplacianCalculator_fu_62_belowNodeList_8_0_read   |   20|          4|   32|        128|
    |grp_singleNodeLaplacianCalculator_fu_62_belowNodeList_8_1_read   |   20|          4|   32|        128|
    |grp_singleNodeLaplacianCalculator_fu_62_belowNodeList_9_0_read   |   20|          4|   32|        128|
    |grp_singleNodeLaplacianCalculator_fu_62_belowNodeList_9_1_read   |   20|          4|   32|        128|
    |grp_singleNodeLaplacianCalculator_fu_62_inputNode_0_read         |  213|         49|   32|       1568|
    |grp_singleNodeLaplacianCalculator_fu_62_inputNode_1_read         |  213|         49|   32|       1568|
    |grp_singleNodeLaplacianCalculator_fu_62_nodeTriplets1_offset     |   81|         17|    4|         68|
    |grp_singleNodeLaplacianCalculator_fu_62_nodeTriplets_offset      |   20|          4|    2|          8|
    |tripletMatrix_ce0                                                |    9|          2|    1|          2|
    |tripletMatrix_ce1                                                |    9|          2|    1|          2|
    |tripletMatrix_we0                                                |    9|          2|    1|          2|
    |tripletMatrix_we1                                                |    9|          2|    1|          2|
    +-----------------------------------------------------------------+-----+-----------+-----+-----------+
    |Total                                                            | 2333|        481| 2123|      11510|
    +-----------------------------------------------------------------+-----+-----------+-----+-----------+

    * Register: 
    +------------------------------------------------------+----+----+-----+-----------+
    |                         Name                         | FF | LUT| Bits| Const Bits|
    +------------------------------------------------------+----+----+-----+-----------+
    |ap_CS_fsm                                             |  97|   0|   97|          0|
    |decodedCoordinates_0_0_0_0_reg_1379                   |  32|   0|   32|          0|
    |decodedCoordinates_0_0_0_1_reg_1384                   |  32|   0|   32|          0|
    |decodedCoordinates_0_0_10_0_reg_1479                  |  32|   0|   32|          0|
    |decodedCoordinates_0_0_10_1_reg_1484                  |  32|   0|   32|          0|
    |decodedCoordinates_0_0_11_0_reg_1489                  |  32|   0|   32|          0|
    |decodedCoordinates_0_0_11_1_reg_1494                  |  32|   0|   32|          0|
    |decodedCoordinates_0_0_12_0_reg_1499                  |  32|   0|   32|          0|
    |decodedCoordinates_0_0_12_1_reg_1504                  |  32|   0|   32|          0|
    |decodedCoordinates_0_0_13_0_reg_1509                  |  32|   0|   32|          0|
    |decodedCoordinates_0_0_13_1_reg_1514                  |  32|   0|   32|          0|
    |decodedCoordinates_0_0_14_0_reg_1519                  |  32|   0|   32|          0|
    |decodedCoordinates_0_0_14_1_reg_1524                  |  32|   0|   32|          0|
    |decodedCoordinates_0_0_15_0_reg_1529                  |  32|   0|   32|          0|
    |decodedCoordinates_0_0_15_1_reg_1534                  |  32|   0|   32|          0|
    |decodedCoordinates_0_0_1_0_reg_1389                   |  32|   0|   32|          0|
    |decodedCoordinates_0_0_1_1_reg_1394                   |  32|   0|   32|          0|
    |decodedCoordinates_0_0_2_0_reg_1399                   |  32|   0|   32|          0|
    |decodedCoordinates_0_0_2_1_reg_1404                   |  32|   0|   32|          0|
    |decodedCoordinates_0_0_3_0_reg_1409                   |  32|   0|   32|          0|
    |decodedCoordinates_0_0_3_1_reg_1414                   |  32|   0|   32|          0|
    |decodedCoordinates_0_0_4_0_reg_1419                   |  32|   0|   32|          0|
    |decodedCoordinates_0_0_4_1_reg_1424                   |  32|   0|   32|          0|
    |decodedCoordinates_0_0_5_0_reg_1429                   |  32|   0|   32|          0|
    |decodedCoordinates_0_0_5_1_reg_1434                   |  32|   0|   32|          0|
    |decodedCoordinates_0_0_6_0_reg_1439                   |  32|   0|   32|          0|
    |decodedCoordinates_0_0_6_1_reg_1444                   |  32|   0|   32|          0|
    |decodedCoordinates_0_0_7_0_reg_1449                   |  32|   0|   32|          0|
    |decodedCoordinates_0_0_7_1_reg_1454                   |  32|   0|   32|          0|
    |decodedCoordinates_0_0_8_0_reg_1459                   |  32|   0|   32|          0|
    |decodedCoordinates_0_0_8_1_reg_1464                   |  32|   0|   32|          0|
    |decodedCoordinates_0_0_9_0_reg_1469                   |  32|   0|   32|          0|
    |decodedCoordinates_0_0_9_1_reg_1474                   |  32|   0|   32|          0|
    |decodedCoordinates_1_0_0_0_reg_1539                   |  32|   0|   32|          0|
    |decodedCoordinates_1_0_0_1_reg_1544                   |  32|   0|   32|          0|
    |decodedCoordinates_1_0_10_0_reg_1639                  |  32|   0|   32|          0|
    |decodedCoordinates_1_0_10_1_reg_1644                  |  32|   0|   32|          0|
    |decodedCoordinates_1_0_11_0_reg_1649                  |  32|   0|   32|          0|
    |decodedCoordinates_1_0_11_1_reg_1654                  |  32|   0|   32|          0|
    |decodedCoordinates_1_0_12_0_reg_1659                  |  32|   0|   32|          0|
    |decodedCoordinates_1_0_12_1_reg_1664                  |  32|   0|   32|          0|
    |decodedCoordinates_1_0_13_0_reg_1669                  |  32|   0|   32|          0|
    |decodedCoordinates_1_0_13_1_reg_1674                  |  32|   0|   32|          0|
    |decodedCoordinates_1_0_14_0_reg_1679                  |  32|   0|   32|          0|
    |decodedCoordinates_1_0_14_1_reg_1684                  |  32|   0|   32|          0|
    |decodedCoordinates_1_0_15_0_reg_1689                  |  32|   0|   32|          0|
    |decodedCoordinates_1_0_15_1_reg_1694                  |  32|   0|   32|          0|
    |decodedCoordinates_1_0_1_0_reg_1549                   |  32|   0|   32|          0|
    |decodedCoordinates_1_0_1_1_reg_1554                   |  32|   0|   32|          0|
    |decodedCoordinates_1_0_2_0_reg_1559                   |  32|   0|   32|          0|
    |decodedCoordinates_1_0_2_1_reg_1564                   |  32|   0|   32|          0|
    |decodedCoordinates_1_0_3_0_reg_1569                   |  32|   0|   32|          0|
    |decodedCoordinates_1_0_3_1_reg_1574                   |  32|   0|   32|          0|
    |decodedCoordinates_1_0_4_0_reg_1579                   |  32|   0|   32|          0|
    |decodedCoordinates_1_0_4_1_reg_1584                   |  32|   0|   32|          0|
    |decodedCoordinates_1_0_5_0_reg_1589                   |  32|   0|   32|          0|
    |decodedCoordinates_1_0_5_1_reg_1594                   |  32|   0|   32|          0|
    |decodedCoordinates_1_0_6_0_reg_1599                   |  32|   0|   32|          0|
    |decodedCoordinates_1_0_6_1_reg_1604                   |  32|   0|   32|          0|
    |decodedCoordinates_1_0_7_0_reg_1609                   |  32|   0|   32|          0|
    |decodedCoordinates_1_0_7_1_reg_1614                   |  32|   0|   32|          0|
    |decodedCoordinates_1_0_8_0_reg_1619                   |  32|   0|   32|          0|
    |decodedCoordinates_1_0_8_1_reg_1624                   |  32|   0|   32|          0|
    |decodedCoordinates_1_0_9_0_reg_1629                   |  32|   0|   32|          0|
    |decodedCoordinates_1_0_9_1_reg_1634                   |  32|   0|   32|          0|
    |decodedCoordinates_1_1_0_0_reg_1699                   |  32|   0|   32|          0|
    |decodedCoordinates_1_1_0_1_reg_1704                   |  32|   0|   32|          0|
    |decodedCoordinates_1_1_10_0_reg_1799                  |  32|   0|   32|          0|
    |decodedCoordinates_1_1_10_1_reg_1804                  |  32|   0|   32|          0|
    |decodedCoordinates_1_1_11_0_reg_1809                  |  32|   0|   32|          0|
    |decodedCoordinates_1_1_11_1_reg_1814                  |  32|   0|   32|          0|
    |decodedCoordinates_1_1_12_0_reg_1819                  |  32|   0|   32|          0|
    |decodedCoordinates_1_1_12_1_reg_1824                  |  32|   0|   32|          0|
    |decodedCoordinates_1_1_13_0_reg_1829                  |  32|   0|   32|          0|
    |decodedCoordinates_1_1_13_1_reg_1834                  |  32|   0|   32|          0|
    |decodedCoordinates_1_1_14_0_reg_1839                  |  32|   0|   32|          0|
    |decodedCoordinates_1_1_14_1_reg_1844                  |  32|   0|   32|          0|
    |decodedCoordinates_1_1_15_0_reg_1849                  |  32|   0|   32|          0|
    |decodedCoordinates_1_1_15_1_reg_1854                  |  32|   0|   32|          0|
    |decodedCoordinates_1_1_1_0_reg_1709                   |  32|   0|   32|          0|
    |decodedCoordinates_1_1_1_1_reg_1714                   |  32|   0|   32|          0|
    |decodedCoordinates_1_1_2_0_reg_1719                   |  32|   0|   32|          0|
    |decodedCoordinates_1_1_2_1_reg_1724                   |  32|   0|   32|          0|
    |decodedCoordinates_1_1_3_0_reg_1729                   |  32|   0|   32|          0|
    |decodedCoordinates_1_1_3_1_reg_1734                   |  32|   0|   32|          0|
    |decodedCoordinates_1_1_4_0_reg_1739                   |  32|   0|   32|          0|
    |decodedCoordinates_1_1_4_1_reg_1744                   |  32|   0|   32|          0|
    |decodedCoordinates_1_1_5_0_reg_1749                   |  32|   0|   32|          0|
    |decodedCoordinates_1_1_5_1_reg_1754                   |  32|   0|   32|          0|
    |decodedCoordinates_1_1_6_0_reg_1759                   |  32|   0|   32|          0|
    |decodedCoordinates_1_1_6_1_reg_1764                   |  32|   0|   32|          0|
    |decodedCoordinates_1_1_7_0_reg_1769                   |  32|   0|   32|          0|
    |decodedCoordinates_1_1_7_1_reg_1774                   |  32|   0|   32|          0|
    |decodedCoordinates_1_1_8_0_reg_1779                   |  32|   0|   32|          0|
    |decodedCoordinates_1_1_8_1_reg_1784                   |  32|   0|   32|          0|
    |decodedCoordinates_1_1_9_0_reg_1789                   |  32|   0|   32|          0|
    |decodedCoordinates_1_1_9_1_reg_1794                   |  32|   0|   32|          0|
    |decodedCoordinates_2_0_0_0_reg_1859                   |  32|   0|   32|          0|
    |decodedCoordinates_2_0_0_1_reg_1864                   |  32|   0|   32|          0|
    |decodedCoordinates_2_0_10_0_reg_1959                  |  32|   0|   32|          0|
    |decodedCoordinates_2_0_10_1_reg_1964                  |  32|   0|   32|          0|
    |decodedCoordinates_2_0_11_0_reg_1969                  |  32|   0|   32|          0|
    |decodedCoordinates_2_0_11_1_reg_1974                  |  32|   0|   32|          0|
    |decodedCoordinates_2_0_12_0_reg_1979                  |  32|   0|   32|          0|
    |decodedCoordinates_2_0_12_1_reg_1984                  |  32|   0|   32|          0|
    |decodedCoordinates_2_0_13_0_reg_1989                  |  32|   0|   32|          0|
    |decodedCoordinates_2_0_13_1_reg_1994                  |  32|   0|   32|          0|
    |decodedCoordinates_2_0_14_0_reg_1999                  |  32|   0|   32|          0|
    |decodedCoordinates_2_0_14_1_reg_2004                  |  32|   0|   32|          0|
    |decodedCoordinates_2_0_15_0_reg_2009                  |  32|   0|   32|          0|
    |decodedCoordinates_2_0_15_1_reg_2014                  |  32|   0|   32|          0|
    |decodedCoordinates_2_0_1_0_reg_1869                   |  32|   0|   32|          0|
    |decodedCoordinates_2_0_1_1_reg_1874                   |  32|   0|   32|          0|
    |decodedCoordinates_2_0_2_0_reg_1879                   |  32|   0|   32|          0|
    |decodedCoordinates_2_0_2_1_reg_1884                   |  32|   0|   32|          0|
    |decodedCoordinates_2_0_3_0_reg_1889                   |  32|   0|   32|          0|
    |decodedCoordinates_2_0_3_1_reg_1894                   |  32|   0|   32|          0|
    |decodedCoordinates_2_0_4_0_reg_1899                   |  32|   0|   32|          0|
    |decodedCoordinates_2_0_4_1_reg_1904                   |  32|   0|   32|          0|
    |decodedCoordinates_2_0_5_0_reg_1909                   |  32|   0|   32|          0|
    |decodedCoordinates_2_0_5_1_reg_1914                   |  32|   0|   32|          0|
    |decodedCoordinates_2_0_6_0_reg_1919                   |  32|   0|   32|          0|
    |decodedCoordinates_2_0_6_1_reg_1924                   |  32|   0|   32|          0|
    |decodedCoordinates_2_0_7_0_reg_1929                   |  32|   0|   32|          0|
    |decodedCoordinates_2_0_7_1_reg_1934                   |  32|   0|   32|          0|
    |decodedCoordinates_2_0_8_0_reg_1939                   |  32|   0|   32|          0|
    |decodedCoordinates_2_0_8_1_reg_1944                   |  32|   0|   32|          0|
    |decodedCoordinates_2_0_9_0_reg_1949                   |  32|   0|   32|          0|
    |decodedCoordinates_2_0_9_1_reg_1954                   |  32|   0|   32|          0|
    |decodedCoordinates_2_1_0_0_reg_2019                   |  32|   0|   32|          0|
    |decodedCoordinates_2_1_0_1_reg_2024                   |  32|   0|   32|          0|
    |decodedCoordinates_2_1_10_0_reg_2119                  |  32|   0|   32|          0|
    |decodedCoordinates_2_1_10_1_reg_2124                  |  32|   0|   32|          0|
    |decodedCoordinates_2_1_11_0_reg_2129                  |  32|   0|   32|          0|
    |decodedCoordinates_2_1_11_1_reg_2134                  |  32|   0|   32|          0|
    |decodedCoordinates_2_1_12_0_reg_2139                  |  32|   0|   32|          0|
    |decodedCoordinates_2_1_12_1_reg_2144                  |  32|   0|   32|          0|
    |decodedCoordinates_2_1_13_0_reg_2149                  |  32|   0|   32|          0|
    |decodedCoordinates_2_1_13_1_reg_2154                  |  32|   0|   32|          0|
    |decodedCoordinates_2_1_14_0_reg_2159                  |  32|   0|   32|          0|
    |decodedCoordinates_2_1_14_1_reg_2164                  |  32|   0|   32|          0|
    |decodedCoordinates_2_1_15_0_reg_2169                  |  32|   0|   32|          0|
    |decodedCoordinates_2_1_15_1_reg_2174                  |  32|   0|   32|          0|
    |decodedCoordinates_2_1_1_0_reg_2029                   |  32|   0|   32|          0|
    |decodedCoordinates_2_1_1_1_reg_2034                   |  32|   0|   32|          0|
    |decodedCoordinates_2_1_2_0_reg_2039                   |  32|   0|   32|          0|
    |decodedCoordinates_2_1_2_1_reg_2044                   |  32|   0|   32|          0|
    |decodedCoordinates_2_1_3_0_reg_2049                   |  32|   0|   32|          0|
    |decodedCoordinates_2_1_3_1_reg_2054                   |  32|   0|   32|          0|
    |decodedCoordinates_2_1_4_0_reg_2059                   |  32|   0|   32|          0|
    |decodedCoordinates_2_1_4_1_reg_2064                   |  32|   0|   32|          0|
    |decodedCoordinates_2_1_5_0_reg_2069                   |  32|   0|   32|          0|
    |decodedCoordinates_2_1_5_1_reg_2074                   |  32|   0|   32|          0|
    |decodedCoordinates_2_1_6_0_reg_2079                   |  32|   0|   32|          0|
    |decodedCoordinates_2_1_6_1_reg_2084                   |  32|   0|   32|          0|
    |decodedCoordinates_2_1_7_0_reg_2089                   |  32|   0|   32|          0|
    |decodedCoordinates_2_1_7_1_reg_2094                   |  32|   0|   32|          0|
    |decodedCoordinates_2_1_8_0_reg_2099                   |  32|   0|   32|          0|
    |decodedCoordinates_2_1_8_1_reg_2104                   |  32|   0|   32|          0|
    |decodedCoordinates_2_1_9_0_reg_2109                   |  32|   0|   32|          0|
    |decodedCoordinates_2_1_9_1_reg_2114                   |  32|   0|   32|          0|
    |decodedCoordinates_2_2_0_0_reg_2179                   |  32|   0|   32|          0|
    |decodedCoordinates_2_2_0_1_reg_2184                   |  32|   0|   32|          0|
    |decodedCoordinates_2_2_10_0_reg_2279                  |  32|   0|   32|          0|
    |decodedCoordinates_2_2_10_1_reg_2284                  |  32|   0|   32|          0|
    |decodedCoordinates_2_2_11_0_reg_2289                  |  32|   0|   32|          0|
    |decodedCoordinates_2_2_11_1_reg_2294                  |  32|   0|   32|          0|
    |decodedCoordinates_2_2_12_0_reg_2299                  |  32|   0|   32|          0|
    |decodedCoordinates_2_2_12_1_reg_2304                  |  32|   0|   32|          0|
    |decodedCoordinates_2_2_13_0_reg_2309                  |  32|   0|   32|          0|
    |decodedCoordinates_2_2_13_1_reg_2314                  |  32|   0|   32|          0|
    |decodedCoordinates_2_2_14_0_reg_2319                  |  32|   0|   32|          0|
    |decodedCoordinates_2_2_14_1_reg_2324                  |  32|   0|   32|          0|
    |decodedCoordinates_2_2_15_0_reg_2329                  |  32|   0|   32|          0|
    |decodedCoordinates_2_2_15_1_reg_2334                  |  32|   0|   32|          0|
    |decodedCoordinates_2_2_1_0_reg_2189                   |  32|   0|   32|          0|
    |decodedCoordinates_2_2_1_1_reg_2194                   |  32|   0|   32|          0|
    |decodedCoordinates_2_2_2_0_reg_2199                   |  32|   0|   32|          0|
    |decodedCoordinates_2_2_2_1_reg_2204                   |  32|   0|   32|          0|
    |decodedCoordinates_2_2_3_0_reg_2209                   |  32|   0|   32|          0|
    |decodedCoordinates_2_2_3_1_reg_2214                   |  32|   0|   32|          0|
    |decodedCoordinates_2_2_4_0_reg_2219                   |  32|   0|   32|          0|
    |decodedCoordinates_2_2_4_1_reg_2224                   |  32|   0|   32|          0|
    |decodedCoordinates_2_2_5_0_reg_2229                   |  32|   0|   32|          0|
    |decodedCoordinates_2_2_5_1_reg_2234                   |  32|   0|   32|          0|
    |decodedCoordinates_2_2_6_0_reg_2239                   |  32|   0|   32|          0|
    |decodedCoordinates_2_2_6_1_reg_2244                   |  32|   0|   32|          0|
    |decodedCoordinates_2_2_7_0_reg_2249                   |  32|   0|   32|          0|
    |decodedCoordinates_2_2_7_1_reg_2254                   |  32|   0|   32|          0|
    |decodedCoordinates_2_2_8_0_reg_2259                   |  32|   0|   32|          0|
    |decodedCoordinates_2_2_8_1_reg_2264                   |  32|   0|   32|          0|
    |decodedCoordinates_2_2_9_0_reg_2269                   |  32|   0|   32|          0|
    |decodedCoordinates_2_2_9_1_reg_2274                   |  32|   0|   32|          0|
    |decodedCoordinates_3_1_0_0_reg_2339                   |  32|   0|   32|          0|
    |decodedCoordinates_3_1_0_1_reg_2344                   |  32|   0|   32|          0|
    |decodedCoordinates_3_1_10_0_reg_2439                  |  32|   0|   32|          0|
    |decodedCoordinates_3_1_10_1_reg_2444                  |  32|   0|   32|          0|
    |decodedCoordinates_3_1_11_0_reg_2449                  |  32|   0|   32|          0|
    |decodedCoordinates_3_1_11_1_reg_2454                  |  32|   0|   32|          0|
    |decodedCoordinates_3_1_12_0_reg_2459                  |  32|   0|   32|          0|
    |decodedCoordinates_3_1_12_1_reg_2464                  |  32|   0|   32|          0|
    |decodedCoordinates_3_1_13_0_reg_2469                  |  32|   0|   32|          0|
    |decodedCoordinates_3_1_13_1_reg_2474                  |  32|   0|   32|          0|
    |decodedCoordinates_3_1_14_0_reg_2479                  |  32|   0|   32|          0|
    |decodedCoordinates_3_1_14_1_reg_2484                  |  32|   0|   32|          0|
    |decodedCoordinates_3_1_15_0_reg_2489                  |  32|   0|   32|          0|
    |decodedCoordinates_3_1_15_1_reg_2494                  |  32|   0|   32|          0|
    |decodedCoordinates_3_1_1_0_reg_2349                   |  32|   0|   32|          0|
    |decodedCoordinates_3_1_1_1_reg_2354                   |  32|   0|   32|          0|
    |decodedCoordinates_3_1_2_0_reg_2359                   |  32|   0|   32|          0|
    |decodedCoordinates_3_1_2_1_reg_2364                   |  32|   0|   32|          0|
    |decodedCoordinates_3_1_3_0_reg_2369                   |  32|   0|   32|          0|
    |decodedCoordinates_3_1_3_1_reg_2374                   |  32|   0|   32|          0|
    |decodedCoordinates_3_1_4_0_reg_2379                   |  32|   0|   32|          0|
    |decodedCoordinates_3_1_4_1_reg_2384                   |  32|   0|   32|          0|
    |decodedCoordinates_3_1_5_0_reg_2389                   |  32|   0|   32|          0|
    |decodedCoordinates_3_1_5_1_reg_2394                   |  32|   0|   32|          0|
    |decodedCoordinates_3_1_6_0_reg_2399                   |  32|   0|   32|          0|
    |decodedCoordinates_3_1_6_1_reg_2404                   |  32|   0|   32|          0|
    |decodedCoordinates_3_1_7_0_reg_2409                   |  32|   0|   32|          0|
    |decodedCoordinates_3_1_7_1_reg_2414                   |  32|   0|   32|          0|
    |decodedCoordinates_3_1_8_0_reg_2419                   |  32|   0|   32|          0|
    |decodedCoordinates_3_1_8_1_reg_2424                   |  32|   0|   32|          0|
    |decodedCoordinates_3_1_9_0_reg_2429                   |  32|   0|   32|          0|
    |decodedCoordinates_3_1_9_1_reg_2434                   |  32|   0|   32|          0|
    |decodedCoordinates_3_2_0_0_reg_2499                   |  32|   0|   32|          0|
    |decodedCoordinates_3_2_0_1_reg_2504                   |  32|   0|   32|          0|
    |decodedCoordinates_3_2_10_0_reg_2599                  |  32|   0|   32|          0|
    |decodedCoordinates_3_2_10_1_reg_2604                  |  32|   0|   32|          0|
    |decodedCoordinates_3_2_11_0_reg_2609                  |  32|   0|   32|          0|
    |decodedCoordinates_3_2_11_1_reg_2614                  |  32|   0|   32|          0|
    |decodedCoordinates_3_2_12_0_reg_2619                  |  32|   0|   32|          0|
    |decodedCoordinates_3_2_12_1_reg_2624                  |  32|   0|   32|          0|
    |decodedCoordinates_3_2_13_0_reg_2629                  |  32|   0|   32|          0|
    |decodedCoordinates_3_2_13_1_reg_2634                  |  32|   0|   32|          0|
    |decodedCoordinates_3_2_14_0_reg_2639                  |  32|   0|   32|          0|
    |decodedCoordinates_3_2_14_1_reg_2644                  |  32|   0|   32|          0|
    |decodedCoordinates_3_2_15_0_reg_2649                  |  32|   0|   32|          0|
    |decodedCoordinates_3_2_15_1_reg_2654                  |  32|   0|   32|          0|
    |decodedCoordinates_3_2_1_0_reg_2509                   |  32|   0|   32|          0|
    |decodedCoordinates_3_2_1_1_reg_2514                   |  32|   0|   32|          0|
    |decodedCoordinates_3_2_2_0_reg_2519                   |  32|   0|   32|          0|
    |decodedCoordinates_3_2_2_1_reg_2524                   |  32|   0|   32|          0|
    |decodedCoordinates_3_2_3_0_reg_2529                   |  32|   0|   32|          0|
    |decodedCoordinates_3_2_3_1_reg_2534                   |  32|   0|   32|          0|
    |decodedCoordinates_3_2_4_0_reg_2539                   |  32|   0|   32|          0|
    |decodedCoordinates_3_2_4_1_reg_2544                   |  32|   0|   32|          0|
    |decodedCoordinates_3_2_5_0_reg_2549                   |  32|   0|   32|          0|
    |decodedCoordinates_3_2_5_1_reg_2554                   |  32|   0|   32|          0|
    |decodedCoordinates_3_2_6_0_reg_2559                   |  32|   0|   32|          0|
    |decodedCoordinates_3_2_6_1_reg_2564                   |  32|   0|   32|          0|
    |decodedCoordinates_3_2_7_0_reg_2569                   |  32|   0|   32|          0|
    |decodedCoordinates_3_2_7_1_reg_2574                   |  32|   0|   32|          0|
    |decodedCoordinates_3_2_8_0_reg_2579                   |  32|   0|   32|          0|
    |decodedCoordinates_3_2_8_1_reg_2584                   |  32|   0|   32|          0|
    |decodedCoordinates_3_2_9_0_reg_2589                   |  32|   0|   32|          0|
    |decodedCoordinates_3_2_9_1_reg_2594                   |  32|   0|   32|          0|
    |decodedCoordinates_4_2_0_0_reg_2659                   |  32|   0|   32|          0|
    |decodedCoordinates_4_2_0_1_reg_2664                   |  32|   0|   32|          0|
    |decodedCoordinates_4_2_10_0_reg_2759                  |  32|   0|   32|          0|
    |decodedCoordinates_4_2_10_1_reg_2764                  |  32|   0|   32|          0|
    |decodedCoordinates_4_2_11_0_reg_2769                  |  32|   0|   32|          0|
    |decodedCoordinates_4_2_11_1_reg_2774                  |  32|   0|   32|          0|
    |decodedCoordinates_4_2_12_0_reg_2779                  |  32|   0|   32|          0|
    |decodedCoordinates_4_2_12_1_reg_2784                  |  32|   0|   32|          0|
    |decodedCoordinates_4_2_13_0_reg_2789                  |  32|   0|   32|          0|
    |decodedCoordinates_4_2_13_1_reg_2794                  |  32|   0|   32|          0|
    |decodedCoordinates_4_2_14_0_reg_2799                  |  32|   0|   32|          0|
    |decodedCoordinates_4_2_14_1_reg_2804                  |  32|   0|   32|          0|
    |decodedCoordinates_4_2_15_0_reg_2809                  |  32|   0|   32|          0|
    |decodedCoordinates_4_2_15_1_reg_2814                  |  32|   0|   32|          0|
    |decodedCoordinates_4_2_1_0_reg_2669                   |  32|   0|   32|          0|
    |decodedCoordinates_4_2_1_1_reg_2674                   |  32|   0|   32|          0|
    |decodedCoordinates_4_2_2_0_reg_2679                   |  32|   0|   32|          0|
    |decodedCoordinates_4_2_2_1_reg_2684                   |  32|   0|   32|          0|
    |decodedCoordinates_4_2_3_0_reg_2689                   |  32|   0|   32|          0|
    |decodedCoordinates_4_2_3_1_reg_2694                   |  32|   0|   32|          0|
    |decodedCoordinates_4_2_4_0_reg_2699                   |  32|   0|   32|          0|
    |decodedCoordinates_4_2_4_1_reg_2704                   |  32|   0|   32|          0|
    |decodedCoordinates_4_2_5_0_reg_2709                   |  32|   0|   32|          0|
    |decodedCoordinates_4_2_5_1_reg_2714                   |  32|   0|   32|          0|
    |decodedCoordinates_4_2_6_0_reg_2719                   |  32|   0|   32|          0|
    |decodedCoordinates_4_2_6_1_reg_2724                   |  32|   0|   32|          0|
    |decodedCoordinates_4_2_7_0_reg_2729                   |  32|   0|   32|          0|
    |decodedCoordinates_4_2_7_1_reg_2734                   |  32|   0|   32|          0|
    |decodedCoordinates_4_2_8_0_reg_2739                   |  32|   0|   32|          0|
    |decodedCoordinates_4_2_8_1_reg_2744                   |  32|   0|   32|          0|
    |decodedCoordinates_4_2_9_0_reg_2749                   |  32|   0|   32|          0|
    |decodedCoordinates_4_2_9_1_reg_2754                   |  32|   0|   32|          0|
    |grp_decodeCoordinates_3ul_s_fu_155_ap_start_reg       |   1|   0|    1|          0|
    |grp_singleNodeLaplacianCalculator_fu_62_ap_start_reg  |   1|   0|    1|          0|
    +------------------------------------------------------+----+----+-----+-----------+
    |Total                                                 |9315|   0| 9315|          0|
    +------------------------------------------------------+----+----+-----+-----------+



================================================================
== Interface
================================================================
* Summary: 
+------------------------+-----+-----+------------+---------------------+--------------+
|        RTL Ports       | Dir | Bits|  Protocol  |    Source Object    |    C Type    |
+------------------------+-----+-----+------------+---------------------+--------------+
|ap_clk                  |   in|    1|  ap_ctrl_hs|  laplacianCalculator|  return value|
|ap_rst                  |   in|    1|  ap_ctrl_hs|  laplacianCalculator|  return value|
|ap_start                |   in|    1|  ap_ctrl_hs|  laplacianCalculator|  return value|
|ap_done                 |  out|    1|  ap_ctrl_hs|  laplacianCalculator|  return value|
|ap_idle                 |  out|    1|  ap_ctrl_hs|  laplacianCalculator|  return value|
|ap_ready                |  out|    1|  ap_ctrl_hs|  laplacianCalculator|  return value|
|coordinates_address0    |  out|    9|   ap_memory|          coordinates|         array|
|coordinates_ce0         |  out|    1|   ap_memory|          coordinates|         array|
|coordinates_q0          |   in|   32|   ap_memory|          coordinates|         array|
|coordinates_address1    |  out|    9|   ap_memory|          coordinates|         array|
|coordinates_ce1         |  out|    1|   ap_memory|          coordinates|         array|
|coordinates_q1          |   in|   32|   ap_memory|          coordinates|         array|
|tripletMatrix_address0  |  out|   14|   ap_memory|        tripletMatrix|         array|
|tripletMatrix_ce0       |  out|    1|   ap_memory|        tripletMatrix|         array|
|tripletMatrix_we0       |  out|    1|   ap_memory|        tripletMatrix|         array|
|tripletMatrix_d0        |  out|   16|   ap_memory|        tripletMatrix|         array|
|tripletMatrix_address1  |  out|   14|   ap_memory|        tripletMatrix|         array|
|tripletMatrix_ce1       |  out|    1|   ap_memory|        tripletMatrix|         array|
|tripletMatrix_we1       |  out|    1|   ap_memory|        tripletMatrix|         array|
|tripletMatrix_d1        |  out|   16|   ap_memory|        tripletMatrix|         array|
+------------------------+-----+-----+------------+---------------------+--------------+

