

================================================================
== Vitis HLS Report for 'makeHalfLaplacian'
================================================================
* Date:           Fri Jul 19 16:47:36 2024

* Version:        2020.2 (Build 3064766 on Wed Nov 18 09:12:45 MST 2020)
* Project:        SimplifiedTrackFinder
* Solution:       solution1 (Vivado IP Flow Target)
* Product family: virtexuplus
* Target device:  xcvu11p-flga2577-1-e


================================================================
== Performance Estimates
================================================================
+ Timing: 
    * Summary: 
    +--------+----------+----------+------------+
    |  Clock |  Target  | Estimated| Uncertainty|
    +--------+----------+----------+------------+
    |ap_clk  |  10.00 ns|  1.965 ns|     2.70 ns|
    +--------+----------+----------+------------+

+ Latency: 
    * Summary: 
    +---------+---------+----------+----------+-----+-----+---------+
    |  Latency (cycles) |  Latency (absolute) |  Interval | Pipeline|
    |   min   |   max   |    min   |    max   | min | max |   Type  |
    +---------+---------+----------+----------+-----+-----+---------+
    |        0|        0|      0 ns|      0 ns|    1|    1|      yes|
    +---------+---------+----------+----------+-----+-----+---------+

    + Detail: 
        * Instance: 
        N/A

        * Loop: 
        N/A



================================================================
== Utilization Estimates
================================================================
* Summary: 
+---------------------+---------+------+---------+---------+-----+
|         Name        | BRAM_18K|  DSP |    FF   |   LUT   | URAM|
+---------------------+---------+------+---------+---------+-----+
|DSP                  |        -|     -|        -|        -|    -|
|Expression           |        -|     -|        0|     1253|    -|
|FIFO                 |        -|     -|        -|        -|    -|
|Instance             |        -|     -|        0|      292|    -|
|Memory               |        -|     -|        -|        -|    -|
|Multiplexer          |        -|     -|        -|        -|    -|
|Register             |        -|     -|        -|        -|    -|
+---------------------+---------+------+---------+---------+-----+
|Total                |        0|     0|        0|     1545|    0|
+---------------------+---------+------+---------+---------+-----+
|Available SLR        |     1344|  3072|   864000|   432000|  320|
+---------------------+---------+------+---------+---------+-----+
|Utilization SLR (%)  |        0|     0|        0|       ~0|    0|
+---------------------+---------+------+---------+---------+-----+
|Available            |     4032|  9216|  2592000|  1296000|  960|
+---------------------+---------+------+---------+---------+-----+
|Utilization (%)      |        0|     0|        0|       ~0|    0|
+---------------------+---------+------+---------+---------+-----+

+ Detail: 
    * Instance: 
    +-------------------+----------------+---------+----+---+-----+-----+
    |      Instance     |     Module     | BRAM_18K| DSP| FF| LUT | URAM|
    +-------------------+----------------+---------+----+---+-----+-----+
    |mux_326_32_1_1_U2  |mux_326_32_1_1  |        0|   0|  0|  146|    0|
    |mux_326_32_1_1_U3  |mux_326_32_1_1  |        0|   0|  0|  146|    0|
    +-------------------+----------------+---------+----+---+-----+-----+
    |Total              |                |        0|   0|  0|  292|    0|
    +-------------------+----------------+---------+----+---+-----+-----+

    * DSP: 
    N/A

    * Memory: 
    N/A

    * FIFO: 
    N/A

    * Expression: 
    +------------------------+----------+----+---+----+------------+------------+
    |      Variable Name     | Operation| DSP| FF| LUT| Bitwidth P0| Bitwidth P1|
    +------------------------+----------+----+---+----+------------+------------+
    |add_ln129_10_fu_816_p2  |         +|   0|  0|  39|          32|          32|
    |add_ln129_11_fu_828_p2  |         +|   0|  0|  39|          32|          32|
    |add_ln129_12_fu_840_p2  |         +|   0|  0|  39|          32|          32|
    |add_ln129_13_fu_852_p2  |         +|   0|  0|  39|          32|          32|
    |add_ln129_14_fu_864_p2  |         +|   0|  0|  39|          32|          32|
    |add_ln129_15_fu_876_p2  |         +|   0|  0|  39|          32|          32|
    |add_ln129_1_fu_708_p2   |         +|   0|  0|  39|          32|          32|
    |add_ln129_2_fu_720_p2   |         +|   0|  0|  39|          32|          32|
    |add_ln129_3_fu_732_p2   |         +|   0|  0|  39|          32|          32|
    |add_ln129_4_fu_744_p2   |         +|   0|  0|  39|          32|          32|
    |add_ln129_5_fu_756_p2   |         +|   0|  0|  39|          32|          32|
    |add_ln129_6_fu_768_p2   |         +|   0|  0|  39|          32|          32|
    |add_ln129_7_fu_780_p2   |         +|   0|  0|  39|          32|          32|
    |add_ln129_8_fu_792_p2   |         +|   0|  0|  39|          32|          32|
    |add_ln129_9_fu_804_p2   |         +|   0|  0|  39|          32|          32|
    |add_ln129_fu_616_p2     |         +|   0|  0|  39|          32|          32|
    |add_ln130_10_fu_822_p2  |         +|   0|  0|  39|          32|          32|
    |add_ln130_11_fu_834_p2  |         +|   0|  0|  39|          32|          32|
    |add_ln130_12_fu_846_p2  |         +|   0|  0|  39|          32|          32|
    |add_ln130_13_fu_858_p2  |         +|   0|  0|  39|          32|          32|
    |add_ln130_14_fu_870_p2  |         +|   0|  0|  39|          32|          32|
    |add_ln130_15_fu_882_p2  |         +|   0|  0|  39|          32|          32|
    |add_ln130_1_fu_714_p2   |         +|   0|  0|  39|          32|          32|
    |add_ln130_2_fu_726_p2   |         +|   0|  0|  39|          32|          32|
    |add_ln130_3_fu_738_p2   |         +|   0|  0|  39|          32|          32|
    |add_ln130_4_fu_750_p2   |         +|   0|  0|  39|          32|          32|
    |add_ln130_5_fu_762_p2   |         +|   0|  0|  39|          32|          32|
    |add_ln130_6_fu_774_p2   |         +|   0|  0|  39|          32|          32|
    |add_ln130_7_fu_786_p2   |         +|   0|  0|  39|          32|          32|
    |add_ln130_8_fu_798_p2   |         +|   0|  0|  39|          32|          32|
    |add_ln130_9_fu_810_p2   |         +|   0|  0|  39|          32|          32|
    |add_ln130_fu_702_p2     |         +|   0|  0|  39|          32|          32|
    |or_ln130_fu_622_p2      |        or|   0|  0|   5|           5|           1|
    +------------------------+----------+----+---+----+------------+------------+
    |Total                   |          |   0|  0|1253|        1029|        1025|
    +------------------------+----------+----+---+----+------------+------------+

    * Multiplexer: 
    N/A

    * Register: 
    N/A



================================================================
== Interface
================================================================
* Summary: 
+--------------------+-----+-----+------------+--------------------+--------------+
|      RTL Ports     | Dir | Bits|  Protocol  |    Source Object   |    C Type    |
+--------------------+-----+-----+------------+--------------------+--------------+
|ap_ready            |  out|    1|  ap_ctrl_hs|   makeHalfLaplacian|  return value|
|ap_return_0         |  out|   32|  ap_ctrl_hs|   makeHalfLaplacian|  return value|
|ap_return_1         |  out|   32|  ap_ctrl_hs|   makeHalfLaplacian|  return value|
|ap_return_2         |  out|   32|  ap_ctrl_hs|   makeHalfLaplacian|  return value|
|ap_return_3         |  out|   32|  ap_ctrl_hs|   makeHalfLaplacian|  return value|
|ap_return_4         |  out|   32|  ap_ctrl_hs|   makeHalfLaplacian|  return value|
|ap_return_5         |  out|   32|  ap_ctrl_hs|   makeHalfLaplacian|  return value|
|ap_return_6         |  out|   32|  ap_ctrl_hs|   makeHalfLaplacian|  return value|
|ap_return_7         |  out|   32|  ap_ctrl_hs|   makeHalfLaplacian|  return value|
|ap_return_8         |  out|   32|  ap_ctrl_hs|   makeHalfLaplacian|  return value|
|ap_return_9         |  out|   32|  ap_ctrl_hs|   makeHalfLaplacian|  return value|
|ap_return_10        |  out|   32|  ap_ctrl_hs|   makeHalfLaplacian|  return value|
|ap_return_11        |  out|   32|  ap_ctrl_hs|   makeHalfLaplacian|  return value|
|ap_return_12        |  out|   32|  ap_ctrl_hs|   makeHalfLaplacian|  return value|
|ap_return_13        |  out|   32|  ap_ctrl_hs|   makeHalfLaplacian|  return value|
|ap_return_14        |  out|   32|  ap_ctrl_hs|   makeHalfLaplacian|  return value|
|ap_return_15        |  out|   32|  ap_ctrl_hs|   makeHalfLaplacian|  return value|
|ap_return_16        |  out|   32|  ap_ctrl_hs|   makeHalfLaplacian|  return value|
|ap_return_17        |  out|   32|  ap_ctrl_hs|   makeHalfLaplacian|  return value|
|ap_return_18        |  out|   32|  ap_ctrl_hs|   makeHalfLaplacian|  return value|
|ap_return_19        |  out|   32|  ap_ctrl_hs|   makeHalfLaplacian|  return value|
|ap_return_20        |  out|   32|  ap_ctrl_hs|   makeHalfLaplacian|  return value|
|ap_return_21        |  out|   32|  ap_ctrl_hs|   makeHalfLaplacian|  return value|
|ap_return_22        |  out|   32|  ap_ctrl_hs|   makeHalfLaplacian|  return value|
|ap_return_23        |  out|   32|  ap_ctrl_hs|   makeHalfLaplacian|  return value|
|ap_return_24        |  out|   32|  ap_ctrl_hs|   makeHalfLaplacian|  return value|
|ap_return_25        |  out|   32|  ap_ctrl_hs|   makeHalfLaplacian|  return value|
|ap_return_26        |  out|   32|  ap_ctrl_hs|   makeHalfLaplacian|  return value|
|ap_return_27        |  out|   32|  ap_ctrl_hs|   makeHalfLaplacian|  return value|
|ap_return_28        |  out|   32|  ap_ctrl_hs|   makeHalfLaplacian|  return value|
|ap_return_29        |  out|   32|  ap_ctrl_hs|   makeHalfLaplacian|  return value|
|ap_return_30        |  out|   32|  ap_ctrl_hs|   makeHalfLaplacian|  return value|
|ap_return_31        |  out|   32|  ap_ctrl_hs|   makeHalfLaplacian|  return value|
|nodeList_0_0_read   |   in|   32|     ap_none|   nodeList_0_0_read|        scalar|
|nodeList_0_1_read   |   in|   32|     ap_none|   nodeList_0_1_read|        scalar|
|nodeList_1_0_read   |   in|   32|     ap_none|   nodeList_1_0_read|        scalar|
|nodeList_1_1_read   |   in|   32|     ap_none|   nodeList_1_1_read|        scalar|
|nodeList_2_0_read   |   in|   32|     ap_none|   nodeList_2_0_read|        scalar|
|nodeList_2_1_read   |   in|   32|     ap_none|   nodeList_2_1_read|        scalar|
|nodeList_3_0_read   |   in|   32|     ap_none|   nodeList_3_0_read|        scalar|
|nodeList_3_1_read   |   in|   32|     ap_none|   nodeList_3_1_read|        scalar|
|nodeList_4_0_read   |   in|   32|     ap_none|   nodeList_4_0_read|        scalar|
|nodeList_4_1_read   |   in|   32|     ap_none|   nodeList_4_1_read|        scalar|
|nodeList_5_0_read   |   in|   32|     ap_none|   nodeList_5_0_read|        scalar|
|nodeList_5_1_read   |   in|   32|     ap_none|   nodeList_5_1_read|        scalar|
|nodeList_6_0_read   |   in|   32|     ap_none|   nodeList_6_0_read|        scalar|
|nodeList_6_1_read   |   in|   32|     ap_none|   nodeList_6_1_read|        scalar|
|nodeList_7_0_read   |   in|   32|     ap_none|   nodeList_7_0_read|        scalar|
|nodeList_7_1_read   |   in|   32|     ap_none|   nodeList_7_1_read|        scalar|
|nodeList_8_0_read   |   in|   32|     ap_none|   nodeList_8_0_read|        scalar|
|nodeList_8_1_read   |   in|   32|     ap_none|   nodeList_8_1_read|        scalar|
|nodeList_9_0_read   |   in|   32|     ap_none|   nodeList_9_0_read|        scalar|
|nodeList_9_1_read   |   in|   32|     ap_none|   nodeList_9_1_read|        scalar|
|nodeList_10_0_read  |   in|   32|     ap_none|  nodeList_10_0_read|        scalar|
|nodeList_10_1_read  |   in|   32|     ap_none|  nodeList_10_1_read|        scalar|
|nodeList_11_0_read  |   in|   32|     ap_none|  nodeList_11_0_read|        scalar|
|nodeList_11_1_read  |   in|   32|     ap_none|  nodeList_11_1_read|        scalar|
|nodeList_12_0_read  |   in|   32|     ap_none|  nodeList_12_0_read|        scalar|
|nodeList_12_1_read  |   in|   32|     ap_none|  nodeList_12_1_read|        scalar|
|nodeList_13_0_read  |   in|   32|     ap_none|  nodeList_13_0_read|        scalar|
|nodeList_13_1_read  |   in|   32|     ap_none|  nodeList_13_1_read|        scalar|
|nodeList_14_0_read  |   in|   32|     ap_none|  nodeList_14_0_read|        scalar|
|nodeList_14_1_read  |   in|   32|     ap_none|  nodeList_14_1_read|        scalar|
|nodeList_15_0_read  |   in|   32|     ap_none|  nodeList_15_0_read|        scalar|
|nodeList_15_1_read  |   in|   32|     ap_none|  nodeList_15_1_read|        scalar|
|p_read32            |   in|   32|     ap_none|            p_read32|        scalar|
|p_read33            |   in|   32|     ap_none|            p_read33|        scalar|
|p_read34            |   in|   32|     ap_none|            p_read34|        scalar|
|p_read35            |   in|   32|     ap_none|            p_read35|        scalar|
|p_read36            |   in|   32|     ap_none|            p_read36|        scalar|
|p_read37            |   in|   32|     ap_none|            p_read37|        scalar|
|p_read38            |   in|   32|     ap_none|            p_read38|        scalar|
|p_read39            |   in|   32|     ap_none|            p_read39|        scalar|
|p_read40            |   in|   32|     ap_none|            p_read40|        scalar|
|p_read41            |   in|   32|     ap_none|            p_read41|        scalar|
|p_read42            |   in|   32|     ap_none|            p_read42|        scalar|
|p_read43            |   in|   32|     ap_none|            p_read43|        scalar|
|p_read44            |   in|   32|     ap_none|            p_read44|        scalar|
|p_read45            |   in|   32|     ap_none|            p_read45|        scalar|
|p_read46            |   in|   32|     ap_none|            p_read46|        scalar|
|p_read47            |   in|   32|     ap_none|            p_read47|        scalar|
|p_read48            |   in|   32|     ap_none|            p_read48|        scalar|
|p_read49            |   in|   32|     ap_none|            p_read49|        scalar|
|p_read50            |   in|   32|     ap_none|            p_read50|        scalar|
|p_read51            |   in|   32|     ap_none|            p_read51|        scalar|
|p_read52            |   in|   32|     ap_none|            p_read52|        scalar|
|p_read53            |   in|   32|     ap_none|            p_read53|        scalar|
|p_read54            |   in|   32|     ap_none|            p_read54|        scalar|
|p_read55            |   in|   32|     ap_none|            p_read55|        scalar|
|p_read56            |   in|   32|     ap_none|            p_read56|        scalar|
|p_read57            |   in|   32|     ap_none|            p_read57|        scalar|
|p_read58            |   in|   32|     ap_none|            p_read58|        scalar|
|p_read59            |   in|   32|     ap_none|            p_read59|        scalar|
|p_read60            |   in|   32|     ap_none|            p_read60|        scalar|
|p_read61            |   in|   32|     ap_none|            p_read61|        scalar|
|p_read62            |   in|   32|     ap_none|            p_read62|        scalar|
|p_read63            |   in|   32|     ap_none|            p_read63|        scalar|
|inputNode_offset    |   in|    4|     ap_none|    inputNode_offset|        scalar|
+--------------------+-----+-----+------------+--------------------+--------------+

