INFO-FLOW: Workspace /home/kotwal/GlobalCorrelator/pulsar_devkit/simple_examples/HLSIPs/proj0/solution1_BitonicSortOptimizedInline opened at Tue Nov 10 19:10:55 EST 2020
Execute     set_part xcvu9p-flga2104-2l-e 
Execute       ap_part_info -name xcvu9p-flga2104-2l-e -data single -quiet 
Command       ap_part_info done; 1.38 sec.
Execute       ap_part_info -name xcvu9p-flga2104-2l-e -data info 
Execute       add_library xilinx/virtexuplus/virtexuplus:xcvu9p:-flga2104:-2L-e 
Execute         get_default_platform 
Execute         license_isbetapart xcvu9p 
Command         license_isbetapart done; error code: 1; 
Execute         open_platform DefaultPlatform 
Execute         import_lib /opt/vivado-2019/Vivado/2019.1/common/technology/xilinx/virtexuplus/virtexuplus 
Execute           source /opt/vivado-2019/Vivado/2019.1/common/technology/xilinx/common/xilinx.lib 
Execute             source /opt/vivado-2019/Vivado/2019.1/common/technology/xilinx/interface/xilinx_interface.lib 
Execute               source /opt/vivado-2019/Vivado/2019.1/common/technology/xilinx/interface/plb46.lib 
Execute               source /opt/vivado-2019/Vivado/2019.1/common/technology/xilinx/interface/fsl.lib 
Execute               source /opt/vivado-2019/Vivado/2019.1/common/technology/xilinx/interface/axi4.lib 
Execute               source /opt/vivado-2019/Vivado/2019.1/common/technology/xilinx/interface/maxi.lib 
Execute               source /opt/vivado-2019/Vivado/2019.1/common/technology/xilinx/interface/saxilite.lib 
Execute             source /opt/vivado-2019/Vivado/2019.1/common/technology/xilinx/common/dsp48.lib 
Execute             source /opt/vivado-2019/Vivado/2019.1/common/technology/xilinx/ip/dds_compiler.lib 
Execute             source /opt/vivado-2019/Vivado/2019.1/common/technology/xilinx/ip/xfft.lib 
Execute             source /opt/vivado-2019/Vivado/2019.1/common/technology/xilinx/ip/xfir.lib 
Execute           source /opt/vivado-2019/Vivado/2019.1/common/technology/xilinx/common/xilinx.hlp 
Execute             source /opt/vivado-2019/Vivado/2019.1/common/technology/xilinx/common/target_info.tcl 
Execute             source /opt/vivado-2019/Vivado/2019.1/common/technology/xilinx/interface/xilinx_interface.hlp 
Execute               source /opt/vivado-2019/Vivado/2019.1/common/technology/xilinx/interface/maxi.hlp 
Execute               source /opt/vivado-2019/Vivado/2019.1/common/technology/xilinx/interface/saxilite.hlp 
Execute             source /opt/vivado-2019/Vivado/2019.1/common/technology/xilinx/common/dsp48.hlp 
Execute           source /opt/vivado-2019/Vivado/2019.1/common/technology/xilinx/virtexuplus/dsp48e2.hlp 
Execute           source /opt/vivado-2019/Vivado/2019.1/common/technology/xilinx/common/xilinx.hlp 
Execute             source /opt/vivado-2019/Vivado/2019.1/common/technology/xilinx/common/target_info.tcl 
Execute             source /opt/vivado-2019/Vivado/2019.1/common/technology/xilinx/interface/xilinx_interface.hlp 
Execute               source /opt/vivado-2019/Vivado/2019.1/common/technology/xilinx/interface/maxi.hlp 
Execute               source /opt/vivado-2019/Vivado/2019.1/common/technology/xilinx/interface/saxilite.hlp 
Execute             source /opt/vivado-2019/Vivado/2019.1/common/technology/xilinx/common/dsp48.hlp 
Execute         source /opt/vivado-2019/Vivado/2019.1/common/technology/xilinx/virtexuplus/virtexuplus.gen 
Execute           source /opt/vivado-2019/Vivado/2019.1/common/technology/xilinx/common/xilinx.gen 
Execute             source /opt/vivado-2019/Vivado/2019.1/common/technology/xilinx/interface/plb46.gen 
Execute             source /opt/vivado-2019/Vivado/2019.1/common/technology/xilinx/interface/fsl.gen 
Execute             source /opt/vivado-2019/Vivado/2019.1/common/technology/xilinx/interface/axi4.gen 
Execute             source /opt/vivado-2019/Vivado/2019.1/common/technology/xilinx/interface/nativeAXI4.gen 
Execute               source /opt/vivado-2019/Vivado/2019.1/common/technology/xilinx/interface/saxilite.gen 
Execute               source /opt/vivado-2019/Vivado/2019.1/common/technology/xilinx/interface/maxi.gen 
Execute             source /opt/vivado-2019/Vivado/2019.1/common/technology/xilinx/scripts/xilinxcoregen.gen 
Execute             source /opt/vivado-2019/Vivado/2019.1/common/technology/xilinx/interface/XilEDKCoreGen.gen 
Execute             source /opt/vivado-2019/Vivado/2019.1/common/technology/xilinx/ip/dds_compiler.gen 
Execute             source /opt/vivado-2019/Vivado/2019.1/common/technology/xilinx/ip/util.gen 
Execute             source /opt/vivado-2019/Vivado/2019.1/common/technology/xilinx/ip/xfft.gen 
Execute             source /opt/vivado-2019/Vivado/2019.1/common/technology/xilinx/ip/xfir.gen 
Execute             source /opt/vivado-2019/Vivado/2019.1/common/technology/xilinx/common/dsp48.gen 
Command           ap_source done; 0.14 sec.
Command         ap_source done; 0.14 sec.
Execute         ap_part_info -data single -name xcvu9p-flga2104-2L-e 
Execute         ap_part_info -name xcvu9p-flga2104-2L-e -data resources 
Execute         ap_part_info -name xcvu9p-flga2104-2L-e -data info 
Execute         ap_part_info -name xcvu9p-flga2104-2L-e -data info 
Execute         config_chip_info -quiet -resource {SLICE 147780} {LUT 1182240} {FF 2364480} {DSP48E 6840} {BRAM 4320} {URAM 960} {SLR 3} 
Execute         ap_part_info -name xcvu9p-flga2104-2L-e -data info 
Execute         config_chip_info -quiet -speed medium 
Command       add_library done; 0.21 sec.
Execute       add_library xilinx/virtexuplus/virtexuplus_fpv7 
Execute         get_default_platform 
Execute         open_platform DefaultPlatform 
Execute         import_lib /opt/vivado-2019/Vivado/2019.1/common/technology/xilinx/virtexuplus/virtexuplus_fpv7 
Execute           source /opt/vivado-2019/Vivado/2019.1/common/technology/xilinx/common/xilinx_fp.lib 
Execute           source /opt/vivado-2019/Vivado/2019.1/common/technology/xilinx/common/xilinx_fp.hlp 
Execute             source /opt/vivado-2019/Vivado/2019.1/common/technology/xilinx/common/xilinx.hlp 
Execute               source /opt/vivado-2019/Vivado/2019.1/common/technology/xilinx/common/target_info.tcl 
Execute               source /opt/vivado-2019/Vivado/2019.1/common/technology/xilinx/interface/xilinx_interface.hlp 
Execute                 source /opt/vivado-2019/Vivado/2019.1/common/technology/xilinx/interface/maxi.hlp 
Execute                 source /opt/vivado-2019/Vivado/2019.1/common/technology/xilinx/interface/saxilite.hlp 
Execute               source /opt/vivado-2019/Vivado/2019.1/common/technology/xilinx/common/dsp48.hlp 
Execute         source /opt/vivado-2019/Vivado/2019.1/common/technology/xilinx/virtexuplus/virtexuplus_fpv7.gen 
Execute           source /opt/vivado-2019/Vivado/2019.1/common/technology/xilinx/common/xilinx_fp.gen 
INFO: [HLS 200-10] Setting target device to 'xcvu9p-flga2104-2L-e'
Execute       ap_part_info -name xcvu9p-flga2104-2L-e -data info 
Execute       get_default_platform 
Command     set_part done; 1.69 sec.
Execute     create_clock -period 3.125 -name default 
Execute       config_clock -quiet -name default -period 3.125 -default=false 
INFO: [SYN 201-201] Setting up clock 'default' with a period of 3.125ns.
Execute     csim_design 
INFO: [SIM 211-2] *************** CSIM start ***************
INFO: [SIM 211-4] CSIM will launch GCC as the compiler.
Execute       is_encrypted /home/kotwal/GlobalCorrelator/pulsar_devkit/simple_examples/HLSIPs/sorted_data_128.gold.dat 
Execute       is_xip /home/kotwal/GlobalCorrelator/pulsar_devkit/simple_examples/HLSIPs/sorted_data_128.gold.dat 
Execute       is_encrypted /home/kotwal/GlobalCorrelator/pulsar_devkit/simple_examples/HLSIPs/input_data_128.dat 
Execute       is_xip /home/kotwal/GlobalCorrelator/pulsar_devkit/simple_examples/HLSIPs/input_data_128.dat 
Execute       is_encrypted /home/kotwal/GlobalCorrelator/pulsar_devkit/simple_examples/HLSIPs/simple_algo_sort_test.cpp 
Execute       is_xip /home/kotwal/GlobalCorrelator/pulsar_devkit/simple_examples/HLSIPs/simple_algo_sort_test.cpp 
Execute       is_encrypted /home/kotwal/GlobalCorrelator/pulsar_devkit/simple_examples/HLSIPs/src/BitonicSort.cpp 
Execute       is_xip /home/kotwal/GlobalCorrelator/pulsar_devkit/simple_examples/HLSIPs/src/BitonicSort.cpp 
Execute       ap_part_info -name xcvu9p-flga2104-2L-e -data info 
Execute       source run_sim.tcl 
INFO: [SIM 211-1] CSim done with 0 errors.
INFO: [SIM 211-3] *************** CSIM finish ***************
Command     csim_design done; 4.58 sec.
Execute     csynth_design 
Execute       get_config_compile -dump_cfg 
Execute       get_config_compile -effort 
Execute       get_config_compile -enable_clang39 
Execute       get_config_compile -g 
Execute       get_config_compile -ng 
Execute       get_config_compile -opt_fp 
Execute       get_config_compile -skip_cdt 
Execute       get_config_compile -skip_syncheck 
Execute       get_config_compile -skip_transform 
Execute       get_config_compile -keep_printf 
Execute       elaborate -effort=medium -skip_syncheck=0 -keep_printf=0 -skip_cdt=0 -skip_transform=0 -ng=0 -g=0 -opt_fp=0 -from_csynth_design=1 
Execute         get_config_schedule -relax_ii_for_timing 
INFO: [SCHED 204-61] Option 'relax_ii_for_timing' is enabled, will increase II to preserve clock frequency constraints.
Execute         get_config_schedule -suppress_dependence_error_break 
INFO: [HLS 200-10] Analyzing design file 'src/BitonicSort.cpp' ... 
INFO-FLOW: Compiling one TU...
Execute         is_m_axi_addr64 
INFO-FLOW: Handling src/BitonicSort.cpp as C++
Execute         ap_part_info -name xcvu9p-flga2104-2L-e -data info 
Execute         is_encrypted src/BitonicSort.cpp 
Execute         ap_part_info -name xcvu9p-flga2104-2L-e -data info 
INFO-FLOW: Running: GCC PP
INFO-FLOW: Source preprocessing
Execute         clang  -fno-limit-debug-info -gcc-toolchain "/opt/vivado-2019/Vivado/2019.1/lnx64/tools/gcc" -hls  -fno-exceptions  -D__llvm__  -E "src/BitonicSort.cpp"   -DINPUT_DATA_SIZE=128  -fno-math-errno -c -emit-llvm -O0  -mllvm -disable-llvm-optzns -fno-threadsafe-statics  -fno-use-cxa-atexit  -fno-threadsafe-statics -fno-use-cxa-atexit -D__CLANG_3_1__ -DAESL_SYN -D__SYNTHESIS__ -D__HLS_SYN__ -I "/opt/vivado-2019/Vivado/2019.1/common/technology/autopilot" -I "/opt/vivado-2019/Vivado/2019.1/common/technology/autopilot/ap_sysc" -include etc/autopilot_ssdm_op.h -D__DSP48E2__  -o "/home/kotwal/GlobalCorrelator/pulsar_devkit/simple_examples/HLSIPs/proj0/solution1_BitonicSortOptimizedInline/.autopilot/db/BitonicSort.pp.0.cpp" 
INFO-FLOW: exec /opt/vivado-2019/Vivado/2019.1/lnx64/tools/clang/bin/clang -fno-limit-debug-info -gcc-toolchain /opt/vivado-2019/Vivado/2019.1/lnx64/tools/gcc -hls -fno-exceptions -D__llvm__ -E src/BitonicSort.cpp -DINPUT_DATA_SIZE=128 -fno-math-errno -c -emit-llvm -O0 -mllvm -disable-llvm-optzns -fno-threadsafe-statics -fno-use-cxa-atexit -fno-threadsafe-statics -fno-use-cxa-atexit -D__CLANG_3_1__ -DAESL_SYN -D__SYNTHESIS__ -D__HLS_SYN__ -I /opt/vivado-2019/Vivado/2019.1/common/technology/autopilot -I /opt/vivado-2019/Vivado/2019.1/common/technology/autopilot/ap_sysc -include etc/autopilot_ssdm_op.h -D__DSP48E2__ -o /home/kotwal/GlobalCorrelator/pulsar_devkit/simple_examples/HLSIPs/proj0/solution1_BitonicSortOptimizedInline/.autopilot/db/BitonicSort.pp.0.cpp
Command         clang done; 2.19 sec.
Execute         tidy_31 xilinx-xfmat-array-geometry /home/kotwal/GlobalCorrelator/pulsar_devkit/simple_examples/HLSIPs/proj0/solution1_BitonicSortOptimizedInline/.autopilot/db/BitonicSort.pp.0.cpp std=gnu++98 
INFO-FLOW: exec /opt/vivado-2019/Vivado/2019.1/lnx64/tools/clang-3.9-csynth/bin/tidy-3.1 -header-filter=.* -checks=-*,xilinx-xfmat-array-geometry -quiet -fix /home/kotwal/GlobalCorrelator/pulsar_devkit/simple_examples/HLSIPs/proj0/solution1_BitonicSortOptimizedInline/.autopilot/db/BitonicSort.pp.0.cpp -- -std=gnu++98 -fhls -ferror-limit=0
Command         tidy_31 done; 1.11 sec.
INFO-FLOW: Syntax Checking before pre-processing...
Execute         clang -syntaxcheck -src /home/kotwal/GlobalCorrelator/pulsar_devkit/simple_examples/HLSIPs/proj0/solution1_BitonicSortOptimizedInline/.autopilot/db/BitonicSort.pp.0.cpp  -fno-limit-debug-info -gcc-toolchain "/opt/vivado-2019/Vivado/2019.1/lnx64/tools/gcc" -hls  -DINPUT_DATA_SIZE=128  -fno-math-errno -c -emit-llvm -O0  -mllvm -disable-llvm-optzns -fno-threadsafe-statics  -fno-use-cxa-atexit  -fno-threadsafe-statics -fno-use-cxa-atexit -D__CLANG_3_1__ -DAESL_SYN -D__SYNTHESIS__ -D__HLS_SYN__ -I "/opt/vivado-2019/Vivado/2019.1/common/technology/autopilot" -I "/opt/vivado-2019/Vivado/2019.1/common/technology/autopilot/ap_sysc" -include etc/autopilot_ssdm_op.h -D__DSP48E2__  "/home/kotwal/GlobalCorrelator/pulsar_devkit/simple_examples/HLSIPs/proj0/solution1_BitonicSortOptimizedInline/.autopilot/db/BitonicSort.pp.0.cpp"  -o "/home/kotwal/GlobalCorrelator/pulsar_devkit/simple_examples/HLSIPs/proj0/solution1_BitonicSortOptimizedInline/.autopilot/db/useless.bc"  
INFO-FLOW: exec /opt/vivado-2019/Vivado/2019.1/lnx64/tools/clang/bin/clang -fno-limit-debug-info -gcc-toolchain /opt/vivado-2019/Vivado/2019.1/lnx64/tools/gcc -hls -DINPUT_DATA_SIZE=128 -fno-math-errno -c -emit-llvm -O0 -mllvm -disable-llvm-optzns -fno-threadsafe-statics -fno-use-cxa-atexit -fno-threadsafe-statics -fno-use-cxa-atexit -D__CLANG_3_1__ -DAESL_SYN -D__SYNTHESIS__ -D__HLS_SYN__ -I /opt/vivado-2019/Vivado/2019.1/common/technology/autopilot -I /opt/vivado-2019/Vivado/2019.1/common/technology/autopilot/ap_sysc -include etc/autopilot_ssdm_op.h -D__DSP48E2__ /home/kotwal/GlobalCorrelator/pulsar_devkit/simple_examples/HLSIPs/proj0/solution1_BitonicSortOptimizedInline/.autopilot/db/BitonicSort.pp.0.cpp -o /home/kotwal/GlobalCorrelator/pulsar_devkit/simple_examples/HLSIPs/proj0/solution1_BitonicSortOptimizedInline/.autopilot/db/useless.bc
Command         clang done; 2.52 sec.
INFO-FLOW: Done: GCC PP time: 5.8 seconds per iteration
Execute         source /opt/vivado-2019/Vivado/2019.1/tps/tcl/tcllib1.11.1/yaml/huddle.tcl 
Execute         source /opt/vivado-2019/Vivado/2019.1/tps/tcl/tcllib1.11.1/yaml/json2huddle.tcl 
Execute           source /opt/vivado-2019/Vivado/2019.1/tps/tcl/tcllib1.11.1/try/try.tcl 
Execute         list_core -type functional_unit 
Execute         tidy_31 xilinx-systemc-detector /home/kotwal/GlobalCorrelator/pulsar_devkit/simple_examples/HLSIPs/proj0/solution1_BitonicSortOptimizedInline/.autopilot/db/BitonicSort.pp.0.cpp std=gnu++98 -directive=/home/kotwal/GlobalCorrelator/pulsar_devkit/simple_examples/HLSIPs/proj0/solution1_BitonicSortOptimizedInline/.autopilot/db/.systemc_flag 
INFO-FLOW: exec /opt/vivado-2019/Vivado/2019.1/lnx64/tools/clang-3.9-csynth/bin/tidy-3.1 -header-filter=.* -checks=-*,xilinx-systemc-detector -import-directive=/home/kotwal/GlobalCorrelator/pulsar_devkit/simple_examples/HLSIPs/proj0/solution1_BitonicSortOptimizedInline/.autopilot/db/.systemc_flag -quiet -fix-errors /home/kotwal/GlobalCorrelator/pulsar_devkit/simple_examples/HLSIPs/proj0/solution1_BitonicSortOptimizedInline/.autopilot/db/BitonicSort.pp.0.cpp -- -std=gnu++98 -fhls -ferror-limit=0
Command         tidy_31 done; 0.78 sec.
INFO-FLOW: Running: tidy-3.1 CDT preprocess
Execute         tidy_31 xilinx-directive2pragma /home/kotwal/GlobalCorrelator/pulsar_devkit/simple_examples/HLSIPs/proj0/solution1_BitonicSortOptimizedInline/.autopilot/db/BitonicSort.pp.0.cpp std=gnu++98 -directive=/home/kotwal/GlobalCorrelator/pulsar_devkit/simple_examples/HLSIPs/proj0/solution1_BitonicSortOptimizedInline/.autopilot/db/all.directive.json 
INFO-FLOW: exec /opt/vivado-2019/Vivado/2019.1/lnx64/tools/clang-3.9-csynth/bin/tidy-3.1 -header-filter=.* -checks=-*,xilinx-directive2pragma -import-directive=/home/kotwal/GlobalCorrelator/pulsar_devkit/simple_examples/HLSIPs/proj0/solution1_BitonicSortOptimizedInline/.autopilot/db/all.directive.json -quiet -fix-errors /home/kotwal/GlobalCorrelator/pulsar_devkit/simple_examples/HLSIPs/proj0/solution1_BitonicSortOptimizedInline/.autopilot/db/BitonicSort.pp.0.cpp -- -std=gnu++98 -fhls -ferror-limit=0
Command         tidy_31 done; 0.78 sec.
Execute         get_config_dataflow -strict_mode 
Execute         ap_eval exec -ignorestderr /opt/vivado-2019/Vivado/2019.1/lnx64/tools/clang-3.9-csynth/bin/xilinx-dataflow-lawyer -export-fixes=/home/kotwal/GlobalCorrelator/pulsar_devkit/simple_examples/HLSIPs/proj0/solution1_BitonicSortOptimizedInline/.autopilot/db/xilinx-dataflow-lawyer.BitonicSort.pp.0.cpp.diag.yml /home/kotwal/GlobalCorrelator/pulsar_devkit/simple_examples/HLSIPs/proj0/solution1_BitonicSortOptimizedInline/.autopilot/db/BitonicSort.pp.0.cpp -- -std=gnu++98 -fhls -ferror-limit=0 -fstrict-dataflow > /home/kotwal/GlobalCorrelator/pulsar_devkit/simple_examples/HLSIPs/proj0/solution1_BitonicSortOptimizedInline/.autopilot/db/xilinx-dataflow-lawyer.BitonicSort.pp.0.cpp.out.log 2> /home/kotwal/GlobalCorrelator/pulsar_devkit/simple_examples/HLSIPs/proj0/solution1_BitonicSortOptimizedInline/.autopilot/db/xilinx-dataflow-lawyer.BitonicSort.pp.0.cpp.err.log 
Command         ap_eval done; 0.77 sec.
Execute         tidy_31 -errorcheck xilinx-constantarray-param,xilinx-resource-pragma-transformer,xilinx-xfmat-array-geometry /home/kotwal/GlobalCorrelator/pulsar_devkit/simple_examples/HLSIPs/proj0/solution1_BitonicSortOptimizedInline/.autopilot/db/BitonicSort.pp.0.cpp std=gnu++98 
Execute           ap_eval exec -ignorestderr /opt/vivado-2019/Vivado/2019.1/lnx64/tools/clang-3.9-csynth/bin/tidy-3.1 -export-fixes=/home/kotwal/GlobalCorrelator/pulsar_devkit/simple_examples/HLSIPs/proj0/solution1_BitonicSortOptimizedInline/.autopilot/db/tidy-3.1.BitonicSort.pp.0.cpp.diag.yml -header-filter=.* -checks=-*,xilinx-constantarray-param,xilinx-resource-pragma-transformer,xilinx-xfmat-array-geometry -quiet -fix-errors /home/kotwal/GlobalCorrelator/pulsar_devkit/simple_examples/HLSIPs/proj0/solution1_BitonicSortOptimizedInline/.autopilot/db/BitonicSort.pp.0.cpp -- -std=gnu++98 -fhls -ferror-limit=0 > /home/kotwal/GlobalCorrelator/pulsar_devkit/simple_examples/HLSIPs/proj0/solution1_BitonicSortOptimizedInline/.autopilot/db/tidy-3.1.BitonicSort.pp.0.cpp.out.log 2> /home/kotwal/GlobalCorrelator/pulsar_devkit/simple_examples/HLSIPs/proj0/solution1_BitonicSortOptimizedInline/.autopilot/db/tidy-3.1.BitonicSort.pp.0.cpp.err.log 
Command           ap_eval done; 1.32 sec.
Execute           source /opt/vivado-2019/Vivado/2019.1/tps/tcl/tcllib1.11.1/yaml/yaml.tcl 
Execute             source /opt/vivado-2019/Vivado/2019.1/tps/tcl/tcllib1.11.1/cmdline/cmdline.tcl 
Execute           ap_eval exec -ignorestderr /opt/vivado-2019/Vivado/2019.1/lnx64/tools/clang-3.9-csynth/bin/xilinx-legacy-rewriter /home/kotwal/GlobalCorrelator/pulsar_devkit/simple_examples/HLSIPs/proj0/solution1_BitonicSortOptimizedInline/.autopilot/db/BitonicSort.pp.0.cpp -- -std=gnu++98 -fhls -ferror-limit=0 > /home/kotwal/GlobalCorrelator/pulsar_devkit/simple_examples/HLSIPs/proj0/solution1_BitonicSortOptimizedInline/.autopilot/db/xilinx-legacy-rewriter.BitonicSort.pp.0.cpp.out.log 2> /home/kotwal/GlobalCorrelator/pulsar_devkit/simple_examples/HLSIPs/proj0/solution1_BitonicSortOptimizedInline/.autopilot/db/xilinx-legacy-rewriter.BitonicSort.pp.0.cpp.err.log 
Command           ap_eval done; 0.8 sec.
Command         tidy_31 done; 2.16 sec.
INFO-FLOW: Done: tidy-3.1 CDT preprocess time: 3.7 seconds per iteration
INFO-FLOW: Pragma Handling...
Execute         tidy_31 xilinx-ssdm-intrinsics-arguments /home/kotwal/GlobalCorrelator/pulsar_devkit/simple_examples/HLSIPs/proj0/solution1_BitonicSortOptimizedInline/.autopilot/db/BitonicSort.pragma.1.cpp std=gnu++98 
INFO-FLOW: exec /opt/vivado-2019/Vivado/2019.1/lnx64/tools/clang-3.9-csynth/bin/tidy-3.1 -header-filter=.* -checks=-*,xilinx-ssdm-intrinsics-arguments -quiet -fix-errors /home/kotwal/GlobalCorrelator/pulsar_devkit/simple_examples/HLSIPs/proj0/solution1_BitonicSortOptimizedInline/.autopilot/db/BitonicSort.pragma.1.cpp -- -std=gnu++98 -fhls -ferror-limit=0
Command         tidy_31 done; 1.32 sec.
Execute         ap_part_info -name xcvu9p-flga2104-2L-e -data info 
INFO-FLOW: Processing labels
Execute         clang -src /home/kotwal/GlobalCorrelator/pulsar_devkit/simple_examples/HLSIPs/proj0/solution1_BitonicSortOptimizedInline/.autopilot/db/BitonicSort.pragma.2.cpp  -fno-limit-debug-info -gcc-toolchain /opt/vivado-2019/Vivado/2019.1/lnx64/tools/gcc -hls -hls-analyze-label -hls-analyze-pragma -fno-exceptions  -D__llvm__  -w  "/home/kotwal/GlobalCorrelator/pulsar_devkit/simple_examples/HLSIPs/proj0/solution1_BitonicSortOptimizedInline/.autopilot/db/BitonicSort.pragma.2.cpp"  -DINPUT_DATA_SIZE=128  -fno-math-errno -c -emit-llvm -O0  -mllvm -disable-llvm-optzns -fno-threadsafe-statics  -fno-use-cxa-atexit -DAESL_SYN -D__SYNTHESIS__ -D__HLS_SYN__ -I "/opt/vivado-2019/Vivado/2019.1/common/technology/autopilot" -I "/opt/vivado-2019/Vivado/2019.1/common/technology/autopilot/ap_sysc" -include etc/autopilot_ssdm_op.h -D__DSP48E2__ -g -o "/home/kotwal/GlobalCorrelator/pulsar_devkit/simple_examples/HLSIPs/proj0/solution1_BitonicSortOptimizedInline/.autopilot/db/BitonicSort.bc" 
INFO-FLOW: exec /opt/vivado-2019/Vivado/2019.1/lnx64/tools/clang/bin/clang -fno-limit-debug-info -gcc-toolchain /opt/vivado-2019/Vivado/2019.1/lnx64/tools/gcc -hls -hls-analyze-label -hls-analyze-pragma -fno-exceptions -D__llvm__ -w /home/kotwal/GlobalCorrelator/pulsar_devkit/simple_examples/HLSIPs/proj0/solution1_BitonicSortOptimizedInline/.autopilot/db/BitonicSort.pragma.2.cpp -DINPUT_DATA_SIZE=128 -fno-math-errno -c -emit-llvm -O0 -mllvm -disable-llvm-optzns -fno-threadsafe-statics -fno-use-cxa-atexit -DAESL_SYN -D__SYNTHESIS__ -D__HLS_SYN__ -I /opt/vivado-2019/Vivado/2019.1/common/technology/autopilot -I /opt/vivado-2019/Vivado/2019.1/common/technology/autopilot/ap_sysc -include etc/autopilot_ssdm_op.h -D__DSP48E2__ -g -o /home/kotwal/GlobalCorrelator/pulsar_devkit/simple_examples/HLSIPs/proj0/solution1_BitonicSortOptimizedInline/.autopilot/db/BitonicSort.bc
Command         clang done; 2.53 sec.
INFO-FLOW: Linking Debug ...
Execute         llvm-ld /home/kotwal/GlobalCorrelator/pulsar_devkit/simple_examples/HLSIPs/proj0/solution1_BitonicSortOptimizedInline/.autopilot/db/BitonicSort.g.bc -hls-opt -except-internalize BitonicSortOptimizedInline -L/opt/vivado-2019/Vivado/2019.1/lnx64/lib -lhlsm -lhlsmc++ -o /home/kotwal/GlobalCorrelator/pulsar_devkit/simple_examples/HLSIPs/proj0/solution1_BitonicSortOptimizedInline/.autopilot/db/a.g 
Command         llvm-ld done; 1.05 sec.
INFO: [HLS 200-111] Finished Linking Time (s): cpu = 00:00:18 ; elapsed = 00:00:22 . Memory (MB): peak = 930.625 ; gain = 132.125 ; free physical = 400 ; free virtual = 35678
INFO: [HLS 200-111] Finished Checking Pragmas Time (s): cpu = 00:00:18 ; elapsed = 00:00:22 . Memory (MB): peak = 930.625 ; gain = 132.125 ; free physical = 400 ; free virtual = 35678
Execute         get_config_sdx -target 
Execute         opt_and_import_c a -opt_level=2 -skip_syncheck=0 -ng=0 -keep_printf=0 
Execute           cleanup_all_models 
INFO: [HLS 200-10] Starting code transformations ...
Execute           transform -promote-dbg-pointer /home/kotwal/GlobalCorrelator/pulsar_devkit/simple_examples/HLSIPs/proj0/solution1_BitonicSortOptimizedInline/.autopilot/db/a.pp.bc -o /home/kotwal/GlobalCorrelator/pulsar_devkit/simple_examples/HLSIPs/proj0/solution1_BitonicSortOptimizedInline/.autopilot/db/a.pp.0.bc -f 
Execute           llvm-ld /home/kotwal/GlobalCorrelator/pulsar_devkit/simple_examples/HLSIPs/proj0/solution1_BitonicSortOptimizedInline/.autopilot/db/a.pp.0.bc -disable-opt -L/opt/vivado-2019/Vivado/2019.1/lnx64/lib -lfloatconversion -o /home/kotwal/GlobalCorrelator/pulsar_devkit/simple_examples/HLSIPs/proj0/solution1_BitonicSortOptimizedInline/.autopilot/db/a.g.0 
Command           llvm-ld done; 1.02 sec.
INFO-FLOW: Running Standard Transforms...
Execute           transform -hls -share-std-xform -demangle-name -inline-byval-memcpy -always-inline -promote-dbg-pointer -interface-preproc -mem2reg -scalarrepl -mem2reg -keep-read-access -instcombine -dce -promote-dbg-pointer -bitop-raise -loop-simplify -indvarspre -indvars -loop-simplify -xunroll -constprop -instcombine -simplifycfg -indvars -simplifycfg -dce -globaldce -basicaa -simplifycfg -mem2reg -globalopt -global-constprop -deadargelim -instcombine -simplifycfg -prune-eh -simplifycfg -scalarrepl -instcombine -reassociate -licm -simplifycfg -loop-simplify -indvars -instcombine -simplifycfg -mem2reg -loop-simplify -indvars -instcombine -gvn -gvn -instcombine -adce -break-crit-edges -simplifycfg -loop-delete -global-array-opt -dce -dse -adce -find-syn-modules -top BitonicSortOptimizedInline -deadargelim -mem2reg -instcombine -dce -presyn-prepare -auto-rom-infer -interface-preproc -syn-check -check-rec-only -find-region -simplifycfg -func-extr -function-inline -globaldce -mem2reg -instcombine -dce -gvn -globaldce -adce -adse -constprop -instcombine -bit-constprop -instcombine -dce -simplifycfg -bitop-raise -simplifycfg -dce -loop-delete -reassociate -globalopt -global-privatize -mem2reg -dce -global-constprop -pointer-simplify -constprop -dce -func-inst -deadargelim -auto-shift-reg-idiom -promote-dbg-pointer -norm-name /home/kotwal/GlobalCorrelator/pulsar_devkit/simple_examples/HLSIPs/proj0/solution1_BitonicSortOptimizedInline/.autopilot/db/a.g.0.bc -o /home/kotwal/GlobalCorrelator/pulsar_devkit/simple_examples/HLSIPs/proj0/solution1_BitonicSortOptimizedInline/.autopilot/db/a.g.1.bc -f -phase std-opt 
INFO: [XFORM 203-603] Inlining function 'exchange<ap_uint<10>, int>' into 'elementLoop<ap_uint<10>, int, int>' (src/BitonicSort.cpp:38).
INFO: [XFORM 203-603] Inlining function 'exchange<ap_uint<10>, int>' into 'elementLoop<ap_uint<10>, int, int>' (src/BitonicSort.cpp:36).
INFO: [XFORM 203-603] Inlining function 'elementLoop<ap_uint<10>, int, int>' into 'BitonicSortOptimizedInline' (src/BitonicSort.cpp:198).
INFO: [XFORM 203-603] Inlining function 'elementLoop<ap_uint<10>, int, int>' into 'BitonicSortOptimizedInline' (src/BitonicSort.cpp:194).
INFO: [XFORM 203-603] Inlining function 'elementLoop<ap_uint<10>, int, int>' into 'BitonicSortOptimizedInline' (src/BitonicSort.cpp:190).
INFO: [XFORM 203-603] Inlining function 'elementLoop<ap_uint<10>, int, int>' into 'BitonicSortOptimizedInline' (src/BitonicSort.cpp:185).
INFO: [XFORM 203-603] Inlining function 'elementLoop<ap_uint<10>, int, int>' into 'BitonicSortOptimizedInline' (src/BitonicSort.cpp:181).
INFO: [XFORM 203-603] Inlining function 'elementLoop<ap_uint<10>, int, int>' into 'BitonicSortOptimizedInline' (src/BitonicSort.cpp:177).
INFO: [XFORM 203-603] Inlining function 'elementLoop<ap_uint<10>, int, int>' into 'BitonicSortOptimizedInline' (src/BitonicSort.cpp:173).
INFO: [HLS 200-111] Finished Standard Transforms Time (s): cpu = 00:00:19 ; elapsed = 00:00:23 . Memory (MB): peak = 930.625 ; gain = 132.125 ; free physical = 391 ; free virtual = 35675
INFO: [HLS 200-10] Checking synthesizability ...
INFO-FLOW: Checking Synthesizability 1/2..
Execute           transform -hls -syn-check -check-rec-only -disaggr -scalarrepl -norm-name -dce -mem2reg -instcombine -function-uniquify -directive-preproc -mem2reg -dse -dce -auto-rom-infer -dce -pag -array-normalize -instcombine -dce -warn-fifo-pointer -array-seg-normalize -instcombine -dce -array-flatten -instcombine -dce -array-burst -dce -deadargelim -promote-global-argument -simplifycfg -mem2reg -globaldce -dce -deadargelim -dce -instcombine -function-inline -globaldce -dce -doublePtrSimplify -doublePtrElim -dce -doublePtrSimplify -promote-dbg-pointer -dce -scalarrepl -dse -adse -instcombine -ptrLegalization -simplifycfg -dce -instcombine -pointer-simplify -ptrArgReplace -dce -instcombine -resolve-double-ptr -disaggr -scalarrepl -norm-name -dce -mem2reg -instcombine -ptrLegalization -simplifycfg -deadargelim -instcombine -dce -inst-simplify -function-uniquify -directive-preproc -mem2reg -dse -dce -globaldce -check-dspbuiltin /home/kotwal/GlobalCorrelator/pulsar_devkit/simple_examples/HLSIPs/proj0/solution1_BitonicSortOptimizedInline/.autopilot/db/a.g.1.bc -o /home/kotwal/GlobalCorrelator/pulsar_devkit/simple_examples/HLSIPs/proj0/solution1_BitonicSortOptimizedInline/.autopilot/db/a.g.2.prechk.bc -f 
INFO-FLOW: Checking Synthesizability 2/2..
Execute           transform -syn-check /home/kotwal/GlobalCorrelator/pulsar_devkit/simple_examples/HLSIPs/proj0/solution1_BitonicSortOptimizedInline/.autopilot/db/a.g.2.prechk.bc -o /home/kotwal/GlobalCorrelator/pulsar_devkit/simple_examples/HLSIPs/proj0/solution1_BitonicSortOptimizedInline/.autopilot/db/a.g.2.bc -f -phase syn-check 
INFO: [HLS 200-111] Finished Checking Synthesizability Time (s): cpu = 00:00:19 ; elapsed = 00:00:23 . Memory (MB): peak = 930.625 ; gain = 132.125 ; free physical = 390 ; free virtual = 35674
INFO-FLOW: Compiler optimizing ...
INFO-FLOW: Share syncheck's 1.bc for syn flow: copy /home/kotwal/GlobalCorrelator/pulsar_devkit/simple_examples/HLSIPs/proj0/solution1_BitonicSortOptimizedInline/.autopilot/db/a.g.1.bc to /home/kotwal/GlobalCorrelator/pulsar_devkit/simple_examples/HLSIPs/proj0/solution1_BitonicSortOptimizedInline/.autopilot/db/a.o.1.bc
INFO-FLOW: Presyn 1...
Execute           transform -hls -tmp /home/kotwal/GlobalCorrelator/pulsar_devkit/simple_examples/HLSIPs/proj0/solution1_BitonicSortOptimizedInline/.autopilot/db -interface-port-rename -type-info -function-uniquify -directive-preproc -mem2reg -dse -dce -disaggr -scalarrepl -norm-name -deadargelim -mem2reg -instcombine -dce -simplifycfg -auto-rom-infer -dce -function-uniquify -resource-proc -clib-intrinsic-prepare -dce -func-buffer -dce -pag -array-normalize -func-legal -instcombine -gvn -constprop -dce -simplifycfg -mem2reg -globaldce -resolve-double-ptr -dce -deadargelim -dce -instcombine -ptrArgReplace -mem2reg -dce -array-seg-normalize -deadargelim -instcombine -dce -pointer-simplify -dce -port-alignment -dce -interface-preproc -data-pack -instcombine -dce -basicaa -aggr-aa -aggrmodref-aa -aggr-aa -gvn -gvn -basicaa -aggr-aa -aggrmodref-aa -aggr-aa -dse -adse -adce -loop-simplify -indvars -instcombine -gvn -loop-simplify -mem2reg -dce -find-region -instcombine -auto-loop-pipeline -inst-simplify -interface-preproc -cfgopt -instcombine -indvars -auto-loop-unroll -loop-simplify -loop-bound -xunroll -constprop -instcombine -simplifycfg -indvars -simplifycfg -dce -globaldce -clean-region -attach-range -gvn -inst-simplify -constprop -simplifycfg -dce -pointer-simplify -dce -globalopt -constprop -dce -array-promote -constprop -dce -ptrArgReplace -mem2reg -simplifycfg -dce -auto-par -instcombine -dce -array-transform-check -array-reshape -instcombine -simplifycfg -dce -ptrArgReplace -deadargelim -mem2reg -instcombine -simplifycfg -dce -indvars -loop-simplify -loop-bound -xunroll -constprop -instcombine -simplifycfg -indvars -simplifycfg -dce -globaldce -basicaa -aggr-aa -aggrmodref-aa -aggr-aa -dse -duplicate-dataflow-processes -globaldce -instcombine -array-partition -instcombine -simplifycfg -dce -ptrArgReplace -global-constprop -deadargelim -mem2reg -func-legal -dce -global-constprop -deadargelim -mem2reg -simplifycfg -dce -merge-param -deadargelim -globalopt -constprop -dce -array-promote -constprop -dce -ptrArgReplace -mem2reg -simplifycfg -dce -mem-intrinsic-preproc -dce -global-internalize -global-privatize -mem2reg -globaldce -promote-global-argument -ptrArgReplace -mem2reg -dce -globalopt -mergereturn -simplify-global-access -mem2reg -dce -pointer-simplify -dce -functionattrs -basicaa -aggr-aa -aggrmodref-aa -aggr-aa -gvn -gvn -basicaa -aggr-aa -aggrmodref-aa -aggr-aa -dse -adse -adce -dce -norm-name -function-inline -complex-op-raise -inst-simplify -globaldce -func-inst -constprop -instcombine -simplifycfg -dce -func-legal -dce -loop-bound -arraycheck -bitwidthmin -on-by-dataflow -loop-delete -instcombine -simplifycfg -globaldce -dce -gvn -deadargelim -dce -loop-simplify -clean-region -simplifycfg -propagate-stable-arguments -loop-stream -instcombine -simplifycfg -dce -globaldce -duplicate-dataflow-processes -stream-intrinsic-preproc -dce -check-ap-stream -loop-simplify -eliminate-keepreads -extract-dataflow-in-loop -loop-simplify -dce -gvn -deadargelim -dse -check-dataflow-syntax -legalize-stream-variable -legalize-global -extract-subproc -dce -dead-channel-elimination -canonicalize-gep -globaldce -dce -gvn -deadargelim -annotate-dataflow-channels -scalar-propagation -deadargelim -globaldce -mem2reg -check-dataflow-channels -function-stream -dce -globaldce -prop-fifo-spec -internal-stream-gen -canonicalize-gep -globaldce -dce -gvn -deadargelim -mergereturn -indvars -loop-simplify -instcombine -array-stream -array-seg-normalize -array-partition -func-legal -instcombine -simplifycfg -dce -bundle-memfifo-ops -deadargelim -function-uniquify -directive-preproc -mem2reg -dse -dce -group-axi-access -licm -simplifycfg -dce -loop-delete -norm-name /home/kotwal/GlobalCorrelator/pulsar_devkit/simple_examples/HLSIPs/proj0/solution1_BitonicSortOptimizedInline/.autopilot/db/a.o.1.bc -o /home/kotwal/GlobalCorrelator/pulsar_devkit/simple_examples/HLSIPs/proj0/solution1_BitonicSortOptimizedInline/.autopilot/db/a.o.1.tmp.bc -f 
INFO: [XFORM 203-502] Unrolling all loops for pipelining in function 'BitonicSortOptimizedInline' (src/BitonicSort.cpp:163).
INFO: [HLS 200-489] Unrolling loop 'LOOP2' (src/BitonicSort.cpp:172) in function 'BitonicSortOptimizedInline' completely with a factor of 1.
INFO: [HLS 200-489] Unrolling loop 'LOOP_OVER_ELEMENTS' (src/BitonicSort.cpp:29) in function 'BitonicSortOptimizedInline' completely with a factor of 128.
INFO: [HLS 200-489] Unrolling loop 'LOOP4' (src/BitonicSort.cpp:176) in function 'BitonicSortOptimizedInline' completely with a factor of 2.
INFO: [HLS 200-489] Unrolling loop 'LOOP8' (src/BitonicSort.cpp:180) in function 'BitonicSortOptimizedInline' completely with a factor of 3.
INFO: [HLS 200-489] Unrolling loop 'LOOP16' (src/BitonicSort.cpp:184) in function 'BitonicSortOptimizedInline' completely with a factor of 4.
INFO: [HLS 200-489] Unrolling loop 'LOOP32' (src/BitonicSort.cpp:189) in function 'BitonicSortOptimizedInline' completely with a factor of 5.
INFO: [HLS 200-489] Unrolling loop 'LOOP64' (src/BitonicSort.cpp:193) in function 'BitonicSortOptimizedInline' completely with a factor of 6.
INFO: [HLS 200-489] Unrolling loop 'LOOP128' (src/BitonicSort.cpp:197) in function 'BitonicSortOptimizedInline' completely with a factor of 7.
INFO: [XFORM 203-101] Partitioning array 'work_array.V' (src/BitonicSort.cpp:163) in dimension 1 completely.
Command           transform done; 82.64 sec.
INFO-FLOW: Presyn 2...
Execute           transform -hls -keep-callgraph -scalarrepl -mem2reg -port-alignment -attach-range -dce -pipe-mux-gen -indvars -loop-bound -inst-simplify -instcombine -dce -merge-array-access -mem2reg -dce -clean-region -mergereturn -if-conv -instcombine -dce -constprop -basicaa -aggr-aa -aggrmodref-aa -aggr-aa -gvn -gvn -basicaa -aggr-aa -aggrmodref-aa -aggr-aa -dse -adse -adce -scalarrepl -mem2reg -global-constprop -deadargelim -deadargelim -instcombine -dce -simplifycfg -ptrArgReplace -mem2reg -function-inline -globaldce -mem2reg -instcombine -dce -expr-balance -instcombine -dce -bitwidthmin -interface-preproc -directive-preproc -inst-rectify -instcombine -dce -functionattrs -constprop -instcombine -bit-constprop -simplify-global-access -globalopt -globaldce -inst-simplify -instcombine -elimdeaddata -dce -loop-delete -simplifycfg -loop-simplify -auto-burst -norm-name /home/kotwal/GlobalCorrelator/pulsar_devkit/simple_examples/HLSIPs/proj0/solution1_BitonicSortOptimizedInline/.autopilot/db/a.o.1.tmp.bc -o /home/kotwal/GlobalCorrelator/pulsar_devkit/simple_examples/HLSIPs/proj0/solution1_BitonicSortOptimizedInline/.autopilot/db/a.o.2.bc -f -phase presyn 
INFO: [XFORM 203-11] Balancing expressions in function 'BitonicSortOptimizedInline' (src/BitonicSort.cpp:163)...3456 expression(s) balanced.
Command           transform done; 23.94 sec.
INFO: [HLS 200-111] Finished Pre-synthesis Time (s): cpu = 00:02:05 ; elapsed = 00:02:10 . Memory (MB): peak = 1059.043 ; gain = 260.543 ; free physical = 234 ; free virtual = 35458
INFO-FLOW: Building ssdm...
Execute           transform -hls -function-uniquify -auto-function-inline -globaldce -ptrArgReplace -mem2reg -dce -reset-lda -loop-simplify -indvars -licm -loop-dep -loop-bound -licm -loop-simplify -flattenloopnest -array-flatten -gvn -instcombine -dce -array-map -dce -func-legal -gvn -adce -instcombine -cfgopt -simplifycfg -loop-simplify -array-burst -promote-global-argument -dce -ptrLegalization -axi4-lower -array-seg-normalize -basicaa -aggrmodref-aa -globalsmodref-aa -aggr-aa -gvn -gvn -basicaa -aggrmodref-aa -globalsmodref-aa -aggr-aa -dse -adse -adce -licm -inst-simplify -dce -globaldce -instcombine -array-stream -eliminate-keepreads -instcombine -dce -deadargelim -doublePtrSimplify -doublePtrElim -dce -doublePtrSimplify -promote-dbg-pointer -dce -scalarrepl -mem2reg -disaggr -norm-name -mem2reg -instcombine -dse -adse -adce -ptrLegalization -dce -auto-rom-infer -array-flatten -dce -instcombine -check-doubleptr -loop-rot -constprop -cfgopt -simplifycfg -loop-simplify -indvars -pointer-simplify -dce -loop-bound -loop-simplify -loop-preproc -constprop -global-constprop -gvn -mem2reg -instcombine -dce -loop-bound -loop-merge -dce -bitwidthmin -deadargelim -dce -canonicalize-dataflow -dce -scalar-propagation -deadargelim -globaldce -mem2reg -read-loop-dep -interface-preproc -directive-preproc -interface-gen -bram-byte-enable -deadargelim -inst-simplify -dce -gvn -mem2reg -instcombine -dce -adse -loop-bound -instcombine -cfgopt -simplifycfg -loop-simplify -clean-region -io-protocol -find-region -mem2reg -bitop-raise -complex-op-raise -inst-simplify -inst-rectify -instcombine -adce -deadargelim -loop-simplify -phi-opt -bitop-raise -cfgopt -simplifycfg -strip-dead-prototypes -interface-lower -bitop-lower -intrinsic-lower -auto-function-inline -basicaa -aggrmodref-aa -globalsmodref-aa -aggr-aa -inst-simplify -simplifycfg -loop-simplify -mergereturn -inst-simplify -inst-rectify -dce -load-elim -bitop-lower -loop-rewind -pointer-simplify -dce -cfgopt -dce -loop-bound -loop-dep -read-loop-dep -dce -check-stream -norm-name -legalize -validate-dataflow -inst-clarity -bitwidth -dump-loop-dep-to-ir -check-all-ssdm -cdfg-build /home/kotwal/GlobalCorrelator/pulsar_devkit/simple_examples/HLSIPs/proj0/solution1_BitonicSortOptimizedInline/.autopilot/db/a.o.2.bc -o /home/kotwal/GlobalCorrelator/pulsar_devkit/simple_examples/HLSIPs/proj0/solution1_BitonicSortOptimizedInline/.autopilot/db/a.o.3.bc -f -phase build-ssdm 
Command           transform done; 44.21 sec.
INFO: [HLS 200-111] Finished Architecture Synthesis Time (s): cpu = 00:02:49 ; elapsed = 00:02:54 . Memory (MB): peak = 1059.043 ; gain = 260.543 ; free physical = 237 ; free virtual = 35463
INFO-FLOW: Finish building internal data model.
Command         opt_and_import_c done; 152.05 sec.
Command       elaborate done; 167.43 sec.
Execute       autosyn -from_csynth_design=1 
INFO: [HLS 200-10] Starting hardware synthesis ...
INFO-FLOW: Synthesizing C/C++ design ...
INFO: [HLS 200-10] Synthesizing 'BitonicSortOptimizedInline' ...
Execute         ap_set_top_model BitonicSortOptimizedInline 
Execute         get_model_list BitonicSortOptimizedInline -filter all-wo-channel -topdown 
Execute         preproc_iomode -model BitonicSortOptimizedInline 
Execute         get_model_list BitonicSortOptimizedInline -filter all-wo-channel 
INFO-FLOW: Model list for configure: BitonicSortOptimizedInline
INFO-FLOW: Configuring Module : BitonicSortOptimizedInline ...
Execute         set_default_model BitonicSortOptimizedInline 
Execute         apply_spec_resource_limit BitonicSortOptimizedInline 
INFO-FLOW: Model list for preprocess: BitonicSortOptimizedInline
INFO-FLOW: Preprocessing Module: BitonicSortOptimizedInline ...
Execute         set_default_model BitonicSortOptimizedInline 
Execute         cdfg_preprocess -model BitonicSortOptimizedInline 
Command         cdfg_preprocess done; 0.37 sec.
Execute         rtl_gen_preprocess BitonicSortOptimizedInline 
INFO-FLOW: Model list for synthesis: BitonicSortOptimizedInline
INFO: [HLS 200-10] ----------------------------------------------------------------
INFO: [HLS 200-42] -- Implementing module 'BitonicSortOptimizedInline' 
INFO: [HLS 200-10] ----------------------------------------------------------------
Execute         set_default_model BitonicSortOptimizedInline 
Execute         schedule -model BitonicSortOptimizedInline 
